./lib/DataStructures/BtreeModel.i.dfy
	Prover error: Unexpected prover response (getting info about 'unknown' response): (:reason-unknown unknown)
	
	/root/verichecks-worker/worker-dir/clones/90cf0b0cb4249a0160831bb451972695a8c04d2b/lib/DataStructures/BtreeModel.i.dfy(348,8): Verification inconclusive (Impl$$BtreeModel.__default.SplitLeafInterpretation)
	Prover error: Invalid PING response from the prover: unsat
	
	Prover error: Invalid PING response from the prover: unsat
	
	Prover error: Invalid PING response from the prover: unsat
	
	Prover error: Invalid PING response from the prover: unsat
	
	Prover error: Invalid PING response from the prover: unsat
	
	Prover error: Invalid PING response from the prover: unsat
	
	Prover error: Invalid PING response from the prover: unsat
	
	Prover error: Invalid PING response from the prover: unsat
	
	/root/verichecks-worker/worker-dir/clones/90cf0b0cb4249a0160831bb451972695a8c04d2b/lib/DataStructures/BtreeModel.i.dfy(960,11): Verification inconclusive (CheckWellformed$$BtreeModel.__default.Grow)
	/root/verichecks-worker/worker-dir/clones/90cf0b0cb4249a0160831bb451972695a8c04d2b/lib/DataStructures/BtreeModel.i.dfy(975,8): Verification inconclusive (Impl$$BtreeModel.__default.GrowPreservesAllKeys)
	/root/verichecks-worker/worker-dir/clones/90cf0b0cb4249a0160831bb451972695a8c04d2b/lib/DataStructures/BtreeModel.i.dfy(983,8): Verification inconclusive (Impl$$BtreeModel.__default.GrowPreservesInterpretation)
	/root/verichecks-worker/worker-dir/clones/90cf0b0cb4249a0160831bb451972695a8c04d2b/lib/DataStructures/BtreeModel.i.dfy(1016,11): Verification inconclusive (CheckWellformed$$BtreeModel.__default.NumElements)
	/root/verichecks-worker/worker-dir/clones/90cf0b0cb4249a0160831bb451972695a8c04d2b/lib/DataStructures/BtreeModel.i.dfy(1052,8): Verification inconclusive (Impl$$BtreeModel.__default.InterpretationsDisjointUnion)
	/root/verichecks-worker/worker-dir/clones/90cf0b0cb4249a0160831bb451972695a8c04d2b/lib/DataStructures/BtreeModel.i.dfy(1152,8): Verification inconclusive (Impl$$BtreeModel.__default.NumElementsMatchesInterpretation)
	/root/verichecks-worker/worker-dir/clones/90cf0b0cb4249a0160831bb451972695a8c04d2b/lib/DataStructures/BtreeModel.i.dfy(1223,8): Verification inconclusive (CheckWellformed$$BtreeModel.__default.ToSeqChildrenDecomposition)
	/root/verichecks-worker/worker-dir/clones/90cf0b0cb4249a0160831bb451972695a8c04d2b/lib/DataStructures/BtreeModel.i.dfy(1232,8): Verification inconclusive (Impl$$BtreeModel.__default.ToSeqChildrenAdditive)
	/root/verichecks-worker/worker-dir/clones/90cf0b0cb4249a0160831bb451972695a8c04d2b/lib/DataStructures/BtreeModel.i.dfy(1258,8): Verification inconclusive (CheckWellformed$$BtreeModel.__default.ToSeqLength)
	Prover error: Invalid PING response from the prover: unsat
	
	/root/verichecks-worker/worker-dir/clones/90cf0b0cb4249a0160831bb451972695a8c04d2b/lib/DataStructures/BtreeModel.i.dfy(1325,8): Verification inconclusive (Impl$$BtreeModel.__default.ToSeqInInterpretation)
	Prover error: Invalid PING response from the prover: unsat
	
	/root/verichecks-worker/worker-dir/clones/90cf0b0cb4249a0160831bb451972695a8c04d2b/lib/DataStructures/BtreeModel.i.dfy(1393,8): Verification inconclusive (Impl$$BtreeModel.__default.InterpretationNumElements)
	
	Dafny program verifier finished with 88 verified, 0 errors, 12 inconclusives
	Command exited with non-zero status 4
	112.53user 2.06system 0:37.91elapsed 302%CPU (0avgtext+0avgdata 498384maxresident)k
	0inputs+0outputs (0major+320745minor)pagefaults 0swaps

./Betree/BetreeInv.i.dfy
	/root/verichecks-worker/worker-dir/clones/90cf0b0cb4249a0160831bb451972695a8c04d2b/Betree/../lib/Base/sequences.i.dfy(587,18): Warning: /!\ No terms found to trigger on.
	Prover error: Unexpected prover response (getting info about 'unknown' response): (:reason-unknown unknown)
	
	/root/verichecks-worker/worker-dir/clones/90cf0b0cb4249a0160831bb451972695a8c04d2b/Betree/BetreeInv.i.dfy(346,8): Verification out of resource (Impl$$BetreeInv.__default.RedirectOnlyPredOfChildIsParent)
	/root/verichecks-worker/worker-dir/clones/90cf0b0cb4249a0160831bb451972695a8c04d2b/Betree/BetreeInv.i.dfy(376,8): Verification inconclusive (Impl$$BetreeInv.__default.RedirectPreservesAcyclic)
	Prover error: Unexpected prover response (getting info about 'unknown' response): (:reason-unknown unknown)
	
	/root/verichecks-worker/worker-dir/clones/90cf0b0cb4249a0160831bb451972695a8c04d2b/Betree/BetreeInv.i.dfy(439,8): Verification inconclusive (Impl$$BetreeInv.__default.RedirectPreservesRootHasNoPred)
	Prover error: Invalid PING response from the prover: unsat
	
	/root/verichecks-worker/worker-dir/clones/90cf0b0cb4249a0160831bb451972695a8c04d2b/Betree/BetreeInv.i.dfy(562,8): Verification out of resource (Impl$$BetreeInv.__default.FlushPreservesLookups)
	/root/verichecks-worker/worker-dir/clones/90cf0b0cb4249a0160831bb451972695a8c04d2b/Betree/BetreeInv.i.dfy(654,8): Verification inconclusive (Impl$$BetreeInv.__default.RedirectPreservesLookups)
	/root/verichecks-worker/worker-dir/clones/90cf0b0cb4249a0160831bb451972695a8c04d2b/Betree/BetreeInv.i.dfy(757,8): Verification inconclusive (Impl$$BetreeInv.__default.QueryStepPreservesInvariant)
	Prover error: Invalid PING response from the prover: unsat
	
	Prover error: Invalid PING response from the prover: unknown
	
	/root/verichecks-worker/worker-dir/clones/90cf0b0cb4249a0160831bb451972695a8c04d2b/Betree/BetreeInv.i.dfy(764,8): Verification inconclusive (Impl$$BetreeInv.__default.InsertMessagePreservesAcyclicAndReachablePointersValid)
	/root/verichecks-worker/worker-dir/clones/90cf0b0cb4249a0160831bb451972695a8c04d2b/Betree/BetreeInv.i.dfy(774,8): Verification inconclusive (Impl$$BetreeInv.__default.InsertMessagePreservesLookupsPut)
	/root/verichecks-worker/worker-dir/clones/90cf0b0cb4249a0160831bb451972695a8c04d2b/Betree/BetreeInv.i.dfy(837,8): Verification inconclusive (Impl$$BetreeInv.__default.InsertMessageStepPreservesInvariant)
	Prover error: Invalid PING response from the prover: unsat
	
	/root/verichecks-worker/worker-dir/clones/90cf0b0cb4249a0160831bb451972695a8c04d2b/Betree/BetreeInv.i.dfy(931,8): Verification inconclusive (Impl$$BetreeInv.__default.GCStepPreservesLookups)
	
	Dafny program verifier finished with 57 verified, 0 errors, 8 inconclusives, 2 out of resource
	Command exited with non-zero status 4
	199.89user 1.99system 1:02.18elapsed 324%CPU (0avgtext+0avgdata 608056maxresident)k
	0inputs+0outputs (0major+406315minor)pagefaults 0swaps

./ByteBlockCacheSystem/ByteSystem.i.dfy
	Prover error: Unexpected prover response (getting info about 'unknown' response): (:reason-unknown unknown)
	
	Prover error: Unexpected prover response (getting info about 'unknown' response): (:reason-unknown unknown)
	
	Prover error: Invalid PING response from the prover: unsat
	
	Prover error: Invalid PING response from the prover: unknown
	
	Prover error: Invalid PING response from the prover: unsat
	
	Prover error: Invalid PING response from the prover: unsat
	
	Prover error: Invalid PING response from the prover: unsat
	
	Prover error: Invalid PING response from the prover: unsat
	
	Prover error: Invalid PING response from the prover: unsat
	
	Prover error: Invalid PING response from the prover: unknown
	
	Prover error: Unexpected prover response (getting info about 'unknown' response): (:reason-unknown unknown)
	
	Prover error: Unexpected prover response (getting info about 'unknown' response): (:reason-unknown unknown)
	
	/root/verichecks-worker/worker-dir/clones/90cf0b0cb4249a0160831bb451972695a8c04d2b/ByteBlockCacheSystem/AsyncDiskModel.s.dfy[ByteSystem](333,8): Verification inconclusive (Impl$$ByteSystem.__default.InitImpliesInv)
	/root/verichecks-worker/worker-dir/clones/90cf0b0cb4249a0160831bb451972695a8c04d2b/ByteBlockCacheSystem/ByteSystem.i.dfy(64,8): Verification out of resource (Impl$$ByteSystem.__default.ReqReadStepPreservesInv)
	/root/verichecks-worker/worker-dir/clones/90cf0b0cb4249a0160831bb451972695a8c04d2b/ByteBlockCacheSystem/ByteSystem.i.dfy(158,8): Verification inconclusive (Impl$$ByteSystem.__default.ReqWriteStepPreservesInv)
	/root/verichecks-worker/worker-dir/clones/90cf0b0cb4249a0160831bb451972695a8c04d2b/ByteBlockCacheSystem/ByteSystem.i.dfy(343,8): Verification inconclusive (Impl$$ByteSystem.__default.ReqWrite2StepPreservesInv)
	/root/verichecks-worker/worker-dir/clones/90cf0b0cb4249a0160831bb451972695a8c04d2b/ByteBlockCacheSystem/ByteSystem.i.dfy(452,8): Verification inconclusive (Impl$$ByteSystem.__default.RespReadStepPreservesInv)
	/root/verichecks-worker/worker-dir/clones/90cf0b0cb4249a0160831bb451972695a8c04d2b/ByteBlockCacheSystem/ByteSystem.i.dfy(484,8): Verification inconclusive (Impl$$ByteSystem.__default.RespWriteStepPreservesInv)
	/root/verichecks-worker/worker-dir/clones/90cf0b0cb4249a0160831bb451972695a8c04d2b/ByteBlockCacheSystem/ByteSystem.i.dfy(516,8): Verification inconclusive (Impl$$ByteSystem.__default.NoDiskOpStepPreservesInv)
	/root/verichecks-worker/worker-dir/clones/90cf0b0cb4249a0160831bb451972695a8c04d2b/ByteBlockCacheSystem/ByteSystem.i.dfy(549,8): Verification inconclusive (CheckWellformed$$ByteSystem.__default.MachineStepPreservesInv)
	/root/verichecks-worker/worker-dir/clones/90cf0b0cb4249a0160831bb451972695a8c04d2b/ByteBlockCacheSystem/ByteSystem.i.dfy(592,8): Verification inconclusive (CheckWellformed$$ByteSystem.__default.ProcessWritePreservesInv)
	/root/verichecks-worker/worker-dir/clones/90cf0b0cb4249a0160831bb451972695a8c04d2b/ByteBlockCacheSystem/ByteSystem.i.dfy(592,8): Verification inconclusive (Impl$$ByteSystem.__default.ProcessWritePreservesInv)
	/root/verichecks-worker/worker-dir/clones/90cf0b0cb4249a0160831bb451972695a8c04d2b/ByteBlockCacheSystem/ByteSystem.i.dfy(629,8): Verification inconclusive (Impl$$ByteSystem.__default.DiskInternalStepPreservesInv)
	/root/verichecks-worker/worker-dir/clones/90cf0b0cb4249a0160831bb451972695a8c04d2b/ByteBlockCacheSystem/ByteSystem.i.dfy(643,8): Verification inconclusive (Impl$$ByteSystem.__default.CrashStepPreservesInv)
	/root/verichecks-worker/worker-dir/clones/90cf0b0cb4249a0160831bb451972695a8c04d2b/ByteBlockCacheSystem/ByteSystem.i.dfy(668,8): Verification inconclusive (CheckWellformed$$ByteSystem.__default.NextStepPreservesInv)
	/root/verichecks-worker/worker-dir/clones/90cf0b0cb4249a0160831bb451972695a8c04d2b/ByteBlockCacheSystem/ByteSystem.i.dfy(668,8): Verification inconclusive (Impl$$ByteSystem.__default.NextStepPreservesInv)
	/root/verichecks-worker/worker-dir/clones/90cf0b0cb4249a0160831bb451972695a8c04d2b/ByteBlockCacheSystem/AsyncDiskModel.s.dfy[ByteSystem](337,8): Verification inconclusive (Impl$$ByteSystem.__default.NextPreservesInv)
	
	Dafny program verifier finished with 14 verified, 0 errors, 14 inconclusives, 1 out of resource
	Command exited with non-zero status 4
	1181.81user 4.52system 15:15.67elapsed 129%CPU (0avgtext+0avgdata 1836880maxresident)k
	0inputs+0outputs (0major+1324791minor)pagefaults 0swaps

./lib/Checksums/CRC32C_Lemmas.i.dfy
	/root/verichecks-worker/worker-dir/clones/90cf0b0cb4249a0160831bb451972695a8c04d2b/lib/Checksums/CRC32C_Lemmas.i.dfy(293,49): Error: assertion violation
	Execution trace:
	    (0,0): anon0
	
	Dafny program verifier finished with 32 verified, 1 error
	Command exited with non-zero status 4
	28.19user 0.71system 0:19.20elapsed 150%CPU (0avgtext+0avgdata 320028maxresident)k
	0inputs+0outputs (0major+132041minor)pagefaults 0swaps

./BlockCacheSystem/BlockSystem.i.dfy
	Prover error: Unexpected prover response (getting info about 'unknown' response): (:reason-unknown unknown)
	
	/root/verichecks-worker/worker-dir/clones/90cf0b0cb4249a0160831bb451972695a8c04d2b/BlockCacheSystem/BlockSystem.i.dfy(738,8): Verification inconclusive (Impl$$BlockSystem.__default.WriteBackNodeReqStepPreservesGraphs)
	Prover error: Unexpected prover response (getting info about 'unknown' response): (:reason-unknown unknown)
	
	Prover error: Unexpected prover response (getting info about 'unknown' response): (:reason-unknown unknown)
	
	/root/verichecks-worker/worker-dir/clones/90cf0b0cb4249a0160831bb451972695a8c04d2b/BlockCacheSystem/BlockSystem.i.dfy(768,8): Verification inconclusive (Impl$$BlockSystem.__default.WriteBackNodeReqStepPreservesInv)
	/root/verichecks-worker/worker-dir/clones/90cf0b0cb4249a0160831bb451972695a8c04d2b/BlockCacheSystem/BlockSystem.i.dfy(804,8): Verification inconclusive (Impl$$BlockSystem.__default.WriteBackNodeRespStepPreservesGraphs)
	/root/verichecks-worker/worker-dir/clones/90cf0b0cb4249a0160831bb451972695a8c04d2b/BlockCacheSystem/BlockSystem.i.dfy(838,8): Verification inconclusive (Impl$$BlockSystem.__default.WriteBackIndirectionTableReqStepPreservesGraphs)
	/root/verichecks-worker/worker-dir/clones/90cf0b0cb4249a0160831bb451972695a8c04d2b/BlockCacheSystem/BlockSystem.i.dfy(891,8): Verification inconclusive (Impl$$BlockSystem.__default.WriteBackIndirectionTableReqStepPreservesInv)
	Prover error: Invalid PING response from the prover: unsat
	
	Prover error: Invalid PING response from the prover: unknown
	
	/root/verichecks-worker/worker-dir/clones/90cf0b0cb4249a0160831bb451972695a8c04d2b/BlockCacheSystem/BlockSystem.i.dfy(917,8): Verification inconclusive (CheckWellformed$$BlockSystem.__default.WriteBackIndirectionTableRespStepPreservesGraphs)
	Prover error: Invalid PING response from the prover: unsat
	
	Prover error: Invalid PING response from the prover: unknown
	
	/root/verichecks-worker/worker-dir/clones/90cf0b0cb4249a0160831bb451972695a8c04d2b/BlockCacheSystem/BlockSystem.i.dfy(917,8): Verification inconclusive (Impl$$BlockSystem.__default.WriteBackIndirectionTableRespStepPreservesGraphs)
	/root/verichecks-worker/worker-dir/clones/90cf0b0cb4249a0160831bb451972695a8c04d2b/BlockCacheSystem/BlockSystem.i.dfy(959,8): Verification inconclusive (CheckWellformed$$BlockSystem.__default.DirtyStepUpdatesGraph)
	/root/verichecks-worker/worker-dir/clones/90cf0b0cb4249a0160831bb451972695a8c04d2b/BlockCacheSystem/BlockSystem.i.dfy(959,8): Verification inconclusive (Impl$$BlockSystem.__default.DirtyStepUpdatesGraph)
	Prover error: Invalid PING response from the prover: unknown
	
	/root/verichecks-worker/worker-dir/clones/90cf0b0cb4249a0160831bb451972695a8c04d2b/BlockCacheSystem/BlockSystem.i.dfy(982,8): Verification inconclusive (Impl$$BlockSystem.__default.DirtyStepPreservesInv)
	/root/verichecks-worker/worker-dir/clones/90cf0b0cb4249a0160831bb451972695a8c04d2b/BlockCacheSystem/BlockSystem.i.dfy(1016,8): Verification inconclusive (Impl$$BlockSystem.__default.AllocStepPreservesInv)
	Prover error: Invalid PING response from the prover: unknown
	
	Prover error: Invalid PING response from the prover: unsat
	
	/root/verichecks-worker/worker-dir/clones/90cf0b0cb4249a0160831bb451972695a8c04d2b/BlockCacheSystem/BlockSystem.i.dfy(1028,8): Verification inconclusive (Impl$$BlockSystem.__default.OpPreservesInv)
	/root/verichecks-worker/worker-dir/clones/90cf0b0cb4249a0160831bb451972695a8c04d2b/BlockCacheSystem/BlockSystem.i.dfy(1040,8): Verification inconclusive (Impl$$BlockSystem.__default.OpTransactionPreservesInv)
	Prover error: Invalid PING response from the prover: unsat
	
	Prover error: Invalid PING response from the prover: unsat
	
	Prover error: Invalid PING response from the prover: unknown
	
	/root/verichecks-worker/worker-dir/clones/90cf0b0cb4249a0160831bb451972695a8c04d2b/BlockCacheSystem/BlockSystem.i.dfy(1057,8): Verification inconclusive (Impl$$BlockSystem.__default.TransactionStepPreservesInv)
	Prover error: Invalid PING response from the prover: unsat
	
	Prover error: Unexpected prover response (getting info about 'unknown' response): (:reason-unknown unknown)
	
	/root/verichecks-worker/worker-dir/clones/90cf0b0cb4249a0160831bb451972695a8c04d2b/BlockCacheSystem/BlockSystem.i.dfy(1071,8): Verification inconclusive (Impl$$BlockSystem.__default.UnallocStepUpdatesGraph)
	/root/verichecks-worker/worker-dir/clones/90cf0b0cb4249a0160831bb451972695a8c04d2b/BlockCacheSystem/BlockSystem.i.dfy(1094,8): Verification inconclusive (Impl$$BlockSystem.__default.UnallocStepPreservesInv)
	/root/verichecks-worker/worker-dir/clones/90cf0b0cb4249a0160831bb451972695a8c04d2b/BlockCacheSystem/BlockSystem.i.dfy(1112,8): Verification inconclusive (Impl$$BlockSystem.__default.PageInNodeReqStepPreservesGraphs)
	Prover error: Invalid PING response from the prover: unsat
	
	Prover error: Invalid PING response from the prover: unsat
	
	Prover error: Invalid PING response from the prover: unsat
	
	Prover error: Invalid PING response from the prover: unknown
	
	/root/verichecks-worker/worker-dir/clones/90cf0b0cb4249a0160831bb451972695a8c04d2b/BlockCacheSystem/BlockSystem.i.dfy(1133,8): Verification inconclusive (Impl$$BlockSystem.__default.PageInNodeReqStepPreservesInv)
	/root/verichecks-worker/worker-dir/clones/90cf0b0cb4249a0160831bb451972695a8c04d2b/BlockCacheSystem/BlockSystem.i.dfy(1161,8): Verification inconclusive (Impl$$BlockSystem.__default.PageInNodeRespStepPreservesGraphs)
	/root/verichecks-worker/worker-dir/clones/90cf0b0cb4249a0160831bb451972695a8c04d2b/BlockCacheSystem/BlockSystem.i.dfy(1182,8): Verification inconclusive (Impl$$BlockSystem.__default.PageInNodeRespStepPreservesInv)
	Prover error: Invalid PING response from the prover: unsat
	
	Prover error: Invalid PING response from the prover: unsat
	
	/root/verichecks-worker/worker-dir/clones/90cf0b0cb4249a0160831bb451972695a8c04d2b/BlockCacheSystem/BlockSystem.i.dfy(1195,8): Verification inconclusive (Impl$$BlockSystem.__default.PageInIndirectionTableReqStepPreservesGraphs)
	/root/verichecks-worker/worker-dir/clones/90cf0b0cb4249a0160831bb451972695a8c04d2b/BlockCacheSystem/BlockSystem.i.dfy(1212,8): Verification inconclusive (Impl$$BlockSystem.__default.PageInIndirectionTableReqStepPreservesInv)
	/root/verichecks-worker/worker-dir/clones/90cf0b0cb4249a0160831bb451972695a8c04d2b/BlockCacheSystem/BlockSystem.i.dfy(1225,8): Verification inconclusive (Impl$$BlockSystem.__default.PageInIndirectionTableRespStepPreservesGraphs)
	/root/verichecks-worker/worker-dir/clones/90cf0b0cb4249a0160831bb451972695a8c04d2b/BlockCacheSystem/BlockSystem.i.dfy(1240,8): Verification inconclusive (Impl$$BlockSystem.__default.PageInIndirectionTableRespStepPreservesInv)
	Prover error: Invalid PING response from the prover: unsat
	
	Prover error: Invalid PING response from the prover: unsat
	
	Prover error: Invalid PING response from the prover: unsat
	
	Prover error: Invalid PING response from the prover: unsat
	
	Prover error: Invalid PING response from the prover: unsat
	
	Prover error: Invalid PING response from the prover: unsat
	
	Prover error: Invalid PING response from the prover: unsat
	
	Prover error: Invalid PING response from the prover: unknown
	
	Prover error: Invalid PING response from the prover: unsat
	
	/root/verichecks-worker/worker-dir/clones/90cf0b0cb4249a0160831bb451972695a8c04d2b/BlockCacheSystem/BlockSystem.i.dfy(1253,8): Verification inconclusive (CheckWellformed$$BlockSystem.__default.ReceiveLocStepPreservesGraphs)
	/root/verichecks-worker/worker-dir/clones/90cf0b0cb4249a0160831bb451972695a8c04d2b/BlockCacheSystem/BlockSystem.i.dfy(1253,8): Verification inconclusive (Impl$$BlockSystem.__default.ReceiveLocStepPreservesGraphs)
	/root/verichecks-worker/worker-dir/clones/90cf0b0cb4249a0160831bb451972695a8c04d2b/BlockCacheSystem/BlockSystem.i.dfy(1282,8): Verification inconclusive (CheckWellformed$$BlockSystem.__default.ReceiveLocStepPreservesInv)
	/root/verichecks-worker/worker-dir/clones/90cf0b0cb4249a0160831bb451972695a8c04d2b/BlockCacheSystem/BlockSystem.i.dfy(1282,8): Verification inconclusive (Impl$$BlockSystem.__default.ReceiveLocStepPreservesInv)
	/root/verichecks-worker/worker-dir/clones/90cf0b0cb4249a0160831bb451972695a8c04d2b/BlockCacheSystem/BlockSystem.i.dfy(1296,8): Verification inconclusive (Impl$$BlockSystem.__default.EvictStepPreservesGraphs)
	/root/verichecks-worker/worker-dir/clones/90cf0b0cb4249a0160831bb451972695a8c04d2b/BlockCacheSystem/BlockSystem.i.dfy(1317,8): Verification inconclusive (Impl$$BlockSystem.__default.EvictStepPreservesInv)
	/root/verichecks-worker/worker-dir/clones/90cf0b0cb4249a0160831bb451972695a8c04d2b/BlockCacheSystem/BlockSystem.i.dfy(1330,8): Verification inconclusive (Impl$$BlockSystem.__default.FreezeStepPreservesGraphs)
	/root/verichecks-worker/worker-dir/clones/90cf0b0cb4249a0160831bb451972695a8c04d2b/BlockCacheSystem/BlockSystem.i.dfy(1345,8): Verification inconclusive (Impl$$BlockSystem.__default.FreezeStepPreservesInv)
	Prover error: Invalid PING response from the prover: unsat
	
	/root/verichecks-worker/worker-dir/clones/90cf0b0cb4249a0160831bb451972695a8c04d2b/BlockCacheSystem/BlockSystem.i.dfy(1358,8): Verification inconclusive (Impl$$BlockSystem.__default.CleanUpStepPreservesGraphs)
	/root/verichecks-worker/worker-dir/clones/90cf0b0cb4249a0160831bb451972695a8c04d2b/BlockCacheSystem/BlockSystem.i.dfy(1372,8): Verification inconclusive (Impl$$BlockSystem.__default.CleanUpStepPreservesInv)
	/root/verichecks-worker/worker-dir/clones/90cf0b0cb4249a0160831bb451972695a8c04d2b/BlockCacheSystem/BlockSystem.i.dfy(1386,8): Verification inconclusive (Impl$$BlockSystem.__default.NoOpStepPreservesGraphs)
	Prover error: Invalid PING response from the prover: unsat
	
	Prover error: Invalid PING response from the prover: unsat
	
	Prover error: Invalid PING response from the prover: unsat
	
	Prover error: Invalid PING response from the prover: unsat
	
	Prover error: Invalid PING response from the prover: unsat
	
	/root/verichecks-worker/worker-dir/clones/90cf0b0cb4249a0160831bb451972695a8c04d2b/BlockCacheSystem/BlockSystem.i.dfy(1407,8): Verification inconclusive (Impl$$BlockSystem.__default.NoOpStepPreservesInv)
	/root/verichecks-worker/worker-dir/clones/90cf0b0cb4249a0160831bb451972695a8c04d2b/BlockCacheSystem/BlockSystem.i.dfy(1420,8): Verification inconclusive (Impl$$BlockSystem.__default.MachineStepPreservesInv)
	Prover error: Invalid PING response from the prover: unsat
	
	Prover error: Invalid PING response from the prover: unsat
	
	Prover error: Invalid PING response from the prover: unsat
	
	Prover error: Invalid PING response from the prover: unsat
	
	/root/verichecks-worker/worker-dir/clones/90cf0b0cb4249a0160831bb451972695a8c04d2b/BlockCacheSystem/BlockSystem.i.dfy(1448,8): Verification inconclusive (Impl$$BlockSystem.__default.CrashPreservesGraphs)
	Prover error: Invalid PING response from the prover: unsat
	
	Prover error: Invalid PING response from the prover: unsat
	
	Prover error: Invalid PING response from the prover: unsat
	
	/root/verichecks-worker/worker-dir/clones/90cf0b0cb4249a0160831bb451972695a8c04d2b/BlockCacheSystem/BlockSystem.i.dfy(1515,8): Verification inconclusive (Impl$$BlockSystem.__default.CrashStepPreservesInv)
	/root/verichecks-worker/worker-dir/clones/90cf0b0cb4249a0160831bb451972695a8c04d2b/BlockCacheSystem/BlockSystem.i.dfy(1526,8): Verification inconclusive (Impl$$BlockSystem.__default.NextStepPreservesInv)
	/root/verichecks-worker/worker-dir/clones/90cf0b0cb4249a0160831bb451972695a8c04d2b/BlockCacheSystem/BlockSystem.i.dfy(1537,8): Verification inconclusive (Impl$$BlockSystem.__default.NextPreservesInv)
	/root/verichecks-worker/worker-dir/clones/90cf0b0cb4249a0160831bb451972695a8c04d2b/BlockCacheSystem/BlockSystem.i.dfy(1557,8): Verification inconclusive (CheckWellformed$$BlockSystem.__default.EphemeralGraphRead)
	Prover error: Invalid PING response from the prover: unsat
	
	Prover error: Invalid PING response from the prover: unsat
	
	Prover error: Invalid PING response from the prover: unsat
	
	Prover error: Invalid PING response from the prover: unsat
	
	/root/verichecks-worker/worker-dir/clones/90cf0b0cb4249a0160831bb451972695a8c04d2b/BlockCacheSystem/BlockSystem.i.dfy(1557,8): Verification inconclusive (Impl$$BlockSystem.__default.EphemeralGraphRead)
	/root/verichecks-worker/worker-dir/clones/90cf0b0cb4249a0160831bb451972695a8c04d2b/BlockCacheSystem/BlockSystem.i.dfy(1579,8): Verification inconclusive (CheckWellformed$$BlockSystem.__default.NewRequestReadNodeDoesntOverlap)
	/root/verichecks-worker/worker-dir/clones/90cf0b0cb4249a0160831bb451972695a8c04d2b/BlockCacheSystem/BlockSystem.i.dfy(1579,8): Verification inconclusive (Impl$$BlockSystem.__default.NewRequestReadNodeDoesntOverlap)
	/root/verichecks-worker/worker-dir/clones/90cf0b0cb4249a0160831bb451972695a8c04d2b/BlockCacheSystem/BlockSystem.i.dfy(1591,8): Verification inconclusive (CheckWellformed$$BlockSystem.__default.NewRequestReadIndirectionTableDoesntOverlap)
	Prover error: Invalid PING response from the prover: unsat
	
	Prover error: Invalid PING response from the prover: unsat
	
	Prover error: Invalid PING response from the prover: unsat
	
	Prover error: Invalid PING response from the prover: unsat
	
	Prover error: Invalid PING response from the prover: unsat
	
	Prover error: Invalid PING response from the prover: unsat
	
	Prover error: Invalid PING response from the prover: unsat
	
	Prover error: Invalid PING response from the prover: unknown
	
	/root/verichecks-worker/worker-dir/clones/90cf0b0cb4249a0160831bb451972695a8c04d2b/BlockCacheSystem/BlockSystem.i.dfy(1591,8): Verification inconclusive (Impl$$BlockSystem.__default.NewRequestReadIndirectionTableDoesntOverlap)
	/root/verichecks-worker/worker-dir/clones/90cf0b0cb4249a0160831bb451972695a8c04d2b/BlockCacheSystem/BlockSystem.i.dfy(1605,8): Verification inconclusive (CheckWellformed$$BlockSystem.__default.NewRequestWriteNodeDoesntOverlap)
	/root/verichecks-worker/worker-dir/clones/90cf0b0cb4249a0160831bb451972695a8c04d2b/BlockCacheSystem/BlockSystem.i.dfy(1605,8): Verification inconclusive (Impl$$BlockSystem.__default.NewRequestWriteNodeDoesntOverlap)
	/root/verichecks-worker/worker-dir/clones/90cf0b0cb4249a0160831bb451972695a8c04d2b/BlockCacheSystem/BlockSystem.i.dfy(1617,8): Verification inconclusive (CheckWellformed$$BlockSystem.__default.NewRequestWriteIndirectionTableDoesntOverlap)
	/root/verichecks-worker/worker-dir/clones/90cf0b0cb4249a0160831bb451972695a8c04d2b/BlockCacheSystem/BlockSystem.i.dfy(1617,8): Verification inconclusive (Impl$$BlockSystem.__default.NewRequestWriteIndirectionTableDoesntOverlap)
	/root/verichecks-worker/worker-dir/clones/90cf0b0cb4249a0160831bb451972695a8c04d2b/BlockCacheSystem/BlockSystem.i.dfy(1631,8): Verification inconclusive (CheckWellformed$$BlockSystem.__default.NewRequestWriteNodeDoesntOverlapRead)
	/root/verichecks-worker/worker-dir/clones/90cf0b0cb4249a0160831bb451972695a8c04d2b/BlockCacheSystem/BlockSystem.i.dfy(1631,8): Verification inconclusive (Impl$$BlockSystem.__default.NewRequestWriteNodeDoesntOverlapRead)
	/root/verichecks-worker/worker-dir/clones/90cf0b0cb4249a0160831bb451972695a8c04d2b/BlockCacheSystem/BlockSystem.i.dfy(1643,8): Verification inconclusive (CheckWellformed$$BlockSystem.__default.NewRequestWriteIndirectionTableDoesntOverlapRead)
	/root/verichecks-worker/worker-dir/clones/90cf0b0cb4249a0160831bb451972695a8c04d2b/BlockCacheSystem/BlockSystem.i.dfy(1643,8): Verification inconclusive (Impl$$BlockSystem.__default.NewRequestWriteIndirectionTableDoesntOverlapRead)
	/root/verichecks-worker/worker-dir/clones/90cf0b0cb4249a0160831bb451972695a8c04d2b/BlockCacheSystem/BlockSystem.i.dfy(1652,8): Verification inconclusive (CheckWellformed$$BlockSystem.__default.NewRequestReadNodeIsValid)
	/root/verichecks-worker/worker-dir/clones/90cf0b0cb4249a0160831bb451972695a8c04d2b/BlockCacheSystem/BlockSystem.i.dfy(1652,8): Verification inconclusive (Impl$$BlockSystem.__default.NewRequestReadNodeIsValid)
	/root/verichecks-worker/worker-dir/clones/90cf0b0cb4249a0160831bb451972695a8c04d2b/BlockCacheSystem/BlockSystem.i.dfy(1660,8): Verification inconclusive (CheckWellformed$$BlockSystem.__default.NewRequestReadIndirectionTableIsValid)
	/root/verichecks-worker/worker-dir/clones/90cf0b0cb4249a0160831bb451972695a8c04d2b/BlockCacheSystem/BlockSystem.i.dfy(1660,8): Verification inconclusive (Impl$$BlockSystem.__default.NewRequestReadIndirectionTableIsValid)
	
	Dafny program verifier finished with 69 verified, 0 errors, 59 inconclusives
	Command exited with non-zero status 4
	589.89user 6.56system 3:23.83elapsed 292%CPU (0avgtext+0avgdata 1761700maxresident)k
	0inputs+0outputs (0major+1655921minor)pagefaults 0swaps

./ByteBlockCacheSystem/InterpretationDisk.i.dfy
	/root/verichecks-worker/worker-dir/clones/90cf0b0cb4249a0160831bb451972695a8c04d2b/ByteBlockCacheSystem/InterpretationDisk.i.dfy(752,8): Verification out of resource (Impl$$InterpretationDisk.__default.RefinesReqReadOp)
	/root/verichecks-worker/worker-dir/clones/90cf0b0cb4249a0160831bb451972695a8c04d2b/ByteBlockCacheSystem/InterpretationDisk.i.dfy(892,8): Verification out of resource (Impl$$InterpretationDisk.__default.RefinesReqWriteOp)
	/root/verichecks-worker/worker-dir/clones/90cf0b0cb4249a0160831bb451972695a8c04d2b/ByteBlockCacheSystem/InterpretationDisk.i.dfy(1059,8): Verification out of resource (Impl$$InterpretationDisk.__default.RefinesReqWrite2Op)
	/root/verichecks-worker/worker-dir/clones/90cf0b0cb4249a0160831bb451972695a8c04d2b/ByteBlockCacheSystem/InterpretationDisk.i.dfy(1190,8): Verification out of resource (Impl$$InterpretationDisk.__default.RefinesRespReadOp)
	Prover error: Unexpected prover response (getting info about 'unknown' response): (:reason-unknown unknown)
	
	/root/verichecks-worker/worker-dir/clones/90cf0b0cb4249a0160831bb451972695a8c04d2b/ByteBlockCacheSystem/InterpretationDisk.i.dfy(1316,8): Verification inconclusive (Impl$$InterpretationDisk.__default.RefinesRespWriteOp)
	Prover error: Invalid PING response from the prover: unsat
	
	/root/verichecks-worker/worker-dir/clones/90cf0b0cb4249a0160831bb451972695a8c04d2b/ByteBlockCacheSystem/InterpretationDisk.i.dfy(1367,8): Verification out of resource (Impl$$InterpretationDisk.__default.RefinesProcessRead__Node__1)
	Prover error: Unexpected prover response (getting info about 'unknown' response): (:reason-unknown unknown)
	
	/root/verichecks-worker/worker-dir/clones/90cf0b0cb4249a0160831bb451972695a8c04d2b/ByteBlockCacheSystem/InterpretationDisk.i.dfy(1382,8): Verification inconclusive (Impl$$InterpretationDisk.__default.RefinesProcessRead__Node__2)
	/root/verichecks-worker/worker-dir/clones/90cf0b0cb4249a0160831bb451972695a8c04d2b/ByteBlockCacheSystem/InterpretationDisk.i.dfy(1400,8): Verification out of resource (Impl$$InterpretationDisk.__default.RefinesProcessRead__IndirectionTable__1)
	/root/verichecks-worker/worker-dir/clones/90cf0b0cb4249a0160831bb451972695a8c04d2b/ByteBlockCacheSystem/InterpretationDisk.i.dfy(1415,8): Verification inconclusive (CheckWellformed$$InterpretationDisk.__default.RefinesProcessRead__IndirectionTable__2)
	/root/verichecks-worker/worker-dir/clones/90cf0b0cb4249a0160831bb451972695a8c04d2b/ByteBlockCacheSystem/InterpretationDisk.i.dfy(1415,8): Verification inconclusive (Impl$$InterpretationDisk.__default.RefinesProcessRead__IndirectionTable__2)
	Prover error: Invalid PING response from the prover: unsat
	
	Prover error: Invalid PING response from the prover: unknown
	
	/root/verichecks-worker/worker-dir/clones/90cf0b0cb4249a0160831bb451972695a8c04d2b/ByteBlockCacheSystem/InterpretationDisk.i.dfy(1433,8): Verification inconclusive (CheckWellformed$$InterpretationDisk.__default.RefinesProcessRead__Journal__1)
	/root/verichecks-worker/worker-dir/clones/90cf0b0cb4249a0160831bb451972695a8c04d2b/ByteBlockCacheSystem/InterpretationDisk.i.dfy(1433,8): Verification out of resource (Impl$$InterpretationDisk.__default.RefinesProcessRead__Journal__1)
	/root/verichecks-worker/worker-dir/clones/90cf0b0cb4249a0160831bb451972695a8c04d2b/ByteBlockCacheSystem/InterpretationDisk.i.dfy(1448,8): Verification inconclusive (CheckWellformed$$InterpretationDisk.__default.RefinesProcessRead__Journal__2)
	/root/verichecks-worker/worker-dir/clones/90cf0b0cb4249a0160831bb451972695a8c04d2b/ByteBlockCacheSystem/InterpretationDisk.i.dfy(1448,8): Verification inconclusive (Impl$$InterpretationDisk.__default.RefinesProcessRead__Journal__2)
	Prover error: Invalid PING response from the prover: unsat
	
	Prover error: Invalid PING response from the prover: unsat
	
	Prover error: Invalid PING response from the prover: unsat
	
	Prover error: Invalid PING response from the prover: unknown
	
	/root/verichecks-worker/worker-dir/clones/90cf0b0cb4249a0160831bb451972695a8c04d2b/ByteBlockCacheSystem/InterpretationDisk.i.dfy(1466,8): Verification inconclusive (Impl$$InterpretationDisk.__default.RefinesProcessRead__Superblock__1)
	Prover error: Invalid PING response from the prover: unsat
	
	/root/verichecks-worker/worker-dir/clones/90cf0b0cb4249a0160831bb451972695a8c04d2b/ByteBlockCacheSystem/InterpretationDisk.i.dfy(1481,8): Verification out of resource (Impl$$InterpretationDisk.__default.RefinesProcessRead__Superblock__2)
	/root/verichecks-worker/worker-dir/clones/90cf0b0cb4249a0160831bb451972695a8c04d2b/ByteBlockCacheSystem/InterpretationDisk.i.dfy(1500,4): Verification inconclusive (CheckWellformed$$InterpretationDisk.__default.RefinesProcessRead)
	/root/verichecks-worker/worker-dir/clones/90cf0b0cb4249a0160831bb451972695a8c04d2b/ByteBlockCacheSystem/InterpretationDisk.i.dfy(1527,8): Verification inconclusive (CheckWellformed$$InterpretationDisk.__default.RefinesProcessWrite)
	Prover error: Invalid PING response from the prover: unsat
	
	Prover error: Invalid PING response from the prover: unknown
	
	/root/verichecks-worker/worker-dir/clones/90cf0b0cb4249a0160831bb451972695a8c04d2b/ByteBlockCacheSystem/InterpretationDisk.i.dfy(1527,8): Verification out of resource (Impl$$InterpretationDisk.__default.RefinesProcessWrite)
	/root/verichecks-worker/worker-dir/clones/90cf0b0cb4249a0160831bb451972695a8c04d2b/ByteBlockCacheSystem/InterpretationDisk.i.dfy(1713,8): Verification inconclusive (Impl$$InterpretationDisk.__default.RefinesHavocConflictingWrites)
	/root/verichecks-worker/worker-dir/clones/90cf0b0cb4249a0160831bb451972695a8c04d2b/ByteBlockCacheSystem/InterpretationDisk.i.dfy(1720,8): Verification inconclusive (Impl$$InterpretationDisk.__default.RefinesHavocConflictingWriteRead)
	/root/verichecks-worker/worker-dir/clones/90cf0b0cb4249a0160831bb451972695a8c04d2b/ByteBlockCacheSystem/InterpretationDisk.i.dfy(1727,8): Verification inconclusive (CheckWellformed$$InterpretationDisk.__default.RefinesCrash)
	/root/verichecks-worker/worker-dir/clones/90cf0b0cb4249a0160831bb451972695a8c04d2b/ByteBlockCacheSystem/InterpretationDisk.i.dfy(1727,8): Verification inconclusive (Impl$$InterpretationDisk.__default.RefinesCrash)
	
	Dafny program verifier finished with 105 verified, 0 errors, 14 inconclusives, 9 out of resource
	Command exited with non-zero status 4
	532.80user 7.76system 2:56.62elapsed 306%CPU (0avgtext+0avgdata 1590760maxresident)k
	0inputs+0outputs (0major+1849612minor)pagefaults 0swaps

./Impl/FlushPolicyImpl.i.dfy
	Prover error: Unexpected prover response (getting info about 'unknown' response): (:reason-unknown unknown)
	
	/root/verichecks-worker/worker-dir/clones/90cf0b0cb4249a0160831bb451972695a8c04d2b/Impl/FlushPolicyImpl.i.dfy(103,9): Verification inconclusive (Impl$$FlushPolicyImpl.__default.getActionToFlush)
	Prover error: Unexpected prover response (getting info about 'unknown' response): (:reason-unknown unknown)
	
	/root/verichecks-worker/worker-dir/clones/90cf0b0cb4249a0160831bb451972695a8c04d2b/Impl/FlushPolicyImpl.i.dfy(158,9): Verification inconclusive (Impl$$FlushPolicyImpl.__default.runFlushPolicy)
	
	Dafny program verifier finished with 4 verified, 0 errors, 2 inconclusives
	Command exited with non-zero status 4
	73.56user 1.68system 0:43.75elapsed 171%CPU (0avgtext+0avgdata 1411432maxresident)k
	0inputs+0outputs (0major+561905minor)pagefaults 0swaps

./Impl/IndirectionTable.i.dfy
	Prover error: Unexpected prover response (getting info about 'unknown' response): (:reason-unknown unknown)
	
	/root/verichecks-worker/worker-dir/clones/90cf0b0cb4249a0160831bb451972695a8c04d2b/Impl/IndirectionTable.i.dfy(938,24): Verification inconclusive (Impl$$IndirectionTable.IndirectionTable.UpdateAndRemoveLoc)
	/root/verichecks-worker/worker-dir/clones/90cf0b0cb4249a0160831bb451972695a8c04d2b/Impl/IndirectionTable.i.dfy(1299,17): Verification inconclusive (CheckWellformed$$IndirectionTable.IndirectionTable.LemmaPredecessorSetRestrictedPartialAdd1Other)
	Prover error: Invalid PING response from the prover: unsat
	
	Prover error: Invalid PING response from the prover: unsat
	
	Prover error: Invalid PING response from the prover: unsat
	
	Prover error: Invalid PING response from the prover: unsat
	
	Prover error: Invalid PING response from the prover: unsat
	
	Prover error: Invalid PING response from the prover: unsat
	
	Prover error: Unexpected prover response (getting info about 'unknown' response): (:reason-unknown unknown)
	
	/root/verichecks-worker/worker-dir/clones/90cf0b0cb4249a0160831bb451972695a8c04d2b/Impl/IndirectionTable.i.dfy(1310,18): Verification inconclusive (Impl$$IndirectionTable.IndirectionTable.ComputeRefCountsInnerLoop)
	/root/verichecks-worker/worker-dir/clones/90cf0b0cb4249a0160831bb451972695a8c04d2b/Impl/IndirectionTable.i.dfy(1387,18): Verification inconclusive (Impl$$IndirectionTable.IndirectionTable.ComputeRefCounts)
	/root/verichecks-worker/worker-dir/clones/90cf0b0cb4249a0160831bb451972695a8c04d2b/Impl/IndirectionTable.i.dfy(1496,18): Verification inconclusive (Impl$$IndirectionTable.IndirectionTable.ComputeRefUpperBound)
	/root/verichecks-worker/worker-dir/clones/90cf0b0cb4249a0160831bb451972695a8c04d2b/Impl/IndirectionTable.i.dfy(1588,17): Verification inconclusive (Impl$$IndirectionTable.IndirectionTable.lemma__SeqSum__empty)
	/root/verichecks-worker/worker-dir/clones/90cf0b0cb4249a0160831bb451972695a8c04d2b/Impl/IndirectionTable.i.dfy(1618,18): Verification inconclusive (CheckWellformed$$IndirectionTable.IndirectionTable.IndirectionTableToVal)
	Prover error: Invalid PING response from the prover: unsat
	
	Prover error: Invalid PING response from the prover: unsat
	
	Prover error: Invalid PING response from the prover: unknown
	
	Prover error: Invalid PING response from the prover: unsat
	
	Prover error: Invalid PING response from the prover: unsat
	
	Prover error: Invalid PING response from the prover: unsat
	
	Prover error: Invalid PING response from the prover: unsat
	
	Prover error: Invalid PING response from the prover: unsat
	
	Prover error: Invalid PING response from the prover: unsat
	
	Prover error: Invalid PING response from the prover: unsat
	
	Prover error: Invalid PING response from the prover: unsat
	
	Prover error: Invalid PING response from the prover: unsat
	
	Prover error: Unexpected prover response (getting info about 'unknown' response): (:reason-unknown unknown)
	
	/root/verichecks-worker/worker-dir/clones/90cf0b0cb4249a0160831bb451972695a8c04d2b/Impl/IndirectionTable.i.dfy(1618,18): Verification inconclusive (Impl$$IndirectionTable.IndirectionTable.IndirectionTableToVal)
	/root/verichecks-worker/worker-dir/clones/90cf0b0cb4249a0160831bb451972695a8c04d2b/Impl/IndirectionTable.i.dfy(1788,18): Verification inconclusive (CheckWellformed$$IndirectionTable.IndirectionTable.BitmapInitUpTo)
	/root/verichecks-worker/worker-dir/clones/90cf0b0cb4249a0160831bb451972695a8c04d2b/Impl/IndirectionTable.i.dfy(1818,14): Verification inconclusive (CheckWellformed$$IndirectionTable.IndirectionTable.IsLocAllocIndirectionTablePartial)
	/root/verichecks-worker/worker-dir/clones/90cf0b0cb4249a0160831bb451972695a8c04d2b/Impl/IndirectionTable.i.dfy(1827,18): Verification inconclusive (Impl$$IndirectionTable.IndirectionTable.InitLocBitmap)
	/root/verichecks-worker/worker-dir/clones/90cf0b0cb4249a0160831bb451972695a8c04d2b/Impl/IndirectionTable.i.dfy(1931,14): Verification inconclusive (CheckWellformed$$IndirectionTable.IndirectionTable.deallocable)
	/root/verichecks-worker/worker-dir/clones/90cf0b0cb4249a0160831bb451972695a8c04d2b/Impl/IndirectionTable.i.dfy(1938,18): Verification inconclusive (Impl$$IndirectionTable.IndirectionTable.FindDeallocable)
	/root/verichecks-worker/worker-dir/clones/90cf0b0cb4249a0160831bb451972695a8c04d2b/Impl/IndirectionTable.i.dfy(1972,27): Verification inconclusive (CheckWellformed$$IndirectionTable.IndirectionTable.GetSize)
	/root/verichecks-worker/worker-dir/clones/90cf0b0cb4249a0160831bb451972695a8c04d2b/Impl/IndirectionTable.i.dfy(1981,24): Verification inconclusive (Impl$$IndirectionTable.IndirectionTable.FindRefWithNoLoc)
	/root/verichecks-worker/worker-dir/clones/90cf0b0cb4249a0160831bb451972695a8c04d2b/Impl/IndirectionTable.i.dfy(2023,23): Verification inconclusive (CheckWellformed$$IndirectionTable.IndirectionTable.getRefUpperBound)
	/root/verichecks-worker/worker-dir/clones/90cf0b0cb4249a0160831bb451972695a8c04d2b/Impl/IndirectionTable.i.dfy(2031,18): Verification inconclusive (CheckWellformed$$IndirectionTable.IndirectionTable.GetRefUpperBound)
	/root/verichecks-worker/worker-dir/clones/90cf0b0cb4249a0160831bb451972695a8c04d2b/Impl/IndirectionTable.i.dfy(55,11): Verification inconclusive (CheckWellformed$$IndirectionTable.__default.MapLocs)
	/root/verichecks-worker/worker-dir/clones/90cf0b0cb4249a0160831bb451972695a8c04d2b/Impl/IndirectionTable.i.dfy(66,11): Verification inconclusive (CheckWellformed$$IndirectionTable.__default.MapGraph)
	/root/verichecks-worker/worker-dir/clones/90cf0b0cb4249a0160831bb451972695a8c04d2b/Impl/IndirectionTable.i.dfy(71,11): Verification inconclusive (CheckWellformed$$IndirectionTable.__default.Graph)
	/root/verichecks-worker/worker-dir/clones/90cf0b0cb4249a0160831bb451972695a8c04d2b/Impl/IndirectionTable.i.dfy(83,11): Verification inconclusive (CheckWellformed$$IndirectionTable.__default.PredecessorSet)
	/root/verichecks-worker/worker-dir/clones/90cf0b0cb4249a0160831bb451972695a8c04d2b/Impl/IndirectionTable.i.dfy(88,11): Verification inconclusive (CheckWellformed$$IndirectionTable.__default.PredecessorSetRestricted)
	Prover error: Invalid PING response from the prover: unsat
	
	/root/verichecks-worker/worker-dir/clones/90cf0b0cb4249a0160831bb451972695a8c04d2b/Impl/IndirectionTable.i.dfy(98,12): Verification inconclusive (CheckWellformed$$IndirectionTable.__default.GraphClosedRestricted)
	/root/verichecks-worker/worker-dir/clones/90cf0b0cb4249a0160831bb451972695a8c04d2b/Impl/IndirectionTable.i.dfy(105,12): Verification inconclusive (CheckWellformed$$IndirectionTable.__default.GraphClosedRestrictedPartial)
	Prover error: Invalid PING response from the prover: unsat
	
	/root/verichecks-worker/worker-dir/clones/90cf0b0cb4249a0160831bb451972695a8c04d2b/Impl/IndirectionTable.i.dfy(113,11): Verification inconclusive (CheckWellformed$$IndirectionTable.__default.IsRoot)
	Prover error: Invalid PING response from the prover: unsat
	
	/root/verichecks-worker/worker-dir/clones/90cf0b0cb4249a0160831bb451972695a8c04d2b/Impl/IndirectionTable.i.dfy(118,12): Verification inconclusive (CheckWellformed$$IndirectionTable.__default.ValidPredCounts)
	/root/verichecks-worker/worker-dir/clones/90cf0b0cb4249a0160831bb451972695a8c04d2b/Impl/IndirectionTable.i.dfy(130,18): Verification inconclusive (CheckWellformed$$IndirectionTable.__default.MaxSizeUint64)
	
	Dafny program verifier finished with 86 verified, 0 errors, 27 inconclusives
	Command exited with non-zero status 4
	365.43user 5.09system 2:06.89elapsed 291%CPU (0avgtext+0avgdata 1492784maxresident)k
	0inputs+0outputs (0major+944897minor)pagefaults 0swaps

