./PivotBetree/PivotBetreeSpecWFNodes.i.dfy
	/root/verichecks-worker/worker-dir/clones/38a7911853aaa2083bf04f87690df7b9363d5c01/PivotBetree/PivotBetreeSpecWFNodes.i.dfy(336,41): Error: A precondition for this call might not hold.
	/root/verichecks-worker/worker-dir/clones/38a7911853aaa2083bf04f87690df7b9363d5c01/PivotBetree/../lib/Buckets/BucketsLib.i.dfy(635,11): Related location: This is the precondition that might not hold.
	/root/verichecks-worker/worker-dir/clones/38a7911853aaa2083bf04f87690df7b9363d5c01/PivotBetree/../lib/Buckets/BucketsLib.i.dfy(635,48): Related location
	Execution trace:
	    (0,0): anon0
	    /root/verichecks-worker/worker-dir/clones/38a7911853aaa2083bf04f87690df7b9363d5c01/PivotBetree/PivotBetreeSpecWFNodes.i.dfy(325,5): anon7_Else
	/root/verichecks-worker/worker-dir/clones/38a7911853aaa2083bf04f87690df7b9363d5c01/PivotBetree/PivotBetreeSpecWFNodes.i.dfy(336,41): Error: A precondition for this call might not hold.
	/root/verichecks-worker/worker-dir/clones/38a7911853aaa2083bf04f87690df7b9363d5c01/PivotBetree/../lib/Buckets/BucketsLib.i.dfy(636,80): Related location: This is the precondition that might not hold.
	/root/verichecks-worker/worker-dir/clones/38a7911853aaa2083bf04f87690df7b9363d5c01/PivotBetree/../lib/Buckets/../Base/total_order.i.dfy[Upperbounded_Lexicographic_Byte_Order](820,6): Related location
	Execution trace:
	    (0,0): anon0
	    /root/verichecks-worker/worker-dir/clones/38a7911853aaa2083bf04f87690df7b9363d5c01/PivotBetree/PivotBetreeSpecWFNodes.i.dfy(325,5): anon7_Else
	
	Dafny program verifier finished with 51 verified, 2 errors
	Command exited with non-zero status 4
	80.98user 1.68system 0:36.14elapsed 228%CPU (0avgtext+0avgdata 901128maxresident)k
	0inputs+0outputs (0major+342317minor)pagefaults 0swaps

./Impl/IndirectionTable.i.dfy
	Prover error: Unexpected prover response (getting info about 'unknown' response): (:reason-unknown unknown)
	
	/root/verichecks-worker/worker-dir/clones/38a7911853aaa2083bf04f87690df7b9363d5c01/Impl/IndirectionTable.i.dfy(938,24): Verification inconclusive (Impl$$IndirectionTable.IndirectionTable.UpdateAndRemoveLoc)
	/root/verichecks-worker/worker-dir/clones/38a7911853aaa2083bf04f87690df7b9363d5c01/Impl/IndirectionTable.i.dfy(1287,17): Verification inconclusive (Impl$$IndirectionTable.IndirectionTable.LemmaPredecessorSetRestrictedPartialAdd1Self)
	Prover error: Invalid PING response from the prover: unsat
	
	/root/verichecks-worker/worker-dir/clones/38a7911853aaa2083bf04f87690df7b9363d5c01/Impl/IndirectionTable.i.dfy(1310,18): Verification inconclusive (Impl$$IndirectionTable.IndirectionTable.ComputeRefCountsInnerLoop)
	Prover error: Invalid PING response from the prover: unknown
	
	/root/verichecks-worker/worker-dir/clones/38a7911853aaa2083bf04f87690df7b9363d5c01/Impl/IndirectionTable.i.dfy(1465,18): Verification inconclusive (CheckWellformed$$IndirectionTable.IndirectionTable.MakeGarbageQueue)
	Prover error: Invalid PING response from the prover: unsat
	
	Prover error: Invalid PING response from the prover: unsat
	
	Prover error: Invalid PING response from the prover: unsat
	
	Prover error: Invalid PING response from the prover: unsat
	
	Prover error: Invalid PING response from the prover: unsat
	
	Prover error: Invalid PING response from the prover: unsat
	
	Prover error: Unexpected prover response (getting info about 'unknown' response): (:reason-unknown unknown)
	
	/root/verichecks-worker/worker-dir/clones/38a7911853aaa2083bf04f87690df7b9363d5c01/Impl/IndirectionTable.i.dfy(1613,43): Verification inconclusive (Impl$$IndirectionTable.IndirectionTable.IndirectionTableToVal)
	/root/verichecks-worker/worker-dir/clones/38a7911853aaa2083bf04f87690df7b9363d5c01/Impl/IndirectionTable.i.dfy(2027,18): Verification inconclusive (CheckWellformed$$IndirectionTable.IndirectionTable.FindDeallocable)
	/root/verichecks-worker/worker-dir/clones/38a7911853aaa2083bf04f87690df7b9363d5c01/Impl/IndirectionTable.i.dfy(2070,24): Verification inconclusive (CheckWellformed$$IndirectionTable.IndirectionTable.FindRefWithNoLoc)
	/root/verichecks-worker/worker-dir/clones/38a7911853aaa2083bf04f87690df7b9363d5c01/Impl/IndirectionTable.i.dfy(2120,18): Verification inconclusive (CheckWellformed$$IndirectionTable.IndirectionTable.GetRefUpperBound)
	/root/verichecks-worker/worker-dir/clones/38a7911853aaa2083bf04f87690df7b9363d5c01/Impl/IndirectionTable.i.dfy(2120,18): Verification inconclusive (Impl$$IndirectionTable.IndirectionTable.GetRefUpperBound)
	/root/verichecks-worker/worker-dir/clones/38a7911853aaa2083bf04f87690df7b9363d5c01/Impl/IndirectionTable.i.dfy(68,11): Verification inconclusive (CheckWellformed$$IndirectionTable.__default.MapGraph)
	/root/verichecks-worker/worker-dir/clones/38a7911853aaa2083bf04f87690df7b9363d5c01/Impl/IndirectionTable.i.dfy(85,11): Verification inconclusive (CheckWellformed$$IndirectionTable.__default.PredecessorSet)
	Prover error: Invalid PING response from the prover: unsat
	
	/root/verichecks-worker/worker-dir/clones/38a7911853aaa2083bf04f87690df7b9363d5c01/Impl/IndirectionTable.i.dfy(107,12): Verification inconclusive (CheckWellformed$$IndirectionTable.__default.GraphClosedRestrictedPartial)
	/root/verichecks-worker/worker-dir/clones/38a7911853aaa2083bf04f87690df7b9363d5c01/Impl/IndirectionTable.i.dfy(115,11): Verification inconclusive (CheckWellformed$$IndirectionTable.__default.IsRoot)
	Prover error: Invalid PING response from the prover: unsat
	
	/root/verichecks-worker/worker-dir/clones/38a7911853aaa2083bf04f87690df7b9363d5c01/Impl/IndirectionTable.i.dfy(132,18): Verification inconclusive (CheckWellformed$$IndirectionTable.__default.MaxSizeUint64)
	
	Dafny program verifier finished with 99 verified, 0 errors, 14 inconclusives
	Command exited with non-zero status 4
	367.44user 5.25system 1:58.79elapsed 313%CPU (0avgtext+0avgdata 1602784maxresident)k
	0inputs+0outputs (0major+944902minor)pagefaults 0swaps

./lib/DataStructures/KMBtree.i.dfy
	Prover error: line 122222 column 20: Expected values for parameter rlimit is an unsigned integer. It was given argument '-156856704'
	
	Prover error: Prover died
	
	/root/verichecks-worker/worker-dir/clones/38a7911853aaa2083bf04f87690df7b9363d5c01/lib/DataStructures/BtreeModel.i.dfy[KMBtreeModel](348,33): Verification inconclusive (Impl$$KMBtreeModel.__default.SplitLeafInterpretation)
	/root/verichecks-worker/worker-dir/clones/38a7911853aaa2083bf04f87690df7b9363d5c01/lib/DataStructures/BtreeModel.i.dfy[KMBtreeModel](447,8): Verification inconclusive (Impl$$KMBtreeModel.__default.SplitIndexInterpretation1)
	Prover error: Invalid PING response from the prover: unsat
	
	/root/verichecks-worker/worker-dir/clones/38a7911853aaa2083bf04f87690df7b9363d5c01/lib/DataStructures/BtreeModel.i.dfy[KMBtreeModel](539,8): Verification inconclusive (Impl$$KMBtreeModel.__default.SplitNodeInterpretation)
	Prover error: Invalid PING response from the prover: unsat
	
	/root/verichecks-worker/worker-dir/clones/38a7911853aaa2083bf04f87690df7b9363d5c01/lib/DataStructures/BtreeModel.i.dfy[KMBtreeModel](655,8): Verification inconclusive (Impl$$KMBtreeModel.__default.SplitChildOfIndexPreservesWF)
	Prover error: Invalid PING response from the prover: unsat
	
	/root/verichecks-worker/worker-dir/clones/38a7911853aaa2083bf04f87690df7b9363d5c01/lib/DataStructures/BtreeModel.i.dfy[KMBtreeModel](827,8): Verification inconclusive (Impl$$KMBtreeModel.__default.SplitChildOfIndexPreservesInterpretation)
	Prover error: Invalid PING response from the prover: unsat
	
	/root/verichecks-worker/worker-dir/clones/38a7911853aaa2083bf04f87690df7b9363d5c01/lib/DataStructures/BtreeModel.i.dfy[KMBtreeModel](887,8): Verification inconclusive (Impl$$KMBtreeModel.__default.RecursiveInsertIsCorrect)
	Prover error: Invalid PING response from the prover: unsat
	
	/root/verichecks-worker/worker-dir/clones/38a7911853aaa2083bf04f87690df7b9363d5c01/lib/DataStructures/BtreeModel.i.dfy[KMBtreeModel](1009,11): Verification inconclusive (CheckWellformed$$KMBtreeModel.__default.NumElementsOfChildren)
	Prover error: Invalid PING response from the prover: unsat
	
	Prover error: Invalid PING response from the prover: unsat
	
	/root/verichecks-worker/worker-dir/clones/38a7911853aaa2083bf04f87690df7b9363d5c01/lib/DataStructures/BtreeModel.i.dfy[KMBtreeModel](1104,8): Verification inconclusive (Impl$$KMBtreeModel.__default.NumElementsOfChildrenMatchesInterpretation)
	/root/verichecks-worker/worker-dir/clones/38a7911853aaa2083bf04f87690df7b9363d5c01/lib/DataStructures/BtreeModel.i.dfy[KMBtreeModel](1171,8): Verification inconclusive (Impl$$KMBtreeModel.__default.NumElementsOfChildrenNotZero)
	Prover error: Invalid PING response from the prover: unsat
	
	/root/verichecks-worker/worker-dir/clones/38a7911853aaa2083bf04f87690df7b9363d5c01/lib/DataStructures/BtreeModel.i.dfy[KMBtreeModel](1223,8): Verification inconclusive (Impl$$KMBtreeModel.__default.ToSeqChildrenDecomposition)
	Prover error: Invalid PING response from the prover: unsat
	
	/root/verichecks-worker/worker-dir/clones/38a7911853aaa2083bf04f87690df7b9363d5c01/lib/DataStructures/BtreeModel.i.dfy[KMBtreeModel](1269,8): Verification inconclusive (Impl$$KMBtreeModel.__default.ToSeqInAllKeys)
	Prover error: Invalid PING response from the prover: unsat
	
	/root/verichecks-worker/worker-dir/clones/38a7911853aaa2083bf04f87690df7b9363d5c01/lib/DataStructures/BtreeModel.i.dfy[KMBtreeModel](1393,8): Verification inconclusive (Impl$$KMBtreeModel.__default.InterpretationNumElements)
	
	Dafny program verifier finished with 111 verified, 0 errors, 12 inconclusives
	Command exited with non-zero status 4
	100.87user 2.20system 0:39.40elapsed 261%CPU (0avgtext+0avgdata 693220maxresident)k
	0inputs+0outputs (0major+323435minor)pagefaults 0swaps

./lib/DataStructures/LinearContentMutableMap.i.dfy
	Prover error: Unexpected prover response (getting info about 'unknown' response): (:reason-unknown unknown)
	
	/root/verichecks-worker/worker-dir/clones/38a7911853aaa2083bf04f87690df7b9363d5c01/lib/DataStructures/LinearContentMutableMap.i.dfy(173,9): Verification inconclusive (Impl$$LinearContentMutableMap.__default.Probe)
	Prover error: Invalid PING response from the prover: unsat
	
	Prover error: Unexpected prover response (getting info about 'unknown' response): (:reason-unknown unknown)
	
	/root/verichecks-worker/worker-dir/clones/38a7911853aaa2083bf04f87690df7b9363d5c01/lib/DataStructures/LinearContentMutableMap.i.dfy(591,9): Verification inconclusive (Impl$$LinearContentMutableMap.__default.Realloc)
	/root/verichecks-worker/worker-dir/clones/38a7911853aaa2083bf04f87690df7b9363d5c01/lib/DataStructures/LinearContentMutableMap.i.dfy(703,9): Verification inconclusive (CheckWellformed$$LinearContentMutableMap.__default.Remove)
	/root/verichecks-worker/worker-dir/clones/38a7911853aaa2083bf04f87690df7b9363d5c01/lib/DataStructures/LinearContentMutableMap.i.dfy(703,9): Verification inconclusive (Impl$$LinearContentMutableMap.__default.Remove)
	
	Dafny program verifier finished with 45 verified, 0 errors, 4 inconclusives
	Command exited with non-zero status 4
	73.26user 0.92system 0:29.31elapsed 253%CPU (0avgtext+0avgdata 353768maxresident)k
	0inputs+0outputs (0major+174862minor)pagefaults 0swaps

./lib/DataStructures/BtreeModel.i.dfy
	Prover error: Unexpected prover response (getting info about 'unknown' response): (:reason-unknown unknown)
	
	Prover error: Invalid PING response from the prover: unsat
	
	Prover error: Invalid PING response from the prover: unsat
	
	Prover error: Invalid PING response from the prover: unsat
	
	Prover error: Invalid PING response from the prover: unsat
	
	Prover error: Invalid PING response from the prover: unsat
	
	Prover error: Invalid PING response from the prover: unsat
	
	Prover error: Invalid PING response from the prover: unsat
	
	Prover error: Invalid PING response from the prover: unsat
	
	Prover error: Invalid PING response from the prover: unsat
	
	Prover error: Invalid PING response from the prover: unsat
	
	Prover error: Invalid PING response from the prover: unsat
	
	Prover error: Invalid PING response from the prover: unsat
	
	Prover error: Invalid PING response from the prover: unsat
	
	Prover error: Invalid PING response from the prover: unsat
	
	Prover error: Invalid PING response from the prover: unsat
	
	Prover error: Invalid PING response from the prover: unsat
	
	/root/verichecks-worker/worker-dir/clones/38a7911853aaa2083bf04f87690df7b9363d5c01/lib/DataStructures/BtreeModel.i.dfy(714,8): Verification inconclusive (Impl$$BtreeModel.__default.SplitChildOfIndexPreservesAllKeys)
	/root/verichecks-worker/worker-dir/clones/38a7911853aaa2083bf04f87690df7b9363d5c01/lib/DataStructures/BtreeModel.i.dfy(983,8): Verification inconclusive (Impl$$BtreeModel.__default.GrowPreservesInterpretation)
	/root/verichecks-worker/worker-dir/clones/38a7911853aaa2083bf04f87690df7b9363d5c01/lib/DataStructures/BtreeModel.i.dfy(1009,11): Verification inconclusive (CheckWellformed$$BtreeModel.__default.NumElementsOfChildren)
	/root/verichecks-worker/worker-dir/clones/38a7911853aaa2083bf04f87690df7b9363d5c01/lib/DataStructures/BtreeModel.i.dfy(1023,8): Verification inconclusive (Impl$$BtreeModel.__default.InterpretationsDisjoint)
	/root/verichecks-worker/worker-dir/clones/38a7911853aaa2083bf04f87690df7b9363d5c01/lib/DataStructures/BtreeModel.i.dfy(1052,8): Verification inconclusive (Impl$$BtreeModel.__default.InterpretationsDisjointUnion)
	/root/verichecks-worker/worker-dir/clones/38a7911853aaa2083bf04f87690df7b9363d5c01/lib/DataStructures/BtreeModel.i.dfy(1152,8): Verification inconclusive (CheckWellformed$$BtreeModel.__default.NumElementsMatchesInterpretation)
	/root/verichecks-worker/worker-dir/clones/38a7911853aaa2083bf04f87690df7b9363d5c01/lib/DataStructures/BtreeModel.i.dfy(1187,8): Verification inconclusive (CheckWellformed$$BtreeModel.__default.NumElementsOfChildrenDecreases)
	/root/verichecks-worker/worker-dir/clones/38a7911853aaa2083bf04f87690df7b9363d5c01/lib/DataStructures/BtreeModel.i.dfy(1200,11): Verification inconclusive (CheckWellformed$$BtreeModel.__default.ToSeqChildren)
	/root/verichecks-worker/worker-dir/clones/38a7911853aaa2083bf04f87690df7b9363d5c01/lib/DataStructures/BtreeModel.i.dfy(1223,8): Verification inconclusive (CheckWellformed$$BtreeModel.__default.ToSeqChildrenDecomposition)
	/root/verichecks-worker/worker-dir/clones/38a7911853aaa2083bf04f87690df7b9363d5c01/lib/DataStructures/BtreeModel.i.dfy(1232,8): Verification inconclusive (CheckWellformed$$BtreeModel.__default.ToSeqChildrenAdditive)
	/root/verichecks-worker/worker-dir/clones/38a7911853aaa2083bf04f87690df7b9363d5c01/lib/DataStructures/BtreeModel.i.dfy(1246,8): Verification inconclusive (CheckWellformed$$BtreeModel.__default.ToSeqChildrenLength)
	/root/verichecks-worker/worker-dir/clones/38a7911853aaa2083bf04f87690df7b9363d5c01/lib/DataStructures/BtreeModel.i.dfy(1246,8): Verification inconclusive (Impl$$BtreeModel.__default.ToSeqChildrenLength)
	/root/verichecks-worker/worker-dir/clones/38a7911853aaa2083bf04f87690df7b9363d5c01/lib/DataStructures/BtreeModel.i.dfy(1258,8): Verification inconclusive (CheckWellformed$$BtreeModel.__default.ToSeqLength)
	/root/verichecks-worker/worker-dir/clones/38a7911853aaa2083bf04f87690df7b9363d5c01/lib/DataStructures/BtreeModel.i.dfy(1269,8): Verification inconclusive (CheckWellformed$$BtreeModel.__default.ToSeqInAllKeys)
	/root/verichecks-worker/worker-dir/clones/38a7911853aaa2083bf04f87690df7b9363d5c01/lib/DataStructures/BtreeModel.i.dfy(1292,8): Verification inconclusive (CheckWellformed$$BtreeModel.__default.ToSeqIsStrictlySorted)
	/root/verichecks-worker/worker-dir/clones/38a7911853aaa2083bf04f87690df7b9363d5c01/lib/DataStructures/BtreeModel.i.dfy(1325,8): Verification inconclusive (CheckWellformed$$BtreeModel.__default.ToSeqInInterpretation)
	/root/verichecks-worker/worker-dir/clones/38a7911853aaa2083bf04f87690df7b9363d5c01/lib/DataStructures/BtreeModel.i.dfy(1325,8): Verification inconclusive (Impl$$BtreeModel.__default.ToSeqInInterpretation)
	/root/verichecks-worker/worker-dir/clones/38a7911853aaa2083bf04f87690df7b9363d5c01/lib/DataStructures/BtreeModel.i.dfy(1368,26): Verification inconclusive (Impl$$BtreeModel.__default.ToSeqCoversInterpretation)
	
	Dafny program verifier finished with 82 verified, 0 errors, 18 inconclusives
	Command exited with non-zero status 4
	134.84user 2.41system 0:44.39elapsed 309%CPU (0avgtext+0avgdata 552396maxresident)k
	0inputs+0outputs (0major+550935minor)pagefaults 0swaps

./Betree/Betree_Refines_Map.i.dfy
	Prover error: Unexpected prover response (getting info about 'unknown' response): (:reason-unknown unknown)
	
	/root/verichecks-worker/worker-dir/clones/38a7911853aaa2083bf04f87690df7b9363d5c01/Betree/Betree_Refines_Map.i.dfy(100,8): Verification inconclusive (Impl$$Betree__Refines__Map.__default.PreservesLookupsImplInterpsEqual)
	Prover error: Unexpected prover response (getting info about 'unknown' response): (:reason-unknown unknown)
	
	/root/verichecks-worker/worker-dir/clones/38a7911853aaa2083bf04f87690df7b9363d5c01/Betree/Betree_Refines_Map.i.dfy(148,8): Verification inconclusive (Impl$$Betree__Refines__Map.__default.PreservesLookupsPutImplInterpsPut)
	
	Dafny program verifier finished with 32 verified, 0 errors, 2 inconclusives
	Command exited with non-zero status 4
	98.12user 3.71system 0:41.77elapsed 243%CPU (0avgtext+0avgdata 947272maxresident)k
	0inputs+0outputs (0major+1251595minor)pagefaults 0swaps

./BlockCacheSystem/JournalInterval.i.dfy
	/root/verichecks-worker/worker-dir/clones/38a7911853aaa2083bf04f87690df7b9363d5c01/BlockCacheSystem/JournalInterval.i.dfy(543,25): Error: assertion violation
	Execution trace:
	    (0,0): anon0
	    (0,0): anon9_Then
	    (0,0): anon3
	    (0,0): anon10_Then
	    (0,0): anon11_Then
	    (0,0): anon6
	
	Dafny program verifier finished with 42 verified, 1 error
	Command exited with non-zero status 4
	21.11user 0.58system 0:08.21elapsed 264%CPU (0avgtext+0avgdata 333156maxresident)k
	0inputs+0outputs (0major+103531minor)pagefaults 0swaps

