./Impl/IndirectionTable.i.dfy
	Prover error: Unexpected prover response (getting info about 'unknown' response): (:reason-unknown unknown)
	
	/root/verichecks-worker/worker-dir/clones/14838b172cb271fce34de944837b95951a5e2ce7/Impl/IndirectionTable.i.dfy(938,49): Verification inconclusive (Impl$$IndirectionTable.IndirectionTable.UpdateAndRemoveLoc)
	/root/verichecks-worker/worker-dir/clones/14838b172cb271fce34de944837b95951a5e2ce7/Impl/IndirectionTable.i.dfy(1299,42): Verification inconclusive (CheckWellformed$$IndirectionTable.IndirectionTable.LemmaPredecessorSetRestrictedPartialAdd1Other)
	Prover error: Invalid PING response from the prover: unsat
	
	Prover error: Invalid PING response from the prover: unsat
	
	Prover error: Invalid PING response from the prover: unsat
	
	Prover error: Invalid PING response from the prover: unsat
	
	Prover error: Invalid PING response from the prover: unsat
	
	Prover error: Invalid PING response from the prover: unsat
	
	Prover error: Unexpected prover response (getting info about 'unknown' response): (:reason-unknown unknown)
	
	/root/verichecks-worker/worker-dir/clones/14838b172cb271fce34de944837b95951a5e2ce7/Impl/IndirectionTable.i.dfy(1310,43): Verification inconclusive (Impl$$IndirectionTable.IndirectionTable.ComputeRefCountsInnerLoop)
	/root/verichecks-worker/worker-dir/clones/14838b172cb271fce34de944837b95951a5e2ce7/Impl/IndirectionTable.i.dfy(1465,43): Verification inconclusive (CheckWellformed$$IndirectionTable.IndirectionTable.MakeGarbageQueue)
	/root/verichecks-worker/worker-dir/clones/14838b172cb271fce34de944837b95951a5e2ce7/Impl/IndirectionTable.i.dfy(1496,18): Verification inconclusive (Impl$$IndirectionTable.IndirectionTable.ComputeRefUpperBound)
	/root/verichecks-worker/worker-dir/clones/14838b172cb271fce34de944837b95951a5e2ce7/Impl/IndirectionTable.i.dfy(1517,43): Verification inconclusive (Impl$$IndirectionTable.IndirectionTable.ValToIndirectionTable)
	/root/verichecks-worker/worker-dir/clones/14838b172cb271fce34de944837b95951a5e2ce7/Impl/IndirectionTable.i.dfy(1573,42): Verification inconclusive (CheckWellformed$$IndirectionTable.IndirectionTable.lemma__SeqSum__prefix__array)
	/root/verichecks-worker/worker-dir/clones/14838b172cb271fce34de944837b95951a5e2ce7/Impl/IndirectionTable.i.dfy(1599,27): Verification inconclusive (CheckWellformed$$IndirectionTable.IndirectionTable.IndirectionTableGrammar)
	Prover error: Invalid PING response from the prover: unsat
	
	Prover error: Invalid PING response from the prover: unsat
	
	Prover error: Invalid PING response from the prover: unsat
	
	Prover error: Invalid PING response from the prover: unsat
	
	Prover error: Invalid PING response from the prover: unsat
	
	Prover error: Invalid PING response from the prover: unsat
	
	Prover error: Invalid PING response from the prover: unsat
	
	Prover error: Invalid PING response from the prover: unsat
	
	Prover error: Invalid PING response from the prover: unsat
	
	Prover error: Invalid PING response from the prover: unsat
	
	Prover error: Invalid PING response from the prover: unsat
	
	Prover error: Invalid PING response from the prover: unsat
	
	Prover error: Unexpected prover response (getting info about 'unknown' response): (:reason-unknown unknown)
	
	/root/verichecks-worker/worker-dir/clones/14838b172cb271fce34de944837b95951a5e2ce7/Impl/IndirectionTable.i.dfy(1613,43): Verification inconclusive (Impl$$IndirectionTable.IndirectionTable.IndirectionTableToVal)
	/root/verichecks-worker/worker-dir/clones/14838b172cb271fce34de944837b95951a5e2ce7/Impl/IndirectionTable.i.dfy(1757,21): Verification inconclusive (CheckWellformed$$IndirectionTable.IndirectionTable.IsLocAllocBitmap)
	/root/verichecks-worker/worker-dir/clones/14838b172cb271fce34de944837b95951a5e2ce7/Impl/IndirectionTable.i.dfy(1779,43): Verification inconclusive (Impl$$IndirectionTable.IndirectionTable.BitmapInitUpTo)
	/root/verichecks-worker/worker-dir/clones/14838b172cb271fce34de944837b95951a5e2ce7/Impl/IndirectionTable.i.dfy(1818,43): Verification inconclusive (CheckWellformed$$IndirectionTable.IndirectionTable.InitLocBitmap)
	/root/verichecks-worker/worker-dir/clones/14838b172cb271fce34de944837b95951a5e2ce7/Impl/IndirectionTable.i.dfy(1818,43): Verification inconclusive (Impl$$IndirectionTable.IndirectionTable.InitLocBitmap)
	/root/verichecks-worker/worker-dir/clones/14838b172cb271fce34de944837b95951a5e2ce7/Impl/IndirectionTable.i.dfy(2020,14): Verification inconclusive (CheckWellformed$$IndirectionTable.IndirectionTable.deallocable)
	/root/verichecks-worker/worker-dir/clones/14838b172cb271fce34de944837b95951a5e2ce7/Impl/IndirectionTable.i.dfy(2027,43): Verification inconclusive (Impl$$IndirectionTable.IndirectionTable.FindDeallocable)
	/root/verichecks-worker/worker-dir/clones/14838b172cb271fce34de944837b95951a5e2ce7/Impl/IndirectionTable.i.dfy(2061,27): Verification inconclusive (CheckWellformed$$IndirectionTable.IndirectionTable.GetSize)
	/root/verichecks-worker/worker-dir/clones/14838b172cb271fce34de944837b95951a5e2ce7/Impl/IndirectionTable.i.dfy(2070,24): Verification inconclusive (Impl$$IndirectionTable.IndirectionTable.FindRefWithNoLoc)
	/root/verichecks-worker/worker-dir/clones/14838b172cb271fce34de944837b95951a5e2ce7/Impl/IndirectionTable.i.dfy(2120,43): Verification inconclusive (CheckWellformed$$IndirectionTable.IndirectionTable.GetRefUpperBound)
	/root/verichecks-worker/worker-dir/clones/14838b172cb271fce34de944837b95951a5e2ce7/Impl/IndirectionTable.i.dfy(2120,43): Verification inconclusive (Impl$$IndirectionTable.IndirectionTable.GetRefUpperBound)
	/root/verichecks-worker/worker-dir/clones/14838b172cb271fce34de944837b95951a5e2ce7/Impl/IndirectionTable.i.dfy(63,11): Verification inconclusive (CheckWellformed$$IndirectionTable.__default.Locs)
	/root/verichecks-worker/worker-dir/clones/14838b172cb271fce34de944837b95951a5e2ce7/Impl/IndirectionTable.i.dfy(68,36): Verification inconclusive (CheckWellformed$$IndirectionTable.__default.MapGraph)
	/root/verichecks-worker/worker-dir/clones/14838b172cb271fce34de944837b95951a5e2ce7/Impl/IndirectionTable.i.dfy(78,21): Verification inconclusive (CheckWellformed$$IndirectionTable.__default.PredCounts)
	/root/verichecks-worker/worker-dir/clones/14838b172cb271fce34de944837b95951a5e2ce7/Impl/IndirectionTable.i.dfy(85,36): Verification inconclusive (CheckWellformed$$IndirectionTable.__default.PredecessorSet)
	Prover error: Invalid PING response from the prover: unsat
	
	Prover error: Invalid PING response from the prover: unsat
	
	/root/verichecks-worker/worker-dir/clones/14838b172cb271fce34de944837b95951a5e2ce7/Impl/IndirectionTable.i.dfy(95,11): Verification inconclusive (CheckWellformed$$IndirectionTable.__default.PredecessorSetRestrictedPartial)
	/root/verichecks-worker/worker-dir/clones/14838b172cb271fce34de944837b95951a5e2ce7/Impl/IndirectionTable.i.dfy(100,37): Verification inconclusive (CheckWellformed$$IndirectionTable.__default.GraphClosedRestricted)
	/root/verichecks-worker/worker-dir/clones/14838b172cb271fce34de944837b95951a5e2ce7/Impl/IndirectionTable.i.dfy(107,12): Verification inconclusive (CheckWellformed$$IndirectionTable.__default.GraphClosedRestrictedPartial)
	Prover error: Invalid PING response from the prover: unsat
	
	Prover error: Invalid PING response from the prover: unsat
	
	Prover error: Invalid PING response from the prover: unsat
	
	/root/verichecks-worker/worker-dir/clones/14838b172cb271fce34de944837b95951a5e2ce7/Impl/IndirectionTable.i.dfy(120,37): Verification inconclusive (CheckWellformed$$IndirectionTable.__default.ValidPredCounts)
	/root/verichecks-worker/worker-dir/clones/14838b172cb271fce34de944837b95951a5e2ce7/Impl/IndirectionTable.i.dfy(127,11): Verification inconclusive (CheckWellformed$$IndirectionTable.__default.MaxSize)
	/root/verichecks-worker/worker-dir/clones/14838b172cb271fce34de944837b95951a5e2ce7/Impl/IndirectionTable.i.dfy(132,43): Verification inconclusive (CheckWellformed$$IndirectionTable.__default.MaxSizeUint64)
	
	Dafny program verifier finished with 84 verified, 0 errors, 29 inconclusives
	Command exited with non-zero status 4
	367.75user 4.76system 1:58.33elapsed 314%CPU (0avgtext+0avgdata 1535404maxresident)k
	0inputs+0outputs (0major+837355minor)pagefaults 0swaps

./lib/DataStructures/BtreeModel.i.dfy
	Prover error: Unexpected prover response (getting info about 'unknown' response): (:reason-unknown unknown)
	
	Prover error: Invalid PING response from the prover: unsat
	
	Prover error: Invalid PING response from the prover: unsat
	
	Prover error: Invalid PING response from the prover: unsat
	
	Prover error: Invalid PING response from the prover: unsat
	
	Prover error: Invalid PING response from the prover: unsat
	
	Prover error: Invalid PING response from the prover: unsat
	
	Prover error: Invalid PING response from the prover: unsat
	
	Prover error: Invalid PING response from the prover: unsat
	
	Prover error: Invalid PING response from the prover: unsat
	
	Prover error: Invalid PING response from the prover: unsat
	
	Prover error: Invalid PING response from the prover: unsat
	
	Prover error: Invalid PING response from the prover: unsat
	
	Prover error: Invalid PING response from the prover: unsat
	
	Prover error: Invalid PING response from the prover: unsat
	
	Prover error: Invalid PING response from the prover: unsat
	
	Prover error: Invalid PING response from the prover: unsat
	
	/root/verichecks-worker/worker-dir/clones/14838b172cb271fce34de944837b95951a5e2ce7/lib/DataStructures/BtreeModel.i.dfy(714,8): Verification inconclusive (Impl$$BtreeModel.__default.SplitChildOfIndexPreservesAllKeys)
	/root/verichecks-worker/worker-dir/clones/14838b172cb271fce34de944837b95951a5e2ce7/lib/DataStructures/BtreeModel.i.dfy(1001,11): Verification inconclusive (CheckWellformed$$BtreeModel.__default.ReplacePivot)
	/root/verichecks-worker/worker-dir/clones/14838b172cb271fce34de944837b95951a5e2ce7/lib/DataStructures/BtreeModel.i.dfy(1016,11): Verification inconclusive (CheckWellformed$$BtreeModel.__default.NumElements)
	/root/verichecks-worker/worker-dir/clones/14838b172cb271fce34de944837b95951a5e2ce7/lib/DataStructures/BtreeModel.i.dfy(1023,8): Verification inconclusive (Impl$$BtreeModel.__default.InterpretationsDisjoint)
	/root/verichecks-worker/worker-dir/clones/14838b172cb271fce34de944837b95951a5e2ce7/lib/DataStructures/BtreeModel.i.dfy(1052,8): Verification inconclusive (Impl$$BtreeModel.__default.InterpretationsDisjointUnion)
	/root/verichecks-worker/worker-dir/clones/14838b172cb271fce34de944837b95951a5e2ce7/lib/DataStructures/BtreeModel.i.dfy(1104,8): Verification inconclusive (Impl$$BtreeModel.__default.NumElementsOfChildrenMatchesInterpretation)
	/root/verichecks-worker/worker-dir/clones/14838b172cb271fce34de944837b95951a5e2ce7/lib/DataStructures/BtreeModel.i.dfy(1187,8): Verification inconclusive (CheckWellformed$$BtreeModel.__default.NumElementsOfChildrenDecreases)
	/root/verichecks-worker/worker-dir/clones/14838b172cb271fce34de944837b95951a5e2ce7/lib/DataStructures/BtreeModel.i.dfy(1200,11): Verification inconclusive (CheckWellformed$$BtreeModel.__default.ToSeqChildren)
	/root/verichecks-worker/worker-dir/clones/14838b172cb271fce34de944837b95951a5e2ce7/lib/DataStructures/BtreeModel.i.dfy(1223,8): Verification inconclusive (CheckWellformed$$BtreeModel.__default.ToSeqChildrenDecomposition)
	/root/verichecks-worker/worker-dir/clones/14838b172cb271fce34de944837b95951a5e2ce7/lib/DataStructures/BtreeModel.i.dfy(1232,8): Verification inconclusive (CheckWellformed$$BtreeModel.__default.ToSeqChildrenAdditive)
	/root/verichecks-worker/worker-dir/clones/14838b172cb271fce34de944837b95951a5e2ce7/lib/DataStructures/BtreeModel.i.dfy(1246,8): Verification inconclusive (CheckWellformed$$BtreeModel.__default.ToSeqChildrenLength)
	/root/verichecks-worker/worker-dir/clones/14838b172cb271fce34de944837b95951a5e2ce7/lib/DataStructures/BtreeModel.i.dfy(1246,8): Verification inconclusive (Impl$$BtreeModel.__default.ToSeqChildrenLength)
	/root/verichecks-worker/worker-dir/clones/14838b172cb271fce34de944837b95951a5e2ce7/lib/DataStructures/BtreeModel.i.dfy(1258,8): Verification inconclusive (CheckWellformed$$BtreeModel.__default.ToSeqLength)
	/root/verichecks-worker/worker-dir/clones/14838b172cb271fce34de944837b95951a5e2ce7/lib/DataStructures/BtreeModel.i.dfy(1258,8): Verification inconclusive (Impl$$BtreeModel.__default.ToSeqLength)
	/root/verichecks-worker/worker-dir/clones/14838b172cb271fce34de944837b95951a5e2ce7/lib/DataStructures/BtreeModel.i.dfy(1269,8): Verification inconclusive (Impl$$BtreeModel.__default.ToSeqInAllKeys)
	/root/verichecks-worker/worker-dir/clones/14838b172cb271fce34de944837b95951a5e2ce7/lib/DataStructures/BtreeModel.i.dfy(1292,8): Verification inconclusive (Impl$$BtreeModel.__default.ToSeqIsStrictlySorted)
	/root/verichecks-worker/worker-dir/clones/14838b172cb271fce34de944837b95951a5e2ce7/lib/DataStructures/BtreeModel.i.dfy(1368,26): Verification inconclusive (CheckWellformed$$BtreeModel.__default.ToSeqCoversInterpretation)
	/root/verichecks-worker/worker-dir/clones/14838b172cb271fce34de944837b95951a5e2ce7/lib/DataStructures/BtreeModel.i.dfy(1393,8): Verification inconclusive (Impl$$BtreeModel.__default.InterpretationNumElements)
	
	Dafny program verifier finished with 82 verified, 0 errors, 18 inconclusives
	Command exited with non-zero status 4
	132.80user 2.33system 0:43.22elapsed 312%CPU (0avgtext+0avgdata 551832maxresident)k
	0inputs+0outputs (0major+543331minor)pagefaults 0swaps

./lib/DataStructures/LinearContentMutableMap.i.dfy
	Prover error: Unexpected prover response (getting info about 'unknown' response): (:reason-unknown unknown)
	
	/root/verichecks-worker/worker-dir/clones/14838b172cb271fce34de944837b95951a5e2ce7/lib/DataStructures/LinearContentMutableMap.i.dfy(173,9): Verification inconclusive (Impl$$LinearContentMutableMap.__default.Probe)
	Prover error: Invalid PING response from the prover: unsat
	
	Prover error: Invalid PING response from the prover: unsat
	
	Prover error: Unexpected prover response (getting info about 'unknown' response): (:reason-unknown unknown)
	
	/root/verichecks-worker/worker-dir/clones/14838b172cb271fce34de944837b95951a5e2ce7/lib/DataStructures/LinearContentMutableMap.i.dfy(591,9): Verification inconclusive (Impl$$LinearContentMutableMap.__default.Realloc)
	/root/verichecks-worker/worker-dir/clones/14838b172cb271fce34de944837b95951a5e2ce7/lib/DataStructures/LinearContentMutableMap.i.dfy(703,9): Verification inconclusive (CheckWellformed$$LinearContentMutableMap.__default.Remove)
	/root/verichecks-worker/worker-dir/clones/14838b172cb271fce34de944837b95951a5e2ce7/lib/DataStructures/LinearContentMutableMap.i.dfy(741,9): Verification inconclusive (CheckWellformed$$LinearContentMutableMap.__default.Get)
	/root/verichecks-worker/worker-dir/clones/14838b172cb271fce34de944837b95951a5e2ce7/lib/DataStructures/LinearContentMutableMap.i.dfy(741,9): Verification inconclusive (Impl$$LinearContentMutableMap.__default.Get)
	
	Dafny program verifier finished with 44 verified, 0 errors, 5 inconclusives
	Command exited with non-zero status 4
	72.05user 0.81system 0:29.52elapsed 246%CPU (0avgtext+0avgdata 346420maxresident)k
	0inputs+0outputs (0major+172609minor)pagefaults 0swaps

./lib/DataStructures/KMBtree.i.dfy
	Prover error: line 122390 column 20: Expected values for parameter rlimit is an unsigned integer. It was given argument '-156856704'
	
	Prover error: Prover died
	
	/root/verichecks-worker/worker-dir/clones/14838b172cb271fce34de944837b95951a5e2ce7/lib/DataStructures/BtreeModel.i.dfy[KMBtreeModel](348,33): Verification inconclusive (Impl$$KMBtreeModel.__default.SplitLeafInterpretation)
	/root/verichecks-worker/worker-dir/clones/14838b172cb271fce34de944837b95951a5e2ce7/lib/DataStructures/BtreeModel.i.dfy[KMBtreeModel](447,8): Verification inconclusive (Impl$$KMBtreeModel.__default.SplitIndexInterpretation1)
	Prover error: Invalid PING response from the prover: unsat
	
	/root/verichecks-worker/worker-dir/clones/14838b172cb271fce34de944837b95951a5e2ce7/lib/DataStructures/BtreeModel.i.dfy[KMBtreeModel](539,8): Verification inconclusive (Impl$$KMBtreeModel.__default.SplitNodeInterpretation)
	Prover error: Invalid PING response from the prover: unsat
	
	/root/verichecks-worker/worker-dir/clones/14838b172cb271fce34de944837b95951a5e2ce7/lib/DataStructures/BtreeModel.i.dfy[KMBtreeModel](655,8): Verification inconclusive (Impl$$KMBtreeModel.__default.SplitChildOfIndexPreservesWF)
	Prover error: Invalid PING response from the prover: unsat
	
	/root/verichecks-worker/worker-dir/clones/14838b172cb271fce34de944837b95951a5e2ce7/lib/DataStructures/BtreeModel.i.dfy[KMBtreeModel](827,8): Verification inconclusive (Impl$$KMBtreeModel.__default.SplitChildOfIndexPreservesInterpretation)
	Prover error: Invalid PING response from the prover: unsat
	
	/root/verichecks-worker/worker-dir/clones/14838b172cb271fce34de944837b95951a5e2ce7/lib/DataStructures/BtreeModel.i.dfy[KMBtreeModel](887,8): Verification inconclusive (Impl$$KMBtreeModel.__default.RecursiveInsertIsCorrect)
	Prover error: Invalid PING response from the prover: unsat
	
	/root/verichecks-worker/worker-dir/clones/14838b172cb271fce34de944837b95951a5e2ce7/lib/DataStructures/BtreeModel.i.dfy[KMBtreeModel](983,8): Verification inconclusive (Impl$$KMBtreeModel.__default.GrowPreservesInterpretation)
	Prover error: Invalid PING response from the prover: unsat
	
	Prover error: Invalid PING response from the prover: unsat
	
	/root/verichecks-worker/worker-dir/clones/14838b172cb271fce34de944837b95951a5e2ce7/lib/DataStructures/BtreeModel.i.dfy[KMBtreeModel](1104,8): Verification inconclusive (Impl$$KMBtreeModel.__default.NumElementsOfChildrenMatchesInterpretation)
	/root/verichecks-worker/worker-dir/clones/14838b172cb271fce34de944837b95951a5e2ce7/lib/DataStructures/BtreeModel.i.dfy[KMBtreeModel](1171,8): Verification inconclusive (Impl$$KMBtreeModel.__default.NumElementsOfChildrenNotZero)
	Prover error: Invalid PING response from the prover: unsat
	
	/root/verichecks-worker/worker-dir/clones/14838b172cb271fce34de944837b95951a5e2ce7/lib/DataStructures/BtreeModel.i.dfy[KMBtreeModel](1232,8): Verification inconclusive (Impl$$KMBtreeModel.__default.ToSeqChildrenAdditive)
	Prover error: Invalid PING response from the prover: unsat
	
	/root/verichecks-worker/worker-dir/clones/14838b172cb271fce34de944837b95951a5e2ce7/lib/DataStructures/BtreeModel.i.dfy[KMBtreeModel](1292,8): Verification inconclusive (Impl$$KMBtreeModel.__default.ToSeqIsStrictlySorted)
	
	Dafny program verifier finished with 112 verified, 0 errors, 11 inconclusives
	Command exited with non-zero status 4
	100.35user 2.33system 0:40.23elapsed 255%CPU (0avgtext+0avgdata 696340maxresident)k
	0inputs+0outputs (0major+330821minor)pagefaults 0swaps

./Betree/Betree_Refines_Map.i.dfy
	Prover error: Unexpected prover response (getting info about 'unknown' response): (:reason-unknown unknown)
	
	/root/verichecks-worker/worker-dir/clones/14838b172cb271fce34de944837b95951a5e2ce7/Betree/Betree_Refines_Map.i.dfy(100,8): Verification inconclusive (Impl$$Betree__Refines__Map.__default.PreservesLookupsImplInterpsEqual)
	Prover error: Unexpected prover response (getting info about 'unknown' response): (:reason-unknown unknown)
	
	/root/verichecks-worker/worker-dir/clones/14838b172cb271fce34de944837b95951a5e2ce7/Betree/Betree_Refines_Map.i.dfy(148,8): Verification inconclusive (Impl$$Betree__Refines__Map.__default.PreservesLookupsPutImplInterpsPut)
	
	Dafny program verifier finished with 32 verified, 0 errors, 2 inconclusives
	Command exited with non-zero status 4
	96.15user 3.50system 0:40.17elapsed 248%CPU (0avgtext+0avgdata 947196maxresident)k
	0inputs+0outputs (0major+1244892minor)pagefaults 0swaps

./PivotBetree/PivotBetreeSpecWFNodes.i.dfy
	/root/verichecks-worker/worker-dir/clones/14838b172cb271fce34de944837b95951a5e2ce7/PivotBetree/PivotBetreeSpecWFNodes.i.dfy(336,41): Error: A precondition for this call might not hold.
	/root/verichecks-worker/worker-dir/clones/14838b172cb271fce34de944837b95951a5e2ce7/PivotBetree/../lib/Buckets/BucketsLib.i.dfy(635,11): Related location: This is the precondition that might not hold.
	/root/verichecks-worker/worker-dir/clones/14838b172cb271fce34de944837b95951a5e2ce7/PivotBetree/../lib/Buckets/BucketsLib.i.dfy(635,48): Related location
	Execution trace:
	    (0,0): anon0
	    /root/verichecks-worker/worker-dir/clones/14838b172cb271fce34de944837b95951a5e2ce7/PivotBetree/PivotBetreeSpecWFNodes.i.dfy(325,5): anon7_Else
	/root/verichecks-worker/worker-dir/clones/14838b172cb271fce34de944837b95951a5e2ce7/PivotBetree/PivotBetreeSpecWFNodes.i.dfy(336,41): Error: A precondition for this call might not hold.
	/root/verichecks-worker/worker-dir/clones/14838b172cb271fce34de944837b95951a5e2ce7/PivotBetree/../lib/Buckets/BucketsLib.i.dfy(636,80): Related location: This is the precondition that might not hold.
	/root/verichecks-worker/worker-dir/clones/14838b172cb271fce34de944837b95951a5e2ce7/PivotBetree/../lib/Buckets/../Base/total_order.i.dfy[Upperbounded_Lexicographic_Byte_Order](820,6): Related location
	Execution trace:
	    (0,0): anon0
	    /root/verichecks-worker/worker-dir/clones/14838b172cb271fce34de944837b95951a5e2ce7/PivotBetree/PivotBetreeSpecWFNodes.i.dfy(325,5): anon7_Else
	
	Dafny program verifier finished with 51 verified, 2 errors
	Command exited with non-zero status 4
	79.60user 1.62system 0:35.58elapsed 228%CPU (0avgtext+0avgdata 920792maxresident)k
	0inputs+0outputs (0major+320400minor)pagefaults 0swaps

