./lib/DataStructures/KMBtree.i.dfy
	Prover error: line 119936 column 20: Expected values for parameter rlimit is an unsigned integer. It was given argument '-156856704'
	
	Prover error: Prover died
	
	/root/verichecks-worker/worker-dir/clones/cc696446b1a8e4d8b2f85b70e6c0b4b7bf3efb56/lib/DataStructures/BtreeModel.i.dfy[KMBtreeModel](348,33): Verification inconclusive (Impl$$KMBtreeModel.__default.SplitLeafInterpretation)
	Prover error: Invalid PING response from the prover: unsat
	
	/root/verichecks-worker/worker-dir/clones/cc696446b1a8e4d8b2f85b70e6c0b4b7bf3efb56/lib/DataStructures/BtreeModel.i.dfy[KMBtreeModel](507,8): Verification inconclusive (Impl$$KMBtreeModel.__default.SplitIndexInterpretation)
	/root/verichecks-worker/worker-dir/clones/cc696446b1a8e4d8b2f85b70e6c0b4b7bf3efb56/lib/DataStructures/BtreeModel.i.dfy[KMBtreeModel](539,8): Verification inconclusive (Impl$$KMBtreeModel.__default.SplitNodeInterpretation)
	Prover error: Invalid PING response from the prover: unsat
	
	/root/verichecks-worker/worker-dir/clones/cc696446b1a8e4d8b2f85b70e6c0b4b7bf3efb56/lib/DataStructures/BtreeModel.i.dfy[KMBtreeModel](642,12): Verification inconclusive (CheckWellformed$$KMBtreeModel.__default.SplitChildOfIndex)
	Prover error: Invalid PING response from the prover: unsat
	
	/root/verichecks-worker/worker-dir/clones/cc696446b1a8e4d8b2f85b70e6c0b4b7bf3efb56/lib/DataStructures/BtreeModel.i.dfy[KMBtreeModel](714,8): Verification inconclusive (Impl$$KMBtreeModel.__default.SplitChildOfIndexPreservesAllKeys)
	Prover error: Invalid PING response from the prover: unsat
	
	/root/verichecks-worker/worker-dir/clones/cc696446b1a8e4d8b2f85b70e6c0b4b7bf3efb56/lib/DataStructures/BtreeModel.i.dfy[KMBtreeModel](838,11): Verification inconclusive (CheckWellformed$$KMBtreeModel.__default.InsertLeaf)
	Prover error: Invalid PING response from the prover: unsat
	
	/root/verichecks-worker/worker-dir/clones/cc696446b1a8e4d8b2f85b70e6c0b4b7bf3efb56/lib/DataStructures/BtreeModel.i.dfy[KMBtreeModel](965,8): Verification inconclusive (Impl$$KMBtreeModel.__default.GrowPreservesWF)
	Prover error: Invalid PING response from the prover: unsat
	
	/root/verichecks-worker/worker-dir/clones/cc696446b1a8e4d8b2f85b70e6c0b4b7bf3efb56/lib/DataStructures/BtreeModel.i.dfy[KMBtreeModel](1009,11): Verification inconclusive (CheckWellformed$$KMBtreeModel.__default.NumElementsOfChildren)
	Prover error: Invalid PING response from the prover: unsat
	
	/root/verichecks-worker/worker-dir/clones/cc696446b1a8e4d8b2f85b70e6c0b4b7bf3efb56/lib/DataStructures/BtreeModel.i.dfy[KMBtreeModel](1052,8): Verification inconclusive (Impl$$KMBtreeModel.__default.InterpretationsDisjointUnion)
	Prover error: Invalid PING response from the prover: unsat
	
	/root/verichecks-worker/worker-dir/clones/cc696446b1a8e4d8b2f85b70e6c0b4b7bf3efb56/lib/DataStructures/BtreeModel.i.dfy[KMBtreeModel](1171,8): Verification inconclusive (Impl$$KMBtreeModel.__default.NumElementsOfChildrenNotZero)
	Prover error: Invalid PING response from the prover: unsat
	
	/root/verichecks-worker/worker-dir/clones/cc696446b1a8e4d8b2f85b70e6c0b4b7bf3efb56/lib/DataStructures/BtreeModel.i.dfy[KMBtreeModel](1258,8): Verification inconclusive (Impl$$KMBtreeModel.__default.ToSeqLength)
	Prover error: Invalid PING response from the prover: unsat
	
	/root/verichecks-worker/worker-dir/clones/cc696446b1a8e4d8b2f85b70e6c0b4b7bf3efb56/lib/DataStructures/BtreeModel.i.dfy[KMBtreeModel](1368,26): Verification inconclusive (Impl$$KMBtreeModel.__default.ToSeqCoversInterpretation)
	
	Dafny program verifier finished with 111 verified, 0 errors, 12 inconclusives
	Command exited with non-zero status 4
	97.43user 2.26system 0:39.24elapsed 254%CPU (0avgtext+0avgdata 682492maxresident)k
	0inputs+0outputs (0major+324093minor)pagefaults 0swaps

./lib/Checksums/CRC32C_Lemmas.i.dfy
	/root/verichecks-worker/worker-dir/clones/cc696446b1a8e4d8b2f85b70e6c0b4b7bf3efb56/lib/Checksums/CRC32C_Lemmas.i.dfy(293,49): Error: assertion violation
	Execution trace:
	    (0,0): anon0
	
	Dafny program verifier finished with 32 verified, 1 error
	Command exited with non-zero status 4
	27.17user 0.61system 0:18.55elapsed 149%CPU (0avgtext+0avgdata 318928maxresident)k
	0inputs+0outputs (0major+136029minor)pagefaults 0swaps

./PivotBetree/PivotBetreeSpecRefinement.i.dfy
	/root/verichecks-worker/worker-dir/clones/cc696446b1a8e4d8b2f85b70e6c0b4b7bf3efb56/PivotBetree/PivotBetreeSpecRefinement.i.dfy(669,8): Verification out of resource (Impl$$PivotBetreeSpecRefinement.__default.RefinesValidFlush)
	Prover error: Unexpected prover response (getting info about 'unknown' response): (:reason-unknown unknown)
	
	/root/verichecks-worker/worker-dir/clones/cc696446b1a8e4d8b2f85b70e6c0b4b7bf3efb56/PivotBetree/PivotBetreeSpecRefinement.i.dfy(989,8): Verification inconclusive (Impl$$PivotBetreeSpecRefinement.__default.RefinesValidMerge)
	/root/verichecks-worker/worker-dir/clones/cc696446b1a8e4d8b2f85b70e6c0b4b7bf3efb56/PivotBetree/PivotBetreeSpecRefinement.i.dfy(1065,8): Verification out of resource (Impl$$PivotBetreeSpecRefinement.__default.SplitChildrenConsistent)
	Prover error: Invalid PING response from the prover: unsat
	
	Prover error: Invalid PING response from the prover: unsat
	
	Prover error: Invalid PING response from the prover: unsat
	
	/root/verichecks-worker/worker-dir/clones/cc696446b1a8e4d8b2f85b70e6c0b4b7bf3efb56/PivotBetree/PivotBetreeSpecRefinement.i.dfy(1149,8): Verification out of resource (Impl$$PivotBetreeSpecRefinement.__default.RefinesValidSplit)
	Prover error: Invalid PING response from the prover: unsat
	
	Prover error: Invalid PING response from the prover: unsat
	
	Prover error: Invalid PING response from the prover: unsat
	
	Prover error: Invalid PING response from the prover: unsat
	
	/root/verichecks-worker/worker-dir/clones/cc696446b1a8e4d8b2f85b70e6c0b4b7bf3efb56/PivotBetree/PivotBetreeSpecRefinement.i.dfy(1227,27): Verification out of resource (Impl$$PivotBetreeSpecRefinement.__default.RefinesReadOps)
	/root/verichecks-worker/worker-dir/clones/cc696446b1a8e4d8b2f85b70e6c0b4b7bf3efb56/PivotBetree/PivotBetreeSpecRefinement.i.dfy(1239,11): Verification inconclusive (CheckWellformed$$PivotBetreeSpecRefinement.__default.IOp)
	/root/verichecks-worker/worker-dir/clones/cc696446b1a8e4d8b2f85b70e6c0b4b7bf3efb56/PivotBetree/PivotBetreeSpecRefinement.i.dfy(1255,8): Verification inconclusive (CheckWellformed$$PivotBetreeSpecRefinement.__default.InsertRefinesOps)
	/root/verichecks-worker/worker-dir/clones/cc696446b1a8e4d8b2f85b70e6c0b4b7bf3efb56/PivotBetree/PivotBetreeSpecRefinement.i.dfy(1299,8): Verification inconclusive (CheckWellformed$$PivotBetreeSpecRefinement.__default.AddMessagesToNodeResult)
	/root/verichecks-worker/worker-dir/clones/cc696446b1a8e4d8b2f85b70e6c0b4b7bf3efb56/PivotBetree/PivotBetreeSpecRefinement.i.dfy(1299,8): Verification inconclusive (Impl$$PivotBetreeSpecRefinement.__default.AddMessagesToNodeResult)
	/root/verichecks-worker/worker-dir/clones/cc696446b1a8e4d8b2f85b70e6c0b4b7bf3efb56/PivotBetree/PivotBetreeSpecRefinement.i.dfy(1320,23): Verification inconclusive (CheckWellformed$$PivotBetreeSpecRefinement.__default.FlushRefinesOps)
	/root/verichecks-worker/worker-dir/clones/cc696446b1a8e4d8b2f85b70e6c0b4b7bf3efb56/PivotBetree/PivotBetreeSpecRefinement.i.dfy(1331,23): Verification inconclusive (Impl$$PivotBetreeSpecRefinement.__default.GrowRefinesOps)
	/root/verichecks-worker/worker-dir/clones/cc696446b1a8e4d8b2f85b70e6c0b4b7bf3efb56/PivotBetree/PivotBetreeSpecRefinement.i.dfy(1393,23): Verification inconclusive (CheckWellformed$$PivotBetreeSpecRefinement.__default.MergeRefinesOps)
	/root/verichecks-worker/worker-dir/clones/cc696446b1a8e4d8b2f85b70e6c0b4b7bf3efb56/PivotBetree/PivotBetreeSpecRefinement.i.dfy(1409,23): Verification inconclusive (Impl$$PivotBetreeSpecRefinement.__default.RefinesOps)
	
	Dafny program verifier finished with 93 verified, 0 errors, 9 inconclusives, 4 out of resource
	Command exited with non-zero status 4
	285.82user 3.95system 1:41.70elapsed 284%CPU (0avgtext+0avgdata 1159956maxresident)k
	0inputs+0outputs (0major+926101minor)pagefaults 0swaps

./Betree/BetreeInv.i.dfy
	/root/verichecks-worker/worker-dir/clones/cc696446b1a8e4d8b2f85b70e6c0b4b7bf3efb56/Betree/../lib/Base/sequences.i.dfy(587,18): Warning: /!\ No terms found to trigger on.
	/root/verichecks-worker/worker-dir/clones/cc696446b1a8e4d8b2f85b70e6c0b4b7bf3efb56/Betree/BetreeInv.i.dfy(346,8): Verification out of resource (Impl$$BetreeInv.__default.RedirectOnlyPredOfChildIsParent)
	Prover error: Unexpected prover response (getting info about 'unknown' response): (:reason-unknown unknown)
	
	Prover error: Unexpected prover response (getting info about 'unknown' response): (:reason-unknown unknown)
	
	/root/verichecks-worker/worker-dir/clones/cc696446b1a8e4d8b2f85b70e6c0b4b7bf3efb56/Betree/BetreeInv.i.dfy(376,8): Verification inconclusive (Impl$$BetreeInv.__default.RedirectPreservesAcyclic)
	/root/verichecks-worker/worker-dir/clones/cc696446b1a8e4d8b2f85b70e6c0b4b7bf3efb56/Betree/BetreeInv.i.dfy(439,8): Verification inconclusive (Impl$$BetreeInv.__default.RedirectPreservesRootHasNoPred)
	Prover error: Invalid PING response from the prover: unsat
	
	Prover error: Invalid PING response from the prover: unsat
	
	Prover error: Invalid PING response from the prover: unsat
	
	Prover error: Invalid PING response from the prover: unsat
	
	Prover error: Invalid PING response from the prover: unsat
	
	Prover error: Invalid PING response from the prover: unsat
	
	/root/verichecks-worker/worker-dir/clones/cc696446b1a8e4d8b2f85b70e6c0b4b7bf3efb56/Betree/BetreeInv.i.dfy(562,8): Verification out of resource (Impl$$BetreeInv.__default.FlushPreservesLookups)
	Prover error: Invalid PING response from the prover: unsat
	
	Prover error: Invalid PING response from the prover: unsat
	
	/root/verichecks-worker/worker-dir/clones/cc696446b1a8e4d8b2f85b70e6c0b4b7bf3efb56/Betree/BetreeInv.i.dfy(654,8): Verification out of resource (Impl$$BetreeInv.__default.RedirectPreservesLookups)
	/root/verichecks-worker/worker-dir/clones/cc696446b1a8e4d8b2f85b70e6c0b4b7bf3efb56/Betree/BetreeInv.i.dfy(737,8): Verification inconclusive (Impl$$BetreeInv.__default.InitImpliesInv)
	/root/verichecks-worker/worker-dir/clones/cc696446b1a8e4d8b2f85b70e6c0b4b7bf3efb56/Betree/BetreeInv.i.dfy(757,8): Verification inconclusive (Impl$$BetreeInv.__default.QueryStepPreservesInvariant)
	/root/verichecks-worker/worker-dir/clones/cc696446b1a8e4d8b2f85b70e6c0b4b7bf3efb56/Betree/BetreeInv.i.dfy(764,8): Verification inconclusive (Impl$$BetreeInv.__default.InsertMessagePreservesAcyclicAndReachablePointersValid)
	/root/verichecks-worker/worker-dir/clones/cc696446b1a8e4d8b2f85b70e6c0b4b7bf3efb56/Betree/BetreeInv.i.dfy(774,8): Verification inconclusive (CheckWellformed$$BetreeInv.__default.InsertMessagePreservesLookupsPut)
	/root/verichecks-worker/worker-dir/clones/cc696446b1a8e4d8b2f85b70e6c0b4b7bf3efb56/Betree/BetreeInv.i.dfy(774,8): Verification inconclusive (Impl$$BetreeInv.__default.InsertMessagePreservesLookupsPut)
	/root/verichecks-worker/worker-dir/clones/cc696446b1a8e4d8b2f85b70e6c0b4b7bf3efb56/Betree/BetreeInv.i.dfy(822,8): Verification inconclusive (Impl$$BetreeInv.__default.InsertMessagePreservesNonrootLookups)
	/root/verichecks-worker/worker-dir/clones/cc696446b1a8e4d8b2f85b70e6c0b4b7bf3efb56/Betree/BetreeInv.i.dfy(837,8): Verification inconclusive (Impl$$BetreeInv.__default.InsertMessageStepPreservesInvariant)
	/root/verichecks-worker/worker-dir/clones/cc696446b1a8e4d8b2f85b70e6c0b4b7bf3efb56/Betree/BetreeInv.i.dfy(850,8): Verification inconclusive (Impl$$BetreeInv.__default.FlushStepPreservesInvariant)
	/root/verichecks-worker/worker-dir/clones/cc696446b1a8e4d8b2f85b70e6c0b4b7bf3efb56/Betree/BetreeInv.i.dfy(859,8): Verification inconclusive (Impl$$BetreeInv.__default.GrowStepPreservesInvariant)
	/root/verichecks-worker/worker-dir/clones/cc696446b1a8e4d8b2f85b70e6c0b4b7bf3efb56/Betree/BetreeInv.i.dfy(869,8): Verification inconclusive (Impl$$BetreeInv.__default.RedirectStepPreservesInvariant)
	Prover error: Invalid PING response from the prover: unsat
	
	Prover error: Invalid PING response from the prover: unsat
	
	/root/verichecks-worker/worker-dir/clones/cc696446b1a8e4d8b2f85b70e6c0b4b7bf3efb56/Betree/BetreeInv.i.dfy(931,8): Verification inconclusive (Impl$$BetreeInv.__default.GCStepPreservesLookups)
	/root/verichecks-worker/worker-dir/clones/cc696446b1a8e4d8b2f85b70e6c0b4b7bf3efb56/Betree/BetreeInv.i.dfy(957,8): Verification inconclusive (Impl$$BetreeInv.__default.BetreeStepPreservesInvariant)
	Prover error: Invalid PING response from the prover: unsat
	
	/root/verichecks-worker/worker-dir/clones/cc696446b1a8e4d8b2f85b70e6c0b4b7bf3efb56/Betree/BetreeInv.i.dfy(984,8): Verification inconclusive (Impl$$BetreeInv.__default.NextPreservesInv)
	
	Dafny program verifier finished with 49 verified, 0 errors, 15 inconclusives, 3 out of resource
	Command exited with non-zero status 4
	195.19user 1.90system 1:00.44elapsed 326%CPU (0avgtext+0avgdata 606416maxresident)k
	0inputs+0outputs (0major+391970minor)pagefaults 0swaps

./BlockCacheSystem/BlockSystem.i.dfy
	Prover error: Unexpected prover response (getting info about 'unknown' response): (:reason-unknown unknown)
	
	/root/verichecks-worker/worker-dir/clones/cc696446b1a8e4d8b2f85b70e6c0b4b7bf3efb56/BlockCacheSystem/BlockSystem.i.dfy(738,8): Verification inconclusive (Impl$$BlockSystem.__default.WriteBackNodeReqStepPreservesGraphs)
	Prover error: Unexpected prover response (getting info about 'unknown' response): (:reason-unknown unknown)
	
	Prover error: Unexpected prover response (getting info about 'unknown' response): (:reason-unknown unknown)
	
	/root/verichecks-worker/worker-dir/clones/cc696446b1a8e4d8b2f85b70e6c0b4b7bf3efb56/BlockCacheSystem/BlockSystem.i.dfy(768,8): Verification inconclusive (Impl$$BlockSystem.__default.WriteBackNodeReqStepPreservesInv)
	/root/verichecks-worker/worker-dir/clones/cc696446b1a8e4d8b2f85b70e6c0b4b7bf3efb56/BlockCacheSystem/BlockSystem.i.dfy(804,8): Verification inconclusive (Impl$$BlockSystem.__default.WriteBackNodeRespStepPreservesGraphs)
	Prover error: Invalid PING response from the prover: unsat
	
	Prover error: Invalid PING response from the prover: unsat
	
	Prover error: Invalid PING response from the prover: unsat
	
	Prover error: Unexpected prover response (getting info about 'unknown' response): (:reason-unknown unknown)
	
	/root/verichecks-worker/worker-dir/clones/cc696446b1a8e4d8b2f85b70e6c0b4b7bf3efb56/BlockCacheSystem/BlockSystem.i.dfy(838,8): Verification inconclusive (Impl$$BlockSystem.__default.WriteBackIndirectionTableReqStepPreservesGraphs)
	/root/verichecks-worker/worker-dir/clones/cc696446b1a8e4d8b2f85b70e6c0b4b7bf3efb56/BlockCacheSystem/BlockSystem.i.dfy(867,8): Verification inconclusive (Impl$$BlockSystem.__default.WriteBackIndirectionTableReqStep__WriteRequestsDontOverlap)
	/root/verichecks-worker/worker-dir/clones/cc696446b1a8e4d8b2f85b70e6c0b4b7bf3efb56/BlockCacheSystem/BlockSystem.i.dfy(891,8): Verification inconclusive (Impl$$BlockSystem.__default.WriteBackIndirectionTableReqStepPreservesInv)
	/root/verichecks-worker/worker-dir/clones/cc696446b1a8e4d8b2f85b70e6c0b4b7bf3efb56/BlockCacheSystem/BlockSystem.i.dfy(917,8): Verification inconclusive (CheckWellformed$$BlockSystem.__default.WriteBackIndirectionTableRespStepPreservesGraphs)
	/root/verichecks-worker/worker-dir/clones/cc696446b1a8e4d8b2f85b70e6c0b4b7bf3efb56/BlockCacheSystem/BlockSystem.i.dfy(917,8): Verification inconclusive (Impl$$BlockSystem.__default.WriteBackIndirectionTableRespStepPreservesGraphs)
	Prover error: Invalid PING response from the prover: unsat
	
	/root/verichecks-worker/worker-dir/clones/cc696446b1a8e4d8b2f85b70e6c0b4b7bf3efb56/BlockCacheSystem/BlockSystem.i.dfy(945,8): Verification inconclusive (Impl$$BlockSystem.__default.WriteBackIndirectionTableRespStepPreservesInv)
	/root/verichecks-worker/worker-dir/clones/cc696446b1a8e4d8b2f85b70e6c0b4b7bf3efb56/BlockCacheSystem/BlockSystem.i.dfy(959,8): Verification inconclusive (CheckWellformed$$BlockSystem.__default.DirtyStepUpdatesGraph)
	Prover error: Invalid PING response from the prover: unknown
	
	/root/verichecks-worker/worker-dir/clones/cc696446b1a8e4d8b2f85b70e6c0b4b7bf3efb56/BlockCacheSystem/BlockSystem.i.dfy(959,8): Verification inconclusive (Impl$$BlockSystem.__default.DirtyStepUpdatesGraph)
	/root/verichecks-worker/worker-dir/clones/cc696446b1a8e4d8b2f85b70e6c0b4b7bf3efb56/BlockCacheSystem/BlockSystem.i.dfy(982,8): Verification inconclusive (Impl$$BlockSystem.__default.DirtyStepPreservesInv)
	Prover error: Invalid PING response from the prover: unknown
	
	/root/verichecks-worker/worker-dir/clones/cc696446b1a8e4d8b2f85b70e6c0b4b7bf3efb56/BlockCacheSystem/BlockSystem.i.dfy(994,8): Verification inconclusive (CheckWellformed$$BlockSystem.__default.AllocStepUpdatesGraph)
	/root/verichecks-worker/worker-dir/clones/cc696446b1a8e4d8b2f85b70e6c0b4b7bf3efb56/BlockCacheSystem/BlockSystem.i.dfy(994,8): Verification inconclusive (Impl$$BlockSystem.__default.AllocStepUpdatesGraph)
	Prover error: Invalid PING response from the prover: unsat
	
	Prover error: Invalid PING response from the prover: unsat
	
	Prover error: Invalid PING response from the prover: unsat
	
	Prover error: Invalid PING response from the prover: unsat
	
	/root/verichecks-worker/worker-dir/clones/cc696446b1a8e4d8b2f85b70e6c0b4b7bf3efb56/BlockCacheSystem/BlockSystem.i.dfy(1016,8): Verification inconclusive (Impl$$BlockSystem.__default.AllocStepPreservesInv)
	Prover error: Invalid PING response from the prover: unsat
	
	/root/verichecks-worker/worker-dir/clones/cc696446b1a8e4d8b2f85b70e6c0b4b7bf3efb56/BlockCacheSystem/BlockSystem.i.dfy(1028,8): Verification inconclusive (Impl$$BlockSystem.__default.OpPreservesInv)
	Prover error: Invalid PING response from the prover: unsat
	
	Prover error: Invalid PING response from the prover: unknown
	
	/root/verichecks-worker/worker-dir/clones/cc696446b1a8e4d8b2f85b70e6c0b4b7bf3efb56/BlockCacheSystem/BlockSystem.i.dfy(1040,8): Verification inconclusive (Impl$$BlockSystem.__default.OpTransactionPreservesInv)
	/root/verichecks-worker/worker-dir/clones/cc696446b1a8e4d8b2f85b70e6c0b4b7bf3efb56/BlockCacheSystem/BlockSystem.i.dfy(1057,8): Verification inconclusive (Impl$$BlockSystem.__default.TransactionStepPreservesInv)
	/root/verichecks-worker/worker-dir/clones/cc696446b1a8e4d8b2f85b70e6c0b4b7bf3efb56/BlockCacheSystem/BlockSystem.i.dfy(1071,8): Verification inconclusive (CheckWellformed$$BlockSystem.__default.UnallocStepUpdatesGraph)
	/root/verichecks-worker/worker-dir/clones/cc696446b1a8e4d8b2f85b70e6c0b4b7bf3efb56/BlockCacheSystem/BlockSystem.i.dfy(1071,8): Verification inconclusive (Impl$$BlockSystem.__default.UnallocStepUpdatesGraph)
	Prover error: Invalid PING response from the prover: unsat
	
	Prover error: Invalid PING response from the prover: unsat
	
	Prover error: Invalid PING response from the prover: unknown
	
	/root/verichecks-worker/worker-dir/clones/cc696446b1a8e4d8b2f85b70e6c0b4b7bf3efb56/BlockCacheSystem/BlockSystem.i.dfy(1094,8): Verification inconclusive (Impl$$BlockSystem.__default.UnallocStepPreservesInv)
	Prover error: Invalid PING response from the prover: unsat
	
	/root/verichecks-worker/worker-dir/clones/cc696446b1a8e4d8b2f85b70e6c0b4b7bf3efb56/BlockCacheSystem/BlockSystem.i.dfy(1112,8): Verification inconclusive (Impl$$BlockSystem.__default.PageInNodeReqStepPreservesGraphs)
	/root/verichecks-worker/worker-dir/clones/cc696446b1a8e4d8b2f85b70e6c0b4b7bf3efb56/BlockCacheSystem/BlockSystem.i.dfy(1133,8): Verification inconclusive (Impl$$BlockSystem.__default.PageInNodeReqStepPreservesInv)
	/root/verichecks-worker/worker-dir/clones/cc696446b1a8e4d8b2f85b70e6c0b4b7bf3efb56/BlockCacheSystem/BlockSystem.i.dfy(1161,8): Verification inconclusive (Impl$$BlockSystem.__default.PageInNodeRespStepPreservesGraphs)
	/root/verichecks-worker/worker-dir/clones/cc696446b1a8e4d8b2f85b70e6c0b4b7bf3efb56/BlockCacheSystem/BlockSystem.i.dfy(1182,8): Verification inconclusive (Impl$$BlockSystem.__default.PageInNodeRespStepPreservesInv)
	Prover error: Invalid PING response from the prover: unsat
	
	Prover error: Invalid PING response from the prover: unsat
	
	/root/verichecks-worker/worker-dir/clones/cc696446b1a8e4d8b2f85b70e6c0b4b7bf3efb56/BlockCacheSystem/BlockSystem.i.dfy(1195,8): Verification inconclusive (Impl$$BlockSystem.__default.PageInIndirectionTableReqStepPreservesGraphs)
	Prover error: Invalid PING response from the prover: unsat
	
	Prover error: Invalid PING response from the prover: unknown
	
	/root/verichecks-worker/worker-dir/clones/cc696446b1a8e4d8b2f85b70e6c0b4b7bf3efb56/BlockCacheSystem/BlockSystem.i.dfy(1212,8): Verification inconclusive (Impl$$BlockSystem.__default.PageInIndirectionTableReqStepPreservesInv)
	Prover error: Invalid PING response from the prover: unsat
	
	Prover error: Invalid PING response from the prover: unknown
	
	/root/verichecks-worker/worker-dir/clones/cc696446b1a8e4d8b2f85b70e6c0b4b7bf3efb56/BlockCacheSystem/BlockSystem.i.dfy(1225,8): Verification inconclusive (Impl$$BlockSystem.__default.PageInIndirectionTableRespStepPreservesGraphs)
	/root/verichecks-worker/worker-dir/clones/cc696446b1a8e4d8b2f85b70e6c0b4b7bf3efb56/BlockCacheSystem/BlockSystem.i.dfy(1240,8): Verification inconclusive (Impl$$BlockSystem.__default.PageInIndirectionTableRespStepPreservesInv)
	/root/verichecks-worker/worker-dir/clones/cc696446b1a8e4d8b2f85b70e6c0b4b7bf3efb56/BlockCacheSystem/BlockSystem.i.dfy(1253,8): Verification inconclusive (CheckWellformed$$BlockSystem.__default.ReceiveLocStepPreservesGraphs)
	Prover error: Invalid PING response from the prover: unsat
	
	Prover error: Invalid PING response from the prover: unsat
	
	Prover error: Invalid PING response from the prover: unsat
	
	Prover error: Invalid PING response from the prover: unsat
	
	/root/verichecks-worker/worker-dir/clones/cc696446b1a8e4d8b2f85b70e6c0b4b7bf3efb56/BlockCacheSystem/BlockSystem.i.dfy(1253,8): Verification inconclusive (Impl$$BlockSystem.__default.ReceiveLocStepPreservesGraphs)
	/root/verichecks-worker/worker-dir/clones/cc696446b1a8e4d8b2f85b70e6c0b4b7bf3efb56/BlockCacheSystem/BlockSystem.i.dfy(1282,8): Verification inconclusive (CheckWellformed$$BlockSystem.__default.ReceiveLocStepPreservesInv)
	/root/verichecks-worker/worker-dir/clones/cc696446b1a8e4d8b2f85b70e6c0b4b7bf3efb56/BlockCacheSystem/BlockSystem.i.dfy(1282,8): Verification inconclusive (Impl$$BlockSystem.__default.ReceiveLocStepPreservesInv)
	Prover error: Invalid PING response from the prover: unsat
	
	/root/verichecks-worker/worker-dir/clones/cc696446b1a8e4d8b2f85b70e6c0b4b7bf3efb56/BlockCacheSystem/BlockSystem.i.dfy(1296,8): Verification inconclusive (Impl$$BlockSystem.__default.EvictStepPreservesGraphs)
	/root/verichecks-worker/worker-dir/clones/cc696446b1a8e4d8b2f85b70e6c0b4b7bf3efb56/BlockCacheSystem/BlockSystem.i.dfy(1317,8): Verification inconclusive (Impl$$BlockSystem.__default.EvictStepPreservesInv)
	/root/verichecks-worker/worker-dir/clones/cc696446b1a8e4d8b2f85b70e6c0b4b7bf3efb56/BlockCacheSystem/BlockSystem.i.dfy(1330,8): Verification inconclusive (Impl$$BlockSystem.__default.FreezeStepPreservesGraphs)
	Prover error: Invalid PING response from the prover: unsat
	
	/root/verichecks-worker/worker-dir/clones/cc696446b1a8e4d8b2f85b70e6c0b4b7bf3efb56/BlockCacheSystem/BlockSystem.i.dfy(1345,8): Verification inconclusive (Impl$$BlockSystem.__default.FreezeStepPreservesInv)
	Prover error: Invalid PING response from the prover: unsat
	
	Prover error: Invalid PING response from the prover: unsat
	
	/root/verichecks-worker/worker-dir/clones/cc696446b1a8e4d8b2f85b70e6c0b4b7bf3efb56/BlockCacheSystem/BlockSystem.i.dfy(1358,8): Verification inconclusive (Impl$$BlockSystem.__default.CleanUpStepPreservesGraphs)
	Prover error: Invalid PING response from the prover: unsat
	
	/root/verichecks-worker/worker-dir/clones/cc696446b1a8e4d8b2f85b70e6c0b4b7bf3efb56/BlockCacheSystem/BlockSystem.i.dfy(1372,8): Verification inconclusive (Impl$$BlockSystem.__default.CleanUpStepPreservesInv)
	Prover error: Invalid PING response from the prover: unsat
	
	Prover error: Invalid PING response from the prover: unsat
	
	Prover error: Invalid PING response from the prover: unsat
	
	/root/verichecks-worker/worker-dir/clones/cc696446b1a8e4d8b2f85b70e6c0b4b7bf3efb56/BlockCacheSystem/BlockSystem.i.dfy(1386,8): Verification inconclusive (Impl$$BlockSystem.__default.NoOpStepPreservesGraphs)
	/root/verichecks-worker/worker-dir/clones/cc696446b1a8e4d8b2f85b70e6c0b4b7bf3efb56/BlockCacheSystem/BlockSystem.i.dfy(1407,8): Verification inconclusive (Impl$$BlockSystem.__default.NoOpStepPreservesInv)
	Prover error: Invalid PING response from the prover: unsat
	
	Prover error: Invalid PING response from the prover: unsat
	
	Prover error: Invalid PING response from the prover: unsat
	
	Prover error: Invalid PING response from the prover: unsat
	
	Prover error: Invalid PING response from the prover: unsat
	
	/root/verichecks-worker/worker-dir/clones/cc696446b1a8e4d8b2f85b70e6c0b4b7bf3efb56/BlockCacheSystem/BlockSystem.i.dfy(1420,8): Verification inconclusive (Impl$$BlockSystem.__default.MachineStepPreservesInv)
	Prover error: Invalid PING response from the prover: unsat
	
	Prover error: Invalid PING response from the prover: unsat
	
	/root/verichecks-worker/worker-dir/clones/cc696446b1a8e4d8b2f85b70e6c0b4b7bf3efb56/BlockCacheSystem/BlockSystem.i.dfy(1448,8): Verification inconclusive (Impl$$BlockSystem.__default.CrashPreservesGraphs)
	/root/verichecks-worker/worker-dir/clones/cc696446b1a8e4d8b2f85b70e6c0b4b7bf3efb56/BlockCacheSystem/BlockSystem.i.dfy(1515,8): Verification inconclusive (Impl$$BlockSystem.__default.CrashStepPreservesInv)
	/root/verichecks-worker/worker-dir/clones/cc696446b1a8e4d8b2f85b70e6c0b4b7bf3efb56/BlockCacheSystem/BlockSystem.i.dfy(1526,8): Verification inconclusive (Impl$$BlockSystem.__default.NextStepPreservesInv)
	/root/verichecks-worker/worker-dir/clones/cc696446b1a8e4d8b2f85b70e6c0b4b7bf3efb56/BlockCacheSystem/BlockSystem.i.dfy(1537,8): Verification inconclusive (Impl$$BlockSystem.__default.NextPreservesInv)
	Prover error: Invalid PING response from the prover: unsat
	
	Prover error: Invalid PING response from the prover: unsat
	
	Prover error: Invalid PING response from the prover: unsat
	
	Prover error: Invalid PING response from the prover: unsat
	
	Prover error: Invalid PING response from the prover: unsat
	
	Prover error: Invalid PING response from the prover: unsat
	
	Prover error: Invalid PING response from the prover: unsat
	
	/root/verichecks-worker/worker-dir/clones/cc696446b1a8e4d8b2f85b70e6c0b4b7bf3efb56/BlockCacheSystem/BlockSystem.i.dfy(1557,8): Verification inconclusive (CheckWellformed$$BlockSystem.__default.EphemeralGraphRead)
	/root/verichecks-worker/worker-dir/clones/cc696446b1a8e4d8b2f85b70e6c0b4b7bf3efb56/BlockCacheSystem/BlockSystem.i.dfy(1557,8): Verification inconclusive (Impl$$BlockSystem.__default.EphemeralGraphRead)
	/root/verichecks-worker/worker-dir/clones/cc696446b1a8e4d8b2f85b70e6c0b4b7bf3efb56/BlockCacheSystem/BlockSystem.i.dfy(1579,8): Verification inconclusive (CheckWellformed$$BlockSystem.__default.NewRequestReadNodeDoesntOverlap)
	/root/verichecks-worker/worker-dir/clones/cc696446b1a8e4d8b2f85b70e6c0b4b7bf3efb56/BlockCacheSystem/BlockSystem.i.dfy(1579,8): Verification inconclusive (Impl$$BlockSystem.__default.NewRequestReadNodeDoesntOverlap)
	/root/verichecks-worker/worker-dir/clones/cc696446b1a8e4d8b2f85b70e6c0b4b7bf3efb56/BlockCacheSystem/BlockSystem.i.dfy(1591,8): Verification inconclusive (CheckWellformed$$BlockSystem.__default.NewRequestReadIndirectionTableDoesntOverlap)
	/root/verichecks-worker/worker-dir/clones/cc696446b1a8e4d8b2f85b70e6c0b4b7bf3efb56/BlockCacheSystem/BlockSystem.i.dfy(1591,8): Verification inconclusive (Impl$$BlockSystem.__default.NewRequestReadIndirectionTableDoesntOverlap)
	Prover error: Invalid PING response from the prover: unsat
	
	Prover error: Invalid PING response from the prover: unsat
	
	Prover error: Invalid PING response from the prover: unsat
	
	Prover error: Invalid PING response from the prover: unsat
	
	Prover error: Invalid PING response from the prover: unsat
	
	Prover error: Invalid PING response from the prover: unsat
	
	Prover error: Invalid PING response from the prover: unknown
	
	/root/verichecks-worker/worker-dir/clones/cc696446b1a8e4d8b2f85b70e6c0b4b7bf3efb56/BlockCacheSystem/BlockSystem.i.dfy(1605,8): Verification inconclusive (CheckWellformed$$BlockSystem.__default.NewRequestWriteNodeDoesntOverlap)
	/root/verichecks-worker/worker-dir/clones/cc696446b1a8e4d8b2f85b70e6c0b4b7bf3efb56/BlockCacheSystem/BlockSystem.i.dfy(1605,8): Verification inconclusive (Impl$$BlockSystem.__default.NewRequestWriteNodeDoesntOverlap)
	/root/verichecks-worker/worker-dir/clones/cc696446b1a8e4d8b2f85b70e6c0b4b7bf3efb56/BlockCacheSystem/BlockSystem.i.dfy(1617,8): Verification inconclusive (CheckWellformed$$BlockSystem.__default.NewRequestWriteIndirectionTableDoesntOverlap)
	/root/verichecks-worker/worker-dir/clones/cc696446b1a8e4d8b2f85b70e6c0b4b7bf3efb56/BlockCacheSystem/BlockSystem.i.dfy(1617,8): Verification inconclusive (Impl$$BlockSystem.__default.NewRequestWriteIndirectionTableDoesntOverlap)
	/root/verichecks-worker/worker-dir/clones/cc696446b1a8e4d8b2f85b70e6c0b4b7bf3efb56/BlockCacheSystem/BlockSystem.i.dfy(1631,8): Verification inconclusive (CheckWellformed$$BlockSystem.__default.NewRequestWriteNodeDoesntOverlapRead)
	/root/verichecks-worker/worker-dir/clones/cc696446b1a8e4d8b2f85b70e6c0b4b7bf3efb56/BlockCacheSystem/BlockSystem.i.dfy(1631,8): Verification inconclusive (Impl$$BlockSystem.__default.NewRequestWriteNodeDoesntOverlapRead)
	/root/verichecks-worker/worker-dir/clones/cc696446b1a8e4d8b2f85b70e6c0b4b7bf3efb56/BlockCacheSystem/BlockSystem.i.dfy(1643,8): Verification inconclusive (CheckWellformed$$BlockSystem.__default.NewRequestWriteIndirectionTableDoesntOverlapRead)
	/root/verichecks-worker/worker-dir/clones/cc696446b1a8e4d8b2f85b70e6c0b4b7bf3efb56/BlockCacheSystem/BlockSystem.i.dfy(1643,8): Verification inconclusive (Impl$$BlockSystem.__default.NewRequestWriteIndirectionTableDoesntOverlapRead)
	/root/verichecks-worker/worker-dir/clones/cc696446b1a8e4d8b2f85b70e6c0b4b7bf3efb56/BlockCacheSystem/BlockSystem.i.dfy(1652,8): Verification inconclusive (CheckWellformed$$BlockSystem.__default.NewRequestReadNodeIsValid)
	/root/verichecks-worker/worker-dir/clones/cc696446b1a8e4d8b2f85b70e6c0b4b7bf3efb56/BlockCacheSystem/BlockSystem.i.dfy(1652,8): Verification inconclusive (Impl$$BlockSystem.__default.NewRequestReadNodeIsValid)
	/root/verichecks-worker/worker-dir/clones/cc696446b1a8e4d8b2f85b70e6c0b4b7bf3efb56/BlockCacheSystem/BlockSystem.i.dfy(1660,8): Verification inconclusive (CheckWellformed$$BlockSystem.__default.NewRequestReadIndirectionTableIsValid)
	/root/verichecks-worker/worker-dir/clones/cc696446b1a8e4d8b2f85b70e6c0b4b7bf3efb56/BlockCacheSystem/BlockSystem.i.dfy(1660,8): Verification inconclusive (Impl$$BlockSystem.__default.NewRequestReadIndirectionTableIsValid)
	
	Dafny program verifier finished with 64 verified, 0 errors, 64 inconclusives
	Command exited with non-zero status 4
	582.60user 6.63system 3:21.93elapsed 291%CPU (0avgtext+0avgdata 1682660maxresident)k
	0inputs+0outputs (0major+1786396minor)pagefaults 0swaps

./Impl/IndirectionTable.i.dfy
	Prover error: Unexpected prover response (getting info about 'unknown' response): (:reason-unknown unknown)
	
	/root/verichecks-worker/worker-dir/clones/cc696446b1a8e4d8b2f85b70e6c0b4b7bf3efb56/Impl/IndirectionTable.i.dfy(936,24): Verification inconclusive (Impl$$IndirectionTable.IndirectionTable.UpdateAndRemoveLoc)
	/root/verichecks-worker/worker-dir/clones/cc696446b1a8e4d8b2f85b70e6c0b4b7bf3efb56/Impl/IndirectionTable.i.dfy(1247,17): Verification inconclusive (CheckWellformed$$IndirectionTable.IndirectionTable.ComputeRefCountsInnerLoopInvImpliesOuterLoopInv)
	Prover error: Invalid PING response from the prover: unsat
	
	/root/verichecks-worker/worker-dir/clones/cc696446b1a8e4d8b2f85b70e6c0b4b7bf3efb56/Impl/IndirectionTable.i.dfy(1297,17): Verification inconclusive (Impl$$IndirectionTable.IndirectionTable.LemmaPredecessorSetRestrictedPartialAdd1Other)
	Prover error: Invalid PING response from the prover: unsat
	
	Prover error: Invalid PING response from the prover: unsat
	
	Prover error: Invalid PING response from the prover: unsat
	
	Prover error: Invalid PING response from the prover: unsat
	
	Prover error: Invalid PING response from the prover: unsat
	
	Prover error: Invalid PING response from the prover: unsat
	
	Prover error: Invalid PING response from the prover: unsat
	
	/root/verichecks-worker/worker-dir/clones/cc696446b1a8e4d8b2f85b70e6c0b4b7bf3efb56/Impl/IndirectionTable.i.dfy(1308,18): Verification out of resource (Impl$$IndirectionTable.IndirectionTable.ComputeRefCountsInnerLoop)
	/root/verichecks-worker/worker-dir/clones/cc696446b1a8e4d8b2f85b70e6c0b4b7bf3efb56/Impl/IndirectionTable.i.dfy(1463,18): Verification inconclusive (CheckWellformed$$IndirectionTable.IndirectionTable.MakeGarbageQueue)
	/root/verichecks-worker/worker-dir/clones/cc696446b1a8e4d8b2f85b70e6c0b4b7bf3efb56/Impl/IndirectionTable.i.dfy(1494,18): Verification inconclusive (Impl$$IndirectionTable.IndirectionTable.ComputeRefUpperBound)
	/root/verichecks-worker/worker-dir/clones/cc696446b1a8e4d8b2f85b70e6c0b4b7bf3efb56/Impl/IndirectionTable.i.dfy(1515,18): Verification inconclusive (CheckWellformed$$IndirectionTable.IndirectionTable.ValToIndirectionTable)
	/root/verichecks-worker/worker-dir/clones/cc696446b1a8e4d8b2f85b70e6c0b4b7bf3efb56/Impl/IndirectionTable.i.dfy(1571,17): Verification inconclusive (CheckWellformed$$IndirectionTable.IndirectionTable.lemma__SeqSum__prefix__array)
	/root/verichecks-worker/worker-dir/clones/cc696446b1a8e4d8b2f85b70e6c0b4b7bf3efb56/Impl/IndirectionTable.i.dfy(1579,35): Verification inconclusive (Impl$$IndirectionTable.IndirectionTable.lemma__tuple__size)
	/root/verichecks-worker/worker-dir/clones/cc696446b1a8e4d8b2f85b70e6c0b4b7bf3efb56/Impl/IndirectionTable.i.dfy(1592,20): Verification inconclusive (CheckWellformed$$IndirectionTable.IndirectionTable.IMapAsIndirectionTable)
	/root/verichecks-worker/worker-dir/clones/cc696446b1a8e4d8b2f85b70e6c0b4b7bf3efb56/Impl/IndirectionTable.i.dfy(1611,18): Verification inconclusive (Impl$$IndirectionTable.IndirectionTable.IndirectionTableToVal)
	Prover error: Invalid PING response from the prover: unknown
	
	/root/verichecks-worker/worker-dir/clones/cc696446b1a8e4d8b2f85b70e6c0b4b7bf3efb56/Impl/IndirectionTable.i.dfy(1807,14): Verification inconclusive (CheckWellformed$$IndirectionTable.IndirectionTable.IsLocAllocIndirectionTablePartial)
	/root/verichecks-worker/worker-dir/clones/cc696446b1a8e4d8b2f85b70e6c0b4b7bf3efb56/Impl/IndirectionTable.i.dfy(1879,25): Error: assertion violation
	/root/verichecks-worker/worker-dir/clones/cc696446b1a8e4d8b2f85b70e6c0b4b7bf3efb56/Impl/IndirectionTable.i.dfy(1757,16): Related location
	Execution trace:
	    (0,0): anon0
	    /root/verichecks-worker/worker-dir/clones/cc696446b1a8e4d8b2f85b70e6c0b4b7bf3efb56/Impl/IndirectionTable.i.dfy(1840,7): anon44_LoopHead
	    (0,0): anon44_LoopBody
	    /root/verichecks-worker/worker-dir/clones/cc696446b1a8e4d8b2f85b70e6c0b4b7bf3efb56/Impl/IndirectionTable.i.dfy(1840,7): anon45_Else
	    /root/verichecks-worker/worker-dir/clones/cc696446b1a8e4d8b2f85b70e6c0b4b7bf3efb56/Impl/IndirectionTable.i.dfy(1840,7): anon47_Else
	    (0,0): anon48_Then
	    (0,0): anon9
	    /root/verichecks-worker/worker-dir/clones/cc696446b1a8e4d8b2f85b70e6c0b4b7bf3efb56/Impl/IndirectionTable.i.dfy(1852,9): anon49_Else
	    (0,0): anon50_Then
	    (0,0): anon51_Then
	    (0,0): anon52_Then
	    (0,0): anon15
	    (0,0): anon53_Then
	    (0,0): anon54_Else
	    (0,0): anon19
	    (0,0): anon55_Else
	    (0,0): anon56_Then
	/root/verichecks-worker/worker-dir/clones/cc696446b1a8e4d8b2f85b70e6c0b4b7bf3efb56/Impl/IndirectionTable.i.dfy(1879,25): Error: assertion violation
	/root/verichecks-worker/worker-dir/clones/cc696446b1a8e4d8b2f85b70e6c0b4b7bf3efb56/Impl/IndirectionTable.i.dfy(1758,21): Related location
	Execution trace:
	    (0,0): anon0
	    /root/verichecks-worker/worker-dir/clones/cc696446b1a8e4d8b2f85b70e6c0b4b7bf3efb56/Impl/IndirectionTable.i.dfy(1840,7): anon44_LoopHead
	    (0,0): anon44_LoopBody
	    /root/verichecks-worker/worker-dir/clones/cc696446b1a8e4d8b2f85b70e6c0b4b7bf3efb56/Impl/IndirectionTable.i.dfy(1840,7): anon45_Else
	    /root/verichecks-worker/worker-dir/clones/cc696446b1a8e4d8b2f85b70e6c0b4b7bf3efb56/Impl/IndirectionTable.i.dfy(1840,7): anon47_Else
	    (0,0): anon48_Then
	    (0,0): anon9
	    /root/verichecks-worker/worker-dir/clones/cc696446b1a8e4d8b2f85b70e6c0b4b7bf3efb56/Impl/IndirectionTable.i.dfy(1852,9): anon49_Else
	    (0,0): anon50_Then
	    (0,0): anon51_Then
	    (0,0): anon52_Then
	    (0,0): anon15
	    (0,0): anon53_Then
	    (0,0): anon54_Else
	    (0,0): anon19
	    (0,0): anon55_Else
	    (0,0): anon56_Then
	/root/verichecks-worker/worker-dir/clones/cc696446b1a8e4d8b2f85b70e6c0b4b7bf3efb56/Impl/IndirectionTable.i.dfy(1897,66): Error: assertion violation
	Execution trace:
	    (0,0): anon0
	    /root/verichecks-worker/worker-dir/clones/cc696446b1a8e4d8b2f85b70e6c0b4b7bf3efb56/Impl/IndirectionTable.i.dfy(1840,7): anon44_LoopHead
	    (0,0): anon44_LoopBody
	    /root/verichecks-worker/worker-dir/clones/cc696446b1a8e4d8b2f85b70e6c0b4b7bf3efb56/Impl/IndirectionTable.i.dfy(1840,7): anon45_Else
	    /root/verichecks-worker/worker-dir/clones/cc696446b1a8e4d8b2f85b70e6c0b4b7bf3efb56/Impl/IndirectionTable.i.dfy(1840,7): anon47_Else
	    (0,0): anon48_Then
	    (0,0): anon9
	    /root/verichecks-worker/worker-dir/clones/cc696446b1a8e4d8b2f85b70e6c0b4b7bf3efb56/Impl/IndirectionTable.i.dfy(1852,9): anon49_Else
	    (0,0): anon50_Then
	    (0,0): anon51_Then
	    (0,0): anon52_Then
	    (0,0): anon15
	    (0,0): anon53_Else
	    (0,0): anon57_Then
	    (0,0): anon58_Else
	    (0,0): anon30
	    (0,0): anon59_Else
	    (0,0): anon33
	    (0,0): anon60_Then
	/root/verichecks-worker/worker-dir/clones/cc696446b1a8e4d8b2f85b70e6c0b4b7bf3efb56/Impl/IndirectionTable.i.dfy(1915,18): Error: assertion violation
	/root/verichecks-worker/worker-dir/clones/cc696446b1a8e4d8b2f85b70e6c0b4b7bf3efb56/Impl/../BlockCacheSystem/BlockCache.i.dfy(589,4): Related location
	/root/verichecks-worker/worker-dir/clones/cc696446b1a8e4d8b2f85b70e6c0b4b7bf3efb56/Impl/../BlockCacheSystem/BlockCache.i.dfy(590,8): Related location
	Execution trace:
	    (0,0): anon0
	    /root/verichecks-worker/worker-dir/clones/cc696446b1a8e4d8b2f85b70e6c0b4b7bf3efb56/Impl/IndirectionTable.i.dfy(1840,7): anon44_LoopHead
	    (0,0): anon44_LoopBody
	    /root/verichecks-worker/worker-dir/clones/cc696446b1a8e4d8b2f85b70e6c0b4b7bf3efb56/Impl/IndirectionTable.i.dfy(1840,7): anon45_Else
	    (0,0): anon47_Then
	    (0,0): after_0
	    (0,0): anon61_Then
	
	Dafny program verifier finished with 100 verified, 4 errors, 11 inconclusives, 1 out of resource
	Command exited with non-zero status 4
	360.61user 5.32system 2:05.18elapsed 292%CPU (0avgtext+0avgdata 1529664maxresident)k
	0inputs+0outputs (0major+1010840minor)pagefaults 0swaps

./ByteBlockCacheSystem/ByteSystem.i.dfy
	Prover error: Unexpected prover response (getting info about 'unknown' response): (:reason-unknown unknown)
	
	Prover error: Unexpected prover response (getting info about 'unknown' response): (:reason-unknown unknown)
	
	Prover error: Invalid PING response from the prover: unsat
	
	Prover error: Invalid PING response from the prover: unknown
	
	Prover error: Invalid PING response from the prover: unsat
	
	Prover error: Invalid PING response from the prover: unsat
	
	Prover error: Invalid PING response from the prover: unsat
	
	Prover error: Invalid PING response from the prover: unsat
	
	Prover error: Invalid PING response from the prover: unsat
	
	Prover error: Invalid PING response from the prover: unknown
	
	Prover error: Invalid PING response from the prover: unsat
	
	Prover error: Invalid PING response from the prover: unsat
	
	Prover error: Invalid PING response from the prover: unknown
	
	Prover error: Unexpected prover response (getting info about 'unknown' response): (:reason-unknown unknown)
	
	/root/verichecks-worker/worker-dir/clones/cc696446b1a8e4d8b2f85b70e6c0b4b7bf3efb56/ByteBlockCacheSystem/AsyncDiskModel.s.dfy[ByteSystem](333,8): Verification inconclusive (Impl$$ByteSystem.__default.InitImpliesInv)
	/root/verichecks-worker/worker-dir/clones/cc696446b1a8e4d8b2f85b70e6c0b4b7bf3efb56/ByteBlockCacheSystem/ByteSystem.i.dfy(64,8): Verification out of resource (Impl$$ByteSystem.__default.ReqReadStepPreservesInv)
	/root/verichecks-worker/worker-dir/clones/cc696446b1a8e4d8b2f85b70e6c0b4b7bf3efb56/ByteBlockCacheSystem/ByteSystem.i.dfy(158,8): Verification inconclusive (Impl$$ByteSystem.__default.ReqWriteStepPreservesInv)
	/root/verichecks-worker/worker-dir/clones/cc696446b1a8e4d8b2f85b70e6c0b4b7bf3efb56/ByteBlockCacheSystem/ByteSystem.i.dfy(343,8): Verification inconclusive (Impl$$ByteSystem.__default.ReqWrite2StepPreservesInv)
	/root/verichecks-worker/worker-dir/clones/cc696446b1a8e4d8b2f85b70e6c0b4b7bf3efb56/ByteBlockCacheSystem/ByteSystem.i.dfy(452,8): Verification inconclusive (Impl$$ByteSystem.__default.RespReadStepPreservesInv)
	/root/verichecks-worker/worker-dir/clones/cc696446b1a8e4d8b2f85b70e6c0b4b7bf3efb56/ByteBlockCacheSystem/ByteSystem.i.dfy(484,8): Verification inconclusive (Impl$$ByteSystem.__default.RespWriteStepPreservesInv)
	/root/verichecks-worker/worker-dir/clones/cc696446b1a8e4d8b2f85b70e6c0b4b7bf3efb56/ByteBlockCacheSystem/ByteSystem.i.dfy(516,8): Verification inconclusive (CheckWellformed$$ByteSystem.__default.NoDiskOpStepPreservesInv)
	/root/verichecks-worker/worker-dir/clones/cc696446b1a8e4d8b2f85b70e6c0b4b7bf3efb56/ByteBlockCacheSystem/ByteSystem.i.dfy(549,8): Verification inconclusive (CheckWellformed$$ByteSystem.__default.MachineStepPreservesInv)
	/root/verichecks-worker/worker-dir/clones/cc696446b1a8e4d8b2f85b70e6c0b4b7bf3efb56/ByteBlockCacheSystem/ByteSystem.i.dfy(549,8): Verification inconclusive (Impl$$ByteSystem.__default.MachineStepPreservesInv)
	/root/verichecks-worker/worker-dir/clones/cc696446b1a8e4d8b2f85b70e6c0b4b7bf3efb56/ByteBlockCacheSystem/ByteSystem.i.dfy(592,8): Verification inconclusive (CheckWellformed$$ByteSystem.__default.ProcessWritePreservesInv)
	/root/verichecks-worker/worker-dir/clones/cc696446b1a8e4d8b2f85b70e6c0b4b7bf3efb56/ByteBlockCacheSystem/ByteSystem.i.dfy(629,8): Verification inconclusive (CheckWellformed$$ByteSystem.__default.DiskInternalStepPreservesInv)
	/root/verichecks-worker/worker-dir/clones/cc696446b1a8e4d8b2f85b70e6c0b4b7bf3efb56/ByteBlockCacheSystem/ByteSystem.i.dfy(629,8): Verification inconclusive (Impl$$ByteSystem.__default.DiskInternalStepPreservesInv)
	/root/verichecks-worker/worker-dir/clones/cc696446b1a8e4d8b2f85b70e6c0b4b7bf3efb56/ByteBlockCacheSystem/ByteSystem.i.dfy(643,8): Verification inconclusive (CheckWellformed$$ByteSystem.__default.CrashStepPreservesInv)
	/root/verichecks-worker/worker-dir/clones/cc696446b1a8e4d8b2f85b70e6c0b4b7bf3efb56/ByteBlockCacheSystem/ByteSystem.i.dfy(643,8): Verification inconclusive (Impl$$ByteSystem.__default.CrashStepPreservesInv)
	/root/verichecks-worker/worker-dir/clones/cc696446b1a8e4d8b2f85b70e6c0b4b7bf3efb56/ByteBlockCacheSystem/ByteSystem.i.dfy(668,8): Verification inconclusive (CheckWellformed$$ByteSystem.__default.NextStepPreservesInv)
	/root/verichecks-worker/worker-dir/clones/cc696446b1a8e4d8b2f85b70e6c0b4b7bf3efb56/ByteBlockCacheSystem/ByteSystem.i.dfy(668,8): Verification inconclusive (Impl$$ByteSystem.__default.NextStepPreservesInv)
	/root/verichecks-worker/worker-dir/clones/cc696446b1a8e4d8b2f85b70e6c0b4b7bf3efb56/ByteBlockCacheSystem/AsyncDiskModel.s.dfy[ByteSystem](337,8): Verification inconclusive (Impl$$ByteSystem.__default.NextPreservesInv)
	
	Dafny program verifier finished with 12 verified, 0 errors, 16 inconclusives, 1 out of resource
	Command exited with non-zero status 4
	1027.46user 4.21system 12:47.13elapsed 134%CPU (0avgtext+0avgdata 1836792maxresident)k
	0inputs+0outputs (0major+1309668minor)pagefaults 0swaps

./Impl/FlushPolicyModel.i.dfy
	Prover error: Unexpected prover response (getting info about 'unknown' response): (:reason-unknown unknown)
	
	/root/verichecks-worker/worker-dir/clones/cc696446b1a8e4d8b2f85b70e6c0b4b7bf3efb56/Impl/FlushPolicyModel.i.dfy(166,8): Verification inconclusive (Impl$$FlushPolicyModel.__default.getActionToSplitValidAction)
	Prover error: Unexpected prover response (getting info about 'unknown' response): (:reason-unknown unknown)
	
	/root/verichecks-worker/worker-dir/clones/cc696446b1a8e4d8b2f85b70e6c0b4b7bf3efb56/Impl/FlushPolicyModel.i.dfy(196,8): Verification inconclusive (Impl$$FlushPolicyModel.__default.getActionToFlushValidAction)
	
	Dafny program verifier finished with 6 verified, 0 errors, 2 inconclusives
	Command exited with non-zero status 4
	94.30user 1.82system 0:53.34elapsed 180%CPU (0avgtext+0avgdata 1498000maxresident)k
	0inputs+0outputs (0major+554360minor)pagefaults 0swaps

./ByteBlockCacheSystem/InterpretationDisk.i.dfy
	/root/verichecks-worker/worker-dir/clones/cc696446b1a8e4d8b2f85b70e6c0b4b7bf3efb56/ByteBlockCacheSystem/InterpretationDisk.i.dfy(752,8): Verification out of resource (Impl$$InterpretationDisk.__default.RefinesReqReadOp)
	/root/verichecks-worker/worker-dir/clones/cc696446b1a8e4d8b2f85b70e6c0b4b7bf3efb56/ByteBlockCacheSystem/InterpretationDisk.i.dfy(892,8): Verification out of resource (Impl$$InterpretationDisk.__default.RefinesReqWriteOp)
	/root/verichecks-worker/worker-dir/clones/cc696446b1a8e4d8b2f85b70e6c0b4b7bf3efb56/ByteBlockCacheSystem/InterpretationDisk.i.dfy(1059,8): Verification out of resource (Impl$$InterpretationDisk.__default.RefinesReqWrite2Op)
	/root/verichecks-worker/worker-dir/clones/cc696446b1a8e4d8b2f85b70e6c0b4b7bf3efb56/ByteBlockCacheSystem/InterpretationDisk.i.dfy(1190,8): Verification out of resource (Impl$$InterpretationDisk.__default.RefinesRespReadOp)
	/root/verichecks-worker/worker-dir/clones/cc696446b1a8e4d8b2f85b70e6c0b4b7bf3efb56/ByteBlockCacheSystem/InterpretationDisk.i.dfy(1316,8): Verification out of resource (Impl$$InterpretationDisk.__default.RefinesRespWriteOp)
	/root/verichecks-worker/worker-dir/clones/cc696446b1a8e4d8b2f85b70e6c0b4b7bf3efb56/ByteBlockCacheSystem/InterpretationDisk.i.dfy(1367,8): Verification out of resource (Impl$$InterpretationDisk.__default.RefinesProcessRead__Node__1)
	Prover error: Unexpected prover response (getting info about 'unknown' response): (:reason-unknown unknown)
	
	/root/verichecks-worker/worker-dir/clones/cc696446b1a8e4d8b2f85b70e6c0b4b7bf3efb56/ByteBlockCacheSystem/InterpretationDisk.i.dfy(1382,8): Verification inconclusive (Impl$$InterpretationDisk.__default.RefinesProcessRead__Node__2)
	/root/verichecks-worker/worker-dir/clones/cc696446b1a8e4d8b2f85b70e6c0b4b7bf3efb56/ByteBlockCacheSystem/InterpretationDisk.i.dfy(1400,8): Verification out of resource (Impl$$InterpretationDisk.__default.RefinesProcessRead__IndirectionTable__1)
	/root/verichecks-worker/worker-dir/clones/cc696446b1a8e4d8b2f85b70e6c0b4b7bf3efb56/ByteBlockCacheSystem/InterpretationDisk.i.dfy(1415,8): Verification out of resource (Impl$$InterpretationDisk.__default.RefinesProcessRead__IndirectionTable__2)
	/root/verichecks-worker/worker-dir/clones/cc696446b1a8e4d8b2f85b70e6c0b4b7bf3efb56/ByteBlockCacheSystem/InterpretationDisk.i.dfy(1433,8): Verification inconclusive (Impl$$InterpretationDisk.__default.RefinesProcessRead__Journal__1)
	Prover error: Invalid PING response from the prover: unknown
	
	/root/verichecks-worker/worker-dir/clones/cc696446b1a8e4d8b2f85b70e6c0b4b7bf3efb56/ByteBlockCacheSystem/InterpretationDisk.i.dfy(1448,8): Verification inconclusive (Impl$$InterpretationDisk.__default.RefinesProcessRead__Journal__2)
	Prover error: Unexpected prover response (getting info about 'unknown' response): (:reason-unknown unknown)
	
	/root/verichecks-worker/worker-dir/clones/cc696446b1a8e4d8b2f85b70e6c0b4b7bf3efb56/ByteBlockCacheSystem/InterpretationDisk.i.dfy(1466,8): Verification inconclusive (Impl$$InterpretationDisk.__default.RefinesProcessRead__Superblock__1)
	/root/verichecks-worker/worker-dir/clones/cc696446b1a8e4d8b2f85b70e6c0b4b7bf3efb56/ByteBlockCacheSystem/InterpretationDisk.i.dfy(1481,8): Verification out of resource (Impl$$InterpretationDisk.__default.RefinesProcessRead__Superblock__2)
	Prover error: Invalid PING response from the prover: unsat
	
	Prover error: Invalid PING response from the prover: unknown
	
	/root/verichecks-worker/worker-dir/clones/cc696446b1a8e4d8b2f85b70e6c0b4b7bf3efb56/ByteBlockCacheSystem/InterpretationDisk.i.dfy(1527,8): Verification inconclusive (Impl$$InterpretationDisk.__default.RefinesProcessWrite)
	/root/verichecks-worker/worker-dir/clones/cc696446b1a8e4d8b2f85b70e6c0b4b7bf3efb56/ByteBlockCacheSystem/InterpretationDisk.i.dfy(1720,8): Verification inconclusive (Impl$$InterpretationDisk.__default.RefinesHavocConflictingWriteRead)
	/root/verichecks-worker/worker-dir/clones/cc696446b1a8e4d8b2f85b70e6c0b4b7bf3efb56/ByteBlockCacheSystem/InterpretationDisk.i.dfy(1727,8): Verification inconclusive (Impl$$InterpretationDisk.__default.RefinesCrash)
	
	Dafny program verifier finished with 112 verified, 0 errors, 7 inconclusives, 9 out of resource
	Command exited with non-zero status 4
	507.22user 7.14system 2:53.56elapsed 296%CPU (0avgtext+0avgdata 1634232maxresident)k
	0inputs+0outputs (0major+1731230minor)pagefaults 0swaps

