./BlockCacheSystem/BlockSystem.i.dfy
	Prover error: Unexpected prover response (getting info about 'unknown' response): (:reason-unknown unknown)
	
	/root/verichecks-worker/worker-dir/clones/0c082846b99d80fcd4a68665dbc90dade23aade3/BlockCacheSystem/BlockSystem.i.dfy(738,8): Verification inconclusive (Impl$$BlockSystem.__default.WriteBackNodeReqStepPreservesGraphs)
	Prover error: Unexpected prover response (getting info about 'unknown' response): (:reason-unknown unknown)
	
	/root/verichecks-worker/worker-dir/clones/0c082846b99d80fcd4a68665dbc90dade23aade3/BlockCacheSystem/BlockSystem.i.dfy(768,8): Verification inconclusive (Impl$$BlockSystem.__default.WriteBackNodeReqStepPreservesInv)
	/root/verichecks-worker/worker-dir/clones/0c082846b99d80fcd4a68665dbc90dade23aade3/BlockCacheSystem/BlockSystem.i.dfy(804,8): Verification out of resource (Impl$$BlockSystem.__default.WriteBackNodeRespStepPreservesGraphs)
	/root/verichecks-worker/worker-dir/clones/0c082846b99d80fcd4a68665dbc90dade23aade3/BlockCacheSystem/BlockSystem.i.dfy(838,8): Verification inconclusive (Impl$$BlockSystem.__default.WriteBackIndirectionTableReqStepPreservesGraphs)
	Prover error: Invalid PING response from the prover: unsat
	
	Prover error: Invalid PING response from the prover: unsat
	
	Prover error: Invalid PING response from the prover: unknown
	
	/root/verichecks-worker/worker-dir/clones/0c082846b99d80fcd4a68665dbc90dade23aade3/BlockCacheSystem/BlockSystem.i.dfy(891,8): Verification inconclusive (Impl$$BlockSystem.__default.WriteBackIndirectionTableReqStepPreservesInv)
	/root/verichecks-worker/worker-dir/clones/0c082846b99d80fcd4a68665dbc90dade23aade3/BlockCacheSystem/BlockSystem.i.dfy(917,8): Verification inconclusive (CheckWellformed$$BlockSystem.__default.WriteBackIndirectionTableRespStepPreservesGraphs)
	/root/verichecks-worker/worker-dir/clones/0c082846b99d80fcd4a68665dbc90dade23aade3/BlockCacheSystem/BlockSystem.i.dfy(945,8): Verification inconclusive (Impl$$BlockSystem.__default.WriteBackIndirectionTableRespStepPreservesInv)
	Prover error: Unexpected prover response (getting info about 'unknown' response): (:reason-unknown unknown)
	
	/root/verichecks-worker/worker-dir/clones/0c082846b99d80fcd4a68665dbc90dade23aade3/BlockCacheSystem/BlockSystem.i.dfy(959,8): Verification inconclusive (Impl$$BlockSystem.__default.DirtyStepUpdatesGraph)
	/root/verichecks-worker/worker-dir/clones/0c082846b99d80fcd4a68665dbc90dade23aade3/BlockCacheSystem/BlockSystem.i.dfy(982,8): Verification inconclusive (Impl$$BlockSystem.__default.DirtyStepPreservesInv)
	Prover error: Invalid PING response from the prover: unsat
	
	Prover error: Invalid PING response from the prover: unsat
	
	Prover error: Invalid PING response from the prover: unsat
	
	Prover error: Invalid PING response from the prover: unknown
	
	Prover error: Invalid PING response from the prover: unsat
	
	/root/verichecks-worker/worker-dir/clones/0c082846b99d80fcd4a68665dbc90dade23aade3/BlockCacheSystem/BlockSystem.i.dfy(994,8): Verification inconclusive (CheckWellformed$$BlockSystem.__default.AllocStepUpdatesGraph)
	Prover error: Invalid PING response from the prover: unsat
	
	Prover error: Invalid PING response from the prover: unknown
	
	/root/verichecks-worker/worker-dir/clones/0c082846b99d80fcd4a68665dbc90dade23aade3/BlockCacheSystem/BlockSystem.i.dfy(994,8): Verification inconclusive (Impl$$BlockSystem.__default.AllocStepUpdatesGraph)
	/root/verichecks-worker/worker-dir/clones/0c082846b99d80fcd4a68665dbc90dade23aade3/BlockCacheSystem/BlockSystem.i.dfy(1028,8): Verification inconclusive (Impl$$BlockSystem.__default.OpPreservesInv)
	/root/verichecks-worker/worker-dir/clones/0c082846b99d80fcd4a68665dbc90dade23aade3/BlockCacheSystem/BlockSystem.i.dfy(1040,8): Verification inconclusive (Impl$$BlockSystem.__default.OpTransactionPreservesInv)
	/root/verichecks-worker/worker-dir/clones/0c082846b99d80fcd4a68665dbc90dade23aade3/BlockCacheSystem/BlockSystem.i.dfy(1057,8): Verification inconclusive (Impl$$BlockSystem.__default.TransactionStepPreservesInv)
	/root/verichecks-worker/worker-dir/clones/0c082846b99d80fcd4a68665dbc90dade23aade3/BlockCacheSystem/BlockSystem.i.dfy(1071,8): Verification inconclusive (CheckWellformed$$BlockSystem.__default.UnallocStepUpdatesGraph)
	/root/verichecks-worker/worker-dir/clones/0c082846b99d80fcd4a68665dbc90dade23aade3/BlockCacheSystem/BlockSystem.i.dfy(1071,8): Verification inconclusive (Impl$$BlockSystem.__default.UnallocStepUpdatesGraph)
	/root/verichecks-worker/worker-dir/clones/0c082846b99d80fcd4a68665dbc90dade23aade3/BlockCacheSystem/BlockSystem.i.dfy(1094,8): Verification inconclusive (Impl$$BlockSystem.__default.UnallocStepPreservesInv)
	Prover error: Invalid PING response from the prover: unknown
	
	/root/verichecks-worker/worker-dir/clones/0c082846b99d80fcd4a68665dbc90dade23aade3/BlockCacheSystem/BlockSystem.i.dfy(1112,8): Verification inconclusive (Impl$$BlockSystem.__default.PageInNodeReqStepPreservesGraphs)
	Prover error: Invalid PING response from the prover: unknown
	
	/root/verichecks-worker/worker-dir/clones/0c082846b99d80fcd4a68665dbc90dade23aade3/BlockCacheSystem/BlockSystem.i.dfy(1133,8): Verification inconclusive (Impl$$BlockSystem.__default.PageInNodeReqStepPreservesInv)
	Prover error: Invalid PING response from the prover: unsat
	
	/root/verichecks-worker/worker-dir/clones/0c082846b99d80fcd4a68665dbc90dade23aade3/BlockCacheSystem/BlockSystem.i.dfy(1161,8): Verification out of resource (Impl$$BlockSystem.__default.PageInNodeRespStepPreservesGraphs)
	/root/verichecks-worker/worker-dir/clones/0c082846b99d80fcd4a68665dbc90dade23aade3/BlockCacheSystem/BlockSystem.i.dfy(1182,8): Verification inconclusive (Impl$$BlockSystem.__default.PageInNodeRespStepPreservesInv)
	Prover error: Invalid PING response from the prover: unsat
	
	/root/verichecks-worker/worker-dir/clones/0c082846b99d80fcd4a68665dbc90dade23aade3/BlockCacheSystem/BlockSystem.i.dfy(1195,8): Verification inconclusive (Impl$$BlockSystem.__default.PageInIndirectionTableReqStepPreservesGraphs)
	Prover error: Invalid PING response from the prover: unsat
	
	/root/verichecks-worker/worker-dir/clones/0c082846b99d80fcd4a68665dbc90dade23aade3/BlockCacheSystem/BlockSystem.i.dfy(1212,8): Verification inconclusive (Impl$$BlockSystem.__default.PageInIndirectionTableReqStepPreservesInv)
	Prover error: Invalid PING response from the prover: unsat
	
	Prover error: Invalid PING response from the prover: unsat
	
	Prover error: Invalid PING response from the prover: unsat
	
	/root/verichecks-worker/worker-dir/clones/0c082846b99d80fcd4a68665dbc90dade23aade3/BlockCacheSystem/BlockSystem.i.dfy(1225,8): Verification inconclusive (Impl$$BlockSystem.__default.PageInIndirectionTableRespStepPreservesGraphs)
	Prover error: Invalid PING response from the prover: unsat
	
	/root/verichecks-worker/worker-dir/clones/0c082846b99d80fcd4a68665dbc90dade23aade3/BlockCacheSystem/BlockSystem.i.dfy(1253,8): Verification inconclusive (Impl$$BlockSystem.__default.ReceiveLocStepPreservesGraphs)
	/root/verichecks-worker/worker-dir/clones/0c082846b99d80fcd4a68665dbc90dade23aade3/BlockCacheSystem/BlockSystem.i.dfy(1282,8): Verification inconclusive (CheckWellformed$$BlockSystem.__default.ReceiveLocStepPreservesInv)
	/root/verichecks-worker/worker-dir/clones/0c082846b99d80fcd4a68665dbc90dade23aade3/BlockCacheSystem/BlockSystem.i.dfy(1296,8): Verification inconclusive (Impl$$BlockSystem.__default.EvictStepPreservesGraphs)
	Prover error: Invalid PING response from the prover: unsat
	
	/root/verichecks-worker/worker-dir/clones/0c082846b99d80fcd4a68665dbc90dade23aade3/BlockCacheSystem/BlockSystem.i.dfy(1330,8): Verification inconclusive (Impl$$BlockSystem.__default.FreezeStepPreservesGraphs)
	Prover error: Invalid PING response from the prover: unsat
	
	Prover error: Invalid PING response from the prover: unsat
	
	/root/verichecks-worker/worker-dir/clones/0c082846b99d80fcd4a68665dbc90dade23aade3/BlockCacheSystem/BlockSystem.i.dfy(1345,8): Verification inconclusive (Impl$$BlockSystem.__default.FreezeStepPreservesInv)
	/root/verichecks-worker/worker-dir/clones/0c082846b99d80fcd4a68665dbc90dade23aade3/BlockCacheSystem/BlockSystem.i.dfy(1358,8): Verification inconclusive (Impl$$BlockSystem.__default.CleanUpStepPreservesGraphs)
	Prover error: Invalid PING response from the prover: unsat
	
	Prover error: Invalid PING response from the prover: unsat
	
	/root/verichecks-worker/worker-dir/clones/0c082846b99d80fcd4a68665dbc90dade23aade3/BlockCacheSystem/BlockSystem.i.dfy(1386,8): Verification inconclusive (Impl$$BlockSystem.__default.NoOpStepPreservesGraphs)
	Prover error: Invalid PING response from the prover: unsat
	
	/root/verichecks-worker/worker-dir/clones/0c082846b99d80fcd4a68665dbc90dade23aade3/BlockCacheSystem/BlockSystem.i.dfy(1420,8): Verification inconclusive (Impl$$BlockSystem.__default.MachineStepPreservesInv)
	/root/verichecks-worker/worker-dir/clones/0c082846b99d80fcd4a68665dbc90dade23aade3/BlockCacheSystem/BlockSystem.i.dfy(1448,8): Verification inconclusive (Impl$$BlockSystem.__default.CrashPreservesGraphs)
	Prover error: Invalid PING response from the prover: unsat
	
	Prover error: Invalid PING response from the prover: unsat
	
	Prover error: Invalid PING response from the prover: unsat
	
	Prover error: Invalid PING response from the prover: unsat
	
	Prover error: Invalid PING response from the prover: unsat
	
	Prover error: Invalid PING response from the prover: unsat
	
	Prover error: Invalid PING response from the prover: unsat
	
	Prover error: Invalid PING response from the prover: unknown
	
	/root/verichecks-worker/worker-dir/clones/0c082846b99d80fcd4a68665dbc90dade23aade3/BlockCacheSystem/BlockSystem.i.dfy(1515,8): Verification inconclusive (Impl$$BlockSystem.__default.CrashStepPreservesInv)
	/root/verichecks-worker/worker-dir/clones/0c082846b99d80fcd4a68665dbc90dade23aade3/BlockCacheSystem/BlockSystem.i.dfy(1526,8): Verification inconclusive (Impl$$BlockSystem.__default.NextStepPreservesInv)
	/root/verichecks-worker/worker-dir/clones/0c082846b99d80fcd4a68665dbc90dade23aade3/BlockCacheSystem/BlockSystem.i.dfy(1591,8): Verification inconclusive (CheckWellformed$$BlockSystem.__default.NewRequestReadIndirectionTableDoesntOverlap)
	/root/verichecks-worker/worker-dir/clones/0c082846b99d80fcd4a68665dbc90dade23aade3/BlockCacheSystem/BlockSystem.i.dfy(1591,8): Verification inconclusive (Impl$$BlockSystem.__default.NewRequestReadIndirectionTableDoesntOverlap)
	/root/verichecks-worker/worker-dir/clones/0c082846b99d80fcd4a68665dbc90dade23aade3/BlockCacheSystem/BlockSystem.i.dfy(1605,8): Verification inconclusive (CheckWellformed$$BlockSystem.__default.NewRequestWriteNodeDoesntOverlap)
	/root/verichecks-worker/worker-dir/clones/0c082846b99d80fcd4a68665dbc90dade23aade3/BlockCacheSystem/BlockSystem.i.dfy(1617,8): Verification inconclusive (CheckWellformed$$BlockSystem.__default.NewRequestWriteIndirectionTableDoesntOverlap)
	/root/verichecks-worker/worker-dir/clones/0c082846b99d80fcd4a68665dbc90dade23aade3/BlockCacheSystem/BlockSystem.i.dfy(1617,8): Verification inconclusive (Impl$$BlockSystem.__default.NewRequestWriteIndirectionTableDoesntOverlap)
	/root/verichecks-worker/worker-dir/clones/0c082846b99d80fcd4a68665dbc90dade23aade3/BlockCacheSystem/BlockSystem.i.dfy(1631,8): Verification inconclusive (CheckWellformed$$BlockSystem.__default.NewRequestWriteNodeDoesntOverlapRead)
	Prover error: Invalid PING response from the prover: unsat
	
	Prover error: Invalid PING response from the prover: unsat
	
	Prover error: Invalid PING response from the prover: unsat
	
	/root/verichecks-worker/worker-dir/clones/0c082846b99d80fcd4a68665dbc90dade23aade3/BlockCacheSystem/BlockSystem.i.dfy(1643,8): Verification inconclusive (CheckWellformed$$BlockSystem.__default.NewRequestWriteIndirectionTableDoesntOverlapRead)
	/root/verichecks-worker/worker-dir/clones/0c082846b99d80fcd4a68665dbc90dade23aade3/BlockCacheSystem/BlockSystem.i.dfy(1643,8): Verification inconclusive (Impl$$BlockSystem.__default.NewRequestWriteIndirectionTableDoesntOverlapRead)
	/root/verichecks-worker/worker-dir/clones/0c082846b99d80fcd4a68665dbc90dade23aade3/BlockCacheSystem/BlockSystem.i.dfy(1652,8): Verification inconclusive (CheckWellformed$$BlockSystem.__default.NewRequestReadNodeIsValid)
	Prover error: Invalid PING response from the prover: unsat
	
	Prover error: Invalid PING response from the prover: unsat
	
	/root/verichecks-worker/worker-dir/clones/0c082846b99d80fcd4a68665dbc90dade23aade3/BlockCacheSystem/BlockSystem.i.dfy(1660,8): Verification inconclusive (CheckWellformed$$BlockSystem.__default.NewRequestReadIndirectionTableIsValid)
	/root/verichecks-worker/worker-dir/clones/0c082846b99d80fcd4a68665dbc90dade23aade3/BlockCacheSystem/BlockSystem.i.dfy(1660,8): Verification inconclusive (Impl$$BlockSystem.__default.NewRequestReadIndirectionTableIsValid)
	
	Dafny program verifier finished with 82 verified, 0 errors, 44 inconclusives, 2 out of resource
	Command exited with non-zero status 4
	602.28user 6.22system 3:19.60elapsed 304%CPU (0avgtext+0avgdata 1730224maxresident)k
	0inputs+0outputs (0major+1659107minor)pagefaults 0swaps

./Impl/FlushPolicyModel.i.dfy
	Prover error: Unexpected prover response (getting info about 'unknown' response): (:reason-unknown unknown)
	
	/root/verichecks-worker/worker-dir/clones/0c082846b99d80fcd4a68665dbc90dade23aade3/Impl/FlushPolicyModel.i.dfy(166,8): Verification inconclusive (Impl$$FlushPolicyModel.__default.getActionToSplitValidAction)
	Prover error: Unexpected prover response (getting info about 'unknown' response): (:reason-unknown unknown)
	
	/root/verichecks-worker/worker-dir/clones/0c082846b99d80fcd4a68665dbc90dade23aade3/Impl/FlushPolicyModel.i.dfy(196,8): Verification inconclusive (Impl$$FlushPolicyModel.__default.getActionToFlushValidAction)
	
	Dafny program verifier finished with 6 verified, 0 errors, 2 inconclusives
	Command exited with non-zero status 4
	99.41user 1.94system 0:56.98elapsed 177%CPU (0avgtext+0avgdata 1488832maxresident)k
	0inputs+0outputs (0major+550439minor)pagefaults 0swaps

./ByteBlockCacheSystem/InterpretationDisk.i.dfy
	/root/verichecks-worker/worker-dir/clones/0c082846b99d80fcd4a68665dbc90dade23aade3/ByteBlockCacheSystem/InterpretationDisk.i.dfy(752,8): Verification out of resource (Impl$$InterpretationDisk.__default.RefinesReqReadOp)
	Prover error: Unexpected prover response (getting info about 'unknown' response): (:reason-unknown unknown)
	
	/root/verichecks-worker/worker-dir/clones/0c082846b99d80fcd4a68665dbc90dade23aade3/ByteBlockCacheSystem/InterpretationDisk.i.dfy(892,8): Verification inconclusive (Impl$$InterpretationDisk.__default.RefinesReqWriteOp)
	/root/verichecks-worker/worker-dir/clones/0c082846b99d80fcd4a68665dbc90dade23aade3/ByteBlockCacheSystem/InterpretationDisk.i.dfy(1059,8): Verification out of resource (Impl$$InterpretationDisk.__default.RefinesReqWrite2Op)
	Prover error: Invalid PING response from the prover: unsat
	
	/root/verichecks-worker/worker-dir/clones/0c082846b99d80fcd4a68665dbc90dade23aade3/ByteBlockCacheSystem/InterpretationDisk.i.dfy(1190,8): Verification out of resource (Impl$$InterpretationDisk.__default.RefinesRespReadOp)
	Prover error: Invalid PING response from the prover: unsat
	
	/root/verichecks-worker/worker-dir/clones/0c082846b99d80fcd4a68665dbc90dade23aade3/ByteBlockCacheSystem/InterpretationDisk.i.dfy(1316,8): Verification out of resource (Impl$$InterpretationDisk.__default.RefinesRespWriteOp)
	/root/verichecks-worker/worker-dir/clones/0c082846b99d80fcd4a68665dbc90dade23aade3/ByteBlockCacheSystem/InterpretationDisk.i.dfy(1342,8): Verification inconclusive (Impl$$InterpretationDisk.__default.RefinesStutterOp)
	/root/verichecks-worker/worker-dir/clones/0c082846b99d80fcd4a68665dbc90dade23aade3/ByteBlockCacheSystem/InterpretationDisk.i.dfy(1367,8): Verification inconclusive (CheckWellformed$$InterpretationDisk.__default.RefinesProcessRead__Node__1)
	Prover error: Invalid PING response from the prover: unknown
	
	/root/verichecks-worker/worker-dir/clones/0c082846b99d80fcd4a68665dbc90dade23aade3/ByteBlockCacheSystem/InterpretationDisk.i.dfy(1367,8): Verification out of resource (Impl$$InterpretationDisk.__default.RefinesProcessRead__Node__1)
	/root/verichecks-worker/worker-dir/clones/0c082846b99d80fcd4a68665dbc90dade23aade3/ByteBlockCacheSystem/InterpretationDisk.i.dfy(1382,8): Verification inconclusive (Impl$$InterpretationDisk.__default.RefinesProcessRead__Node__2)
	/root/verichecks-worker/worker-dir/clones/0c082846b99d80fcd4a68665dbc90dade23aade3/ByteBlockCacheSystem/InterpretationDisk.i.dfy(1400,8): Verification inconclusive (Impl$$InterpretationDisk.__default.RefinesProcessRead__IndirectionTable__1)
	/root/verichecks-worker/worker-dir/clones/0c082846b99d80fcd4a68665dbc90dade23aade3/ByteBlockCacheSystem/InterpretationDisk.i.dfy(1415,8): Verification out of resource (Impl$$InterpretationDisk.__default.RefinesProcessRead__IndirectionTable__2)
	/root/verichecks-worker/worker-dir/clones/0c082846b99d80fcd4a68665dbc90dade23aade3/ByteBlockCacheSystem/InterpretationDisk.i.dfy(1433,8): Verification out of resource (Impl$$InterpretationDisk.__default.RefinesProcessRead__Journal__1)
	Prover error: Invalid PING response from the prover: unknown
	
	/root/verichecks-worker/worker-dir/clones/0c082846b99d80fcd4a68665dbc90dade23aade3/ByteBlockCacheSystem/InterpretationDisk.i.dfy(1448,8): Verification inconclusive (Impl$$InterpretationDisk.__default.RefinesProcessRead__Journal__2)
	Prover error: Unexpected prover response (getting info about 'unknown' response): (:reason-unknown unknown)
	
	/root/verichecks-worker/worker-dir/clones/0c082846b99d80fcd4a68665dbc90dade23aade3/ByteBlockCacheSystem/InterpretationDisk.i.dfy(1466,8): Verification inconclusive (Impl$$InterpretationDisk.__default.RefinesProcessRead__Superblock__1)
	Prover error: Invalid PING response from the prover: unsat
	
	/root/verichecks-worker/worker-dir/clones/0c082846b99d80fcd4a68665dbc90dade23aade3/ByteBlockCacheSystem/InterpretationDisk.i.dfy(1481,8): Verification out of resource (Impl$$InterpretationDisk.__default.RefinesProcessRead__Superblock__2)
	Prover error: Invalid PING response from the prover: unsat
	
	Prover error: Invalid PING response from the prover: unknown
	
	/root/verichecks-worker/worker-dir/clones/0c082846b99d80fcd4a68665dbc90dade23aade3/ByteBlockCacheSystem/InterpretationDisk.i.dfy(1527,8): Verification inconclusive (CheckWellformed$$InterpretationDisk.__default.RefinesProcessWrite)
	Prover error: Unexpected prover response (getting info about 'unknown' response): (:reason-unknown unknown)
	
	/root/verichecks-worker/worker-dir/clones/0c082846b99d80fcd4a68665dbc90dade23aade3/ByteBlockCacheSystem/InterpretationDisk.i.dfy(1527,8): Verification inconclusive (Impl$$InterpretationDisk.__default.RefinesProcessWrite)
	/root/verichecks-worker/worker-dir/clones/0c082846b99d80fcd4a68665dbc90dade23aade3/ByteBlockCacheSystem/InterpretationDisk.i.dfy(1713,8): Verification inconclusive (Impl$$InterpretationDisk.__default.RefinesHavocConflictingWrites)
	/root/verichecks-worker/worker-dir/clones/0c082846b99d80fcd4a68665dbc90dade23aade3/ByteBlockCacheSystem/InterpretationDisk.i.dfy(1720,8): Verification inconclusive (Impl$$InterpretationDisk.__default.RefinesHavocConflictingWriteRead)
	/root/verichecks-worker/worker-dir/clones/0c082846b99d80fcd4a68665dbc90dade23aade3/ByteBlockCacheSystem/InterpretationDisk.i.dfy(1727,8): Verification inconclusive (CheckWellformed$$InterpretationDisk.__default.RefinesCrash)
	
	Dafny program verifier finished with 108 verified, 0 errors, 12 inconclusives, 8 out of resource
	Command exited with non-zero status 4
	536.25user 7.50system 2:58.62elapsed 304%CPU (0avgtext+0avgdata 1790964maxresident)k
	0inputs+0outputs (0major+1934799minor)pagefaults 0swaps

./Impl/IndirectionTable.i.dfy
	Prover error: Unexpected prover response (getting info about 'unknown' response): (:reason-unknown unknown)
	
	/root/verichecks-worker/worker-dir/clones/0c082846b99d80fcd4a68665dbc90dade23aade3/Impl/IndirectionTable.i.dfy(936,24): Verification inconclusive (Impl$$IndirectionTable.IndirectionTable.UpdateAndRemoveLoc)
	/root/verichecks-worker/worker-dir/clones/0c082846b99d80fcd4a68665dbc90dade23aade3/Impl/IndirectionTable.i.dfy(1285,17): Verification inconclusive (Impl$$IndirectionTable.IndirectionTable.LemmaPredecessorSetRestrictedPartialAdd1Self)
	Prover error: Invalid PING response from the prover: unsat
	
	/root/verichecks-worker/worker-dir/clones/0c082846b99d80fcd4a68665dbc90dade23aade3/Impl/IndirectionTable.i.dfy(1308,18): Verification inconclusive (Impl$$IndirectionTable.IndirectionTable.ComputeRefCountsInnerLoop)
	Prover error: Invalid PING response from the prover: unknown
	
	/root/verichecks-worker/worker-dir/clones/0c082846b99d80fcd4a68665dbc90dade23aade3/Impl/IndirectionTable.i.dfy(1463,18): Verification inconclusive (Impl$$IndirectionTable.IndirectionTable.MakeGarbageQueue)
	Prover error: Invalid PING response from the prover: unsat
	
	Prover error: Invalid PING response from the prover: unsat
	
	Prover error: Invalid PING response from the prover: unsat
	
	Prover error: Invalid PING response from the prover: unsat
	
	Prover error: Invalid PING response from the prover: unsat
	
	Prover error: Unexpected prover response (getting info about 'unknown' response): (:reason-unknown unknown)
	
	/root/verichecks-worker/worker-dir/clones/0c082846b99d80fcd4a68665dbc90dade23aade3/Impl/IndirectionTable.i.dfy(1611,18): Verification inconclusive (Impl$$IndirectionTable.IndirectionTable.IndirectionTableToVal)
	/root/verichecks-worker/worker-dir/clones/0c082846b99d80fcd4a68665dbc90dade23aade3/Impl/IndirectionTable.i.dfy(1879,25): Error: assertion violation
	/root/verichecks-worker/worker-dir/clones/0c082846b99d80fcd4a68665dbc90dade23aade3/Impl/IndirectionTable.i.dfy(1757,16): Related location
	Execution trace:
	    (0,0): anon0
	    /root/verichecks-worker/worker-dir/clones/0c082846b99d80fcd4a68665dbc90dade23aade3/Impl/IndirectionTable.i.dfy(1840,7): anon44_LoopHead
	    (0,0): anon44_LoopBody
	    /root/verichecks-worker/worker-dir/clones/0c082846b99d80fcd4a68665dbc90dade23aade3/Impl/IndirectionTable.i.dfy(1840,7): anon45_Else
	    /root/verichecks-worker/worker-dir/clones/0c082846b99d80fcd4a68665dbc90dade23aade3/Impl/IndirectionTable.i.dfy(1840,7): anon47_Else
	    (0,0): anon48_Then
	    (0,0): anon9
	    /root/verichecks-worker/worker-dir/clones/0c082846b99d80fcd4a68665dbc90dade23aade3/Impl/IndirectionTable.i.dfy(1852,9): anon49_Else
	    (0,0): anon50_Then
	    (0,0): anon51_Then
	    (0,0): anon52_Then
	    (0,0): anon15
	    (0,0): anon53_Then
	    (0,0): anon54_Else
	    (0,0): anon19
	    (0,0): anon55_Else
	    (0,0): anon56_Then
	/root/verichecks-worker/worker-dir/clones/0c082846b99d80fcd4a68665dbc90dade23aade3/Impl/IndirectionTable.i.dfy(1879,25): Error: assertion violation
	/root/verichecks-worker/worker-dir/clones/0c082846b99d80fcd4a68665dbc90dade23aade3/Impl/IndirectionTable.i.dfy(1758,21): Related location
	Execution trace:
	    (0,0): anon0
	    /root/verichecks-worker/worker-dir/clones/0c082846b99d80fcd4a68665dbc90dade23aade3/Impl/IndirectionTable.i.dfy(1840,7): anon44_LoopHead
	    (0,0): anon44_LoopBody
	    /root/verichecks-worker/worker-dir/clones/0c082846b99d80fcd4a68665dbc90dade23aade3/Impl/IndirectionTable.i.dfy(1840,7): anon45_Else
	    /root/verichecks-worker/worker-dir/clones/0c082846b99d80fcd4a68665dbc90dade23aade3/Impl/IndirectionTable.i.dfy(1840,7): anon47_Else
	    (0,0): anon48_Then
	    (0,0): anon9
	    /root/verichecks-worker/worker-dir/clones/0c082846b99d80fcd4a68665dbc90dade23aade3/Impl/IndirectionTable.i.dfy(1852,9): anon49_Else
	    (0,0): anon50_Then
	    (0,0): anon51_Then
	    (0,0): anon52_Then
	    (0,0): anon15
	    (0,0): anon53_Then
	    (0,0): anon54_Else
	    (0,0): anon19
	    (0,0): anon55_Else
	    (0,0): anon56_Then
	/root/verichecks-worker/worker-dir/clones/0c082846b99d80fcd4a68665dbc90dade23aade3/Impl/IndirectionTable.i.dfy(1897,66): Error: assertion violation
	Execution trace:
	    (0,0): anon0
	    /root/verichecks-worker/worker-dir/clones/0c082846b99d80fcd4a68665dbc90dade23aade3/Impl/IndirectionTable.i.dfy(1840,7): anon44_LoopHead
	    (0,0): anon44_LoopBody
	    /root/verichecks-worker/worker-dir/clones/0c082846b99d80fcd4a68665dbc90dade23aade3/Impl/IndirectionTable.i.dfy(1840,7): anon45_Else
	    /root/verichecks-worker/worker-dir/clones/0c082846b99d80fcd4a68665dbc90dade23aade3/Impl/IndirectionTable.i.dfy(1840,7): anon47_Else
	    (0,0): anon48_Then
	    (0,0): anon9
	    /root/verichecks-worker/worker-dir/clones/0c082846b99d80fcd4a68665dbc90dade23aade3/Impl/IndirectionTable.i.dfy(1852,9): anon49_Else
	    (0,0): anon50_Then
	    (0,0): anon51_Then
	    (0,0): anon52_Then
	    (0,0): anon15
	    (0,0): anon53_Else
	    (0,0): anon57_Then
	    (0,0): anon58_Else
	    (0,0): anon30
	    (0,0): anon59_Else
	    (0,0): anon33
	    (0,0): anon60_Then
	/root/verichecks-worker/worker-dir/clones/0c082846b99d80fcd4a68665dbc90dade23aade3/Impl/IndirectionTable.i.dfy(1915,18): Error: assertion violation
	/root/verichecks-worker/worker-dir/clones/0c082846b99d80fcd4a68665dbc90dade23aade3/Impl/../BlockCacheSystem/BlockCache.i.dfy(589,4): Related location
	/root/verichecks-worker/worker-dir/clones/0c082846b99d80fcd4a68665dbc90dade23aade3/Impl/../BlockCacheSystem/BlockCache.i.dfy(590,8): Related location
	Execution trace:
	    (0,0): anon0
	    /root/verichecks-worker/worker-dir/clones/0c082846b99d80fcd4a68665dbc90dade23aade3/Impl/IndirectionTable.i.dfy(1840,7): anon44_LoopHead
	    (0,0): anon44_LoopBody
	    /root/verichecks-worker/worker-dir/clones/0c082846b99d80fcd4a68665dbc90dade23aade3/Impl/IndirectionTable.i.dfy(1840,7): anon45_Else
	    (0,0): anon47_Then
	    (0,0): after_0
	    (0,0): anon61_Then
	/root/verichecks-worker/worker-dir/clones/0c082846b99d80fcd4a68665dbc90dade23aade3/Impl/IndirectionTable.i.dfy(1921,14): Verification inconclusive (CheckWellformed$$IndirectionTable.IndirectionTable.deallocable)
	/root/verichecks-worker/worker-dir/clones/0c082846b99d80fcd4a68665dbc90dade23aade3/Impl/IndirectionTable.i.dfy(1962,27): Verification inconclusive (CheckWellformed$$IndirectionTable.IndirectionTable.GetSize)
	/root/verichecks-worker/worker-dir/clones/0c082846b99d80fcd4a68665dbc90dade23aade3/Impl/IndirectionTable.i.dfy(2013,23): Verification inconclusive (CheckWellformed$$IndirectionTable.IndirectionTable.getRefUpperBound)
	/root/verichecks-worker/worker-dir/clones/0c082846b99d80fcd4a68665dbc90dade23aade3/Impl/IndirectionTable.i.dfy(2021,18): Verification inconclusive (Impl$$IndirectionTable.IndirectionTable.GetRefUpperBound)
	/root/verichecks-worker/worker-dir/clones/0c082846b99d80fcd4a68665dbc90dade23aade3/Impl/IndirectionTable.i.dfy(66,11): Verification inconclusive (CheckWellformed$$IndirectionTable.__default.MapGraph)
	Prover error: Invalid PING response from the prover: unsat
	
	/root/verichecks-worker/worker-dir/clones/0c082846b99d80fcd4a68665dbc90dade23aade3/Impl/IndirectionTable.i.dfy(83,11): Verification inconclusive (CheckWellformed$$IndirectionTable.__default.PredecessorSet)
	/root/verichecks-worker/worker-dir/clones/0c082846b99d80fcd4a68665dbc90dade23aade3/Impl/IndirectionTable.i.dfy(93,11): Verification inconclusive (CheckWellformed$$IndirectionTable.__default.PredecessorSetRestrictedPartial)
	Prover error: Invalid PING response from the prover: unsat
	
	Prover error: Invalid PING response from the prover: unsat
	
	/root/verichecks-worker/worker-dir/clones/0c082846b99d80fcd4a68665dbc90dade23aade3/Impl/IndirectionTable.i.dfy(105,12): Verification inconclusive (CheckWellformed$$IndirectionTable.__default.GraphClosedRestrictedPartial)
	/root/verichecks-worker/worker-dir/clones/0c082846b99d80fcd4a68665dbc90dade23aade3/Impl/IndirectionTable.i.dfy(118,12): Verification inconclusive (CheckWellformed$$IndirectionTable.__default.ValidPredCounts)
	Prover error: Invalid PING response from the prover: unsat
	
	/root/verichecks-worker/worker-dir/clones/0c082846b99d80fcd4a68665dbc90dade23aade3/Impl/IndirectionTable.i.dfy(130,18): Verification inconclusive (CheckWellformed$$IndirectionTable.__default.MaxSizeUint64)
	
	Dafny program verifier finished with 97 verified, 4 errors, 15 inconclusives
	Command exited with non-zero status 4
	368.98user 5.02system 2:08.41elapsed 291%CPU (0avgtext+0avgdata 1519388maxresident)k
	0inputs+0outputs (0major+846219minor)pagefaults 0swaps

./ByteBlockCacheSystem/ByteSystem.i.dfy
	Prover error: Unexpected prover response (getting info about 'unknown' response): (:reason-unknown unknown)
	
	Prover error: Unexpected prover response (getting info about 'unknown' response): (:reason-unknown unknown)
	
	Prover error: Invalid PING response from the prover: unsat
	
	Prover error: Invalid PING response from the prover: unknown
	
	Prover error: Invalid PING response from the prover: unsat
	
	Prover error: Invalid PING response from the prover: unknown
	
	Prover error: Invalid PING response from the prover: unsat
	
	Prover error: Invalid PING response from the prover: unsat
	
	Prover error: Invalid PING response from the prover: unsat
	
	Prover error: Unexpected prover response (getting info about 'unknown' response): (:reason-unknown unknown)
	
	/root/verichecks-worker/worker-dir/clones/0c082846b99d80fcd4a68665dbc90dade23aade3/ByteBlockCacheSystem/AsyncDiskModel.s.dfy[ByteSystem](333,8): Verification inconclusive (Impl$$ByteSystem.__default.InitImpliesInv)
	/root/verichecks-worker/worker-dir/clones/0c082846b99d80fcd4a68665dbc90dade23aade3/ByteBlockCacheSystem/ByteSystem.i.dfy(64,8): Verification out of resource (Impl$$ByteSystem.__default.ReqReadStepPreservesInv)
	/root/verichecks-worker/worker-dir/clones/0c082846b99d80fcd4a68665dbc90dade23aade3/ByteBlockCacheSystem/ByteSystem.i.dfy(158,8): Verification inconclusive (Impl$$ByteSystem.__default.ReqWriteStepPreservesInv)
	/root/verichecks-worker/worker-dir/clones/0c082846b99d80fcd4a68665dbc90dade23aade3/ByteBlockCacheSystem/ByteSystem.i.dfy(343,8): Verification inconclusive (Impl$$ByteSystem.__default.ReqWrite2StepPreservesInv)
	/root/verichecks-worker/worker-dir/clones/0c082846b99d80fcd4a68665dbc90dade23aade3/ByteBlockCacheSystem/ByteSystem.i.dfy(452,8): Verification inconclusive (Impl$$ByteSystem.__default.RespReadStepPreservesInv)
	/root/verichecks-worker/worker-dir/clones/0c082846b99d80fcd4a68665dbc90dade23aade3/ByteBlockCacheSystem/ByteSystem.i.dfy(484,8): Verification inconclusive (Impl$$ByteSystem.__default.RespWriteStepPreservesInv)
	/root/verichecks-worker/worker-dir/clones/0c082846b99d80fcd4a68665dbc90dade23aade3/ByteBlockCacheSystem/ByteSystem.i.dfy(516,8): Verification inconclusive (Impl$$ByteSystem.__default.NoDiskOpStepPreservesInv)
	/root/verichecks-worker/worker-dir/clones/0c082846b99d80fcd4a68665dbc90dade23aade3/ByteBlockCacheSystem/ByteSystem.i.dfy(549,8): Verification inconclusive (CheckWellformed$$ByteSystem.__default.MachineStepPreservesInv)
	/root/verichecks-worker/worker-dir/clones/0c082846b99d80fcd4a68665dbc90dade23aade3/ByteBlockCacheSystem/ByteSystem.i.dfy(565,8): Verification inconclusive (Impl$$ByteSystem.__default.ProcessReadFailurePreservesInv)
	/root/verichecks-worker/worker-dir/clones/0c082846b99d80fcd4a68665dbc90dade23aade3/ByteBlockCacheSystem/ByteSystem.i.dfy(629,8): Verification inconclusive (CheckWellformed$$ByteSystem.__default.DiskInternalStepPreservesInv)
	/root/verichecks-worker/worker-dir/clones/0c082846b99d80fcd4a68665dbc90dade23aade3/ByteBlockCacheSystem/ByteSystem.i.dfy(629,8): Verification inconclusive (Impl$$ByteSystem.__default.DiskInternalStepPreservesInv)
	/root/verichecks-worker/worker-dir/clones/0c082846b99d80fcd4a68665dbc90dade23aade3/ByteBlockCacheSystem/ByteSystem.i.dfy(668,8): Verification inconclusive (CheckWellformed$$ByteSystem.__default.NextStepPreservesInv)
	/root/verichecks-worker/worker-dir/clones/0c082846b99d80fcd4a68665dbc90dade23aade3/ByteBlockCacheSystem/ByteSystem.i.dfy(668,8): Verification inconclusive (Impl$$ByteSystem.__default.NextStepPreservesInv)
	
	Dafny program verifier finished with 16 verified, 0 errors, 12 inconclusives, 1 out of resource
	Command exited with non-zero status 4
	1179.33user 4.27system 15:17.54elapsed 128%CPU (0avgtext+0avgdata 1836952maxresident)k
	0inputs+0outputs (0major+1294722minor)pagefaults 0swaps

./PivotBetree/PivotBetreeSpecRefinement.i.dfy
	Prover error: Unexpected prover response (getting info about 'unknown' response): (:reason-unknown unknown)
	
	/root/verichecks-worker/worker-dir/clones/0c082846b99d80fcd4a68665dbc90dade23aade3/PivotBetree/PivotBetreeSpecRefinement.i.dfy(669,8): Verification inconclusive (Impl$$PivotBetreeSpecRefinement.__default.RefinesValidFlush)
	Prover error: Invalid PING response from the prover: unsat
	
	Prover error: Invalid PING response from the prover: unsat
	
	Prover error: Invalid PING response from the prover: unsat
	
	/root/verichecks-worker/worker-dir/clones/0c082846b99d80fcd4a68665dbc90dade23aade3/PivotBetree/PivotBetreeSpecRefinement.i.dfy(989,8): Verification out of resource (Impl$$PivotBetreeSpecRefinement.__default.RefinesValidMerge)
	/root/verichecks-worker/worker-dir/clones/0c082846b99d80fcd4a68665dbc90dade23aade3/PivotBetree/PivotBetreeSpecRefinement.i.dfy(1065,8): Verification inconclusive (CheckWellformed$$PivotBetreeSpecRefinement.__default.SplitChildrenConsistent)
	/root/verichecks-worker/worker-dir/clones/0c082846b99d80fcd4a68665dbc90dade23aade3/PivotBetree/PivotBetreeSpecRefinement.i.dfy(1065,8): Verification out of resource (Impl$$PivotBetreeSpecRefinement.__default.SplitChildrenConsistent)
	/root/verichecks-worker/worker-dir/clones/0c082846b99d80fcd4a68665dbc90dade23aade3/PivotBetree/PivotBetreeSpecRefinement.i.dfy(1111,8): Verification inconclusive (CheckWellformed$$PivotBetreeSpecRefinement.__default.SplitRouteNewChild)
	/root/verichecks-worker/worker-dir/clones/0c082846b99d80fcd4a68665dbc90dade23aade3/PivotBetree/PivotBetreeSpecRefinement.i.dfy(1111,8): Verification inconclusive (Impl$$PivotBetreeSpecRefinement.__default.SplitRouteNewChild)
	/root/verichecks-worker/worker-dir/clones/0c082846b99d80fcd4a68665dbc90dade23aade3/PivotBetree/PivotBetreeSpecRefinement.i.dfy(1149,8): Verification inconclusive (Impl$$PivotBetreeSpecRefinement.__default.RefinesValidSplit)
	Prover error: Invalid PING response from the prover: unknown
	
	/root/verichecks-worker/worker-dir/clones/0c082846b99d80fcd4a68665dbc90dade23aade3/PivotBetree/PivotBetreeSpecRefinement.i.dfy(1227,27): Verification inconclusive (CheckWellformed$$PivotBetreeSpecRefinement.__default.RefinesReadOps)
	/root/verichecks-worker/worker-dir/clones/0c082846b99d80fcd4a68665dbc90dade23aade3/PivotBetree/PivotBetreeSpecRefinement.i.dfy(1227,27): Verification out of resource (Impl$$PivotBetreeSpecRefinement.__default.RefinesReadOps)
	Prover error: Invalid PING response from the prover: unsat
	
	/root/verichecks-worker/worker-dir/clones/0c082846b99d80fcd4a68665dbc90dade23aade3/PivotBetree/PivotBetreeSpecRefinement.i.dfy(1470,8): Verification inconclusive (Impl$$PivotBetreeSpecRefinement.__default.RepivotPreservesNode)
	
	Dafny program verifier finished with 96 verified, 0 errors, 7 inconclusives, 3 out of resource
	Command exited with non-zero status 4
	288.08user 4.22system 1:42.99elapsed 283%CPU (0avgtext+0avgdata 1170440maxresident)k
	0inputs+0outputs (0major+982855minor)pagefaults 0swaps

./Betree/BetreeInv.i.dfy
	/root/verichecks-worker/worker-dir/clones/0c082846b99d80fcd4a68665dbc90dade23aade3/Betree/../lib/Base/sequences.i.dfy(587,18): Warning: /!\ No terms found to trigger on.
	/root/verichecks-worker/worker-dir/clones/0c082846b99d80fcd4a68665dbc90dade23aade3/Betree/BetreeInv.i.dfy(346,8): Verification out of resource (Impl$$BetreeInv.__default.RedirectOnlyPredOfChildIsParent)
	Prover error: Unexpected prover response (getting info about 'unknown' response): (:reason-unknown unknown)
	
	/root/verichecks-worker/worker-dir/clones/0c082846b99d80fcd4a68665dbc90dade23aade3/Betree/BetreeInv.i.dfy(376,8): Verification inconclusive (Impl$$BetreeInv.__default.RedirectPreservesAcyclic)
	Prover error: Unexpected prover response (getting info about 'unknown' response): (:reason-unknown unknown)
	
	/root/verichecks-worker/worker-dir/clones/0c082846b99d80fcd4a68665dbc90dade23aade3/Betree/BetreeInv.i.dfy(439,8): Verification inconclusive (Impl$$BetreeInv.__default.RedirectPreservesRootHasNoPred)
	Prover error: Invalid PING response from the prover: unsat
	
	Prover error: Invalid PING response from the prover: unsat
	
	Prover error: Invalid PING response from the prover: unsat
	
	Prover error: Invalid PING response from the prover: unsat
	
	Prover error: Invalid PING response from the prover: unsat
	
	Prover error: Invalid PING response from the prover: unsat
	
	Prover error: Invalid PING response from the prover: unsat
	
	/root/verichecks-worker/worker-dir/clones/0c082846b99d80fcd4a68665dbc90dade23aade3/Betree/BetreeInv.i.dfy(562,8): Verification out of resource (Impl$$BetreeInv.__default.FlushPreservesLookups)
	Prover error: Invalid PING response from the prover: unsat
	
	Prover error: Invalid PING response from the prover: unsat
	
	/root/verichecks-worker/worker-dir/clones/0c082846b99d80fcd4a68665dbc90dade23aade3/Betree/BetreeInv.i.dfy(654,8): Verification out of resource (Impl$$BetreeInv.__default.RedirectPreservesLookups)
	/root/verichecks-worker/worker-dir/clones/0c082846b99d80fcd4a68665dbc90dade23aade3/Betree/BetreeInv.i.dfy(737,8): Verification inconclusive (Impl$$BetreeInv.__default.InitImpliesInv)
	/root/verichecks-worker/worker-dir/clones/0c082846b99d80fcd4a68665dbc90dade23aade3/Betree/BetreeInv.i.dfy(757,8): Verification inconclusive (Impl$$BetreeInv.__default.QueryStepPreservesInvariant)
	/root/verichecks-worker/worker-dir/clones/0c082846b99d80fcd4a68665dbc90dade23aade3/Betree/BetreeInv.i.dfy(764,8): Verification inconclusive (Impl$$BetreeInv.__default.InsertMessagePreservesAcyclicAndReachablePointersValid)
	/root/verichecks-worker/worker-dir/clones/0c082846b99d80fcd4a68665dbc90dade23aade3/Betree/BetreeInv.i.dfy(774,8): Verification inconclusive (CheckWellformed$$BetreeInv.__default.InsertMessagePreservesLookupsPut)
	/root/verichecks-worker/worker-dir/clones/0c082846b99d80fcd4a68665dbc90dade23aade3/Betree/BetreeInv.i.dfy(774,8): Verification inconclusive (Impl$$BetreeInv.__default.InsertMessagePreservesLookupsPut)
	/root/verichecks-worker/worker-dir/clones/0c082846b99d80fcd4a68665dbc90dade23aade3/Betree/BetreeInv.i.dfy(822,8): Verification inconclusive (Impl$$BetreeInv.__default.InsertMessagePreservesNonrootLookups)
	/root/verichecks-worker/worker-dir/clones/0c082846b99d80fcd4a68665dbc90dade23aade3/Betree/BetreeInv.i.dfy(837,8): Verification inconclusive (Impl$$BetreeInv.__default.InsertMessageStepPreservesInvariant)
	/root/verichecks-worker/worker-dir/clones/0c082846b99d80fcd4a68665dbc90dade23aade3/Betree/BetreeInv.i.dfy(850,8): Verification inconclusive (Impl$$BetreeInv.__default.FlushStepPreservesInvariant)
	/root/verichecks-worker/worker-dir/clones/0c082846b99d80fcd4a68665dbc90dade23aade3/Betree/BetreeInv.i.dfy(859,8): Verification inconclusive (Impl$$BetreeInv.__default.GrowStepPreservesInvariant)
	/root/verichecks-worker/worker-dir/clones/0c082846b99d80fcd4a68665dbc90dade23aade3/Betree/BetreeInv.i.dfy(869,8): Verification inconclusive (Impl$$BetreeInv.__default.RedirectStepPreservesInvariant)
	Prover error: Invalid PING response from the prover: unsat
	
	Prover error: Invalid PING response from the prover: unsat
	
	Prover error: Invalid PING response from the prover: unsat
	
	/root/verichecks-worker/worker-dir/clones/0c082846b99d80fcd4a68665dbc90dade23aade3/Betree/BetreeInv.i.dfy(892,8): Verification inconclusive (Impl$$BetreeInv.__default.GCStepPreservesIsPathLookup)
	/root/verichecks-worker/worker-dir/clones/0c082846b99d80fcd4a68665dbc90dade23aade3/Betree/BetreeInv.i.dfy(921,8): Verification inconclusive (Impl$$BetreeInv.__default.GCStepPreservesAcyclicity)
	/root/verichecks-worker/worker-dir/clones/0c082846b99d80fcd4a68665dbc90dade23aade3/Betree/BetreeInv.i.dfy(945,8): Verification inconclusive (Impl$$BetreeInv.__default.GCStepPreservesInvariant)
	/root/verichecks-worker/worker-dir/clones/0c082846b99d80fcd4a68665dbc90dade23aade3/Betree/BetreeInv.i.dfy(984,8): Verification inconclusive (Impl$$BetreeInv.__default.NextPreservesInv)
	
	Dafny program verifier finished with 48 verified, 0 errors, 16 inconclusives, 3 out of resource
	Command exited with non-zero status 4
	204.28user 2.05system 1:03.74elapsed 323%CPU (0avgtext+0avgdata 607772maxresident)k
	0inputs+0outputs (0major+396521minor)pagefaults 0swaps

./lib/DataStructures/KMBtree.i.dfy
	Prover error: line 119670 column 20: Expected values for parameter rlimit is an unsigned integer. It was given argument '-156856704'
	
	Prover error: Prover died
	
	/root/verichecks-worker/worker-dir/clones/0c082846b99d80fcd4a68665dbc90dade23aade3/lib/DataStructures/BtreeModel.i.dfy[KMBtreeModel](348,33): Verification inconclusive (Impl$$KMBtreeModel.__default.SplitLeafInterpretation)
	/root/verichecks-worker/worker-dir/clones/0c082846b99d80fcd4a68665dbc90dade23aade3/lib/DataStructures/BtreeModel.i.dfy[KMBtreeModel](447,8): Verification inconclusive (Impl$$KMBtreeModel.__default.SplitIndexInterpretation1)
	Prover error: Invalid PING response from the prover: unsat
	
	/root/verichecks-worker/worker-dir/clones/0c082846b99d80fcd4a68665dbc90dade23aade3/lib/DataStructures/BtreeModel.i.dfy[KMBtreeModel](539,8): Verification inconclusive (Impl$$KMBtreeModel.__default.SplitNodeInterpretation)
	Prover error: Invalid PING response from the prover: unsat
	
	/root/verichecks-worker/worker-dir/clones/0c082846b99d80fcd4a68665dbc90dade23aade3/lib/DataStructures/BtreeModel.i.dfy[KMBtreeModel](655,8): Verification inconclusive (Impl$$KMBtreeModel.__default.SplitChildOfIndexPreservesWF)
	Prover error: Invalid PING response from the prover: unsat
	
	/root/verichecks-worker/worker-dir/clones/0c082846b99d80fcd4a68665dbc90dade23aade3/lib/DataStructures/BtreeModel.i.dfy[KMBtreeModel](827,8): Verification inconclusive (Impl$$KMBtreeModel.__default.SplitChildOfIndexPreservesInterpretation)
	Prover error: Invalid PING response from the prover: unsat
	
	/root/verichecks-worker/worker-dir/clones/0c082846b99d80fcd4a68665dbc90dade23aade3/lib/DataStructures/BtreeModel.i.dfy[KMBtreeModel](887,8): Verification inconclusive (Impl$$KMBtreeModel.__default.RecursiveInsertIsCorrect)
	Prover error: Invalid PING response from the prover: unsat
	
	/root/verichecks-worker/worker-dir/clones/0c082846b99d80fcd4a68665dbc90dade23aade3/lib/DataStructures/BtreeModel.i.dfy[KMBtreeModel](1009,11): Verification inconclusive (CheckWellformed$$KMBtreeModel.__default.NumElementsOfChildren)
	Prover error: Invalid PING response from the prover: unsat
	
	/root/verichecks-worker/worker-dir/clones/0c082846b99d80fcd4a68665dbc90dade23aade3/lib/DataStructures/BtreeModel.i.dfy[KMBtreeModel](1104,8): Verification inconclusive (Impl$$KMBtreeModel.__default.NumElementsOfChildrenMatchesInterpretation)
	Prover error: Invalid PING response from the prover: unsat
	
	/root/verichecks-worker/worker-dir/clones/0c082846b99d80fcd4a68665dbc90dade23aade3/lib/DataStructures/BtreeModel.i.dfy[KMBtreeModel](1171,8): Verification inconclusive (Impl$$KMBtreeModel.__default.NumElementsOfChildrenNotZero)
	Prover error: Invalid PING response from the prover: unsat
	
	/root/verichecks-worker/worker-dir/clones/0c082846b99d80fcd4a68665dbc90dade23aade3/lib/DataStructures/BtreeModel.i.dfy[KMBtreeModel](1232,8): Verification inconclusive (Impl$$KMBtreeModel.__default.ToSeqChildrenAdditive)
	Prover error: Invalid PING response from the prover: unsat
	
	/root/verichecks-worker/worker-dir/clones/0c082846b99d80fcd4a68665dbc90dade23aade3/lib/DataStructures/BtreeModel.i.dfy[KMBtreeModel](1292,8): Verification inconclusive (Impl$$KMBtreeModel.__default.ToSeqIsStrictlySorted)
	Prover error: Invalid PING response from the prover: unsat
	
	/root/verichecks-worker/worker-dir/clones/0c082846b99d80fcd4a68665dbc90dade23aade3/lib/DataStructures/BtreeModel.i.dfy[KMBtreeModel](1393,8): Verification inconclusive (Impl$$KMBtreeModel.__default.InterpretationNumElements)
	
	Dafny program verifier finished with 111 verified, 0 errors, 12 inconclusives
	Command exited with non-zero status 4
	99.29user 2.26system 0:38.79elapsed 261%CPU (0avgtext+0avgdata 680644maxresident)k
	0inputs+0outputs (0major+330496minor)pagefaults 0swaps

