./lib/DataStructures/KMBtree.i.dfy
	Prover error: line 122266 column 20: Expected values for parameter rlimit is an unsigned integer. It was given argument '-156856704'
	
	Prover error: Prover died
	
	/root/verichecks-worker/worker-dir/clones/eda4f88c34ce86cda18dd112a44e8ab368f2af6d/lib/DataStructures/BtreeModel.i.dfy[KMBtreeModel](348,33): Verification inconclusive (Impl$$KMBtreeModel.__default.SplitLeafInterpretation)
	/root/verichecks-worker/worker-dir/clones/eda4f88c34ce86cda18dd112a44e8ab368f2af6d/lib/DataStructures/BtreeModel.i.dfy[KMBtreeModel](447,8): Verification inconclusive (Impl$$KMBtreeModel.__default.SplitIndexInterpretation1)
	Prover error: Invalid PING response from the prover: unsat
	
	/root/verichecks-worker/worker-dir/clones/eda4f88c34ce86cda18dd112a44e8ab368f2af6d/lib/DataStructures/BtreeModel.i.dfy[KMBtreeModel](553,8): Verification inconclusive (Impl$$KMBtreeModel.__default.SplitLeafAllKeys)
	Prover error: Invalid PING response from the prover: unsat
	
	/root/verichecks-worker/worker-dir/clones/eda4f88c34ce86cda18dd112a44e8ab368f2af6d/lib/DataStructures/BtreeModel.i.dfy[KMBtreeModel](655,8): Verification inconclusive (Impl$$KMBtreeModel.__default.SplitChildOfIndexPreservesWF)
	Prover error: Invalid PING response from the prover: unsat
	
	/root/verichecks-worker/worker-dir/clones/eda4f88c34ce86cda18dd112a44e8ab368f2af6d/lib/DataStructures/BtreeModel.i.dfy[KMBtreeModel](827,8): Verification inconclusive (Impl$$KMBtreeModel.__default.SplitChildOfIndexPreservesInterpretation)
	Prover error: Invalid PING response from the prover: unsat
	
	/root/verichecks-worker/worker-dir/clones/eda4f88c34ce86cda18dd112a44e8ab368f2af6d/lib/DataStructures/BtreeModel.i.dfy[KMBtreeModel](975,8): Verification inconclusive (Impl$$KMBtreeModel.__default.GrowPreservesAllKeys)
	Prover error: Invalid PING response from the prover: unsat
	
	/root/verichecks-worker/worker-dir/clones/eda4f88c34ce86cda18dd112a44e8ab368f2af6d/lib/DataStructures/BtreeModel.i.dfy[KMBtreeModel](1009,11): Verification inconclusive (CheckWellformed$$KMBtreeModel.__default.NumElementsOfChildren)
	Prover error: Invalid PING response from the prover: unsat
	
	/root/verichecks-worker/worker-dir/clones/eda4f88c34ce86cda18dd112a44e8ab368f2af6d/lib/DataStructures/BtreeModel.i.dfy[KMBtreeModel](1052,8): Verification inconclusive (Impl$$KMBtreeModel.__default.InterpretationsDisjointUnion)
	Prover error: Invalid PING response from the prover: unsat
	
	/root/verichecks-worker/worker-dir/clones/eda4f88c34ce86cda18dd112a44e8ab368f2af6d/lib/DataStructures/BtreeModel.i.dfy[KMBtreeModel](1171,8): Verification inconclusive (Impl$$KMBtreeModel.__default.NumElementsOfChildrenNotZero)
	Prover error: Invalid PING response from the prover: unsat
	
	/root/verichecks-worker/worker-dir/clones/eda4f88c34ce86cda18dd112a44e8ab368f2af6d/lib/DataStructures/BtreeModel.i.dfy[KMBtreeModel](1246,8): Verification inconclusive (Impl$$KMBtreeModel.__default.ToSeqChildrenLength)
	Prover error: Invalid PING response from the prover: unsat
	
	/root/verichecks-worker/worker-dir/clones/eda4f88c34ce86cda18dd112a44e8ab368f2af6d/lib/DataStructures/BtreeModel.i.dfy[KMBtreeModel](1368,26): Verification inconclusive (Impl$$KMBtreeModel.__default.ToSeqCoversInterpretation)
	
	Dafny program verifier finished with 112 verified, 0 errors, 11 inconclusives
	Command exited with non-zero status 4
	100.02user 2.25system 0:39.33elapsed 259%CPU (0avgtext+0avgdata 665544maxresident)k
	0inputs+0outputs (0major+320806minor)pagefaults 0swaps

./lib/DataStructures/BtreeModel.i.dfy
	Prover error: Unexpected prover response (getting info about 'unknown' response): (:reason-unknown unknown)
	
	Prover error: Invalid PING response from the prover: unsat
	
	Prover error: Invalid PING response from the prover: unsat
	
	Prover error: Invalid PING response from the prover: unsat
	
	Prover error: Invalid PING response from the prover: unsat
	
	Prover error: Invalid PING response from the prover: unsat
	
	Prover error: Invalid PING response from the prover: unsat
	
	Prover error: Invalid PING response from the prover: unsat
	
	Prover error: Invalid PING response from the prover: unsat
	
	Prover error: Invalid PING response from the prover: unsat
	
	Prover error: Invalid PING response from the prover: unsat
	
	Prover error: Invalid PING response from the prover: unsat
	
	Prover error: Invalid PING response from the prover: unsat
	
	Prover error: Invalid PING response from the prover: unsat
	
	/root/verichecks-worker/worker-dir/clones/eda4f88c34ce86cda18dd112a44e8ab368f2af6d/lib/DataStructures/BtreeModel.i.dfy(714,8): Verification inconclusive (Impl$$BtreeModel.__default.SplitChildOfIndexPreservesAllKeys)
	/root/verichecks-worker/worker-dir/clones/eda4f88c34ce86cda18dd112a44e8ab368f2af6d/lib/DataStructures/BtreeModel.i.dfy(1001,11): Verification inconclusive (CheckWellformed$$BtreeModel.__default.ReplacePivot)
	/root/verichecks-worker/worker-dir/clones/eda4f88c34ce86cda18dd112a44e8ab368f2af6d/lib/DataStructures/BtreeModel.i.dfy(1009,11): Verification inconclusive (CheckWellformed$$BtreeModel.__default.NumElementsOfChildren)
	/root/verichecks-worker/worker-dir/clones/eda4f88c34ce86cda18dd112a44e8ab368f2af6d/lib/DataStructures/BtreeModel.i.dfy(1023,8): Verification inconclusive (CheckWellformed$$BtreeModel.__default.InterpretationsDisjoint)
	/root/verichecks-worker/worker-dir/clones/eda4f88c34ce86cda18dd112a44e8ab368f2af6d/lib/DataStructures/BtreeModel.i.dfy(1052,8): Verification inconclusive (CheckWellformed$$BtreeModel.__default.InterpretationsDisjointUnion)
	/root/verichecks-worker/worker-dir/clones/eda4f88c34ce86cda18dd112a44e8ab368f2af6d/lib/DataStructures/BtreeModel.i.dfy(1052,8): Verification inconclusive (Impl$$BtreeModel.__default.InterpretationsDisjointUnion)
	/root/verichecks-worker/worker-dir/clones/eda4f88c34ce86cda18dd112a44e8ab368f2af6d/lib/DataStructures/BtreeModel.i.dfy(1152,8): Verification inconclusive (CheckWellformed$$BtreeModel.__default.NumElementsMatchesInterpretation)
	/root/verichecks-worker/worker-dir/clones/eda4f88c34ce86cda18dd112a44e8ab368f2af6d/lib/DataStructures/BtreeModel.i.dfy(1187,8): Verification inconclusive (CheckWellformed$$BtreeModel.__default.NumElementsOfChildrenDecreases)
	/root/verichecks-worker/worker-dir/clones/eda4f88c34ce86cda18dd112a44e8ab368f2af6d/lib/DataStructures/BtreeModel.i.dfy(1187,8): Verification inconclusive (Impl$$BtreeModel.__default.NumElementsOfChildrenDecreases)
	/root/verichecks-worker/worker-dir/clones/eda4f88c34ce86cda18dd112a44e8ab368f2af6d/lib/DataStructures/BtreeModel.i.dfy(1213,21): Verification inconclusive (CheckWellformed$$BtreeModel.__default.ToSeq)
	/root/verichecks-worker/worker-dir/clones/eda4f88c34ce86cda18dd112a44e8ab368f2af6d/lib/DataStructures/BtreeModel.i.dfy(1223,8): Verification inconclusive (Impl$$BtreeModel.__default.ToSeqChildrenDecomposition)
	/root/verichecks-worker/worker-dir/clones/eda4f88c34ce86cda18dd112a44e8ab368f2af6d/lib/DataStructures/BtreeModel.i.dfy(1232,8): Verification inconclusive (Impl$$BtreeModel.__default.ToSeqChildrenAdditive)
	/root/verichecks-worker/worker-dir/clones/eda4f88c34ce86cda18dd112a44e8ab368f2af6d/lib/DataStructures/BtreeModel.i.dfy(1258,8): Verification inconclusive (CheckWellformed$$BtreeModel.__default.ToSeqLength)
	/root/verichecks-worker/worker-dir/clones/eda4f88c34ce86cda18dd112a44e8ab368f2af6d/lib/DataStructures/BtreeModel.i.dfy(1325,8): Verification inconclusive (Impl$$BtreeModel.__default.ToSeqInInterpretation)
	/root/verichecks-worker/worker-dir/clones/eda4f88c34ce86cda18dd112a44e8ab368f2af6d/lib/DataStructures/BtreeModel.i.dfy(1393,8): Verification inconclusive (CheckWellformed$$BtreeModel.__default.InterpretationNumElements)
	
	Dafny program verifier finished with 85 verified, 0 errors, 15 inconclusives
	Command exited with non-zero status 4
	133.05user 2.32system 0:44.48elapsed 304%CPU (0avgtext+0avgdata 527312maxresident)k
	0inputs+0outputs (0major+505582minor)pagefaults 0swaps

./Betree/Betree_Refines_Map.i.dfy
	Prover error: Unexpected prover response (getting info about 'unknown' response): (:reason-unknown unknown)
	
	/root/verichecks-worker/worker-dir/clones/eda4f88c34ce86cda18dd112a44e8ab368f2af6d/Betree/Betree_Refines_Map.i.dfy(100,8): Verification inconclusive (Impl$$Betree__Refines__Map.__default.PreservesLookupsImplInterpsEqual)
	Prover error: Unexpected prover response (getting info about 'unknown' response): (:reason-unknown unknown)
	
	/root/verichecks-worker/worker-dir/clones/eda4f88c34ce86cda18dd112a44e8ab368f2af6d/Betree/Betree_Refines_Map.i.dfy(148,8): Verification inconclusive (Impl$$Betree__Refines__Map.__default.PreservesLookupsPutImplInterpsPut)
	
	Dafny program verifier finished with 32 verified, 0 errors, 2 inconclusives
	Command exited with non-zero status 4
	96.60user 3.52system 0:40.88elapsed 244%CPU (0avgtext+0avgdata 947388maxresident)k
	0inputs+0outputs (0major+1249392minor)pagefaults 0swaps

./Impl/IndirectionTable.i.dfy
	/root/verichecks-worker/worker-dir/clones/eda4f88c34ce86cda18dd112a44e8ab368f2af6d/Impl/../lib/DataStructures/../Base/Sets.i.dfy(37,4): Warning: /!\ No terms found to trigger on.
	/root/verichecks-worker/worker-dir/clones/eda4f88c34ce86cda18dd112a44e8ab368f2af6d/Impl/../lib/Base/Sequences.i.dfy(589,18): Warning: /!\ No terms found to trigger on.
	/root/verichecks-worker/worker-dir/clones/eda4f88c34ce86cda18dd112a44e8ab368f2af6d/Impl/../lib/DataStructures/BitmapModel.i.dfy(57,13): Warning: /!\ No terms found to trigger on.
	/root/verichecks-worker/worker-dir/clones/eda4f88c34ce86cda18dd112a44e8ab368f2af6d/Impl/../lib/DataStructures/BitmapModel.i.dfy(55,13): Warning: /!\ No terms found to trigger on.
	/root/verichecks-worker/worker-dir/clones/eda4f88c34ce86cda18dd112a44e8ab368f2af6d/Impl/IndirectionTable.i.dfy(1782,12): Warning: /!\ No terms found to trigger on.
	/root/verichecks-worker/worker-dir/clones/eda4f88c34ce86cda18dd112a44e8ab368f2af6d/Impl/IndirectionTable.i.dfy(1793,16): Warning: /!\ No terms found to trigger on.
	/root/verichecks-worker/worker-dir/clones/eda4f88c34ce86cda18dd112a44e8ab368f2af6d/Impl/../ByteBlockCacheSystem/../lib/Buckets/PackedKV.i.dfy(1059,10): Warning: /!\ No terms found to trigger on.
	/root/verichecks-worker/worker-dir/clones/eda4f88c34ce86cda18dd112a44e8ab368f2af6d/Impl/../ByteBlockCacheSystem/../lib/Buckets/PackedKV.i.dfy(1077,10): Warning: /!\ No terms found to trigger on.
	/root/verichecks-worker/worker-dir/clones/eda4f88c34ce86cda18dd112a44e8ab368f2af6d/Impl/IndirectionTable.i.dfy(760,24): Verification out of resource (Impl$$IndirectionTable.IndirectionTable.UpdatePredCounts)
	/root/verichecks-worker/worker-dir/clones/eda4f88c34ce86cda18dd112a44e8ab368f2af6d/Impl/IndirectionTable.i.dfy(936,24): Verification out of resource (Impl$$IndirectionTable.IndirectionTable.UpdateAndRemoveLoc)
	Prover error: Unexpected prover response (getting info about 'unknown' response): (:reason-unknown unknown)
	
	/root/verichecks-worker/worker-dir/clones/eda4f88c34ce86cda18dd112a44e8ab368f2af6d/Impl/IndirectionTable.i.dfy(1611,18): Verification inconclusive (Impl$$IndirectionTable.IndirectionTable.IndirectionTableToVal)
	/root/verichecks-worker/worker-dir/clones/eda4f88c34ce86cda18dd112a44e8ab368f2af6d/Impl/IndirectionTable.i.dfy(1793,16): Error: This loop invariant might not be maintained by the loop.
	/root/verichecks-worker/worker-dir/clones/eda4f88c34ce86cda18dd112a44e8ab368f2af6d/Impl/IndirectionTable.i.dfy(1794,25): Related location
	/root/verichecks-worker/worker-dir/clones/eda4f88c34ce86cda18dd112a44e8ab368f2af6d/Impl/IndirectionTable.i.dfy(1793,16): Related message: loop invariant violation
	/root/verichecks-worker/worker-dir/clones/eda4f88c34ce86cda18dd112a44e8ab368f2af6d/Impl/IndirectionTable.i.dfy(1794,25): Related location
	Execution trace:
	    (0,0): anon0
	    /root/verichecks-worker/worker-dir/clones/eda4f88c34ce86cda18dd112a44e8ab368f2af6d/Impl/IndirectionTable.i.dfy(1788,7): anon13_LoopHead
	    (0,0): anon13_LoopBody
	    /root/verichecks-worker/worker-dir/clones/eda4f88c34ce86cda18dd112a44e8ab368f2af6d/Impl/IndirectionTable.i.dfy(1788,7): anon14_Else
	    /root/verichecks-worker/worker-dir/clones/eda4f88c34ce86cda18dd112a44e8ab368f2af6d/Impl/IndirectionTable.i.dfy(1788,7): anon20_Else
	/root/verichecks-worker/worker-dir/clones/eda4f88c34ce86cda18dd112a44e8ab368f2af6d/Impl/IndirectionTable.i.dfy(1897,66): Error: assertion violation
	Execution trace:
	    (0,0): anon0
	    /root/verichecks-worker/worker-dir/clones/eda4f88c34ce86cda18dd112a44e8ab368f2af6d/Impl/IndirectionTable.i.dfy(1840,7): anon44_LoopHead
	    (0,0): anon44_LoopBody
	    /root/verichecks-worker/worker-dir/clones/eda4f88c34ce86cda18dd112a44e8ab368f2af6d/Impl/IndirectionTable.i.dfy(1840,7): anon45_Else
	    /root/verichecks-worker/worker-dir/clones/eda4f88c34ce86cda18dd112a44e8ab368f2af6d/Impl/IndirectionTable.i.dfy(1840,7): anon47_Else
	    (0,0): anon48_Then
	    (0,0): anon9
	    /root/verichecks-worker/worker-dir/clones/eda4f88c34ce86cda18dd112a44e8ab368f2af6d/Impl/IndirectionTable.i.dfy(1852,9): anon49_Else
	    (0,0): anon50_Then
	    (0,0): anon51_Then
	    (0,0): anon52_Then
	    (0,0): anon15
	    (0,0): anon53_Else
	    (0,0): anon57_Then
	    (0,0): anon58_Else
	    (0,0): anon30
	    (0,0): anon59_Else
	    (0,0): anon33
	    (0,0): anon60_Then
	/root/verichecks-worker/worker-dir/clones/eda4f88c34ce86cda18dd112a44e8ab368f2af6d/Impl/IndirectionTable.i.dfy(1915,18): Error: assertion violation
	/root/verichecks-worker/worker-dir/clones/eda4f88c34ce86cda18dd112a44e8ab368f2af6d/Impl/../BlockCacheSystem/BlockCache.i.dfy(589,4): Related location
	/root/verichecks-worker/worker-dir/clones/eda4f88c34ce86cda18dd112a44e8ab368f2af6d/Impl/../BlockCacheSystem/BlockCache.i.dfy(590,8): Related location
	Execution trace:
	    (0,0): anon0
	    /root/verichecks-worker/worker-dir/clones/eda4f88c34ce86cda18dd112a44e8ab368f2af6d/Impl/IndirectionTable.i.dfy(1840,7): anon44_LoopHead
	    (0,0): anon44_LoopBody
	    /root/verichecks-worker/worker-dir/clones/eda4f88c34ce86cda18dd112a44e8ab368f2af6d/Impl/IndirectionTable.i.dfy(1840,7): anon45_Else
	    (0,0): anon47_Then
	    (0,0): after_0
	    (0,0): anon61_Then
	/root/verichecks-worker/worker-dir/clones/eda4f88c34ce86cda18dd112a44e8ab368f2af6d/Impl/IndirectionTable.i.dfy(105,12): Verification inconclusive (CheckWellformed$$IndirectionTable.__default.GraphClosedRestrictedPartial)
	
	Dafny program verifier finished with 107 verified, 3 errors, 2 inconclusives, 2 out of resource
	Command exited with non-zero status 4
	386.01user 4.91system 2:02.66elapsed 318%CPU (0avgtext+0avgdata 1508968maxresident)k
	0inputs+0outputs (0major+861889minor)pagefaults 0swaps

./PivotBetree/PivotBetreeSpecWFNodes.i.dfy
	/root/verichecks-worker/worker-dir/clones/eda4f88c34ce86cda18dd112a44e8ab368f2af6d/PivotBetree/PivotBetreeSpecWFNodes.i.dfy(336,41): Error: A precondition for this call might not hold.
	/root/verichecks-worker/worker-dir/clones/eda4f88c34ce86cda18dd112a44e8ab368f2af6d/PivotBetree/../lib/Buckets/BucketsLib.i.dfy(635,11): Related location: This is the precondition that might not hold.
	/root/verichecks-worker/worker-dir/clones/eda4f88c34ce86cda18dd112a44e8ab368f2af6d/PivotBetree/../lib/Buckets/BucketsLib.i.dfy(635,48): Related location
	Execution trace:
	    (0,0): anon0
	    /root/verichecks-worker/worker-dir/clones/eda4f88c34ce86cda18dd112a44e8ab368f2af6d/PivotBetree/PivotBetreeSpecWFNodes.i.dfy(325,5): anon7_Else
	/root/verichecks-worker/worker-dir/clones/eda4f88c34ce86cda18dd112a44e8ab368f2af6d/PivotBetree/PivotBetreeSpecWFNodes.i.dfy(336,41): Error: A precondition for this call might not hold.
	/root/verichecks-worker/worker-dir/clones/eda4f88c34ce86cda18dd112a44e8ab368f2af6d/PivotBetree/../lib/Buckets/BucketsLib.i.dfy(636,80): Related location: This is the precondition that might not hold.
	/root/verichecks-worker/worker-dir/clones/eda4f88c34ce86cda18dd112a44e8ab368f2af6d/PivotBetree/../lib/Buckets/../Base/total_order.i.dfy[Upperbounded_Lexicographic_Byte_Order](820,6): Related location
	Execution trace:
	    (0,0): anon0
	    /root/verichecks-worker/worker-dir/clones/eda4f88c34ce86cda18dd112a44e8ab368f2af6d/PivotBetree/PivotBetreeSpecWFNodes.i.dfy(325,5): anon7_Else
	
	Dafny program verifier finished with 51 verified, 2 errors
	Command exited with non-zero status 4
	81.82user 1.67system 0:36.33elapsed 229%CPU (0avgtext+0avgdata 922152maxresident)k
	0inputs+0outputs (0major+335413minor)pagefaults 0swaps

