./lib/DataStructures/LinearMutableMap.i.dfy
	/root/verichecks-worker/worker-dir/clones/0d24730bc2ea3e6ff799cef44e3cb93067ac3622/lib/DataStructures/LinearMutableMap.i.dfy(175,14): Error: This loop invariant might not be maintained by the loop.
	/root/verichecks-worker/worker-dir/clones/0d24730bc2ea3e6ff799cef44e3cb93067ac3622/lib/DataStructures/LinearMutableMapBase.i.dfy(155,8): Related location
	/root/verichecks-worker/worker-dir/clones/0d24730bc2ea3e6ff799cef44e3cb93067ac3622/lib/DataStructures/LinearMutableMapBase.i.dfy(156,6): Related location
	/root/verichecks-worker/worker-dir/clones/0d24730bc2ea3e6ff799cef44e3cb93067ac3622/lib/DataStructures/LinearMutableMap.i.dfy(175,14): Related message: loop invariant violation
	/root/verichecks-worker/worker-dir/clones/0d24730bc2ea3e6ff799cef44e3cb93067ac3622/lib/DataStructures/LinearMutableMapBase.i.dfy(155,8): Related location
	/root/verichecks-worker/worker-dir/clones/0d24730bc2ea3e6ff799cef44e3cb93067ac3622/lib/DataStructures/LinearMutableMapBase.i.dfy(156,6): Related location
	Execution trace:
	    (0,0): anon0
	    (0,0): anon40_Else
	    /root/verichecks-worker/worker-dir/clones/0d24730bc2ea3e6ff799cef44e3cb93067ac3622/lib/DataStructures/LinearMutableMap.i.dfy(167,5): anon41_LoopHead
	    (0,0): anon41_LoopBody
	    /root/verichecks-worker/worker-dir/clones/0d24730bc2ea3e6ff799cef44e3cb93067ac3622/lib/DataStructures/LinearMutableMap.i.dfy(167,5): anon42_Else
	    /root/verichecks-worker/worker-dir/clones/0d24730bc2ea3e6ff799cef44e3cb93067ac3622/lib/DataStructures/LinearMutableMap.i.dfy(167,5): anon45_Else
	    (0,0): anon46_Then
	    (0,0): anon47_Then
	    (0,0): anon16
	    (0,0): anon48_Else
	    (0,0): anon51_Else
	    (0,0): anon52_Else
	    (0,0): anon39
	
	Dafny program verifier finished with 81 verified, 1 error
	Command exited with non-zero status 4
	79.47user 1.15system 0:25.37elapsed 317%CPU (0avgtext+0avgdata 383860maxresident)k
	0inputs+0outputs (0major+169747minor)pagefaults 0swaps

./Impl/IOImpl.i.dfy
	/root/verichecks-worker/worker-dir/clones/0d24730bc2ea3e6ff799cef44e3cb93067ac3622/Impl/../lib/Base/sequences.i.dfy(587,18): Warning: /!\ No terms found to trigger on.
	/root/verichecks-worker/worker-dir/clones/0d24730bc2ea3e6ff799cef44e3cb93067ac3622/Impl/../lib/DataStructures/../Base/Sets.i.dfy(37,4): Warning: /!\ No terms found to trigger on.
	/root/verichecks-worker/worker-dir/clones/0d24730bc2ea3e6ff799cef44e3cb93067ac3622/Impl/../lib/Buckets/PackedKV.i.dfy(1059,10): Warning: /!\ No terms found to trigger on.
	/root/verichecks-worker/worker-dir/clones/0d24730bc2ea3e6ff799cef44e3cb93067ac3622/Impl/../lib/Buckets/PackedKV.i.dfy(1077,10): Warning: /!\ No terms found to trigger on.
	/root/verichecks-worker/worker-dir/clones/0d24730bc2ea3e6ff799cef44e3cb93067ac3622/Impl/../lib/DataStructures/BitmapModel.i.dfy(57,13): Warning: /!\ No terms found to trigger on.
	/root/verichecks-worker/worker-dir/clones/0d24730bc2ea3e6ff799cef44e3cb93067ac3622/Impl/../lib/DataStructures/BitmapModel.i.dfy(55,13): Warning: /!\ No terms found to trigger on.
	/root/verichecks-worker/worker-dir/clones/0d24730bc2ea3e6ff799cef44e3cb93067ac3622/Impl/IndirectionTable.i.dfy(1793,12): Warning: /!\ No terms found to trigger on.
	/root/verichecks-worker/worker-dir/clones/0d24730bc2ea3e6ff799cef44e3cb93067ac3622/Impl/IndirectionTable.i.dfy(1804,16): Warning: /!\ No terms found to trigger on.
	/root/verichecks-worker/worker-dir/clones/0d24730bc2ea3e6ff799cef44e3cb93067ac3622/Impl/IOImpl.i.dfy(423,9): Verification out of resource (Impl$$IOImpl.__default.PageInNodeResp)
	/root/verichecks-worker/worker-dir/clones/0d24730bc2ea3e6ff799cef44e3cb93067ac3622/Impl/IOImpl.i.dfy(530,43): Error: assertion violation
	Execution trace:
	    (0,0): anon0
	
	Dafny program verifier finished with 27 verified, 1 error
	Command exited with non-zero status 4
	157.60user 3.00system 1:06.79elapsed 240%CPU (0avgtext+0avgdata 2203388maxresident)k
	0inputs+0outputs (0major+814764minor)pagefaults 0swaps

./Impl/MarshallingImpl.i.dfy
	/root/verichecks-worker/worker-dir/clones/0d24730bc2ea3e6ff799cef44e3cb93067ac3622/Impl/../lib/Base/sequences.i.dfy(587,18): Warning: /!\ No terms found to trigger on.
	/root/verichecks-worker/worker-dir/clones/0d24730bc2ea3e6ff799cef44e3cb93067ac3622/Impl/../lib/Buckets/../Base/Sets.i.dfy(37,4): Warning: /!\ No terms found to trigger on.
	/root/verichecks-worker/worker-dir/clones/0d24730bc2ea3e6ff799cef44e3cb93067ac3622/Impl/../lib/Buckets/PackedKV.i.dfy(1059,10): Warning: /!\ No terms found to trigger on.
	/root/verichecks-worker/worker-dir/clones/0d24730bc2ea3e6ff799cef44e3cb93067ac3622/Impl/../lib/Buckets/PackedKV.i.dfy(1077,10): Warning: /!\ No terms found to trigger on.
	/root/verichecks-worker/worker-dir/clones/0d24730bc2ea3e6ff799cef44e3cb93067ac3622/Impl/../lib/DataStructures/BitmapModel.i.dfy(57,13): Warning: /!\ No terms found to trigger on.
	/root/verichecks-worker/worker-dir/clones/0d24730bc2ea3e6ff799cef44e3cb93067ac3622/Impl/../lib/DataStructures/BitmapModel.i.dfy(55,13): Warning: /!\ No terms found to trigger on.
	/root/verichecks-worker/worker-dir/clones/0d24730bc2ea3e6ff799cef44e3cb93067ac3622/Impl/IndirectionTable.i.dfy(1793,12): Warning: /!\ No terms found to trigger on.
	/root/verichecks-worker/worker-dir/clones/0d24730bc2ea3e6ff799cef44e3cb93067ac3622/Impl/IndirectionTable.i.dfy(1804,16): Warning: /!\ No terms found to trigger on.
	Prover error: Unexpected prover response (getting info about 'unknown' response): (:reason-unknown unknown)
	
	/root/verichecks-worker/worker-dir/clones/0d24730bc2ea3e6ff799cef44e3cb93067ac3622/Impl/MarshallingImpl.i.dfy(526,27): Verification inconclusive (Impl$$MarshallingImpl.__default.nodeToVal)
	/root/verichecks-worker/worker-dir/clones/0d24730bc2ea3e6ff799cef44e3cb93067ac3622/Impl/MarshallingImpl.i.dfy(657,9): Verification inconclusive (Impl$$MarshallingImpl.__default.MarshallIntoFixedSize)
	Prover error: Invalid PING response from the prover: unsat
	
	/root/verichecks-worker/worker-dir/clones/0d24730bc2ea3e6ff799cef44e3cb93067ac3622/Impl/MarshallingImpl.i.dfy(699,9): Verification inconclusive (Impl$$MarshallingImpl.__default.MarshallCheckedSectorIndirectionTable)
	
	Dafny program verifier finished with 42 verified, 0 errors, 3 inconclusives
	Command exited with non-zero status 4
	193.72user 3.37system 1:11.24elapsed 276%CPU (0avgtext+0avgdata 2031408maxresident)k
	0inputs+0outputs (0major+786960minor)pagefaults 0swaps

./lib/DataStructures/BtreeModel.i.dfy
	Prover error: Unexpected prover response (getting info about 'unknown' response): (:reason-unknown unknown)
	
	/root/verichecks-worker/worker-dir/clones/0d24730bc2ea3e6ff799cef44e3cb93067ac3622/lib/DataStructures/BtreeModel.i.dfy(348,8): Verification inconclusive (Impl$$BtreeModel.__default.SplitLeafInterpretation)
	Prover error: Invalid PING response from the prover: unsat
	
	Prover error: Invalid PING response from the prover: unsat
	
	Prover error: Unexpected prover response (getting info about 'unknown' response): (:reason-unknown unknown)
	
	/root/verichecks-worker/worker-dir/clones/0d24730bc2ea3e6ff799cef44e3cb93067ac3622/lib/DataStructures/BtreeModel.i.dfy(714,8): Verification inconclusive (Impl$$BtreeModel.__default.SplitChildOfIndexPreservesAllKeys)
	Prover error: Invalid PING response from the prover: unsat
	
	Prover error: Invalid PING response from the prover: unsat
	
	Prover error: Invalid PING response from the prover: unsat
	
	Prover error: Invalid PING response from the prover: unsat
	
	Prover error: Invalid PING response from the prover: unsat
	
	Prover error: Invalid PING response from the prover: unsat
	
	Prover error: Invalid PING response from the prover: unsat
	
	Prover error: Invalid PING response from the prover: unsat
	
	Prover error: Invalid PING response from the prover: unsat
	
	Prover error: Invalid PING response from the prover: unsat
	
	Prover error: Invalid PING response from the prover: unsat
	
	Prover error: Invalid PING response from the prover: unsat
	
	Prover error: Invalid PING response from the prover: unsat
	
	Prover error: Invalid PING response from the prover: unsat
	
	Prover error: Invalid PING response from the prover: unsat
	
	Prover error: Invalid PING response from the prover: unsat
	
	Prover error: Invalid PING response from the prover: unsat
	
	Prover error: Invalid PING response from the prover: unsat
	
	Prover error: Invalid PING response from the prover: unsat
	
	Prover error: Invalid PING response from the prover: unsat
	
	Prover error: Invalid PING response from the prover: unsat
	
	Prover error: Invalid PING response from the prover: unsat
	
	Prover error: Unexpected prover response (getting info about 'unknown' response): (:reason-unknown unknown)
	
	/root/verichecks-worker/worker-dir/clones/0d24730bc2ea3e6ff799cef44e3cb93067ac3622/lib/DataStructures/BtreeModel.i.dfy(852,8): Verification inconclusive (Impl$$BtreeModel.__default.InsertLeafIsCorrect)
	/root/verichecks-worker/worker-dir/clones/0d24730bc2ea3e6ff799cef44e3cb93067ac3622/lib/DataStructures/BtreeModel.i.dfy(965,8): Verification inconclusive (Impl$$BtreeModel.__default.GrowPreservesWF)
	/root/verichecks-worker/worker-dir/clones/0d24730bc2ea3e6ff799cef44e3cb93067ac3622/lib/DataStructures/BtreeModel.i.dfy(983,8): Verification inconclusive (CheckWellformed$$BtreeModel.__default.GrowPreservesInterpretation)
	/root/verichecks-worker/worker-dir/clones/0d24730bc2ea3e6ff799cef44e3cb93067ac3622/lib/DataStructures/BtreeModel.i.dfy(1001,11): Verification inconclusive (CheckWellformed$$BtreeModel.__default.ReplacePivot)
	/root/verichecks-worker/worker-dir/clones/0d24730bc2ea3e6ff799cef44e3cb93067ac3622/lib/DataStructures/BtreeModel.i.dfy(1009,11): Verification inconclusive (CheckWellformed$$BtreeModel.__default.NumElementsOfChildren)
	/root/verichecks-worker/worker-dir/clones/0d24730bc2ea3e6ff799cef44e3cb93067ac3622/lib/DataStructures/BtreeModel.i.dfy(1016,11): Verification inconclusive (CheckWellformed$$BtreeModel.__default.NumElements)
	/root/verichecks-worker/worker-dir/clones/0d24730bc2ea3e6ff799cef44e3cb93067ac3622/lib/DataStructures/BtreeModel.i.dfy(1023,8): Verification inconclusive (Impl$$BtreeModel.__default.InterpretationsDisjoint)
	/root/verichecks-worker/worker-dir/clones/0d24730bc2ea3e6ff799cef44e3cb93067ac3622/lib/DataStructures/BtreeModel.i.dfy(1052,8): Verification inconclusive (CheckWellformed$$BtreeModel.__default.InterpretationsDisjointUnion)
	/root/verichecks-worker/worker-dir/clones/0d24730bc2ea3e6ff799cef44e3cb93067ac3622/lib/DataStructures/BtreeModel.i.dfy(1104,8): Verification inconclusive (CheckWellformed$$BtreeModel.__default.NumElementsOfChildrenMatchesInterpretation)
	/root/verichecks-worker/worker-dir/clones/0d24730bc2ea3e6ff799cef44e3cb93067ac3622/lib/DataStructures/BtreeModel.i.dfy(1104,8): Verification inconclusive (Impl$$BtreeModel.__default.NumElementsOfChildrenMatchesInterpretation)
	/root/verichecks-worker/worker-dir/clones/0d24730bc2ea3e6ff799cef44e3cb93067ac3622/lib/DataStructures/BtreeModel.i.dfy(1152,8): Verification inconclusive (CheckWellformed$$BtreeModel.__default.NumElementsMatchesInterpretation)
	/root/verichecks-worker/worker-dir/clones/0d24730bc2ea3e6ff799cef44e3cb93067ac3622/lib/DataStructures/BtreeModel.i.dfy(1152,8): Verification inconclusive (Impl$$BtreeModel.__default.NumElementsMatchesInterpretation)
	/root/verichecks-worker/worker-dir/clones/0d24730bc2ea3e6ff799cef44e3cb93067ac3622/lib/DataStructures/BtreeModel.i.dfy(1171,8): Verification inconclusive (CheckWellformed$$BtreeModel.__default.NumElementsOfChildrenNotZero)
	/root/verichecks-worker/worker-dir/clones/0d24730bc2ea3e6ff799cef44e3cb93067ac3622/lib/DataStructures/BtreeModel.i.dfy(1171,8): Verification inconclusive (Impl$$BtreeModel.__default.NumElementsOfChildrenNotZero)
	/root/verichecks-worker/worker-dir/clones/0d24730bc2ea3e6ff799cef44e3cb93067ac3622/lib/DataStructures/BtreeModel.i.dfy(1187,8): Verification inconclusive (CheckWellformed$$BtreeModel.__default.NumElementsOfChildrenDecreases)
	/root/verichecks-worker/worker-dir/clones/0d24730bc2ea3e6ff799cef44e3cb93067ac3622/lib/DataStructures/BtreeModel.i.dfy(1187,8): Verification inconclusive (Impl$$BtreeModel.__default.NumElementsOfChildrenDecreases)
	/root/verichecks-worker/worker-dir/clones/0d24730bc2ea3e6ff799cef44e3cb93067ac3622/lib/DataStructures/BtreeModel.i.dfy(1213,21): Verification inconclusive (CheckWellformed$$BtreeModel.__default.ToSeq)
	/root/verichecks-worker/worker-dir/clones/0d24730bc2ea3e6ff799cef44e3cb93067ac3622/lib/DataStructures/BtreeModel.i.dfy(1223,8): Verification inconclusive (CheckWellformed$$BtreeModel.__default.ToSeqChildrenDecomposition)
	/root/verichecks-worker/worker-dir/clones/0d24730bc2ea3e6ff799cef44e3cb93067ac3622/lib/DataStructures/BtreeModel.i.dfy(1232,8): Verification inconclusive (CheckWellformed$$BtreeModel.__default.ToSeqChildrenAdditive)
	/root/verichecks-worker/worker-dir/clones/0d24730bc2ea3e6ff799cef44e3cb93067ac3622/lib/DataStructures/BtreeModel.i.dfy(1232,8): Verification inconclusive (Impl$$BtreeModel.__default.ToSeqChildrenAdditive)
	/root/verichecks-worker/worker-dir/clones/0d24730bc2ea3e6ff799cef44e3cb93067ac3622/lib/DataStructures/BtreeModel.i.dfy(1246,8): Verification inconclusive (Impl$$BtreeModel.__default.ToSeqChildrenLength)
	/root/verichecks-worker/worker-dir/clones/0d24730bc2ea3e6ff799cef44e3cb93067ac3622/lib/DataStructures/BtreeModel.i.dfy(1258,8): Verification inconclusive (CheckWellformed$$BtreeModel.__default.ToSeqLength)
	/root/verichecks-worker/worker-dir/clones/0d24730bc2ea3e6ff799cef44e3cb93067ac3622/lib/DataStructures/BtreeModel.i.dfy(1269,8): Verification inconclusive (CheckWellformed$$BtreeModel.__default.ToSeqInAllKeys)
	/root/verichecks-worker/worker-dir/clones/0d24730bc2ea3e6ff799cef44e3cb93067ac3622/lib/DataStructures/BtreeModel.i.dfy(1292,8): Verification inconclusive (CheckWellformed$$BtreeModel.__default.ToSeqIsStrictlySorted)
	/root/verichecks-worker/worker-dir/clones/0d24730bc2ea3e6ff799cef44e3cb93067ac3622/lib/DataStructures/BtreeModel.i.dfy(1292,8): Verification inconclusive (Impl$$BtreeModel.__default.ToSeqIsStrictlySorted)
	/root/verichecks-worker/worker-dir/clones/0d24730bc2ea3e6ff799cef44e3cb93067ac3622/lib/DataStructures/BtreeModel.i.dfy(1325,8): Verification inconclusive (Impl$$BtreeModel.__default.ToSeqInInterpretation)
	/root/verichecks-worker/worker-dir/clones/0d24730bc2ea3e6ff799cef44e3cb93067ac3622/lib/DataStructures/BtreeModel.i.dfy(1368,26): Verification inconclusive (CheckWellformed$$BtreeModel.__default.ToSeqCoversInterpretation)
	Prover error: Invalid PING response from the prover: unsat
	
	/root/verichecks-worker/worker-dir/clones/0d24730bc2ea3e6ff799cef44e3cb93067ac3622/lib/DataStructures/BtreeModel.i.dfy(1393,8): Verification inconclusive (CheckWellformed$$BtreeModel.__default.InterpretationNumElements)
	/root/verichecks-worker/worker-dir/clones/0d24730bc2ea3e6ff799cef44e3cb93067ac3622/lib/DataStructures/BtreeModel.i.dfy(1393,8): Verification inconclusive (Impl$$BtreeModel.__default.InterpretationNumElements)
	
	Dafny program verifier finished with 69 verified, 0 errors, 31 inconclusives
	Command exited with non-zero status 4
	112.48user 1.73system 0:40.06elapsed 285%CPU (0avgtext+0avgdata 513828maxresident)k
	0inputs+0outputs (0major+328740minor)pagefaults 0swaps

./Impl/BookkeepingModel.i.dfy
	/root/verichecks-worker/worker-dir/clones/0d24730bc2ea3e6ff799cef44e3cb93067ac3622/Impl/../lib/Base/Sets.i.dfy(37,4): Warning: /!\ No terms found to trigger on.
	/root/verichecks-worker/worker-dir/clones/0d24730bc2ea3e6ff799cef44e3cb93067ac3622/Impl/../lib/Base/sequences.i.dfy(587,18): Warning: /!\ No terms found to trigger on.
	/root/verichecks-worker/worker-dir/clones/0d24730bc2ea3e6ff799cef44e3cb93067ac3622/Impl/../lib/DataStructures/BitmapModel.i.dfy(57,13): Warning: /!\ No terms found to trigger on.
	/root/verichecks-worker/worker-dir/clones/0d24730bc2ea3e6ff799cef44e3cb93067ac3622/Impl/../lib/DataStructures/BitmapModel.i.dfy(55,13): Warning: /!\ No terms found to trigger on.
	/root/verichecks-worker/worker-dir/clones/0d24730bc2ea3e6ff799cef44e3cb93067ac3622/Impl/IndirectionTable.i.dfy(1793,12): Warning: /!\ No terms found to trigger on.
	/root/verichecks-worker/worker-dir/clones/0d24730bc2ea3e6ff799cef44e3cb93067ac3622/Impl/IndirectionTable.i.dfy(1804,16): Warning: /!\ No terms found to trigger on.
	/root/verichecks-worker/worker-dir/clones/0d24730bc2ea3e6ff799cef44e3cb93067ac3622/Impl/../ByteBlockCacheSystem/../lib/Buckets/PackedKV.i.dfy(1059,10): Warning: /!\ No terms found to trigger on.
	/root/verichecks-worker/worker-dir/clones/0d24730bc2ea3e6ff799cef44e3cb93067ac3622/Impl/../ByteBlockCacheSystem/../lib/Buckets/PackedKV.i.dfy(1077,10): Warning: /!\ No terms found to trigger on.
	/root/verichecks-worker/worker-dir/clones/0d24730bc2ea3e6ff799cef44e3cb93067ac3622/Impl/BookkeepingModel.i.dfy(251,8): Verification out of resource (Impl$$BookkeepingModel.__default.allocCorrect)
	Prover error: Unexpected prover response (getting info about 'unknown' response): (:reason-unknown unknown)
	
	/root/verichecks-worker/worker-dir/clones/0d24730bc2ea3e6ff799cef44e3cb93067ac3622/Impl/BookkeepingModel.i.dfy(276,8): Verification inconclusive (Impl$$BookkeepingModel.__default.writeCorrect)
	/root/verichecks-worker/worker-dir/clones/0d24730bc2ea3e6ff799cef44e3cb93067ac3622/Impl/BookkeepingModel.i.dfy(338,8): Verification inconclusive (Impl$$BookkeepingModel.__default.getFreeRefIterateDoesntEqual)
	Prover error: Invalid PING response from the prover: unsat
	
	/root/verichecks-worker/worker-dir/clones/0d24730bc2ea3e6ff799cef44e3cb93067ac3622/Impl/BookkeepingModel.i.dfy(368,8): Verification inconclusive (CheckWellformed$$BookkeepingModel.__default.getFreeRef2IterateDoesntEqual)
	Prover error: Invalid PING response from the prover: unsat
	
	/root/verichecks-worker/worker-dir/clones/0d24730bc2ea3e6ff799cef44e3cb93067ac3622/Impl/BookkeepingModel.i.dfy(397,8): Verification inconclusive (CheckWellformed$$BookkeepingModel.__default.allocRefDoesntEqual)
	Prover error: Invalid PING response from the prover: unsat
	
	/root/verichecks-worker/worker-dir/clones/0d24730bc2ea3e6ff799cef44e3cb93067ac3622/Impl/BookkeepingModel.i.dfy(425,8): Verification inconclusive (CheckWellformed$$BookkeepingModel.__default.lemmaChildrenConditionsSingleOfAllocBookkeeping)
	Prover error: Invalid PING response from the prover: unsat
	
	/root/verichecks-worker/worker-dir/clones/0d24730bc2ea3e6ff799cef44e3cb93067ac3622/Impl/BookkeepingModel.i.dfy(453,8): Verification inconclusive (CheckWellformed$$BookkeepingModel.__default.lemmaChildrenConditionsPreservedWriteBookkeeping)
	Prover error: Invalid PING response from the prover: unsat
	
	/root/verichecks-worker/worker-dir/clones/0d24730bc2ea3e6ff799cef44e3cb93067ac3622/Impl/BookkeepingModel.i.dfy(480,8): Verification inconclusive (CheckWellformed$$BookkeepingModel.__default.lemmaRefInGraphOfWriteBookkeeping)
	
	Dafny program verifier finished with 41 verified, 0 errors, 7 inconclusives
	Command exited with non-zero status 4
	207.87user 3.60system 1:15.34elapsed 280%CPU (0avgtext+0avgdata 1829400maxresident)k
	0inputs+0outputs (0major+828633minor)pagefaults 0swaps

./ByteBlockCacheSystem/InterpretationDisk.i.dfy
	Prover error: Unexpected prover response (getting info about 'unknown' response): (:reason-unknown unknown)
	
	/root/verichecks-worker/worker-dir/clones/0d24730bc2ea3e6ff799cef44e3cb93067ac3622/ByteBlockCacheSystem/InterpretationDisk.i.dfy(752,8): Verification inconclusive (Impl$$InterpretationDisk.__default.RefinesReqReadOp)
	/root/verichecks-worker/worker-dir/clones/0d24730bc2ea3e6ff799cef44e3cb93067ac3622/ByteBlockCacheSystem/InterpretationDisk.i.dfy(892,8): Verification out of resource (Impl$$InterpretationDisk.__default.RefinesReqWriteOp)
	Prover error: Invalid PING response from the prover: unsat
	
	/root/verichecks-worker/worker-dir/clones/0d24730bc2ea3e6ff799cef44e3cb93067ac3622/ByteBlockCacheSystem/InterpretationDisk.i.dfy(1059,8): Verification out of resource (Impl$$InterpretationDisk.__default.RefinesReqWrite2Op)
	Prover error: Unexpected prover response (getting info about 'unknown' response): (:reason-unknown unknown)
	
	/root/verichecks-worker/worker-dir/clones/0d24730bc2ea3e6ff799cef44e3cb93067ac3622/ByteBlockCacheSystem/InterpretationDisk.i.dfy(1190,8): Verification inconclusive (Impl$$InterpretationDisk.__default.RefinesRespReadOp)
	/root/verichecks-worker/worker-dir/clones/0d24730bc2ea3e6ff799cef44e3cb93067ac3622/ByteBlockCacheSystem/InterpretationDisk.i.dfy(1316,8): Verification inconclusive (CheckWellformed$$InterpretationDisk.__default.RefinesRespWriteOp)
	/root/verichecks-worker/worker-dir/clones/0d24730bc2ea3e6ff799cef44e3cb93067ac3622/ByteBlockCacheSystem/InterpretationDisk.i.dfy(1316,8): Verification inconclusive (Impl$$InterpretationDisk.__default.RefinesRespWriteOp)
	Prover error: Invalid PING response from the prover: unknown
	
	/root/verichecks-worker/worker-dir/clones/0d24730bc2ea3e6ff799cef44e3cb93067ac3622/ByteBlockCacheSystem/InterpretationDisk.i.dfy(1342,8): Verification inconclusive (Impl$$InterpretationDisk.__default.RefinesStutterOp)
	Prover error: Invalid PING response from the prover: unsat
	
	/root/verichecks-worker/worker-dir/clones/0d24730bc2ea3e6ff799cef44e3cb93067ac3622/ByteBlockCacheSystem/InterpretationDisk.i.dfy(1367,8): Verification out of resource (Impl$$InterpretationDisk.__default.RefinesProcessRead__Node__1)
	/root/verichecks-worker/worker-dir/clones/0d24730bc2ea3e6ff799cef44e3cb93067ac3622/ByteBlockCacheSystem/InterpretationDisk.i.dfy(1382,8): Verification inconclusive (Impl$$InterpretationDisk.__default.RefinesProcessRead__Node__2)
	Prover error: Invalid PING response from the prover: unsat
	
	Prover error: Invalid PING response from the prover: unknown
	
	/root/verichecks-worker/worker-dir/clones/0d24730bc2ea3e6ff799cef44e3cb93067ac3622/ByteBlockCacheSystem/InterpretationDisk.i.dfy(1400,8): Verification inconclusive (Impl$$InterpretationDisk.__default.RefinesProcessRead__IndirectionTable__1)
	/root/verichecks-worker/worker-dir/clones/0d24730bc2ea3e6ff799cef44e3cb93067ac3622/ByteBlockCacheSystem/InterpretationDisk.i.dfy(1415,8): Verification out of resource (Impl$$InterpretationDisk.__default.RefinesProcessRead__IndirectionTable__2)
	/root/verichecks-worker/worker-dir/clones/0d24730bc2ea3e6ff799cef44e3cb93067ac3622/ByteBlockCacheSystem/InterpretationDisk.i.dfy(1433,8): Verification inconclusive (CheckWellformed$$InterpretationDisk.__default.RefinesProcessRead__Journal__1)
	/root/verichecks-worker/worker-dir/clones/0d24730bc2ea3e6ff799cef44e3cb93067ac3622/ByteBlockCacheSystem/InterpretationDisk.i.dfy(1433,8): Verification inconclusive (Impl$$InterpretationDisk.__default.RefinesProcessRead__Journal__1)
	Prover error: Invalid PING response from the prover: unknown
	
	/root/verichecks-worker/worker-dir/clones/0d24730bc2ea3e6ff799cef44e3cb93067ac3622/ByteBlockCacheSystem/InterpretationDisk.i.dfy(1448,8): Verification inconclusive (Impl$$InterpretationDisk.__default.RefinesProcessRead__Journal__2)
	Prover error: Invalid PING response from the prover: unknown
	
	/root/verichecks-worker/worker-dir/clones/0d24730bc2ea3e6ff799cef44e3cb93067ac3622/ByteBlockCacheSystem/InterpretationDisk.i.dfy(1466,8): Verification inconclusive (Impl$$InterpretationDisk.__default.RefinesProcessRead__Superblock__1)
	/root/verichecks-worker/worker-dir/clones/0d24730bc2ea3e6ff799cef44e3cb93067ac3622/ByteBlockCacheSystem/InterpretationDisk.i.dfy(1481,8): Verification out of resource (Impl$$InterpretationDisk.__default.RefinesProcessRead__Superblock__2)
	Prover error: Invalid PING response from the prover: unknown
	
	/root/verichecks-worker/worker-dir/clones/0d24730bc2ea3e6ff799cef44e3cb93067ac3622/ByteBlockCacheSystem/InterpretationDisk.i.dfy(1527,8): Verification out of resource (Impl$$InterpretationDisk.__default.RefinesProcessWrite)
	/root/verichecks-worker/worker-dir/clones/0d24730bc2ea3e6ff799cef44e3cb93067ac3622/ByteBlockCacheSystem/InterpretationDisk.i.dfy(1713,8): Verification inconclusive (Impl$$InterpretationDisk.__default.RefinesHavocConflictingWrites)
	Prover error: Invalid PING response from the prover: unknown
	
	/root/verichecks-worker/worker-dir/clones/0d24730bc2ea3e6ff799cef44e3cb93067ac3622/ByteBlockCacheSystem/InterpretationDisk.i.dfy(1720,8): Verification inconclusive (Impl$$InterpretationDisk.__default.RefinesHavocConflictingWriteRead)
	
	Dafny program verifier finished with 109 verified, 0 errors, 13 inconclusives
	Command exited with non-zero status 4
	465.27user 6.67system 2:36.75elapsed 301%CPU (0avgtext+0avgdata 1613500maxresident)k
	0inputs+0outputs (0major+1542321minor)pagefaults 0swaps

./Impl/IndirectionTable.i.dfy
	/root/verichecks-worker/worker-dir/clones/0d24730bc2ea3e6ff799cef44e3cb93067ac3622/Impl/IndirectionTable.i.dfy(938,24): Verification out of resource (Impl$$IndirectionTable.IndirectionTable.UpdateAndRemoveLoc)
	Prover error: Unexpected prover response (getting info about 'unknown' response): (:reason-unknown unknown)
	
	/root/verichecks-worker/worker-dir/clones/0d24730bc2ea3e6ff799cef44e3cb93067ac3622/Impl/IndirectionTable.i.dfy(1310,18): Verification inconclusive (Impl$$IndirectionTable.IndirectionTable.ComputeRefCountsInnerLoop)
	/root/verichecks-worker/worker-dir/clones/0d24730bc2ea3e6ff799cef44e3cb93067ac3622/Impl/IndirectionTable.i.dfy(1604,27): Verification inconclusive (CheckWellformed$$IndirectionTable.IndirectionTable.IndirectionTableGrammar)
	Prover error: Invalid PING response from the prover: unsat
	
	Prover error: Invalid PING response from the prover: unsat
	
	Prover error: Invalid PING response from the prover: unsat
	
	Prover error: Invalid PING response from the prover: unsat
	
	Prover error: Invalid PING response from the prover: unsat
	
	Prover error: Invalid PING response from the prover: unsat
	
	/root/verichecks-worker/worker-dir/clones/0d24730bc2ea3e6ff799cef44e3cb93067ac3622/Impl/IndirectionTable.i.dfy(1618,18): Verification out of resource (Impl$$IndirectionTable.IndirectionTable.IndirectionTableToVal)
	/root/verichecks-worker/worker-dir/clones/0d24730bc2ea3e6ff799cef44e3cb93067ac3622/Impl/IndirectionTable.i.dfy(1788,18): Verification inconclusive (CheckWellformed$$IndirectionTable.IndirectionTable.BitmapInitUpTo)
	/root/verichecks-worker/worker-dir/clones/0d24730bc2ea3e6ff799cef44e3cb93067ac3622/Impl/IndirectionTable.i.dfy(1827,18): Verification inconclusive (CheckWellformed$$IndirectionTable.IndirectionTable.InitLocBitmap)
	/root/verichecks-worker/worker-dir/clones/0d24730bc2ea3e6ff799cef44e3cb93067ac3622/Impl/IndirectionTable.i.dfy(1863,17): Error: assertion violation
	Execution trace:
	    (0,0): anon0
	    /root/verichecks-worker/worker-dir/clones/0d24730bc2ea3e6ff799cef44e3cb93067ac3622/Impl/IndirectionTable.i.dfy(1851,7): anon44_LoopHead
	    (0,0): anon44_LoopBody
	    /root/verichecks-worker/worker-dir/clones/0d24730bc2ea3e6ff799cef44e3cb93067ac3622/Impl/IndirectionTable.i.dfy(1851,7): anon45_Else
	    /root/verichecks-worker/worker-dir/clones/0d24730bc2ea3e6ff799cef44e3cb93067ac3622/Impl/IndirectionTable.i.dfy(1851,7): anon47_Else
	    /root/verichecks-worker/worker-dir/clones/0d24730bc2ea3e6ff799cef44e3cb93067ac3622/Impl/IndirectionTable.i.dfy(1863,50): anon48_Else
	    (0,0): anon9
	    (0,0): anon49_Then
	/root/verichecks-worker/worker-dir/clones/0d24730bc2ea3e6ff799cef44e3cb93067ac3622/Impl/IndirectionTable.i.dfy(1863,49): Error: assertion violation
	Execution trace:
	    (0,0): anon0
	    /root/verichecks-worker/worker-dir/clones/0d24730bc2ea3e6ff799cef44e3cb93067ac3622/Impl/IndirectionTable.i.dfy(1851,7): anon44_LoopHead
	    (0,0): anon44_LoopBody
	    /root/verichecks-worker/worker-dir/clones/0d24730bc2ea3e6ff799cef44e3cb93067ac3622/Impl/IndirectionTable.i.dfy(1851,7): anon45_Else
	    /root/verichecks-worker/worker-dir/clones/0d24730bc2ea3e6ff799cef44e3cb93067ac3622/Impl/IndirectionTable.i.dfy(1851,7): anon47_Else
	    (0,0): anon48_Then
	    (0,0): anon9
	    (0,0): anon49_Then
	/root/verichecks-worker/worker-dir/clones/0d24730bc2ea3e6ff799cef44e3cb93067ac3622/Impl/IndirectionTable.i.dfy(1889,25): Error: assertion violation
	/root/verichecks-worker/worker-dir/clones/0d24730bc2ea3e6ff799cef44e3cb93067ac3622/Impl/IndirectionTable.i.dfy(1768,16): Related location
	Execution trace:
	    (0,0): anon0
	    /root/verichecks-worker/worker-dir/clones/0d24730bc2ea3e6ff799cef44e3cb93067ac3622/Impl/IndirectionTable.i.dfy(1851,7): anon44_LoopHead
	    (0,0): anon44_LoopBody
	    /root/verichecks-worker/worker-dir/clones/0d24730bc2ea3e6ff799cef44e3cb93067ac3622/Impl/IndirectionTable.i.dfy(1851,7): anon45_Else
	    /root/verichecks-worker/worker-dir/clones/0d24730bc2ea3e6ff799cef44e3cb93067ac3622/Impl/IndirectionTable.i.dfy(1851,7): anon47_Else
	    (0,0): anon48_Then
	    (0,0): anon9
	    /root/verichecks-worker/worker-dir/clones/0d24730bc2ea3e6ff799cef44e3cb93067ac3622/Impl/IndirectionTable.i.dfy(1863,9): anon49_Else
	    (0,0): anon50_Then
	    (0,0): anon51_Then
	    (0,0): anon52_Then
	    (0,0): anon15
	    (0,0): anon53_Then
	    (0,0): anon54_Else
	    (0,0): anon19
	    (0,0): anon55_Else
	    (0,0): anon56_Then
	/root/verichecks-worker/worker-dir/clones/0d24730bc2ea3e6ff799cef44e3cb93067ac3622/Impl/IndirectionTable.i.dfy(1889,25): Error: assertion violation
	/root/verichecks-worker/worker-dir/clones/0d24730bc2ea3e6ff799cef44e3cb93067ac3622/Impl/IndirectionTable.i.dfy(1769,21): Related location
	Execution trace:
	    (0,0): anon0
	    /root/verichecks-worker/worker-dir/clones/0d24730bc2ea3e6ff799cef44e3cb93067ac3622/Impl/IndirectionTable.i.dfy(1851,7): anon44_LoopHead
	    (0,0): anon44_LoopBody
	    /root/verichecks-worker/worker-dir/clones/0d24730bc2ea3e6ff799cef44e3cb93067ac3622/Impl/IndirectionTable.i.dfy(1851,7): anon45_Else
	    /root/verichecks-worker/worker-dir/clones/0d24730bc2ea3e6ff799cef44e3cb93067ac3622/Impl/IndirectionTable.i.dfy(1851,7): anon47_Else
	    (0,0): anon48_Then
	    (0,0): anon9
	    /root/verichecks-worker/worker-dir/clones/0d24730bc2ea3e6ff799cef44e3cb93067ac3622/Impl/IndirectionTable.i.dfy(1863,9): anon49_Else
	    (0,0): anon50_Then
	    (0,0): anon51_Then
	    (0,0): anon52_Then
	    (0,0): anon15
	    (0,0): anon53_Then
	    (0,0): anon54_Else
	    (0,0): anon19
	    (0,0): anon55_Else
	    (0,0): anon56_Then
	/root/verichecks-worker/worker-dir/clones/0d24730bc2ea3e6ff799cef44e3cb93067ac3622/Impl/IndirectionTable.i.dfy(1907,66): Error: assertion violation
	Execution trace:
	    (0,0): anon0
	    /root/verichecks-worker/worker-dir/clones/0d24730bc2ea3e6ff799cef44e3cb93067ac3622/Impl/IndirectionTable.i.dfy(1851,7): anon44_LoopHead
	    (0,0): anon44_LoopBody
	    /root/verichecks-worker/worker-dir/clones/0d24730bc2ea3e6ff799cef44e3cb93067ac3622/Impl/IndirectionTable.i.dfy(1851,7): anon45_Else
	    /root/verichecks-worker/worker-dir/clones/0d24730bc2ea3e6ff799cef44e3cb93067ac3622/Impl/IndirectionTable.i.dfy(1851,7): anon47_Else
	    (0,0): anon48_Then
	    (0,0): anon9
	    /root/verichecks-worker/worker-dir/clones/0d24730bc2ea3e6ff799cef44e3cb93067ac3622/Impl/IndirectionTable.i.dfy(1863,9): anon49_Else
	    (0,0): anon50_Then
	    (0,0): anon51_Then
	    (0,0): anon52_Then
	    (0,0): anon15
	    (0,0): anon53_Else
	    (0,0): anon57_Then
	    (0,0): anon58_Else
	    (0,0): anon30
	    (0,0): anon59_Else
	    (0,0): anon33
	    (0,0): anon60_Then
	/root/verichecks-worker/worker-dir/clones/0d24730bc2ea3e6ff799cef44e3cb93067ac3622/Impl/IndirectionTable.i.dfy(1938,18): Verification inconclusive (CheckWellformed$$IndirectionTable.IndirectionTable.FindDeallocable)
	/root/verichecks-worker/worker-dir/clones/0d24730bc2ea3e6ff799cef44e3cb93067ac3622/Impl/IndirectionTable.i.dfy(1972,27): Verification inconclusive (CheckWellformed$$IndirectionTable.IndirectionTable.GetSize)
	/root/verichecks-worker/worker-dir/clones/0d24730bc2ea3e6ff799cef44e3cb93067ac3622/Impl/IndirectionTable.i.dfy(1981,24): Verification inconclusive (Impl$$IndirectionTable.IndirectionTable.FindRefWithNoLoc)
	/root/verichecks-worker/worker-dir/clones/0d24730bc2ea3e6ff799cef44e3cb93067ac3622/Impl/IndirectionTable.i.dfy(55,11): Verification inconclusive (CheckWellformed$$IndirectionTable.__default.MapLocs)
	Prover error: Invalid PING response from the prover: unsat
	
	/root/verichecks-worker/worker-dir/clones/0d24730bc2ea3e6ff799cef44e3cb93067ac3622/Impl/IndirectionTable.i.dfy(71,11): Verification inconclusive (CheckWellformed$$IndirectionTable.__default.Graph)
	Prover error: Invalid PING response from the prover: unsat
	
	/root/verichecks-worker/worker-dir/clones/0d24730bc2ea3e6ff799cef44e3cb93067ac3622/Impl/IndirectionTable.i.dfy(93,11): Verification inconclusive (CheckWellformed$$IndirectionTable.__default.PredecessorSetRestrictedPartial)
	Prover error: Invalid PING response from the prover: unsat
	
	/root/verichecks-worker/worker-dir/clones/0d24730bc2ea3e6ff799cef44e3cb93067ac3622/Impl/IndirectionTable.i.dfy(118,12): Verification inconclusive (CheckWellformed$$IndirectionTable.__default.ValidPredCounts)
	
	Dafny program verifier finished with 99 verified, 5 errors, 11 inconclusives
	Command exited with non-zero status 4
	348.19user 4.69system 2:03.58elapsed 285%CPU (0avgtext+0avgdata 1460352maxresident)k
	0inputs+0outputs (0major+920897minor)pagefaults 0swaps

./ByteBlockCacheSystem/ByteSystem.i.dfy
	Prover error: Unexpected prover response (getting info about 'unknown' response): (:reason-unknown unknown)
	
	Prover error: Invalid PING response from the prover: unsat
	
	Prover error: Invalid PING response from the prover: unknown
	
	Prover error: Unexpected prover response (getting info about 'unknown' response): (:reason-unknown unknown)
	
	Prover error: Invalid PING response from the prover: unknown
	
	Prover error: Unexpected prover response (getting info about 'unknown' response): (:reason-unknown unknown)
	
	/root/verichecks-worker/worker-dir/clones/0d24730bc2ea3e6ff799cef44e3cb93067ac3622/ByteBlockCacheSystem/AsyncDiskModel.s.dfy[ByteSystem](333,8): Verification inconclusive (Impl$$ByteSystem.__default.InitImpliesInv)
	/root/verichecks-worker/worker-dir/clones/0d24730bc2ea3e6ff799cef44e3cb93067ac3622/ByteBlockCacheSystem/ByteSystem.i.dfy(64,8): Verification out of resource (Impl$$ByteSystem.__default.ReqReadStepPreservesInv)
	/root/verichecks-worker/worker-dir/clones/0d24730bc2ea3e6ff799cef44e3cb93067ac3622/ByteBlockCacheSystem/ByteSystem.i.dfy(158,8): Verification out of resource (Impl$$ByteSystem.__default.ReqWriteStepPreservesInv)
	/root/verichecks-worker/worker-dir/clones/0d24730bc2ea3e6ff799cef44e3cb93067ac3622/ByteBlockCacheSystem/ByteSystem.i.dfy(343,8): Verification out of resource (Impl$$ByteSystem.__default.ReqWrite2StepPreservesInv)
	/root/verichecks-worker/worker-dir/clones/0d24730bc2ea3e6ff799cef44e3cb93067ac3622/ByteBlockCacheSystem/ByteSystem.i.dfy(452,8): Verification inconclusive (Impl$$ByteSystem.__default.RespReadStepPreservesInv)
	/root/verichecks-worker/worker-dir/clones/0d24730bc2ea3e6ff799cef44e3cb93067ac3622/ByteBlockCacheSystem/ByteSystem.i.dfy(484,8): Verification out of resource (Impl$$ByteSystem.__default.RespWriteStepPreservesInv)
	/root/verichecks-worker/worker-dir/clones/0d24730bc2ea3e6ff799cef44e3cb93067ac3622/ByteBlockCacheSystem/ByteSystem.i.dfy(516,8): Verification inconclusive (Impl$$ByteSystem.__default.NoDiskOpStepPreservesInv)
	/root/verichecks-worker/worker-dir/clones/0d24730bc2ea3e6ff799cef44e3cb93067ac3622/ByteBlockCacheSystem/ByteSystem.i.dfy(549,8): Verification inconclusive (CheckWellformed$$ByteSystem.__default.MachineStepPreservesInv)
	/root/verichecks-worker/worker-dir/clones/0d24730bc2ea3e6ff799cef44e3cb93067ac3622/ByteBlockCacheSystem/ByteSystem.i.dfy(592,8): Verification inconclusive (Impl$$ByteSystem.__default.ProcessWritePreservesInv)
	/root/verichecks-worker/worker-dir/clones/0d24730bc2ea3e6ff799cef44e3cb93067ac3622/ByteBlockCacheSystem/ByteSystem.i.dfy(668,8): Verification inconclusive (CheckWellformed$$ByteSystem.__default.NextStepPreservesInv)
	/root/verichecks-worker/worker-dir/clones/0d24730bc2ea3e6ff799cef44e3cb93067ac3622/ByteBlockCacheSystem/AsyncDiskModel.s.dfy[ByteSystem](337,8): Verification inconclusive (Impl$$ByteSystem.__default.NextPreservesInv)
	
	Dafny program verifier finished with 18 verified, 0 errors, 7 inconclusives
	Command exited with non-zero status 4
	1030.28user 4.44system 13:33.12elapsed 127%CPU (0avgtext+0avgdata 1835376maxresident)k
	0inputs+0outputs (0major+1316186minor)pagefaults 0swaps

./BlockCacheSystem/BlockSystem.i.dfy
	Prover error: Unexpected prover response (getting info about 'unknown' response): (:reason-unknown unknown)
	
	/root/verichecks-worker/worker-dir/clones/0d24730bc2ea3e6ff799cef44e3cb93067ac3622/BlockCacheSystem/BlockSystem.i.dfy(738,8): Verification inconclusive (Impl$$BlockSystem.__default.WriteBackNodeReqStepPreservesGraphs)
	Prover error: Unexpected prover response (getting info about 'unknown' response): (:reason-unknown unknown)
	
	/root/verichecks-worker/worker-dir/clones/0d24730bc2ea3e6ff799cef44e3cb93067ac3622/BlockCacheSystem/BlockSystem.i.dfy(768,8): Verification inconclusive (Impl$$BlockSystem.__default.WriteBackNodeReqStepPreservesInv)
	/root/verichecks-worker/worker-dir/clones/0d24730bc2ea3e6ff799cef44e3cb93067ac3622/BlockCacheSystem/BlockSystem.i.dfy(804,8): Verification out of resource (Impl$$BlockSystem.__default.WriteBackNodeRespStepPreservesGraphs)
	/root/verichecks-worker/worker-dir/clones/0d24730bc2ea3e6ff799cef44e3cb93067ac3622/BlockCacheSystem/BlockSystem.i.dfy(838,8): Verification inconclusive (Impl$$BlockSystem.__default.WriteBackIndirectionTableReqStepPreservesGraphs)
	Prover error: Invalid PING response from the prover: unsat
	
	Prover error: Invalid PING response from the prover: unsat
	
	Prover error: Unexpected prover response (getting info about 'unknown' response): (:reason-unknown unknown)
	
	/root/verichecks-worker/worker-dir/clones/0d24730bc2ea3e6ff799cef44e3cb93067ac3622/BlockCacheSystem/BlockSystem.i.dfy(891,8): Verification inconclusive (Impl$$BlockSystem.__default.WriteBackIndirectionTableReqStepPreservesInv)
	/root/verichecks-worker/worker-dir/clones/0d24730bc2ea3e6ff799cef44e3cb93067ac3622/BlockCacheSystem/BlockSystem.i.dfy(917,8): Verification inconclusive (CheckWellformed$$BlockSystem.__default.WriteBackIndirectionTableRespStepPreservesGraphs)
	/root/verichecks-worker/worker-dir/clones/0d24730bc2ea3e6ff799cef44e3cb93067ac3622/BlockCacheSystem/BlockSystem.i.dfy(917,8): Verification inconclusive (Impl$$BlockSystem.__default.WriteBackIndirectionTableRespStepPreservesGraphs)
	Prover error: Invalid PING response from the prover: unknown
	
	/root/verichecks-worker/worker-dir/clones/0d24730bc2ea3e6ff799cef44e3cb93067ac3622/BlockCacheSystem/BlockSystem.i.dfy(959,8): Verification inconclusive (CheckWellformed$$BlockSystem.__default.DirtyStepUpdatesGraph)
	Prover error: Invalid PING response from the prover: unsat
	
	Prover error: Invalid PING response from the prover: unsat
	
	Prover error: Invalid PING response from the prover: unsat
	
	Prover error: Invalid PING response from the prover: unsat
	
	Prover error: Invalid PING response from the prover: unsat
	
	/root/verichecks-worker/worker-dir/clones/0d24730bc2ea3e6ff799cef44e3cb93067ac3622/BlockCacheSystem/BlockSystem.i.dfy(959,8): Verification out of resource (Impl$$BlockSystem.__default.DirtyStepUpdatesGraph)
	/root/verichecks-worker/worker-dir/clones/0d24730bc2ea3e6ff799cef44e3cb93067ac3622/BlockCacheSystem/BlockSystem.i.dfy(982,8): Verification inconclusive (Impl$$BlockSystem.__default.DirtyStepPreservesInv)
	Prover error: Invalid PING response from the prover: unknown
	
	/root/verichecks-worker/worker-dir/clones/0d24730bc2ea3e6ff799cef44e3cb93067ac3622/BlockCacheSystem/BlockSystem.i.dfy(994,8): Verification inconclusive (CheckWellformed$$BlockSystem.__default.AllocStepUpdatesGraph)
	/root/verichecks-worker/worker-dir/clones/0d24730bc2ea3e6ff799cef44e3cb93067ac3622/BlockCacheSystem/BlockSystem.i.dfy(994,8): Verification inconclusive (Impl$$BlockSystem.__default.AllocStepUpdatesGraph)
	Prover error: Invalid PING response from the prover: unsat
	
	Prover error: Invalid PING response from the prover: unknown
	
	/root/verichecks-worker/worker-dir/clones/0d24730bc2ea3e6ff799cef44e3cb93067ac3622/BlockCacheSystem/BlockSystem.i.dfy(1016,8): Verification inconclusive (Impl$$BlockSystem.__default.AllocStepPreservesInv)
	/root/verichecks-worker/worker-dir/clones/0d24730bc2ea3e6ff799cef44e3cb93067ac3622/BlockCacheSystem/BlockSystem.i.dfy(1028,8): Verification inconclusive (Impl$$BlockSystem.__default.OpPreservesInv)
	/root/verichecks-worker/worker-dir/clones/0d24730bc2ea3e6ff799cef44e3cb93067ac3622/BlockCacheSystem/BlockSystem.i.dfy(1040,8): Verification inconclusive (Impl$$BlockSystem.__default.OpTransactionPreservesInv)
	/root/verichecks-worker/worker-dir/clones/0d24730bc2ea3e6ff799cef44e3cb93067ac3622/BlockCacheSystem/BlockSystem.i.dfy(1057,8): Verification inconclusive (Impl$$BlockSystem.__default.TransactionStepPreservesInv)
	/root/verichecks-worker/worker-dir/clones/0d24730bc2ea3e6ff799cef44e3cb93067ac3622/BlockCacheSystem/BlockSystem.i.dfy(1071,8): Verification inconclusive (CheckWellformed$$BlockSystem.__default.UnallocStepUpdatesGraph)
	/root/verichecks-worker/worker-dir/clones/0d24730bc2ea3e6ff799cef44e3cb93067ac3622/BlockCacheSystem/BlockSystem.i.dfy(1071,8): Verification inconclusive (Impl$$BlockSystem.__default.UnallocStepUpdatesGraph)
	Prover error: Invalid PING response from the prover: unsat
	
	Prover error: Unexpected prover response (getting info about 'unknown' response): (:reason-unknown unknown)
	
	/root/verichecks-worker/worker-dir/clones/0d24730bc2ea3e6ff799cef44e3cb93067ac3622/BlockCacheSystem/BlockSystem.i.dfy(1094,8): Verification inconclusive (Impl$$BlockSystem.__default.UnallocStepPreservesInv)
	Prover error: Invalid PING response from the prover: unknown
	
	/root/verichecks-worker/worker-dir/clones/0d24730bc2ea3e6ff799cef44e3cb93067ac3622/BlockCacheSystem/BlockSystem.i.dfy(1112,8): Verification inconclusive (Impl$$BlockSystem.__default.PageInNodeReqStepPreservesGraphs)
	/root/verichecks-worker/worker-dir/clones/0d24730bc2ea3e6ff799cef44e3cb93067ac3622/BlockCacheSystem/BlockSystem.i.dfy(1133,8): Verification inconclusive (Impl$$BlockSystem.__default.PageInNodeReqStepPreservesInv)
	/root/verichecks-worker/worker-dir/clones/0d24730bc2ea3e6ff799cef44e3cb93067ac3622/BlockCacheSystem/BlockSystem.i.dfy(1161,8): Verification inconclusive (Impl$$BlockSystem.__default.PageInNodeRespStepPreservesGraphs)
	Prover error: Invalid PING response from the prover: unsat
	
	Prover error: Invalid PING response from the prover: unsat
	
	Prover error: Invalid PING response from the prover: unknown
	
	/root/verichecks-worker/worker-dir/clones/0d24730bc2ea3e6ff799cef44e3cb93067ac3622/BlockCacheSystem/BlockSystem.i.dfy(1182,8): Verification inconclusive (Impl$$BlockSystem.__default.PageInNodeRespStepPreservesInv)
	Prover error: Invalid PING response from the prover: unsat
	
	Prover error: Invalid PING response from the prover: unsat
	
	Prover error: Invalid PING response from the prover: unsat
	
	Prover error: Invalid PING response from the prover: unknown
	
	/root/verichecks-worker/worker-dir/clones/0d24730bc2ea3e6ff799cef44e3cb93067ac3622/BlockCacheSystem/BlockSystem.i.dfy(1195,8): Verification inconclusive (Impl$$BlockSystem.__default.PageInIndirectionTableReqStepPreservesGraphs)
	/root/verichecks-worker/worker-dir/clones/0d24730bc2ea3e6ff799cef44e3cb93067ac3622/BlockCacheSystem/BlockSystem.i.dfy(1212,8): Verification inconclusive (Impl$$BlockSystem.__default.PageInIndirectionTableReqStepPreservesInv)
	/root/verichecks-worker/worker-dir/clones/0d24730bc2ea3e6ff799cef44e3cb93067ac3622/BlockCacheSystem/BlockSystem.i.dfy(1225,8): Verification inconclusive (Impl$$BlockSystem.__default.PageInIndirectionTableRespStepPreservesGraphs)
	/root/verichecks-worker/worker-dir/clones/0d24730bc2ea3e6ff799cef44e3cb93067ac3622/BlockCacheSystem/BlockSystem.i.dfy(1240,8): Verification inconclusive (Impl$$BlockSystem.__default.PageInIndirectionTableRespStepPreservesInv)
	/root/verichecks-worker/worker-dir/clones/0d24730bc2ea3e6ff799cef44e3cb93067ac3622/BlockCacheSystem/BlockSystem.i.dfy(1253,8): Verification inconclusive (CheckWellformed$$BlockSystem.__default.ReceiveLocStepPreservesGraphs)
	/root/verichecks-worker/worker-dir/clones/0d24730bc2ea3e6ff799cef44e3cb93067ac3622/BlockCacheSystem/BlockSystem.i.dfy(1253,8): Verification inconclusive (Impl$$BlockSystem.__default.ReceiveLocStepPreservesGraphs)
	Prover error: Invalid PING response from the prover: unsat
	
	Prover error: Invalid PING response from the prover: unsat
	
	Prover error: Invalid PING response from the prover: unknown
	
	/root/verichecks-worker/worker-dir/clones/0d24730bc2ea3e6ff799cef44e3cb93067ac3622/BlockCacheSystem/BlockSystem.i.dfy(1282,8): Verification inconclusive (CheckWellformed$$BlockSystem.__default.ReceiveLocStepPreservesInv)
	/root/verichecks-worker/worker-dir/clones/0d24730bc2ea3e6ff799cef44e3cb93067ac3622/BlockCacheSystem/BlockSystem.i.dfy(1282,8): Verification inconclusive (Impl$$BlockSystem.__default.ReceiveLocStepPreservesInv)
	/root/verichecks-worker/worker-dir/clones/0d24730bc2ea3e6ff799cef44e3cb93067ac3622/BlockCacheSystem/BlockSystem.i.dfy(1296,8): Verification inconclusive (Impl$$BlockSystem.__default.EvictStepPreservesGraphs)
	/root/verichecks-worker/worker-dir/clones/0d24730bc2ea3e6ff799cef44e3cb93067ac3622/BlockCacheSystem/BlockSystem.i.dfy(1317,8): Verification inconclusive (Impl$$BlockSystem.__default.EvictStepPreservesInv)
	Prover error: Invalid PING response from the prover: unsat
	
	/root/verichecks-worker/worker-dir/clones/0d24730bc2ea3e6ff799cef44e3cb93067ac3622/BlockCacheSystem/BlockSystem.i.dfy(1330,8): Verification inconclusive (Impl$$BlockSystem.__default.FreezeStepPreservesGraphs)
	Prover error: Invalid PING response from the prover: unsat
	
	Prover error: Invalid PING response from the prover: unsat
	
	Prover error: Invalid PING response from the prover: unsat
	
	/root/verichecks-worker/worker-dir/clones/0d24730bc2ea3e6ff799cef44e3cb93067ac3622/BlockCacheSystem/BlockSystem.i.dfy(1345,8): Verification inconclusive (Impl$$BlockSystem.__default.FreezeStepPreservesInv)
	/root/verichecks-worker/worker-dir/clones/0d24730bc2ea3e6ff799cef44e3cb93067ac3622/BlockCacheSystem/BlockSystem.i.dfy(1358,8): Verification inconclusive (Impl$$BlockSystem.__default.CleanUpStepPreservesGraphs)
	/root/verichecks-worker/worker-dir/clones/0d24730bc2ea3e6ff799cef44e3cb93067ac3622/BlockCacheSystem/BlockSystem.i.dfy(1372,8): Verification inconclusive (Impl$$BlockSystem.__default.CleanUpStepPreservesInv)
	Prover error: Invalid PING response from the prover: unsat
	
	Prover error: Invalid PING response from the prover: unsat
	
	Prover error: Invalid PING response from the prover: unsat
	
	Prover error: Invalid PING response from the prover: unsat
	
	Prover error: Invalid PING response from the prover: unsat
	
	Prover error: Invalid PING response from the prover: unsat
	
	Prover error: Invalid PING response from the prover: unsat
	
	Prover error: Invalid PING response from the prover: unsat
	
	/root/verichecks-worker/worker-dir/clones/0d24730bc2ea3e6ff799cef44e3cb93067ac3622/BlockCacheSystem/BlockSystem.i.dfy(1386,8): Verification inconclusive (Impl$$BlockSystem.__default.NoOpStepPreservesGraphs)
	/root/verichecks-worker/worker-dir/clones/0d24730bc2ea3e6ff799cef44e3cb93067ac3622/BlockCacheSystem/BlockSystem.i.dfy(1407,8): Verification inconclusive (Impl$$BlockSystem.__default.NoOpStepPreservesInv)
	/root/verichecks-worker/worker-dir/clones/0d24730bc2ea3e6ff799cef44e3cb93067ac3622/BlockCacheSystem/BlockSystem.i.dfy(1420,8): Verification inconclusive (Impl$$BlockSystem.__default.MachineStepPreservesInv)
	/root/verichecks-worker/worker-dir/clones/0d24730bc2ea3e6ff799cef44e3cb93067ac3622/BlockCacheSystem/BlockSystem.i.dfy(1448,8): Verification inconclusive (Impl$$BlockSystem.__default.CrashPreservesGraphs)
	Prover error: Invalid PING response from the prover: unsat
	
	Prover error: Invalid PING response from the prover: unsat
	
	Prover error: Invalid PING response from the prover: unsat
	
	Prover error: Invalid PING response from the prover: unsat
	
	Prover error: Invalid PING response from the prover: unsat
	
	Prover error: Invalid PING response from the prover: unsat
	
	Prover error: Invalid PING response from the prover: unsat
	
	Prover error: Invalid PING response from the prover: unsat
	
	Prover error: Invalid PING response from the prover: unsat
	
	Prover error: Invalid PING response from the prover: unknown
	
	/root/verichecks-worker/worker-dir/clones/0d24730bc2ea3e6ff799cef44e3cb93067ac3622/BlockCacheSystem/BlockSystem.i.dfy(1515,8): Verification inconclusive (Impl$$BlockSystem.__default.CrashStepPreservesInv)
	/root/verichecks-worker/worker-dir/clones/0d24730bc2ea3e6ff799cef44e3cb93067ac3622/BlockCacheSystem/BlockSystem.i.dfy(1526,8): Verification inconclusive (Impl$$BlockSystem.__default.NextStepPreservesInv)
	/root/verichecks-worker/worker-dir/clones/0d24730bc2ea3e6ff799cef44e3cb93067ac3622/BlockCacheSystem/BlockSystem.i.dfy(1537,8): Verification inconclusive (Impl$$BlockSystem.__default.NextPreservesInv)
	/root/verichecks-worker/worker-dir/clones/0d24730bc2ea3e6ff799cef44e3cb93067ac3622/BlockCacheSystem/BlockSystem.i.dfy(1557,8): Verification inconclusive (CheckWellformed$$BlockSystem.__default.EphemeralGraphRead)
	/root/verichecks-worker/worker-dir/clones/0d24730bc2ea3e6ff799cef44e3cb93067ac3622/BlockCacheSystem/BlockSystem.i.dfy(1557,8): Verification inconclusive (Impl$$BlockSystem.__default.EphemeralGraphRead)
	/root/verichecks-worker/worker-dir/clones/0d24730bc2ea3e6ff799cef44e3cb93067ac3622/BlockCacheSystem/BlockSystem.i.dfy(1579,8): Verification inconclusive (CheckWellformed$$BlockSystem.__default.NewRequestReadNodeDoesntOverlap)
	Prover error: Invalid PING response from the prover: unsat
	
	Prover error: Invalid PING response from the prover: unsat
	
	Prover error: Invalid PING response from the prover: unsat
	
	Prover error: Invalid PING response from the prover: unsat
	
	Prover error: Invalid PING response from the prover: unsat
	
	Prover error: Invalid PING response from the prover: unsat
	
	Prover error: Invalid PING response from the prover: unsat
	
	/root/verichecks-worker/worker-dir/clones/0d24730bc2ea3e6ff799cef44e3cb93067ac3622/BlockCacheSystem/BlockSystem.i.dfy(1579,8): Verification inconclusive (Impl$$BlockSystem.__default.NewRequestReadNodeDoesntOverlap)
	/root/verichecks-worker/worker-dir/clones/0d24730bc2ea3e6ff799cef44e3cb93067ac3622/BlockCacheSystem/BlockSystem.i.dfy(1591,8): Verification inconclusive (CheckWellformed$$BlockSystem.__default.NewRequestReadIndirectionTableDoesntOverlap)
	/root/verichecks-worker/worker-dir/clones/0d24730bc2ea3e6ff799cef44e3cb93067ac3622/BlockCacheSystem/BlockSystem.i.dfy(1591,8): Verification inconclusive (Impl$$BlockSystem.__default.NewRequestReadIndirectionTableDoesntOverlap)
	/root/verichecks-worker/worker-dir/clones/0d24730bc2ea3e6ff799cef44e3cb93067ac3622/BlockCacheSystem/BlockSystem.i.dfy(1605,8): Verification inconclusive (CheckWellformed$$BlockSystem.__default.NewRequestWriteNodeDoesntOverlap)
	/root/verichecks-worker/worker-dir/clones/0d24730bc2ea3e6ff799cef44e3cb93067ac3622/BlockCacheSystem/BlockSystem.i.dfy(1605,8): Verification inconclusive (Impl$$BlockSystem.__default.NewRequestWriteNodeDoesntOverlap)
	/root/verichecks-worker/worker-dir/clones/0d24730bc2ea3e6ff799cef44e3cb93067ac3622/BlockCacheSystem/BlockSystem.i.dfy(1617,8): Verification inconclusive (CheckWellformed$$BlockSystem.__default.NewRequestWriteIndirectionTableDoesntOverlap)
	/root/verichecks-worker/worker-dir/clones/0d24730bc2ea3e6ff799cef44e3cb93067ac3622/BlockCacheSystem/BlockSystem.i.dfy(1617,8): Verification inconclusive (Impl$$BlockSystem.__default.NewRequestWriteIndirectionTableDoesntOverlap)
	/root/verichecks-worker/worker-dir/clones/0d24730bc2ea3e6ff799cef44e3cb93067ac3622/BlockCacheSystem/BlockSystem.i.dfy(1631,8): Verification inconclusive (CheckWellformed$$BlockSystem.__default.NewRequestWriteNodeDoesntOverlapRead)
	/root/verichecks-worker/worker-dir/clones/0d24730bc2ea3e6ff799cef44e3cb93067ac3622/BlockCacheSystem/BlockSystem.i.dfy(1631,8): Verification inconclusive (Impl$$BlockSystem.__default.NewRequestWriteNodeDoesntOverlapRead)
	/root/verichecks-worker/worker-dir/clones/0d24730bc2ea3e6ff799cef44e3cb93067ac3622/BlockCacheSystem/BlockSystem.i.dfy(1643,8): Verification inconclusive (CheckWellformed$$BlockSystem.__default.NewRequestWriteIndirectionTableDoesntOverlapRead)
	/root/verichecks-worker/worker-dir/clones/0d24730bc2ea3e6ff799cef44e3cb93067ac3622/BlockCacheSystem/BlockSystem.i.dfy(1643,8): Verification inconclusive (Impl$$BlockSystem.__default.NewRequestWriteIndirectionTableDoesntOverlapRead)
	/root/verichecks-worker/worker-dir/clones/0d24730bc2ea3e6ff799cef44e3cb93067ac3622/BlockCacheSystem/BlockSystem.i.dfy(1652,8): Verification inconclusive (CheckWellformed$$BlockSystem.__default.NewRequestReadNodeIsValid)
	/root/verichecks-worker/worker-dir/clones/0d24730bc2ea3e6ff799cef44e3cb93067ac3622/BlockCacheSystem/BlockSystem.i.dfy(1652,8): Verification inconclusive (Impl$$BlockSystem.__default.NewRequestReadNodeIsValid)
	/root/verichecks-worker/worker-dir/clones/0d24730bc2ea3e6ff799cef44e3cb93067ac3622/BlockCacheSystem/BlockSystem.i.dfy(1660,8): Verification inconclusive (CheckWellformed$$BlockSystem.__default.NewRequestReadIndirectionTableIsValid)
	/root/verichecks-worker/worker-dir/clones/0d24730bc2ea3e6ff799cef44e3cb93067ac3622/BlockCacheSystem/BlockSystem.i.dfy(1660,8): Verification inconclusive (Impl$$BlockSystem.__default.NewRequestReadIndirectionTableIsValid)
	
	Dafny program verifier finished with 66 verified, 0 errors, 60 inconclusives
	Command exited with non-zero status 4
	537.21user 6.55system 3:03.63elapsed 296%CPU (0avgtext+0avgdata 1689392maxresident)k
	0inputs+0outputs (0major+1761858minor)pagefaults 0swaps

./lib/Marshalling/GenericMarshalling.i.dfy
	/root/verichecks-worker/worker-dir/clones/0d24730bc2ea3e6ff799cef44e3cb93067ac3622/lib/Marshalling/../Base/sequences.i.dfy(587,18): Warning: /!\ No terms found to trigger on.
	/root/verichecks-worker/worker-dir/clones/0d24730bc2ea3e6ff799cef44e3cb93067ac3622/lib/Marshalling/GenericMarshalling.i.dfy(2044,76): Error: assertion violation
	Execution trace:
	    (0,0): anon0
	    /root/verichecks-worker/worker-dir/clones/0d24730bc2ea3e6ff799cef44e3cb93067ac3622/lib/Marshalling/GenericMarshalling.i.dfy(2032,5): anon9_Else
	    (0,0): anon10_Then
	    (0,0): anon5
	
	Dafny program verifier finished with 135 verified, 1 error
	Command exited with non-zero status 4
	75.03user 1.48system 0:28.68elapsed 266%CPU (0avgtext+0avgdata 442620maxresident)k
	0inputs+0outputs (0major+149669minor)pagefaults 0swaps

./lib/DataStructures/LinearContentMutableMap.i.dfy
	Prover error: Unexpected prover response (getting info about 'unknown' response): (:reason-unknown unknown)
	
	/root/verichecks-worker/worker-dir/clones/0d24730bc2ea3e6ff799cef44e3cb93067ac3622/lib/DataStructures/LinearContentMutableMap.i.dfy(173,9): Verification inconclusive (Impl$$LinearContentMutableMap.__default.Probe)
	/root/verichecks-worker/worker-dir/clones/0d24730bc2ea3e6ff799cef44e3cb93067ac3622/lib/DataStructures/LinearContentMutableMap.i.dfy(591,9): Verification inconclusive (Impl$$LinearContentMutableMap.__default.Realloc)
	Prover error: Invalid PING response from the prover: unknown
	
	/root/verichecks-worker/worker-dir/clones/0d24730bc2ea3e6ff799cef44e3cb93067ac3622/lib/DataStructures/LinearContentMutableMap.i.dfy(741,9): Verification inconclusive (CheckWellformed$$LinearContentMutableMap.__default.Get)
	
	Dafny program verifier finished with 46 verified, 0 errors, 3 inconclusives
	Command exited with non-zero status 4
	73.18user 1.09system 0:35.23elapsed 210%CPU (0avgtext+0avgdata 355972maxresident)k
	0inputs+0outputs (0major+174730minor)pagefaults 0swaps

./Impl/SplitImpl.i.dfy
	Prover error: Unexpected prover response (getting info about 'unknown' response): (:reason-unknown unknown)
	
	/root/verichecks-worker/worker-dir/clones/0d24730bc2ea3e6ff799cef44e3cb93067ac3622/Impl/SplitImpl.i.dfy(71,9): Verification out of resource (Impl$$SplitImpl.__default.splitBookkeeping)
	/root/verichecks-worker/worker-dir/clones/0d24730bc2ea3e6ff799cef44e3cb93067ac3622/Impl/SplitImpl.i.dfy(150,9): Verification inconclusive (Impl$$SplitImpl.__default.splitDoChanges)
	/root/verichecks-worker/worker-dir/clones/0d24730bc2ea3e6ff799cef44e3cb93067ac3622/Impl/SplitImpl.i.dfy(341,9): Verification inconclusive (Impl$$SplitImpl.__default.split)
	
	Dafny program verifier finished with 11 verified, 0 errors, 2 inconclusives
	Command exited with non-zero status 4
	106.77user 1.98system 0:47.97elapsed 226%CPU (0avgtext+0avgdata 1798924maxresident)k
	0inputs+0outputs (0major+647823minor)pagefaults 0swaps

./lib/Buckets/PackedKV.i.dfy
	/root/verichecks-worker/worker-dir/clones/0d24730bc2ea3e6ff799cef44e3cb93067ac3622/lib/Buckets/../Base/sequences.i.dfy(587,18): Warning: /!\ No terms found to trigger on.
	/root/verichecks-worker/worker-dir/clones/0d24730bc2ea3e6ff799cef44e3cb93067ac3622/lib/Buckets/../Base/Sets.i.dfy(37,4): Warning: /!\ No terms found to trigger on.
	/root/verichecks-worker/worker-dir/clones/0d24730bc2ea3e6ff799cef44e3cb93067ac3622/lib/Buckets/PackedKV.i.dfy(1059,10): Warning: /!\ No terms found to trigger on.
	/root/verichecks-worker/worker-dir/clones/0d24730bc2ea3e6ff799cef44e3cb93067ac3622/lib/Buckets/PackedKV.i.dfy(1077,10): Warning: /!\ No terms found to trigger on.
	Prover error: Unexpected prover response (getting info about 'unknown' response): (:reason-unknown unknown)
	
	/root/verichecks-worker/worker-dir/clones/0d24730bc2ea3e6ff799cef44e3cb93067ac3622/lib/Buckets/PackedKV.i.dfy(724,11): Verification inconclusive (Impl$$DynamicPkv.DynamicPkv.AppendPkv)
	Prover error: Invalid PING response from the prover: unsat
	
	Prover error: Invalid PING response from the prover: unsat
	
	Prover error: Invalid PING response from the prover: unsat
	
	Prover error: Invalid PING response from the prover: unsat
	
	/root/verichecks-worker/worker-dir/clones/0d24730bc2ea3e6ff799cef44e3cb93067ac3622/lib/Buckets/PackedKV.i.dfy(845,9): Verification out of resource (Impl$$DynamicPkv.__default.MergeToOneChild)
	/root/verichecks-worker/worker-dir/clones/0d24730bc2ea3e6ff799cef44e3cb93067ac3622/lib/Buckets/PackedKV.i.dfy(1073,8): Verification inconclusive (CheckWellformed$$DynamicPkv.__default.WeightPKVArrayPushBack)
	/root/verichecks-worker/worker-dir/clones/0d24730bc2ea3e6ff799cef44e3cb93067ac3622/lib/Buckets/PackedKV.i.dfy(1091,9): Verification inconclusive (CheckWellformed$$DynamicPkv.__default.MergeToChildrenIter)
	/root/verichecks-worker/worker-dir/clones/0d24730bc2ea3e6ff799cef44e3cb93067ac3622/lib/Buckets/PackedKV.i.dfy(1091,9): Verification out of resource (Impl$$DynamicPkv.__default.MergeToChildrenIter)
	/root/verichecks-worker/worker-dir/clones/0d24730bc2ea3e6ff799cef44e3cb93067ac3622/lib/Buckets/PackedKV.i.dfy(1204,9): Verification inconclusive (Impl$$DynamicPkv.__default.computePivotIndexes)
	/root/verichecks-worker/worker-dir/clones/0d24730bc2ea3e6ff799cef44e3cb93067ac3622/lib/Buckets/PackedKV.i.dfy(1227,9): Verification inconclusive (Impl$$DynamicPkv.__default.MergeToChildren)
	/root/verichecks-worker/worker-dir/clones/0d24730bc2ea3e6ff799cef44e3cb93067ac3622/lib/Buckets/PackedKV.i.dfy(1272,9): Verification inconclusive (Impl$$DynamicPkv.__default.PartialFlush)
	
	Dafny program verifier finished with 82 verified, 0 errors, 6 inconclusives
	Command exited with non-zero status 4
	156.33user 2.58system 1:02.82elapsed 252%CPU (0avgtext+0avgdata 807112maxresident)k
	0inputs+0outputs (0major+505247minor)pagefaults 0swaps

./Betree/BetreeInv.i.dfy
	/root/verichecks-worker/worker-dir/clones/0d24730bc2ea3e6ff799cef44e3cb93067ac3622/Betree/../lib/Base/sequences.i.dfy(587,18): Warning: /!\ No terms found to trigger on.
	/root/verichecks-worker/worker-dir/clones/0d24730bc2ea3e6ff799cef44e3cb93067ac3622/Betree/BetreeInv.i.dfy(346,8): Verification out of resource (Impl$$BetreeInv.__default.RedirectOnlyPredOfChildIsParent)
	/root/verichecks-worker/worker-dir/clones/0d24730bc2ea3e6ff799cef44e3cb93067ac3622/Betree/BetreeInv.i.dfy(376,8): Verification out of resource (Impl$$BetreeInv.__default.RedirectPreservesAcyclic)
	/root/verichecks-worker/worker-dir/clones/0d24730bc2ea3e6ff799cef44e3cb93067ac3622/Betree/BetreeInv.i.dfy(562,8): Verification out of resource (Impl$$BetreeInv.__default.FlushPreservesLookups)
	Prover error: Unexpected prover response (getting info about 'unknown' response): (:reason-unknown unknown)
	
	/root/verichecks-worker/worker-dir/clones/0d24730bc2ea3e6ff799cef44e3cb93067ac3622/Betree/BetreeInv.i.dfy(654,8): Verification inconclusive (Impl$$BetreeInv.__default.RedirectPreservesLookups)
	Prover error: Invalid PING response from the prover: unsat
	
	Prover error: Invalid PING response from the prover: unsat
	
	Prover error: Unexpected prover response (getting info about 'unknown' response): (:reason-unknown unknown)
	
	/root/verichecks-worker/worker-dir/clones/0d24730bc2ea3e6ff799cef44e3cb93067ac3622/Betree/BetreeInv.i.dfy(859,8): Verification inconclusive (Impl$$BetreeInv.__default.GrowStepPreservesInvariant)
	/root/verichecks-worker/worker-dir/clones/0d24730bc2ea3e6ff799cef44e3cb93067ac3622/Betree/BetreeInv.i.dfy(921,8): Verification inconclusive (Impl$$BetreeInv.__default.GCStepPreservesAcyclicity)
	/root/verichecks-worker/worker-dir/clones/0d24730bc2ea3e6ff799cef44e3cb93067ac3622/Betree/BetreeInv.i.dfy(945,8): Verification inconclusive (Impl$$BetreeInv.__default.GCStepPreservesInvariant)
	/root/verichecks-worker/worker-dir/clones/0d24730bc2ea3e6ff799cef44e3cb93067ac3622/Betree/BetreeInv.i.dfy(972,8): Verification inconclusive (Impl$$BetreeInv.__default.NextStepPreservesInvariant)
	
	Dafny program verifier finished with 59 verified, 0 errors, 5 inconclusives
	Command exited with non-zero status 4
	181.83user 1.98system 1:05.05elapsed 282%CPU (0avgtext+0avgdata 558392maxresident)k
	0inputs+0outputs (0major+424590minor)pagefaults 0swaps

./PivotBetree/PivotBetreeSpecRefinement.i.dfy
	Prover error: Unexpected prover response (getting info about 'unknown' response): (:reason-unknown unknown)
	
	/root/verichecks-worker/worker-dir/clones/0d24730bc2ea3e6ff799cef44e3cb93067ac3622/PivotBetree/PivotBetreeSpecRefinement.i.dfy(450,8): Verification inconclusive (Impl$$PivotBetreeSpecRefinement.__default.InRangeImpliesValidLookup)
	Prover error: Invalid PING response from the prover: unsat
	
	Prover error: Invalid PING response from the prover: unsat
	
	Prover error: Invalid PING response from the prover: unsat
	
	Prover error: Unexpected prover response (getting info about 'unknown' response): (:reason-unknown unknown)
	
	/root/verichecks-worker/worker-dir/clones/0d24730bc2ea3e6ff799cef44e3cb93067ac3622/PivotBetree/PivotBetreeSpecRefinement.i.dfy(669,8): Verification inconclusive (Impl$$PivotBetreeSpecRefinement.__default.RefinesValidFlush)
	/root/verichecks-worker/worker-dir/clones/0d24730bc2ea3e6ff799cef44e3cb93067ac3622/PivotBetree/PivotBetreeSpecRefinement.i.dfy(814,8): Verification inconclusive (CheckWellformed$$PivotBetreeSpecRefinement.__default.MergedNodeAndLeftAgree)
	/root/verichecks-worker/worker-dir/clones/0d24730bc2ea3e6ff799cef44e3cb93067ac3622/PivotBetree/PivotBetreeSpecRefinement.i.dfy(832,8): Verification inconclusive (Impl$$PivotBetreeSpecRefinement.__default.MergedNodeAndRightAgree)
	/root/verichecks-worker/worker-dir/clones/0d24730bc2ea3e6ff799cef44e3cb93067ac3622/PivotBetree/PivotBetreeSpecRefinement.i.dfy(861,8): Verification inconclusive (CheckWellformed$$PivotBetreeSpecRefinement.__default.ValidRightChildHasGoodPivots)
	/root/verichecks-worker/worker-dir/clones/0d24730bc2ea3e6ff799cef44e3cb93067ac3622/PivotBetree/PivotBetreeSpecRefinement.i.dfy(868,8): Verification inconclusive (Impl$$PivotBetreeSpecRefinement.__default.ValidMergeChildHasGoodPivots)
	Prover error: Invalid PING response from the prover: unsat
	
	/root/verichecks-worker/worker-dir/clones/0d24730bc2ea3e6ff799cef44e3cb93067ac3622/PivotBetree/PivotBetreeSpecRefinement.i.dfy(927,8): Verification inconclusive (CheckWellformed$$PivotBetreeSpecRefinement.__default.MergeRouteNewChild)
	Prover error: Invalid PING response from the prover: unsat
	
	/root/verichecks-worker/worker-dir/clones/0d24730bc2ea3e6ff799cef44e3cb93067ac3622/PivotBetree/PivotBetreeSpecRefinement.i.dfy(950,8): Verification inconclusive (CheckWellformed$$PivotBetreeSpecRefinement.__default.MergeChildrenConsistent)
	Prover error: Invalid PING response from the prover: unsat
	
	Prover error: Invalid PING response from the prover: unsat
	
	Prover error: Invalid PING response from the prover: unsat
	
	/root/verichecks-worker/worker-dir/clones/0d24730bc2ea3e6ff799cef44e3cb93067ac3622/PivotBetree/PivotBetreeSpecRefinement.i.dfy(989,8): Verification inconclusive (CheckWellformed$$PivotBetreeSpecRefinement.__default.RefinesValidMerge)
	Prover error: Invalid PING response from the prover: unsat
	
	Prover error: Invalid PING response from the prover: unsat
	
	Prover error: Invalid PING response from the prover: unsat
	
	Prover error: Invalid PING response from the prover: unsat
	
	Prover error: Invalid PING response from the prover: unsat
	
	Prover error: Invalid PING response from the prover: unsat
	
	Prover error: Unexpected prover response (getting info about 'unknown' response): (:reason-unknown unknown)
	
	/root/verichecks-worker/worker-dir/clones/0d24730bc2ea3e6ff799cef44e3cb93067ac3622/PivotBetree/PivotBetreeSpecRefinement.i.dfy(989,8): Verification inconclusive (Impl$$PivotBetreeSpecRefinement.__default.RefinesValidMerge)
	/root/verichecks-worker/worker-dir/clones/0d24730bc2ea3e6ff799cef44e3cb93067ac3622/PivotBetree/PivotBetreeSpecRefinement.i.dfy(1065,8): Verification inconclusive (CheckWellformed$$PivotBetreeSpecRefinement.__default.SplitChildrenConsistent)
	/root/verichecks-worker/worker-dir/clones/0d24730bc2ea3e6ff799cef44e3cb93067ac3622/PivotBetree/PivotBetreeSpecRefinement.i.dfy(1065,8): Verification inconclusive (Impl$$PivotBetreeSpecRefinement.__default.SplitChildrenConsistent)
	/root/verichecks-worker/worker-dir/clones/0d24730bc2ea3e6ff799cef44e3cb93067ac3622/PivotBetree/PivotBetreeSpecRefinement.i.dfy(1111,8): Verification inconclusive (CheckWellformed$$PivotBetreeSpecRefinement.__default.SplitRouteNewChild)
	/root/verichecks-worker/worker-dir/clones/0d24730bc2ea3e6ff799cef44e3cb93067ac3622/PivotBetree/PivotBetreeSpecRefinement.i.dfy(1111,8): Verification inconclusive (Impl$$PivotBetreeSpecRefinement.__default.SplitRouteNewChild)
	/root/verichecks-worker/worker-dir/clones/0d24730bc2ea3e6ff799cef44e3cb93067ac3622/PivotBetree/PivotBetreeSpecRefinement.i.dfy(1149,8): Verification inconclusive (CheckWellformed$$PivotBetreeSpecRefinement.__default.RefinesValidSplit)
	Prover error: Invalid PING response from the prover: unsat
	
	Prover error: Invalid PING response from the prover: unsat
	
	Prover error: Invalid PING response from the prover: unsat
	
	Prover error: Unexpected prover response (getting info about 'unknown' response): (:reason-unknown unknown)
	
	/root/verichecks-worker/worker-dir/clones/0d24730bc2ea3e6ff799cef44e3cb93067ac3622/PivotBetree/PivotBetreeSpecRefinement.i.dfy(1149,8): Verification inconclusive (Impl$$PivotBetreeSpecRefinement.__default.RefinesValidSplit)
	/root/verichecks-worker/worker-dir/clones/0d24730bc2ea3e6ff799cef44e3cb93067ac3622/PivotBetree/PivotBetreeSpecRefinement.i.dfy(1200,8): Verification inconclusive (CheckWellformed$$PivotBetreeSpecRefinement.__default.RefinesValidBetreeStep)
	/root/verichecks-worker/worker-dir/clones/0d24730bc2ea3e6ff799cef44e3cb93067ac3622/PivotBetree/PivotBetreeSpecRefinement.i.dfy(1200,8): Verification inconclusive (Impl$$PivotBetreeSpecRefinement.__default.RefinesValidBetreeStep)
	/root/verichecks-worker/worker-dir/clones/0d24730bc2ea3e6ff799cef44e3cb93067ac3622/PivotBetree/PivotBetreeSpecRefinement.i.dfy(1227,27): Verification inconclusive (CheckWellformed$$PivotBetreeSpecRefinement.__default.RefinesReadOps)
	/root/verichecks-worker/worker-dir/clones/0d24730bc2ea3e6ff799cef44e3cb93067ac3622/PivotBetree/PivotBetreeSpecRefinement.i.dfy(1227,27): Verification inconclusive (Impl$$PivotBetreeSpecRefinement.__default.RefinesReadOps)
	Prover error: Invalid PING response from the prover: unsat
	
	Prover error: Invalid PING response from the prover: unsat
	
	Prover error: Invalid PING response from the prover: unsat
	
	Prover error: Invalid PING response from the prover: unsat
	
	Prover error: Invalid PING response from the prover: unsat
	
	Prover error: Invalid PING response from the prover: unsat
	
	Prover error: Invalid PING response from the prover: unsat
	
	Prover error: Invalid PING response from the prover: unsat
	
	Prover error: Invalid PING response from the prover: unknown
	
	Prover error: Invalid PING response from the prover: unsat
	
	Prover error: Invalid PING response from the prover: unsat
	
	/root/verichecks-worker/worker-dir/clones/0d24730bc2ea3e6ff799cef44e3cb93067ac3622/PivotBetree/PivotBetreeSpecRefinement.i.dfy(1239,11): Verification inconclusive (CheckWellformed$$PivotBetreeSpecRefinement.__default.IOp)
	/root/verichecks-worker/worker-dir/clones/0d24730bc2ea3e6ff799cef44e3cb93067ac3622/PivotBetree/PivotBetreeSpecRefinement.i.dfy(1248,11): Verification inconclusive (CheckWellformed$$PivotBetreeSpecRefinement.__default.IOps)
	/root/verichecks-worker/worker-dir/clones/0d24730bc2ea3e6ff799cef44e3cb93067ac3622/PivotBetree/PivotBetreeSpecRefinement.i.dfy(1255,8): Verification inconclusive (CheckWellformed$$PivotBetreeSpecRefinement.__default.InsertRefinesOps)
	/root/verichecks-worker/worker-dir/clones/0d24730bc2ea3e6ff799cef44e3cb93067ac3622/PivotBetree/PivotBetreeSpecRefinement.i.dfy(1255,8): Verification inconclusive (Impl$$PivotBetreeSpecRefinement.__default.InsertRefinesOps)
	/root/verichecks-worker/worker-dir/clones/0d24730bc2ea3e6ff799cef44e3cb93067ac3622/PivotBetree/PivotBetreeSpecRefinement.i.dfy(1299,8): Verification inconclusive (CheckWellformed$$PivotBetreeSpecRefinement.__default.AddMessagesToNodeResult)
	/root/verichecks-worker/worker-dir/clones/0d24730bc2ea3e6ff799cef44e3cb93067ac3622/PivotBetree/PivotBetreeSpecRefinement.i.dfy(1299,8): Verification inconclusive (Impl$$PivotBetreeSpecRefinement.__default.AddMessagesToNodeResult)
	/root/verichecks-worker/worker-dir/clones/0d24730bc2ea3e6ff799cef44e3cb93067ac3622/PivotBetree/PivotBetreeSpecRefinement.i.dfy(1320,23): Verification inconclusive (CheckWellformed$$PivotBetreeSpecRefinement.__default.FlushRefinesOps)
	/root/verichecks-worker/worker-dir/clones/0d24730bc2ea3e6ff799cef44e3cb93067ac3622/PivotBetree/PivotBetreeSpecRefinement.i.dfy(1320,23): Verification inconclusive (Impl$$PivotBetreeSpecRefinement.__default.FlushRefinesOps)
	/root/verichecks-worker/worker-dir/clones/0d24730bc2ea3e6ff799cef44e3cb93067ac3622/PivotBetree/PivotBetreeSpecRefinement.i.dfy(1331,23): Verification inconclusive (CheckWellformed$$PivotBetreeSpecRefinement.__default.GrowRefinesOps)
	/root/verichecks-worker/worker-dir/clones/0d24730bc2ea3e6ff799cef44e3cb93067ac3622/PivotBetree/PivotBetreeSpecRefinement.i.dfy(1331,23): Verification inconclusive (Impl$$PivotBetreeSpecRefinement.__default.GrowRefinesOps)
	/root/verichecks-worker/worker-dir/clones/0d24730bc2ea3e6ff799cef44e3cb93067ac3622/PivotBetree/PivotBetreeSpecRefinement.i.dfy(1357,23): Verification inconclusive (CheckWellformed$$PivotBetreeSpecRefinement.__default.SplitRefinesOps)
	/root/verichecks-worker/worker-dir/clones/0d24730bc2ea3e6ff799cef44e3cb93067ac3622/PivotBetree/PivotBetreeSpecRefinement.i.dfy(1357,23): Verification inconclusive (Impl$$PivotBetreeSpecRefinement.__default.SplitRefinesOps)
	/root/verichecks-worker/worker-dir/clones/0d24730bc2ea3e6ff799cef44e3cb93067ac3622/PivotBetree/PivotBetreeSpecRefinement.i.dfy(1393,23): Verification inconclusive (CheckWellformed$$PivotBetreeSpecRefinement.__default.MergeRefinesOps)
	/root/verichecks-worker/worker-dir/clones/0d24730bc2ea3e6ff799cef44e3cb93067ac3622/PivotBetree/PivotBetreeSpecRefinement.i.dfy(1393,23): Verification inconclusive (Impl$$PivotBetreeSpecRefinement.__default.MergeRefinesOps)
	/root/verichecks-worker/worker-dir/clones/0d24730bc2ea3e6ff799cef44e3cb93067ac3622/PivotBetree/PivotBetreeSpecRefinement.i.dfy(1409,23): Verification inconclusive (CheckWellformed$$PivotBetreeSpecRefinement.__default.RefinesOps)
	Prover error: Invalid PING response from the prover: unsat
	
	/root/verichecks-worker/worker-dir/clones/0d24730bc2ea3e6ff799cef44e3cb93067ac3622/PivotBetree/PivotBetreeSpecRefinement.i.dfy(1409,23): Verification inconclusive (Impl$$PivotBetreeSpecRefinement.__default.RefinesOps)
	/root/verichecks-worker/worker-dir/clones/0d24730bc2ea3e6ff799cef44e3cb93067ac3622/PivotBetree/PivotBetreeSpecRefinement.i.dfy(1470,8): Verification inconclusive (CheckWellformed$$PivotBetreeSpecRefinement.__default.RepivotPreservesNode)
	Prover error: Invalid PING response from the prover: unsat
	
	/root/verichecks-worker/worker-dir/clones/0d24730bc2ea3e6ff799cef44e3cb93067ac3622/PivotBetree/PivotBetreeSpecRefinement.i.dfy(1470,8): Verification inconclusive (Impl$$PivotBetreeSpecRefinement.__default.RepivotPreservesNode)
	
	Dafny program verifier finished with 68 verified, 0 errors, 38 inconclusives
	Command exited with non-zero status 4
	260.34user 3.61system 1:34.94elapsed 278%CPU (0avgtext+0avgdata 1137656maxresident)k
	0inputs+0outputs (0major+908565minor)pagefaults 0swaps

