./PivotBetree/PivotBetreeSpecWFNodes.i.dfy
	/root/verichecks-worker/worker-dir/clones/6acb742f838c7c3a76013928747ad212ee6f8ae7/PivotBetree/PivotBetreeSpecWFNodes.i.dfy(336,41): Error: A precondition for this call might not hold.
	/root/verichecks-worker/worker-dir/clones/6acb742f838c7c3a76013928747ad212ee6f8ae7/PivotBetree/../lib/Buckets/BucketsLib.i.dfy(635,11): Related location: This is the precondition that might not hold.
	/root/verichecks-worker/worker-dir/clones/6acb742f838c7c3a76013928747ad212ee6f8ae7/PivotBetree/../lib/Buckets/BucketsLib.i.dfy(635,48): Related location
	Execution trace:
	    (0,0): anon0
	    /root/verichecks-worker/worker-dir/clones/6acb742f838c7c3a76013928747ad212ee6f8ae7/PivotBetree/PivotBetreeSpecWFNodes.i.dfy(325,5): anon7_Else
	/root/verichecks-worker/worker-dir/clones/6acb742f838c7c3a76013928747ad212ee6f8ae7/PivotBetree/PivotBetreeSpecWFNodes.i.dfy(336,41): Error: A precondition for this call might not hold.
	/root/verichecks-worker/worker-dir/clones/6acb742f838c7c3a76013928747ad212ee6f8ae7/PivotBetree/../lib/Buckets/BucketsLib.i.dfy(636,80): Related location: This is the precondition that might not hold.
	/root/verichecks-worker/worker-dir/clones/6acb742f838c7c3a76013928747ad212ee6f8ae7/PivotBetree/../lib/Buckets/../Base/total_order.i.dfy[Upperbounded_Lexicographic_Byte_Order](820,6): Related location
	Execution trace:
	    (0,0): anon0
	    /root/verichecks-worker/worker-dir/clones/6acb742f838c7c3a76013928747ad212ee6f8ae7/PivotBetree/PivotBetreeSpecWFNodes.i.dfy(325,5): anon7_Else
	
	Dafny program verifier finished with 51 verified, 2 errors
	Command exited with non-zero status 4
	78.78user 1.65system 0:35.43elapsed 227%CPU (0avgtext+0avgdata 928488maxresident)k
	0inputs+0outputs (0major+374882minor)pagefaults 0swaps

./lib/DataStructures/KMBtree.i.dfy
	Prover error: line 122207 column 20: Expected values for parameter rlimit is an unsigned integer. It was given argument '-156856704'
	
	Prover error: Prover died
	
	/root/verichecks-worker/worker-dir/clones/6acb742f838c7c3a76013928747ad212ee6f8ae7/lib/DataStructures/BtreeModel.i.dfy[KMBtreeModel](348,33): Verification inconclusive (Impl$$KMBtreeModel.__default.SplitLeafInterpretation)
	/root/verichecks-worker/worker-dir/clones/6acb742f838c7c3a76013928747ad212ee6f8ae7/lib/DataStructures/BtreeModel.i.dfy[KMBtreeModel](437,8): Verification inconclusive (Impl$$KMBtreeModel.__default.SplitIndexPreservesWF)
	Prover error: Invalid PING response from the prover: unsat
	
	/root/verichecks-worker/worker-dir/clones/6acb742f838c7c3a76013928747ad212ee6f8ae7/lib/DataStructures/BtreeModel.i.dfy[KMBtreeModel](526,8): Verification inconclusive (Impl$$KMBtreeModel.__default.SplitNodePreservesWF)
	Prover error: Invalid PING response from the prover: unsat
	
	/root/verichecks-worker/worker-dir/clones/6acb742f838c7c3a76013928747ad212ee6f8ae7/lib/DataStructures/BtreeModel.i.dfy[KMBtreeModel](581,8): Verification inconclusive (Impl$$KMBtreeModel.__default.SplitIndexAllKeys)
	Prover error: Invalid PING response from the prover: unsat
	
	/root/verichecks-worker/worker-dir/clones/6acb742f838c7c3a76013928747ad212ee6f8ae7/lib/DataStructures/BtreeModel.i.dfy[KMBtreeModel](714,8): Verification inconclusive (Impl$$KMBtreeModel.__default.SplitChildOfIndexPreservesAllKeys)
	Prover error: Invalid PING response from the prover: unsat
	
	/root/verichecks-worker/worker-dir/clones/6acb742f838c7c3a76013928747ad212ee6f8ae7/lib/DataStructures/BtreeModel.i.dfy[KMBtreeModel](838,11): Verification inconclusive (CheckWellformed$$KMBtreeModel.__default.InsertLeaf)
	Prover error: Invalid PING response from the prover: unsat
	
	/root/verichecks-worker/worker-dir/clones/6acb742f838c7c3a76013928747ad212ee6f8ae7/lib/DataStructures/BtreeModel.i.dfy[KMBtreeModel](965,8): Verification inconclusive (Impl$$KMBtreeModel.__default.GrowPreservesWF)
	Prover error: Invalid PING response from the prover: unsat
	
	/root/verichecks-worker/worker-dir/clones/6acb742f838c7c3a76013928747ad212ee6f8ae7/lib/DataStructures/BtreeModel.i.dfy[KMBtreeModel](1009,11): Verification inconclusive (CheckWellformed$$KMBtreeModel.__default.NumElementsOfChildren)
	Prover error: Invalid PING response from the prover: unsat
	
	/root/verichecks-worker/worker-dir/clones/6acb742f838c7c3a76013928747ad212ee6f8ae7/lib/DataStructures/BtreeModel.i.dfy[KMBtreeModel](1052,8): Verification inconclusive (Impl$$KMBtreeModel.__default.InterpretationsDisjointUnion)
	Prover error: Invalid PING response from the prover: unsat
	
	/root/verichecks-worker/worker-dir/clones/6acb742f838c7c3a76013928747ad212ee6f8ae7/lib/DataStructures/BtreeModel.i.dfy[KMBtreeModel](1171,8): Verification inconclusive (Impl$$KMBtreeModel.__default.NumElementsOfChildrenNotZero)
	Prover error: Invalid PING response from the prover: unsat
	
	/root/verichecks-worker/worker-dir/clones/6acb742f838c7c3a76013928747ad212ee6f8ae7/lib/DataStructures/BtreeModel.i.dfy[KMBtreeModel](1258,8): Verification inconclusive (Impl$$KMBtreeModel.__default.ToSeqLength)
	Prover error: Invalid PING response from the prover: unsat
	
	/root/verichecks-worker/worker-dir/clones/6acb742f838c7c3a76013928747ad212ee6f8ae7/lib/DataStructures/BtreeModel.i.dfy[KMBtreeModel](1325,8): Verification inconclusive (Impl$$KMBtreeModel.__default.ToSeqInInterpretation)
	
	Dafny program verifier finished with 111 verified, 0 errors, 12 inconclusives
	Command exited with non-zero status 4
	98.93user 2.29system 0:39.17elapsed 258%CPU (0avgtext+0avgdata 707256maxresident)k
	0inputs+0outputs (0major+334800minor)pagefaults 0swaps

./lib/DataStructures/LinearContentMutableMap.i.dfy
	Prover error: Unexpected prover response (getting info about 'unknown' response): (:reason-unknown unknown)
	
	/root/verichecks-worker/worker-dir/clones/6acb742f838c7c3a76013928747ad212ee6f8ae7/lib/DataStructures/LinearContentMutableMap.i.dfy(173,9): Verification inconclusive (Impl$$LinearContentMutableMap.__default.Probe)
	Prover error: Invalid PING response from the prover: unsat
	
	Prover error: Invalid PING response from the prover: unsat
	
	Prover error: Unexpected prover response (getting info about 'unknown' response): (:reason-unknown unknown)
	
	/root/verichecks-worker/worker-dir/clones/6acb742f838c7c3a76013928747ad212ee6f8ae7/lib/DataStructures/LinearContentMutableMap.i.dfy(591,9): Verification inconclusive (Impl$$LinearContentMutableMap.__default.Realloc)
	/root/verichecks-worker/worker-dir/clones/6acb742f838c7c3a76013928747ad212ee6f8ae7/lib/DataStructures/LinearContentMutableMap.i.dfy(703,9): Verification inconclusive (CheckWellformed$$LinearContentMutableMap.__default.Remove)
	/root/verichecks-worker/worker-dir/clones/6acb742f838c7c3a76013928747ad212ee6f8ae7/lib/DataStructures/LinearContentMutableMap.i.dfy(741,9): Verification inconclusive (CheckWellformed$$LinearContentMutableMap.__default.Get)
	/root/verichecks-worker/worker-dir/clones/6acb742f838c7c3a76013928747ad212ee6f8ae7/lib/DataStructures/LinearContentMutableMap.i.dfy(741,9): Verification inconclusive (Impl$$LinearContentMutableMap.__default.Get)
	
	Dafny program verifier finished with 44 verified, 0 errors, 5 inconclusives
	Command exited with non-zero status 4
	75.55user 1.15system 0:33.89elapsed 226%CPU (0avgtext+0avgdata 348152maxresident)k
	0inputs+0outputs (0major+170930minor)pagefaults 0swaps

./Impl/IndirectionTable.i.dfy
	Prover error: Unexpected prover response (getting info about 'unknown' response): (:reason-unknown unknown)
	
	/root/verichecks-worker/worker-dir/clones/6acb742f838c7c3a76013928747ad212ee6f8ae7/Impl/IndirectionTable.i.dfy(938,24): Verification inconclusive (Impl$$IndirectionTable.IndirectionTable.UpdateAndRemoveLoc)
	/root/verichecks-worker/worker-dir/clones/6acb742f838c7c3a76013928747ad212ee6f8ae7/Impl/IndirectionTable.i.dfy(1287,17): Verification inconclusive (Impl$$IndirectionTable.IndirectionTable.LemmaPredecessorSetRestrictedPartialAdd1Self)
	Prover error: Invalid PING response from the prover: unsat
	
	/root/verichecks-worker/worker-dir/clones/6acb742f838c7c3a76013928747ad212ee6f8ae7/Impl/IndirectionTable.i.dfy(1310,18): Verification inconclusive (Impl$$IndirectionTable.IndirectionTable.ComputeRefCountsInnerLoop)
	Prover error: Invalid PING response from the prover: unknown
	
	/root/verichecks-worker/worker-dir/clones/6acb742f838c7c3a76013928747ad212ee6f8ae7/Impl/IndirectionTable.i.dfy(1465,18): Verification inconclusive (Impl$$IndirectionTable.IndirectionTable.MakeGarbageQueue)
	Prover error: Invalid PING response from the prover: unsat
	
	Prover error: Invalid PING response from the prover: unsat
	
	Prover error: Invalid PING response from the prover: unsat
	
	Prover error: Invalid PING response from the prover: unsat
	
	Prover error: Invalid PING response from the prover: unsat
	
	Prover error: Unexpected prover response (getting info about 'unknown' response): (:reason-unknown unknown)
	
	/root/verichecks-worker/worker-dir/clones/6acb742f838c7c3a76013928747ad212ee6f8ae7/Impl/IndirectionTable.i.dfy(1613,43): Verification inconclusive (Impl$$IndirectionTable.IndirectionTable.IndirectionTableToVal)
	/root/verichecks-worker/worker-dir/clones/6acb742f838c7c3a76013928747ad212ee6f8ae7/Impl/IndirectionTable.i.dfy(2020,14): Verification inconclusive (CheckWellformed$$IndirectionTable.IndirectionTable.deallocable)
	/root/verichecks-worker/worker-dir/clones/6acb742f838c7c3a76013928747ad212ee6f8ae7/Impl/IndirectionTable.i.dfy(2027,18): Verification inconclusive (Impl$$IndirectionTable.IndirectionTable.FindDeallocable)
	/root/verichecks-worker/worker-dir/clones/6acb742f838c7c3a76013928747ad212ee6f8ae7/Impl/IndirectionTable.i.dfy(2070,24): Verification inconclusive (Impl$$IndirectionTable.IndirectionTable.FindRefWithNoLoc)
	/root/verichecks-worker/worker-dir/clones/6acb742f838c7c3a76013928747ad212ee6f8ae7/Impl/IndirectionTable.i.dfy(2120,18): Verification inconclusive (Impl$$IndirectionTable.IndirectionTable.GetRefUpperBound)
	/root/verichecks-worker/worker-dir/clones/6acb742f838c7c3a76013928747ad212ee6f8ae7/Impl/IndirectionTable.i.dfy(68,11): Verification inconclusive (CheckWellformed$$IndirectionTable.__default.MapGraph)
	Prover error: Invalid PING response from the prover: unsat
	
	/root/verichecks-worker/worker-dir/clones/6acb742f838c7c3a76013928747ad212ee6f8ae7/Impl/IndirectionTable.i.dfy(90,11): Verification inconclusive (CheckWellformed$$IndirectionTable.__default.PredecessorSetRestricted)
	/root/verichecks-worker/worker-dir/clones/6acb742f838c7c3a76013928747ad212ee6f8ae7/Impl/IndirectionTable.i.dfy(100,12): Verification inconclusive (CheckWellformed$$IndirectionTable.__default.GraphClosedRestricted)
	Prover error: Invalid PING response from the prover: unsat
	
	Prover error: Invalid PING response from the prover: unsat
	
	/root/verichecks-worker/worker-dir/clones/6acb742f838c7c3a76013928747ad212ee6f8ae7/Impl/IndirectionTable.i.dfy(115,11): Verification inconclusive (CheckWellformed$$IndirectionTable.__default.IsRoot)
	/root/verichecks-worker/worker-dir/clones/6acb742f838c7c3a76013928747ad212ee6f8ae7/Impl/IndirectionTable.i.dfy(127,11): Verification inconclusive (CheckWellformed$$IndirectionTable.__default.MaxSize)
	
	Dafny program verifier finished with 99 verified, 0 errors, 14 inconclusives
	Command exited with non-zero status 4
	368.08user 4.74system 1:59.27elapsed 312%CPU (0avgtext+0avgdata 1505832maxresident)k
	0inputs+0outputs (0major+825159minor)pagefaults 0swaps

./lib/DataStructures/BtreeModel.i.dfy
	Prover error: Unexpected prover response (getting info about 'unknown' response): (:reason-unknown unknown)
	
	Prover error: Invalid PING response from the prover: unsat
	
	Prover error: Invalid PING response from the prover: unsat
	
	Prover error: Invalid PING response from the prover: unsat
	
	Prover error: Invalid PING response from the prover: unsat
	
	Prover error: Invalid PING response from the prover: unsat
	
	Prover error: Invalid PING response from the prover: unsat
	
	Prover error: Invalid PING response from the prover: unsat
	
	Prover error: Invalid PING response from the prover: unsat
	
	Prover error: Invalid PING response from the prover: unsat
	
	Prover error: Invalid PING response from the prover: unsat
	
	Prover error: Invalid PING response from the prover: unsat
	
	Prover error: Invalid PING response from the prover: unsat
	
	Prover error: Invalid PING response from the prover: unsat
	
	Prover error: Invalid PING response from the prover: unsat
	
	Prover error: Invalid PING response from the prover: unsat
	
	Prover error: Invalid PING response from the prover: unsat
	
	/root/verichecks-worker/worker-dir/clones/6acb742f838c7c3a76013928747ad212ee6f8ae7/lib/DataStructures/BtreeModel.i.dfy(714,8): Verification inconclusive (Impl$$BtreeModel.__default.SplitChildOfIndexPreservesAllKeys)
	/root/verichecks-worker/worker-dir/clones/6acb742f838c7c3a76013928747ad212ee6f8ae7/lib/DataStructures/BtreeModel.i.dfy(1001,11): Verification inconclusive (CheckWellformed$$BtreeModel.__default.ReplacePivot)
	/root/verichecks-worker/worker-dir/clones/6acb742f838c7c3a76013928747ad212ee6f8ae7/lib/DataStructures/BtreeModel.i.dfy(1009,11): Verification inconclusive (CheckWellformed$$BtreeModel.__default.NumElementsOfChildren)
	/root/verichecks-worker/worker-dir/clones/6acb742f838c7c3a76013928747ad212ee6f8ae7/lib/DataStructures/BtreeModel.i.dfy(1016,11): Verification inconclusive (CheckWellformed$$BtreeModel.__default.NumElements)
	/root/verichecks-worker/worker-dir/clones/6acb742f838c7c3a76013928747ad212ee6f8ae7/lib/DataStructures/BtreeModel.i.dfy(1023,8): Verification inconclusive (Impl$$BtreeModel.__default.InterpretationsDisjoint)
	/root/verichecks-worker/worker-dir/clones/6acb742f838c7c3a76013928747ad212ee6f8ae7/lib/DataStructures/BtreeModel.i.dfy(1052,8): Verification inconclusive (Impl$$BtreeModel.__default.InterpretationsDisjointUnion)
	/root/verichecks-worker/worker-dir/clones/6acb742f838c7c3a76013928747ad212ee6f8ae7/lib/DataStructures/BtreeModel.i.dfy(1104,8): Verification inconclusive (Impl$$BtreeModel.__default.NumElementsOfChildrenMatchesInterpretation)
	/root/verichecks-worker/worker-dir/clones/6acb742f838c7c3a76013928747ad212ee6f8ae7/lib/DataStructures/BtreeModel.i.dfy(1187,8): Verification inconclusive (CheckWellformed$$BtreeModel.__default.NumElementsOfChildrenDecreases)
	/root/verichecks-worker/worker-dir/clones/6acb742f838c7c3a76013928747ad212ee6f8ae7/lib/DataStructures/BtreeModel.i.dfy(1200,11): Verification inconclusive (CheckWellformed$$BtreeModel.__default.ToSeqChildren)
	/root/verichecks-worker/worker-dir/clones/6acb742f838c7c3a76013928747ad212ee6f8ae7/lib/DataStructures/BtreeModel.i.dfy(1223,8): Verification inconclusive (CheckWellformed$$BtreeModel.__default.ToSeqChildrenDecomposition)
	/root/verichecks-worker/worker-dir/clones/6acb742f838c7c3a76013928747ad212ee6f8ae7/lib/DataStructures/BtreeModel.i.dfy(1232,8): Verification inconclusive (CheckWellformed$$BtreeModel.__default.ToSeqChildrenAdditive)
	/root/verichecks-worker/worker-dir/clones/6acb742f838c7c3a76013928747ad212ee6f8ae7/lib/DataStructures/BtreeModel.i.dfy(1246,8): Verification inconclusive (CheckWellformed$$BtreeModel.__default.ToSeqChildrenLength)
	/root/verichecks-worker/worker-dir/clones/6acb742f838c7c3a76013928747ad212ee6f8ae7/lib/DataStructures/BtreeModel.i.dfy(1246,8): Verification inconclusive (Impl$$BtreeModel.__default.ToSeqChildrenLength)
	/root/verichecks-worker/worker-dir/clones/6acb742f838c7c3a76013928747ad212ee6f8ae7/lib/DataStructures/BtreeModel.i.dfy(1258,8): Verification inconclusive (CheckWellformed$$BtreeModel.__default.ToSeqLength)
	/root/verichecks-worker/worker-dir/clones/6acb742f838c7c3a76013928747ad212ee6f8ae7/lib/DataStructures/BtreeModel.i.dfy(1269,8): Verification inconclusive (CheckWellformed$$BtreeModel.__default.ToSeqInAllKeys)
	/root/verichecks-worker/worker-dir/clones/6acb742f838c7c3a76013928747ad212ee6f8ae7/lib/DataStructures/BtreeModel.i.dfy(1292,8): Verification inconclusive (CheckWellformed$$BtreeModel.__default.ToSeqIsStrictlySorted)
	/root/verichecks-worker/worker-dir/clones/6acb742f838c7c3a76013928747ad212ee6f8ae7/lib/DataStructures/BtreeModel.i.dfy(1325,8): Verification inconclusive (CheckWellformed$$BtreeModel.__default.ToSeqInInterpretation)
	/root/verichecks-worker/worker-dir/clones/6acb742f838c7c3a76013928747ad212ee6f8ae7/lib/DataStructures/BtreeModel.i.dfy(1368,26): Verification inconclusive (Impl$$BtreeModel.__default.ToSeqCoversInterpretation)
	
	Dafny program verifier finished with 82 verified, 0 errors, 18 inconclusives
	Command exited with non-zero status 4
	131.14user 2.40system 0:44.63elapsed 299%CPU (0avgtext+0avgdata 553372maxresident)k
	0inputs+0outputs (0major+550348minor)pagefaults 0swaps

./Betree/Betree_Refines_Map.i.dfy
	Prover error: Unexpected prover response (getting info about 'unknown' response): (:reason-unknown unknown)
	
	/root/verichecks-worker/worker-dir/clones/6acb742f838c7c3a76013928747ad212ee6f8ae7/Betree/Betree_Refines_Map.i.dfy(100,8): Verification inconclusive (Impl$$Betree__Refines__Map.__default.PreservesLookupsImplInterpsEqual)
	Prover error: Unexpected prover response (getting info about 'unknown' response): (:reason-unknown unknown)
	
	/root/verichecks-worker/worker-dir/clones/6acb742f838c7c3a76013928747ad212ee6f8ae7/Betree/Betree_Refines_Map.i.dfy(148,8): Verification inconclusive (Impl$$Betree__Refines__Map.__default.PreservesLookupsPutImplInterpsPut)
	
	Dafny program verifier finished with 32 verified, 0 errors, 2 inconclusives
	Command exited with non-zero status 4
	97.93user 3.61system 0:41.42elapsed 245%CPU (0avgtext+0avgdata 947432maxresident)k
	0inputs+0outputs (0major+1252699minor)pagefaults 0swaps

