./Impl/IndirectionTable.i.dfy
	Prover error: Unexpected prover response (getting info about 'unknown' response): (:reason-unknown unknown)
	
	/root/verichecks-worker/worker-dir/clones/89beb89c6040f21b4e38d26e02136a84905a7279/Impl/IndirectionTable.i.dfy(936,24): Verification inconclusive (Impl$$IndirectionTable.IndirectionTable.UpdateAndRemoveLoc)
	/root/verichecks-worker/worker-dir/clones/89beb89c6040f21b4e38d26e02136a84905a7279/Impl/IndirectionTable.i.dfy(1285,17): Verification inconclusive (Impl$$IndirectionTable.IndirectionTable.LemmaPredecessorSetRestrictedPartialAdd1Self)
	Prover error: Invalid PING response from the prover: unsat
	
	/root/verichecks-worker/worker-dir/clones/89beb89c6040f21b4e38d26e02136a84905a7279/Impl/IndirectionTable.i.dfy(1308,18): Verification inconclusive (Impl$$IndirectionTable.IndirectionTable.ComputeRefCountsInnerLoop)
	Prover error: Invalid PING response from the prover: unknown
	
	/root/verichecks-worker/worker-dir/clones/89beb89c6040f21b4e38d26e02136a84905a7279/Impl/IndirectionTable.i.dfy(1463,18): Verification inconclusive (Impl$$IndirectionTable.IndirectionTable.MakeGarbageQueue)
	Prover error: Invalid PING response from the prover: unsat
	
	Prover error: Invalid PING response from the prover: unsat
	
	Prover error: Invalid PING response from the prover: unsat
	
	Prover error: Invalid PING response from the prover: unsat
	
	Prover error: Invalid PING response from the prover: unsat
	
	Prover error: Unexpected prover response (getting info about 'unknown' response): (:reason-unknown unknown)
	
	/root/verichecks-worker/worker-dir/clones/89beb89c6040f21b4e38d26e02136a84905a7279/Impl/IndirectionTable.i.dfy(1611,18): Verification inconclusive (Impl$$IndirectionTable.IndirectionTable.IndirectionTableToVal)
	/root/verichecks-worker/worker-dir/clones/89beb89c6040f21b4e38d26e02136a84905a7279/Impl/IndirectionTable.i.dfy(1879,25): Error: assertion violation
	/root/verichecks-worker/worker-dir/clones/89beb89c6040f21b4e38d26e02136a84905a7279/Impl/IndirectionTable.i.dfy(1757,16): Related location
	Execution trace:
	    (0,0): anon0
	    /root/verichecks-worker/worker-dir/clones/89beb89c6040f21b4e38d26e02136a84905a7279/Impl/IndirectionTable.i.dfy(1840,7): anon44_LoopHead
	    (0,0): anon44_LoopBody
	    /root/verichecks-worker/worker-dir/clones/89beb89c6040f21b4e38d26e02136a84905a7279/Impl/IndirectionTable.i.dfy(1840,7): anon45_Else
	    /root/verichecks-worker/worker-dir/clones/89beb89c6040f21b4e38d26e02136a84905a7279/Impl/IndirectionTable.i.dfy(1840,7): anon47_Else
	    (0,0): anon48_Then
	    (0,0): anon9
	    /root/verichecks-worker/worker-dir/clones/89beb89c6040f21b4e38d26e02136a84905a7279/Impl/IndirectionTable.i.dfy(1852,9): anon49_Else
	    (0,0): anon50_Then
	    (0,0): anon51_Then
	    (0,0): anon52_Then
	    (0,0): anon15
	    (0,0): anon53_Then
	    (0,0): anon54_Else
	    (0,0): anon19
	    (0,0): anon55_Else
	    (0,0): anon56_Then
	/root/verichecks-worker/worker-dir/clones/89beb89c6040f21b4e38d26e02136a84905a7279/Impl/IndirectionTable.i.dfy(1879,25): Error: assertion violation
	/root/verichecks-worker/worker-dir/clones/89beb89c6040f21b4e38d26e02136a84905a7279/Impl/IndirectionTable.i.dfy(1758,21): Related location
	Execution trace:
	    (0,0): anon0
	    /root/verichecks-worker/worker-dir/clones/89beb89c6040f21b4e38d26e02136a84905a7279/Impl/IndirectionTable.i.dfy(1840,7): anon44_LoopHead
	    (0,0): anon44_LoopBody
	    /root/verichecks-worker/worker-dir/clones/89beb89c6040f21b4e38d26e02136a84905a7279/Impl/IndirectionTable.i.dfy(1840,7): anon45_Else
	    /root/verichecks-worker/worker-dir/clones/89beb89c6040f21b4e38d26e02136a84905a7279/Impl/IndirectionTable.i.dfy(1840,7): anon47_Else
	    (0,0): anon48_Then
	    (0,0): anon9
	    /root/verichecks-worker/worker-dir/clones/89beb89c6040f21b4e38d26e02136a84905a7279/Impl/IndirectionTable.i.dfy(1852,9): anon49_Else
	    (0,0): anon50_Then
	    (0,0): anon51_Then
	    (0,0): anon52_Then
	    (0,0): anon15
	    (0,0): anon53_Then
	    (0,0): anon54_Else
	    (0,0): anon19
	    (0,0): anon55_Else
	    (0,0): anon56_Then
	/root/verichecks-worker/worker-dir/clones/89beb89c6040f21b4e38d26e02136a84905a7279/Impl/IndirectionTable.i.dfy(1897,66): Error: assertion violation
	Execution trace:
	    (0,0): anon0
	    /root/verichecks-worker/worker-dir/clones/89beb89c6040f21b4e38d26e02136a84905a7279/Impl/IndirectionTable.i.dfy(1840,7): anon44_LoopHead
	    (0,0): anon44_LoopBody
	    /root/verichecks-worker/worker-dir/clones/89beb89c6040f21b4e38d26e02136a84905a7279/Impl/IndirectionTable.i.dfy(1840,7): anon45_Else
	    /root/verichecks-worker/worker-dir/clones/89beb89c6040f21b4e38d26e02136a84905a7279/Impl/IndirectionTable.i.dfy(1840,7): anon47_Else
	    (0,0): anon48_Then
	    (0,0): anon9
	    /root/verichecks-worker/worker-dir/clones/89beb89c6040f21b4e38d26e02136a84905a7279/Impl/IndirectionTable.i.dfy(1852,9): anon49_Else
	    (0,0): anon50_Then
	    (0,0): anon51_Then
	    (0,0): anon52_Then
	    (0,0): anon15
	    (0,0): anon53_Else
	    (0,0): anon57_Then
	    (0,0): anon58_Else
	    (0,0): anon30
	    (0,0): anon59_Else
	    (0,0): anon33
	    (0,0): anon60_Then
	/root/verichecks-worker/worker-dir/clones/89beb89c6040f21b4e38d26e02136a84905a7279/Impl/IndirectionTable.i.dfy(1915,18): Error: assertion violation
	/root/verichecks-worker/worker-dir/clones/89beb89c6040f21b4e38d26e02136a84905a7279/Impl/../BlockCacheSystem/BlockCache.i.dfy(589,4): Related location
	/root/verichecks-worker/worker-dir/clones/89beb89c6040f21b4e38d26e02136a84905a7279/Impl/../BlockCacheSystem/BlockCache.i.dfy(590,8): Related location
	Execution trace:
	    (0,0): anon0
	    /root/verichecks-worker/worker-dir/clones/89beb89c6040f21b4e38d26e02136a84905a7279/Impl/IndirectionTable.i.dfy(1840,7): anon44_LoopHead
	    (0,0): anon44_LoopBody
	    /root/verichecks-worker/worker-dir/clones/89beb89c6040f21b4e38d26e02136a84905a7279/Impl/IndirectionTable.i.dfy(1840,7): anon45_Else
	    (0,0): anon47_Then
	    (0,0): after_0
	    (0,0): anon61_Then
	/root/verichecks-worker/worker-dir/clones/89beb89c6040f21b4e38d26e02136a84905a7279/Impl/IndirectionTable.i.dfy(1928,18): Verification inconclusive (CheckWellformed$$IndirectionTable.IndirectionTable.FindDeallocable)
	/root/verichecks-worker/worker-dir/clones/89beb89c6040f21b4e38d26e02136a84905a7279/Impl/IndirectionTable.i.dfy(1971,24): Verification inconclusive (CheckWellformed$$IndirectionTable.IndirectionTable.FindRefWithNoLoc)
	/root/verichecks-worker/worker-dir/clones/89beb89c6040f21b4e38d26e02136a84905a7279/Impl/IndirectionTable.i.dfy(2021,18): Verification inconclusive (CheckWellformed$$IndirectionTable.IndirectionTable.GetRefUpperBound)
	/root/verichecks-worker/worker-dir/clones/89beb89c6040f21b4e38d26e02136a84905a7279/Impl/IndirectionTable.i.dfy(61,11): Verification inconclusive (CheckWellformed$$IndirectionTable.__default.Locs)
	/root/verichecks-worker/worker-dir/clones/89beb89c6040f21b4e38d26e02136a84905a7279/Impl/IndirectionTable.i.dfy(76,21): Verification inconclusive (CheckWellformed$$IndirectionTable.__default.PredCounts)
	Prover error: Invalid PING response from the prover: unsat
	
	/root/verichecks-worker/worker-dir/clones/89beb89c6040f21b4e38d26e02136a84905a7279/Impl/IndirectionTable.i.dfy(93,11): Verification inconclusive (CheckWellformed$$IndirectionTable.__default.PredecessorSetRestrictedPartial)
	/root/verichecks-worker/worker-dir/clones/89beb89c6040f21b4e38d26e02136a84905a7279/Impl/IndirectionTable.i.dfy(98,12): Verification inconclusive (CheckWellformed$$IndirectionTable.__default.GraphClosedRestricted)
	Prover error: Invalid PING response from the prover: unsat
	
	Prover error: Invalid PING response from the prover: unsat
	
	/root/verichecks-worker/worker-dir/clones/89beb89c6040f21b4e38d26e02136a84905a7279/Impl/IndirectionTable.i.dfy(118,12): Verification inconclusive (CheckWellformed$$IndirectionTable.__default.ValidPredCounts)
	/root/verichecks-worker/worker-dir/clones/89beb89c6040f21b4e38d26e02136a84905a7279/Impl/IndirectionTable.i.dfy(125,11): Verification inconclusive (CheckWellformed$$IndirectionTable.__default.MaxSize)
	
	Dafny program verifier finished with 98 verified, 4 errors, 14 inconclusives
	Command exited with non-zero status 4
	365.71user 4.66system 2:05.49elapsed 295%CPU (0avgtext+0avgdata 1562712maxresident)k
	0inputs+0outputs (0major+844098minor)pagefaults 0swaps

./ByteBlockCacheSystem/InterpretationDisk.i.dfy
	Prover error: Unexpected prover response (getting info about 'unknown' response): (:reason-unknown unknown)
	
	Prover error: Invalid PING response from the prover: unsat
	
	/root/verichecks-worker/worker-dir/clones/89beb89c6040f21b4e38d26e02136a84905a7279/ByteBlockCacheSystem/InterpretationDisk.i.dfy(1680,39): Verification inconclusive (Impl$$InterpretationDisk.__default.RefinesProcessWrite)
	/root/verichecks-worker/worker-dir/clones/89beb89c6040f21b4e38d26e02136a84905a7279/ByteBlockCacheSystem/InterpretationDisk.i.dfy(1873,8): Verification inconclusive (Impl$$InterpretationDisk.__default.RefinesHavocConflictingWriteRead)
	/root/verichecks-worker/worker-dir/clones/89beb89c6040f21b4e38d26e02136a84905a7279/ByteBlockCacheSystem/InterpretationDisk.i.dfy(1880,8): Verification inconclusive (Impl$$InterpretationDisk.__default.RefinesCrash)
	
	Dafny program verifier finished with 136 verified, 0 errors, 3 inconclusives
	Command exited with non-zero status 4
	3097.53user 40.19system 14:13.60elapsed 367%CPU (0avgtext+0avgdata 4568940maxresident)k
	0inputs+0outputs (0major+15921573minor)pagefaults 0swaps

./lib/DataStructures/KMBtree.i.dfy
	Prover error: line 119896 column 20: Expected values for parameter rlimit is an unsigned integer. It was given argument '-156856704'
	
	Prover error: Prover died
	
	/root/verichecks-worker/worker-dir/clones/89beb89c6040f21b4e38d26e02136a84905a7279/lib/DataStructures/BtreeModel.i.dfy[KMBtreeModel](348,33): Verification inconclusive (Impl$$KMBtreeModel.__default.SplitLeafInterpretation)
	/root/verichecks-worker/worker-dir/clones/89beb89c6040f21b4e38d26e02136a84905a7279/lib/DataStructures/BtreeModel.i.dfy[KMBtreeModel](437,8): Verification inconclusive (Impl$$KMBtreeModel.__default.SplitIndexPreservesWF)
	Prover error: Invalid PING response from the prover: unsat
	
	/root/verichecks-worker/worker-dir/clones/89beb89c6040f21b4e38d26e02136a84905a7279/lib/DataStructures/BtreeModel.i.dfy[KMBtreeModel](526,8): Verification inconclusive (Impl$$KMBtreeModel.__default.SplitNodePreservesWF)
	Prover error: Invalid PING response from the prover: unsat
	
	/root/verichecks-worker/worker-dir/clones/89beb89c6040f21b4e38d26e02136a84905a7279/lib/DataStructures/BtreeModel.i.dfy[KMBtreeModel](581,8): Verification inconclusive (Impl$$KMBtreeModel.__default.SplitIndexAllKeys)
	Prover error: Invalid PING response from the prover: unsat
	
	/root/verichecks-worker/worker-dir/clones/89beb89c6040f21b4e38d26e02136a84905a7279/lib/DataStructures/BtreeModel.i.dfy[KMBtreeModel](714,8): Verification inconclusive (Impl$$KMBtreeModel.__default.SplitChildOfIndexPreservesAllKeys)
	Prover error: Invalid PING response from the prover: unsat
	
	/root/verichecks-worker/worker-dir/clones/89beb89c6040f21b4e38d26e02136a84905a7279/lib/DataStructures/BtreeModel.i.dfy[KMBtreeModel](887,8): Verification inconclusive (Impl$$KMBtreeModel.__default.RecursiveInsertIsCorrect)
	Prover error: Invalid PING response from the prover: unsat
	
	/root/verichecks-worker/worker-dir/clones/89beb89c6040f21b4e38d26e02136a84905a7279/lib/DataStructures/BtreeModel.i.dfy[KMBtreeModel](1009,11): Verification inconclusive (CheckWellformed$$KMBtreeModel.__default.NumElementsOfChildren)
	Prover error: Invalid PING response from the prover: unsat
	
	Prover error: Invalid PING response from the prover: unsat
	
	/root/verichecks-worker/worker-dir/clones/89beb89c6040f21b4e38d26e02136a84905a7279/lib/DataStructures/BtreeModel.i.dfy[KMBtreeModel](1104,8): Verification inconclusive (Impl$$KMBtreeModel.__default.NumElementsOfChildrenMatchesInterpretation)
	/root/verichecks-worker/worker-dir/clones/89beb89c6040f21b4e38d26e02136a84905a7279/lib/DataStructures/BtreeModel.i.dfy[KMBtreeModel](1187,8): Verification inconclusive (Impl$$KMBtreeModel.__default.NumElementsOfChildrenDecreases)
	Prover error: Invalid PING response from the prover: unsat
	
	/root/verichecks-worker/worker-dir/clones/89beb89c6040f21b4e38d26e02136a84905a7279/lib/DataStructures/BtreeModel.i.dfy[KMBtreeModel](1246,8): Verification inconclusive (Impl$$KMBtreeModel.__default.ToSeqChildrenLength)
	Prover error: Invalid PING response from the prover: unsat
	
	/root/verichecks-worker/worker-dir/clones/89beb89c6040f21b4e38d26e02136a84905a7279/lib/DataStructures/BtreeModel.i.dfy[KMBtreeModel](1325,8): Verification inconclusive (Impl$$KMBtreeModel.__default.ToSeqInInterpretation)
	
	Dafny program verifier finished with 112 verified, 0 errors, 11 inconclusives
	Command exited with non-zero status 4
	98.38user 2.36system 0:39.95elapsed 252%CPU (0avgtext+0avgdata 656316maxresident)k
	0inputs+0outputs (0major+334795minor)pagefaults 0swaps

