./Impl/IndirectionTable.i.dfy
	Prover error: Unexpected prover response (getting info about 'unknown' response): (:reason-unknown unknown)
	
	/root/verichecks-worker/worker-dir/clones/4b5601da2ffcddb0569ecbf386f18c2c871e6f61/Impl/IndirectionTable.i.dfy(936,24): Verification inconclusive (Impl$$IndirectionTable.IndirectionTable.UpdateAndRemoveLoc)
	Prover error: Invalid PING response from the prover: unsat
	
	/root/verichecks-worker/worker-dir/clones/4b5601da2ffcddb0569ecbf386f18c2c871e6f61/Impl/IndirectionTable.i.dfy(1285,17): Verification inconclusive (CheckWellformed$$IndirectionTable.IndirectionTable.LemmaPredecessorSetRestrictedPartialAdd1Self)
	/root/verichecks-worker/worker-dir/clones/4b5601da2ffcddb0569ecbf386f18c2c871e6f61/Impl/IndirectionTable.i.dfy(1297,17): Verification inconclusive (Impl$$IndirectionTable.IndirectionTable.LemmaPredecessorSetRestrictedPartialAdd1Other)
	Prover error: Invalid PING response from the prover: unsat
	
	Prover error: Invalid PING response from the prover: unsat
	
	Prover error: Invalid PING response from the prover: unsat
	
	Prover error: Invalid PING response from the prover: unsat
	
	Prover error: Invalid PING response from the prover: unsat
	
	Prover error: Invalid PING response from the prover: unsat
	
	Prover error: Invalid PING response from the prover: unsat
	
	/root/verichecks-worker/worker-dir/clones/4b5601da2ffcddb0569ecbf386f18c2c871e6f61/Impl/IndirectionTable.i.dfy(1308,18): Verification out of resource (Impl$$IndirectionTable.IndirectionTable.ComputeRefCountsInnerLoop)
	/root/verichecks-worker/worker-dir/clones/4b5601da2ffcddb0569ecbf386f18c2c871e6f61/Impl/IndirectionTable.i.dfy(1463,18): Verification inconclusive (CheckWellformed$$IndirectionTable.IndirectionTable.MakeGarbageQueue)
	/root/verichecks-worker/worker-dir/clones/4b5601da2ffcddb0569ecbf386f18c2c871e6f61/Impl/IndirectionTable.i.dfy(1494,18): Verification inconclusive (Impl$$IndirectionTable.IndirectionTable.ComputeRefUpperBound)
	/root/verichecks-worker/worker-dir/clones/4b5601da2ffcddb0569ecbf386f18c2c871e6f61/Impl/IndirectionTable.i.dfy(1515,18): Verification inconclusive (Impl$$IndirectionTable.IndirectionTable.ValToIndirectionTable)
	/root/verichecks-worker/worker-dir/clones/4b5601da2ffcddb0569ecbf386f18c2c871e6f61/Impl/IndirectionTable.i.dfy(1571,17): Verification inconclusive (CheckWellformed$$IndirectionTable.IndirectionTable.lemma__SeqSum__prefix__array)
	/root/verichecks-worker/worker-dir/clones/4b5601da2ffcddb0569ecbf386f18c2c871e6f61/Impl/IndirectionTable.i.dfy(1597,27): Verification inconclusive (CheckWellformed$$IndirectionTable.IndirectionTable.IndirectionTableGrammar)
	Prover error: Invalid PING response from the prover: unsat
	
	Prover error: Invalid PING response from the prover: unknown
	
	Prover error: Invalid PING response from the prover: unsat
	
	Prover error: Invalid PING response from the prover: unsat
	
	Prover error: Invalid PING response from the prover: unsat
	
	Prover error: Invalid PING response from the prover: unsat
	
	/root/verichecks-worker/worker-dir/clones/4b5601da2ffcddb0569ecbf386f18c2c871e6f61/Impl/IndirectionTable.i.dfy(1611,18): Verification out of resource (Impl$$IndirectionTable.IndirectionTable.IndirectionTableToVal)
	/root/verichecks-worker/worker-dir/clones/4b5601da2ffcddb0569ecbf386f18c2c871e6f61/Impl/IndirectionTable.i.dfy(1755,21): Verification inconclusive (CheckWellformed$$IndirectionTable.IndirectionTable.IsLocAllocBitmap)
	/root/verichecks-worker/worker-dir/clones/4b5601da2ffcddb0569ecbf386f18c2c871e6f61/Impl/IndirectionTable.i.dfy(1777,18): Verification inconclusive (Impl$$IndirectionTable.IndirectionTable.BitmapInitUpTo)
	/root/verichecks-worker/worker-dir/clones/4b5601da2ffcddb0569ecbf386f18c2c871e6f61/Impl/IndirectionTable.i.dfy(1816,18): Verification inconclusive (Impl$$IndirectionTable.IndirectionTable.InitLocBitmap)
	/root/verichecks-worker/worker-dir/clones/4b5601da2ffcddb0569ecbf386f18c2c871e6f61/Impl/IndirectionTable.i.dfy(1928,18): Verification inconclusive (Impl$$IndirectionTable.IndirectionTable.FindDeallocable)
	/root/verichecks-worker/worker-dir/clones/4b5601da2ffcddb0569ecbf386f18c2c871e6f61/Impl/IndirectionTable.i.dfy(2013,23): Verification inconclusive (CheckWellformed$$IndirectionTable.IndirectionTable.getRefUpperBound)
	/root/verichecks-worker/worker-dir/clones/4b5601da2ffcddb0569ecbf386f18c2c871e6f61/Impl/IndirectionTable.i.dfy(2021,18): Verification inconclusive (Impl$$IndirectionTable.IndirectionTable.GetRefUpperBound)
	/root/verichecks-worker/worker-dir/clones/4b5601da2ffcddb0569ecbf386f18c2c871e6f61/Impl/IndirectionTable.i.dfy(71,11): Verification inconclusive (CheckWellformed$$IndirectionTable.__default.Graph)
	/root/verichecks-worker/worker-dir/clones/4b5601da2ffcddb0569ecbf386f18c2c871e6f61/Impl/IndirectionTable.i.dfy(83,11): Verification inconclusive (CheckWellformed$$IndirectionTable.__default.PredecessorSet)
	Prover error: Invalid PING response from the prover: unsat
	
	/root/verichecks-worker/worker-dir/clones/4b5601da2ffcddb0569ecbf386f18c2c871e6f61/Impl/IndirectionTable.i.dfy(105,12): Verification inconclusive (CheckWellformed$$IndirectionTable.__default.GraphClosedRestrictedPartial)
	Prover error: Invalid PING response from the prover: unsat
	
	/root/verichecks-worker/worker-dir/clones/4b5601da2ffcddb0569ecbf386f18c2c871e6f61/Impl/IndirectionTable.i.dfy(130,18): Verification inconclusive (CheckWellformed$$IndirectionTable.__default.MaxSizeUint64)
	
	Dafny program verifier finished with 93 verified, 0 errors, 18 inconclusives, 2 out of resource
	Command exited with non-zero status 4
	365.85user 4.50system 2:05.87elapsed 294%CPU (0avgtext+0avgdata 1506728maxresident)k
	0inputs+0outputs (0major+728483minor)pagefaults 0swaps

./lib/DataStructures/KMBtree.i.dfy
	Prover error: line 120362 column 20: Expected values for parameter rlimit is an unsigned integer. It was given argument '-156856704'
	
	Prover error: Prover died
	
	/root/verichecks-worker/worker-dir/clones/4b5601da2ffcddb0569ecbf386f18c2c871e6f61/lib/DataStructures/BtreeModel.i.dfy[KMBtreeModel](348,33): Verification inconclusive (Impl$$KMBtreeModel.__default.SplitLeafInterpretation)
	/root/verichecks-worker/worker-dir/clones/4b5601da2ffcddb0569ecbf386f18c2c871e6f61/lib/DataStructures/BtreeModel.i.dfy[KMBtreeModel](437,8): Verification inconclusive (Impl$$KMBtreeModel.__default.SplitIndexPreservesWF)
	Prover error: Invalid PING response from the prover: unsat
	
	/root/verichecks-worker/worker-dir/clones/4b5601da2ffcddb0569ecbf386f18c2c871e6f61/lib/DataStructures/BtreeModel.i.dfy[KMBtreeModel](526,8): Verification inconclusive (Impl$$KMBtreeModel.__default.SplitNodePreservesWF)
	Prover error: Invalid PING response from the prover: unsat
	
	Prover error: Invalid PING response from the prover: unsat
	
	/root/verichecks-worker/worker-dir/clones/4b5601da2ffcddb0569ecbf386f18c2c871e6f61/lib/DataStructures/BtreeModel.i.dfy[KMBtreeModel](622,8): Verification inconclusive (Impl$$KMBtreeModel.__default.SplitNodeAllKeys)
	/root/verichecks-worker/worker-dir/clones/4b5601da2ffcddb0569ecbf386f18c2c871e6f61/lib/DataStructures/BtreeModel.i.dfy[KMBtreeModel](714,8): Verification inconclusive (Impl$$KMBtreeModel.__default.SplitChildOfIndexPreservesAllKeys)
	Prover error: Invalid PING response from the prover: unsat
	
	/root/verichecks-worker/worker-dir/clones/4b5601da2ffcddb0569ecbf386f18c2c871e6f61/lib/DataStructures/BtreeModel.i.dfy[KMBtreeModel](827,8): Verification inconclusive (Impl$$KMBtreeModel.__default.SplitChildOfIndexPreservesInterpretation)
	Prover error: Invalid PING response from the prover: unsat
	
	/root/verichecks-worker/worker-dir/clones/4b5601da2ffcddb0569ecbf386f18c2c871e6f61/lib/DataStructures/BtreeModel.i.dfy[KMBtreeModel](887,8): Verification inconclusive (CheckWellformed$$KMBtreeModel.__default.RecursiveInsertIsCorrect)
	Prover error: Invalid PING response from the prover: unsat
	
	/root/verichecks-worker/worker-dir/clones/4b5601da2ffcddb0569ecbf386f18c2c871e6f61/lib/DataStructures/BtreeModel.i.dfy[KMBtreeModel](983,8): Verification inconclusive (Impl$$KMBtreeModel.__default.GrowPreservesInterpretation)
	Prover error: Invalid PING response from the prover: unsat
	
	/root/verichecks-worker/worker-dir/clones/4b5601da2ffcddb0569ecbf386f18c2c871e6f61/lib/DataStructures/BtreeModel.i.dfy[KMBtreeModel](1052,8): Verification inconclusive (CheckWellformed$$KMBtreeModel.__default.InterpretationsDisjointUnion)
	Prover error: Invalid PING response from the prover: unsat
	
	/root/verichecks-worker/worker-dir/clones/4b5601da2ffcddb0569ecbf386f18c2c871e6f61/lib/DataStructures/BtreeModel.i.dfy[KMBtreeModel](1152,8): Verification inconclusive (Impl$$KMBtreeModel.__default.NumElementsMatchesInterpretation)
	Prover error: Invalid PING response from the prover: unsat
	
	/root/verichecks-worker/worker-dir/clones/4b5601da2ffcddb0569ecbf386f18c2c871e6f61/lib/DataStructures/BtreeModel.i.dfy[KMBtreeModel](1187,8): Verification inconclusive (Impl$$KMBtreeModel.__default.NumElementsOfChildrenDecreases)
	Prover error: Invalid PING response from the prover: unsat
	
	/root/verichecks-worker/worker-dir/clones/4b5601da2ffcddb0569ecbf386f18c2c871e6f61/lib/DataStructures/BtreeModel.i.dfy[KMBtreeModel](1232,8): Verification inconclusive (Impl$$KMBtreeModel.__default.ToSeqChildrenAdditive)
	Prover error: Invalid PING response from the prover: unsat
	
	/root/verichecks-worker/worker-dir/clones/4b5601da2ffcddb0569ecbf386f18c2c871e6f61/lib/DataStructures/BtreeModel.i.dfy[KMBtreeModel](1292,8): Verification inconclusive (Impl$$KMBtreeModel.__default.ToSeqIsStrictlySorted)
	
	Dafny program verifier finished with 110 verified, 0 errors, 13 inconclusives
	Command exited with non-zero status 4
	98.94user 2.16system 0:38.96elapsed 259%CPU (0avgtext+0avgdata 683232maxresident)k
	0inputs+0outputs (0major+281775minor)pagefaults 0swaps

./ByteBlockCacheSystem/InterpretationDisk.i.dfy
	Prover error: Unexpected prover response (getting info about 'unknown' response): (:reason-unknown unknown)
	
	Prover error: Invalid PING response from the prover: unsat
	
	Prover error: Invalid PING response from the prover: unsat
	
	/root/verichecks-worker/worker-dir/clones/4b5601da2ffcddb0569ecbf386f18c2c871e6f61/ByteBlockCacheSystem/InterpretationDisk.i.dfy(1680,39): Verification inconclusive (Impl$$InterpretationDisk.__default.RefinesProcessWrite)
	/root/verichecks-worker/worker-dir/clones/4b5601da2ffcddb0569ecbf386f18c2c871e6f61/ByteBlockCacheSystem/InterpretationDisk.i.dfy(1866,8): Verification inconclusive (Impl$$InterpretationDisk.__default.RefinesHavocConflictingWrites)
	/root/verichecks-worker/worker-dir/clones/4b5601da2ffcddb0569ecbf386f18c2c871e6f61/ByteBlockCacheSystem/InterpretationDisk.i.dfy(1873,8): Verification inconclusive (Impl$$InterpretationDisk.__default.RefinesHavocConflictingWriteRead)
	/root/verichecks-worker/worker-dir/clones/4b5601da2ffcddb0569ecbf386f18c2c871e6f61/ByteBlockCacheSystem/InterpretationDisk.i.dfy(1880,8): Verification inconclusive (Impl$$InterpretationDisk.__default.RefinesCrash)
	
	Dafny program verifier finished with 135 verified, 0 errors, 4 inconclusives
	Command exited with non-zero status 4
	3200.39user 40.34system 14:44.20elapsed 366%CPU (0avgtext+0avgdata 4568952maxresident)k
	0inputs+0outputs (0major+15829341minor)pagefaults 0swaps

