./PivotBetree/PivotBetreeSpecRefinement.i.dfy
	Prover error: Unexpected prover response (getting info about 'unknown' response): (:reason-unknown unknown)
	
	/root/verichecks-worker/worker-dir/clones/0874d69408efb8197a8727a26bbeb75c90b8f2e1/PivotBetree/PivotBetreeSpecRefinement.i.dfy(669,8): Verification inconclusive (Impl$$PivotBetreeSpecRefinement.__default.RefinesValidFlush)
	/root/verichecks-worker/worker-dir/clones/0874d69408efb8197a8727a26bbeb75c90b8f2e1/PivotBetree/PivotBetreeSpecRefinement.i.dfy(1065,8): Verification inconclusive (Impl$$PivotBetreeSpecRefinement.__default.SplitChildrenConsistent)
	Prover error: Invalid PING response from the prover: unsat
	
	/root/verichecks-worker/worker-dir/clones/0874d69408efb8197a8727a26bbeb75c90b8f2e1/PivotBetree/PivotBetreeSpecRefinement.i.dfy(1111,8): Verification inconclusive (Impl$$PivotBetreeSpecRefinement.__default.SplitRouteNewChild)
	/root/verichecks-worker/worker-dir/clones/0874d69408efb8197a8727a26bbeb75c90b8f2e1/PivotBetree/PivotBetreeSpecRefinement.i.dfy(1149,8): Verification out of resource (Impl$$PivotBetreeSpecRefinement.__default.RefinesValidSplit)
	Prover error: Invalid PING response from the prover: unsat
	
	/root/verichecks-worker/worker-dir/clones/0874d69408efb8197a8727a26bbeb75c90b8f2e1/PivotBetree/PivotBetreeSpecRefinement.i.dfy(1359,23): Verification inconclusive (CheckWellformed$$PivotBetreeSpecRefinement.__default.SplitRefinesOps)
	Prover error: Invalid PING response from the prover: unsat
	
	/root/verichecks-worker/worker-dir/clones/0874d69408efb8197a8727a26bbeb75c90b8f2e1/PivotBetree/PivotBetreeSpecRefinement.i.dfy(1478,8): Verification inconclusive (Impl$$PivotBetreeSpecRefinement.__default.RepivotPreservesNode)
	
	Dafny program verifier finished with 100 verified, 0 errors, 5 inconclusives, 1 out of resource
	Command exited with non-zero status 4
	263.98user 3.86system 1:33.24elapsed 287%CPU (0avgtext+0avgdata 1175132maxresident)k
	0inputs+0outputs (0major+893911minor)pagefaults 0swaps

./Impl/IndirectionTable.i.dfy
	Prover error: Unexpected prover response (getting info about 'unknown' response): (:reason-unknown unknown)
	
	/root/verichecks-worker/worker-dir/clones/0874d69408efb8197a8727a26bbeb75c90b8f2e1/Impl/IndirectionTable.i.dfy(936,24): Verification inconclusive (Impl$$IndirectionTable.IndirectionTable.UpdateAndRemoveLoc)
	/root/verichecks-worker/worker-dir/clones/0874d69408efb8197a8727a26bbeb75c90b8f2e1/Impl/IndirectionTable.i.dfy(1285,17): Verification inconclusive (Impl$$IndirectionTable.IndirectionTable.LemmaPredecessorSetRestrictedPartialAdd1Self)
	Prover error: Invalid PING response from the prover: unsat
	
	Prover error: Invalid PING response from the prover: unsat
	
	Prover error: Invalid PING response from the prover: unsat
	
	Prover error: Invalid PING response from the prover: unsat
	
	Prover error: Invalid PING response from the prover: unsat
	
	Prover error: Invalid PING response from the prover: unsat
	
	Prover error: Invalid PING response from the prover: unsat
	
	/root/verichecks-worker/worker-dir/clones/0874d69408efb8197a8727a26bbeb75c90b8f2e1/Impl/IndirectionTable.i.dfy(1308,18): Verification out of resource (Impl$$IndirectionTable.IndirectionTable.ComputeRefCountsInnerLoop)
	/root/verichecks-worker/worker-dir/clones/0874d69408efb8197a8727a26bbeb75c90b8f2e1/Impl/IndirectionTable.i.dfy(1385,18): Verification inconclusive (CheckWellformed$$IndirectionTable.IndirectionTable.ComputeRefCounts)
	/root/verichecks-worker/worker-dir/clones/0874d69408efb8197a8727a26bbeb75c90b8f2e1/Impl/IndirectionTable.i.dfy(1463,18): Verification inconclusive (Impl$$IndirectionTable.IndirectionTable.MakeGarbageQueue)
	/root/verichecks-worker/worker-dir/clones/0874d69408efb8197a8727a26bbeb75c90b8f2e1/Impl/IndirectionTable.i.dfy(1515,18): Verification inconclusive (CheckWellformed$$IndirectionTable.IndirectionTable.ValToIndirectionTable)
	/root/verichecks-worker/worker-dir/clones/0874d69408efb8197a8727a26bbeb75c90b8f2e1/Impl/IndirectionTable.i.dfy(1567,20): Verification inconclusive (CheckWellformed$$IndirectionTable.IndirectionTable.MaxIndirectionTableByteSize)
	/root/verichecks-worker/worker-dir/clones/0874d69408efb8197a8727a26bbeb75c90b8f2e1/Impl/IndirectionTable.i.dfy(1571,17): Verification inconclusive (Impl$$IndirectionTable.IndirectionTable.lemma__SeqSum__prefix__array)
	/root/verichecks-worker/worker-dir/clones/0874d69408efb8197a8727a26bbeb75c90b8f2e1/Impl/IndirectionTable.i.dfy(1592,20): Verification inconclusive (CheckWellformed$$IndirectionTable.IndirectionTable.IMapAsIndirectionTable)
	/root/verichecks-worker/worker-dir/clones/0874d69408efb8197a8727a26bbeb75c90b8f2e1/Impl/IndirectionTable.i.dfy(1611,18): Verification inconclusive (Impl$$IndirectionTable.IndirectionTable.IndirectionTableToVal)
	Prover error: Invalid PING response from the prover: unknown
	
	/root/verichecks-worker/worker-dir/clones/0874d69408efb8197a8727a26bbeb75c90b8f2e1/Impl/IndirectionTable.i.dfy(1777,18): Verification inconclusive (Impl$$IndirectionTable.IndirectionTable.BitmapInitUpTo)
	/root/verichecks-worker/worker-dir/clones/0874d69408efb8197a8727a26bbeb75c90b8f2e1/Impl/IndirectionTable.i.dfy(1879,25): Error: assertion violation
	/root/verichecks-worker/worker-dir/clones/0874d69408efb8197a8727a26bbeb75c90b8f2e1/Impl/IndirectionTable.i.dfy(1757,16): Related location
	Execution trace:
	    (0,0): anon0
	    /root/verichecks-worker/worker-dir/clones/0874d69408efb8197a8727a26bbeb75c90b8f2e1/Impl/IndirectionTable.i.dfy(1840,7): anon44_LoopHead
	    (0,0): anon44_LoopBody
	    /root/verichecks-worker/worker-dir/clones/0874d69408efb8197a8727a26bbeb75c90b8f2e1/Impl/IndirectionTable.i.dfy(1840,7): anon45_Else
	    /root/verichecks-worker/worker-dir/clones/0874d69408efb8197a8727a26bbeb75c90b8f2e1/Impl/IndirectionTable.i.dfy(1840,7): anon47_Else
	    (0,0): anon48_Then
	    (0,0): anon9
	    /root/verichecks-worker/worker-dir/clones/0874d69408efb8197a8727a26bbeb75c90b8f2e1/Impl/IndirectionTable.i.dfy(1852,9): anon49_Else
	    (0,0): anon50_Then
	    (0,0): anon51_Then
	    (0,0): anon52_Then
	    (0,0): anon15
	    (0,0): anon53_Then
	    (0,0): anon54_Else
	    (0,0): anon19
	    (0,0): anon55_Else
	    (0,0): anon56_Then
	/root/verichecks-worker/worker-dir/clones/0874d69408efb8197a8727a26bbeb75c90b8f2e1/Impl/IndirectionTable.i.dfy(1879,25): Error: assertion violation
	/root/verichecks-worker/worker-dir/clones/0874d69408efb8197a8727a26bbeb75c90b8f2e1/Impl/IndirectionTable.i.dfy(1758,21): Related location
	Execution trace:
	    (0,0): anon0
	    /root/verichecks-worker/worker-dir/clones/0874d69408efb8197a8727a26bbeb75c90b8f2e1/Impl/IndirectionTable.i.dfy(1840,7): anon44_LoopHead
	    (0,0): anon44_LoopBody
	    /root/verichecks-worker/worker-dir/clones/0874d69408efb8197a8727a26bbeb75c90b8f2e1/Impl/IndirectionTable.i.dfy(1840,7): anon45_Else
	    /root/verichecks-worker/worker-dir/clones/0874d69408efb8197a8727a26bbeb75c90b8f2e1/Impl/IndirectionTable.i.dfy(1840,7): anon47_Else
	    (0,0): anon48_Then
	    (0,0): anon9
	    /root/verichecks-worker/worker-dir/clones/0874d69408efb8197a8727a26bbeb75c90b8f2e1/Impl/IndirectionTable.i.dfy(1852,9): anon49_Else
	    (0,0): anon50_Then
	    (0,0): anon51_Then
	    (0,0): anon52_Then
	    (0,0): anon15
	    (0,0): anon53_Then
	    (0,0): anon54_Else
	    (0,0): anon19
	    (0,0): anon55_Else
	    (0,0): anon56_Then
	/root/verichecks-worker/worker-dir/clones/0874d69408efb8197a8727a26bbeb75c90b8f2e1/Impl/IndirectionTable.i.dfy(1897,66): Error: assertion violation
	Execution trace:
	    (0,0): anon0
	    /root/verichecks-worker/worker-dir/clones/0874d69408efb8197a8727a26bbeb75c90b8f2e1/Impl/IndirectionTable.i.dfy(1840,7): anon44_LoopHead
	    (0,0): anon44_LoopBody
	    /root/verichecks-worker/worker-dir/clones/0874d69408efb8197a8727a26bbeb75c90b8f2e1/Impl/IndirectionTable.i.dfy(1840,7): anon45_Else
	    /root/verichecks-worker/worker-dir/clones/0874d69408efb8197a8727a26bbeb75c90b8f2e1/Impl/IndirectionTable.i.dfy(1840,7): anon47_Else
	    (0,0): anon48_Then
	    (0,0): anon9
	    /root/verichecks-worker/worker-dir/clones/0874d69408efb8197a8727a26bbeb75c90b8f2e1/Impl/IndirectionTable.i.dfy(1852,9): anon49_Else
	    (0,0): anon50_Then
	    (0,0): anon51_Then
	    (0,0): anon52_Then
	    (0,0): anon15
	    (0,0): anon53_Else
	    (0,0): anon57_Then
	    (0,0): anon58_Else
	    (0,0): anon30
	    (0,0): anon59_Else
	    (0,0): anon33
	    (0,0): anon60_Then
	/root/verichecks-worker/worker-dir/clones/0874d69408efb8197a8727a26bbeb75c90b8f2e1/Impl/IndirectionTable.i.dfy(1915,18): Error: assertion violation
	/root/verichecks-worker/worker-dir/clones/0874d69408efb8197a8727a26bbeb75c90b8f2e1/Impl/../BlockCacheSystem/BlockCache.i.dfy(589,4): Related location
	/root/verichecks-worker/worker-dir/clones/0874d69408efb8197a8727a26bbeb75c90b8f2e1/Impl/../BlockCacheSystem/BlockCache.i.dfy(590,8): Related location
	Execution trace:
	    (0,0): anon0
	    /root/verichecks-worker/worker-dir/clones/0874d69408efb8197a8727a26bbeb75c90b8f2e1/Impl/IndirectionTable.i.dfy(1840,7): anon44_LoopHead
	    (0,0): anon44_LoopBody
	    /root/verichecks-worker/worker-dir/clones/0874d69408efb8197a8727a26bbeb75c90b8f2e1/Impl/IndirectionTable.i.dfy(1840,7): anon45_Else
	    (0,0): anon47_Then
	    (0,0): after_0
	    (0,0): anon61_Then
	
	Dafny program verifier finished with 101 verified, 4 errors, 10 inconclusives, 1 out of resource
	Command exited with non-zero status 4
	364.10user 4.85system 2:05.78elapsed 293%CPU (0avgtext+0avgdata 1527960maxresident)k
	0inputs+0outputs (0major+816999minor)pagefaults 0swaps

./ByteBlockCacheSystem/ByteSystem.i.dfy
	Prover error: Unexpected prover response (getting info about 'unknown' response): (:reason-unknown unknown)
	
	Prover error: Invalid PING response from the prover: unsat
	
	Prover error: Invalid PING response from the prover: unknown
	
	Prover error: Invalid PING response from the prover: unknown
	
	Prover error: Invalid PING response from the prover: unsat
	
	Prover error: Unexpected prover response (getting info about 'unknown' response): (:reason-unknown unknown)
	
	/root/verichecks-worker/worker-dir/clones/0874d69408efb8197a8727a26bbeb75c90b8f2e1/ByteBlockCacheSystem/AsyncDiskModel.s.dfy[ByteSystem](333,8): Verification inconclusive (Impl$$ByteSystem.__default.InitImpliesInv)
	/root/verichecks-worker/worker-dir/clones/0874d69408efb8197a8727a26bbeb75c90b8f2e1/ByteBlockCacheSystem/ByteSystem.i.dfy(64,8): Verification inconclusive (Impl$$ByteSystem.__default.ReqReadStepPreservesInv)
	/root/verichecks-worker/worker-dir/clones/0874d69408efb8197a8727a26bbeb75c90b8f2e1/ByteBlockCacheSystem/ByteSystem.i.dfy(158,8): Verification out of resource (Impl$$ByteSystem.__default.ReqWriteStepPreservesInv)
	/root/verichecks-worker/worker-dir/clones/0874d69408efb8197a8727a26bbeb75c90b8f2e1/ByteBlockCacheSystem/ByteSystem.i.dfy(343,8): Verification out of resource (Impl$$ByteSystem.__default.ReqWrite2StepPreservesInv)
	/root/verichecks-worker/worker-dir/clones/0874d69408efb8197a8727a26bbeb75c90b8f2e1/ByteBlockCacheSystem/ByteSystem.i.dfy(452,8): Verification inconclusive (CheckWellformed$$ByteSystem.__default.RespReadStepPreservesInv)
	/root/verichecks-worker/worker-dir/clones/0874d69408efb8197a8727a26bbeb75c90b8f2e1/ByteBlockCacheSystem/ByteSystem.i.dfy(452,8): Verification inconclusive (Impl$$ByteSystem.__default.RespReadStepPreservesInv)
	/root/verichecks-worker/worker-dir/clones/0874d69408efb8197a8727a26bbeb75c90b8f2e1/ByteBlockCacheSystem/ByteSystem.i.dfy(484,8): Verification inconclusive (Impl$$ByteSystem.__default.RespWriteStepPreservesInv)
	/root/verichecks-worker/worker-dir/clones/0874d69408efb8197a8727a26bbeb75c90b8f2e1/ByteBlockCacheSystem/ByteSystem.i.dfy(565,8): Verification inconclusive (Impl$$ByteSystem.__default.ProcessReadFailurePreservesInv)
	/root/verichecks-worker/worker-dir/clones/0874d69408efb8197a8727a26bbeb75c90b8f2e1/ByteBlockCacheSystem/ByteSystem.i.dfy(668,8): Verification out of resource (CheckWellformed$$ByteSystem.__default.NextStepPreservesInv)
	/root/verichecks-worker/worker-dir/clones/0874d69408efb8197a8727a26bbeb75c90b8f2e1/ByteBlockCacheSystem/ByteSystem.i.dfy(668,8): Verification inconclusive (Impl$$ByteSystem.__default.NextStepPreservesInv)
	
	Dafny program verifier finished with 19 verified, 0 errors, 7 inconclusives, 3 out of resource
	Command exited with non-zero status 4
	1290.19user 4.85system 16:48.80elapsed 128%CPU (0avgtext+0avgdata 1833804maxresident)k
	0inputs+0outputs (0major+1315831minor)pagefaults 0swaps

./lib/DataStructures/KMBtree.i.dfy
	Prover error: line 120051 column 20: Expected values for parameter rlimit is an unsigned integer. It was given argument '-156856704'
	
	Prover error: Prover died
	
	/root/verichecks-worker/worker-dir/clones/0874d69408efb8197a8727a26bbeb75c90b8f2e1/lib/DataStructures/BtreeModel.i.dfy[KMBtreeModel](348,33): Verification inconclusive (Impl$$KMBtreeModel.__default.SplitLeafInterpretation)
	/root/verichecks-worker/worker-dir/clones/0874d69408efb8197a8727a26bbeb75c90b8f2e1/lib/DataStructures/BtreeModel.i.dfy[KMBtreeModel](447,8): Verification inconclusive (Impl$$KMBtreeModel.__default.SplitIndexInterpretation1)
	Prover error: Invalid PING response from the prover: unsat
	
	/root/verichecks-worker/worker-dir/clones/0874d69408efb8197a8727a26bbeb75c90b8f2e1/lib/DataStructures/BtreeModel.i.dfy[KMBtreeModel](539,8): Verification inconclusive (Impl$$KMBtreeModel.__default.SplitNodeInterpretation)
	Prover error: Invalid PING response from the prover: unsat
	
	/root/verichecks-worker/worker-dir/clones/0874d69408efb8197a8727a26bbeb75c90b8f2e1/lib/DataStructures/BtreeModel.i.dfy[KMBtreeModel](655,8): Verification inconclusive (Impl$$KMBtreeModel.__default.SplitChildOfIndexPreservesWF)
	Prover error: Invalid PING response from the prover: unsat
	
	/root/verichecks-worker/worker-dir/clones/0874d69408efb8197a8727a26bbeb75c90b8f2e1/lib/DataStructures/BtreeModel.i.dfy[KMBtreeModel](827,8): Verification inconclusive (Impl$$KMBtreeModel.__default.SplitChildOfIndexPreservesInterpretation)
	Prover error: Invalid PING response from the prover: unsat
	
	/root/verichecks-worker/worker-dir/clones/0874d69408efb8197a8727a26bbeb75c90b8f2e1/lib/DataStructures/BtreeModel.i.dfy[KMBtreeModel](965,8): Verification inconclusive (Impl$$KMBtreeModel.__default.GrowPreservesWF)
	Prover error: Invalid PING response from the prover: unsat
	
	/root/verichecks-worker/worker-dir/clones/0874d69408efb8197a8727a26bbeb75c90b8f2e1/lib/DataStructures/BtreeModel.i.dfy[KMBtreeModel](1009,11): Verification inconclusive (CheckWellformed$$KMBtreeModel.__default.NumElementsOfChildren)
	Prover error: Invalid PING response from the prover: unsat
	
	/root/verichecks-worker/worker-dir/clones/0874d69408efb8197a8727a26bbeb75c90b8f2e1/lib/DataStructures/BtreeModel.i.dfy[KMBtreeModel](1052,8): Verification inconclusive (Impl$$KMBtreeModel.__default.InterpretationsDisjointUnion)
	Prover error: Invalid PING response from the prover: unsat
	
	/root/verichecks-worker/worker-dir/clones/0874d69408efb8197a8727a26bbeb75c90b8f2e1/lib/DataStructures/BtreeModel.i.dfy[KMBtreeModel](1171,8): Verification inconclusive (Impl$$KMBtreeModel.__default.NumElementsOfChildrenNotZero)
	Prover error: Invalid PING response from the prover: unsat
	
	/root/verichecks-worker/worker-dir/clones/0874d69408efb8197a8727a26bbeb75c90b8f2e1/lib/DataStructures/BtreeModel.i.dfy[KMBtreeModel](1258,8): Verification inconclusive (Impl$$KMBtreeModel.__default.ToSeqLength)
	Prover error: Invalid PING response from the prover: unsat
	
	/root/verichecks-worker/worker-dir/clones/0874d69408efb8197a8727a26bbeb75c90b8f2e1/lib/DataStructures/BtreeModel.i.dfy[KMBtreeModel](1368,26): Verification inconclusive (Impl$$KMBtreeModel.__default.ToSeqCoversInterpretation)
	
	Dafny program verifier finished with 112 verified, 0 errors, 11 inconclusives
	Command exited with non-zero status 4
	98.89user 2.13system 0:40.15elapsed 251%CPU (0avgtext+0avgdata 676944maxresident)k
	0inputs+0outputs (0major+296230minor)pagefaults 0swaps

