./ByteBlockCacheSystem/ByteSystem.i.dfy
	Prover error: Unexpected prover response (getting info about 'unknown' response): (:reason-unknown unknown)
	
	Prover error: Invalid PING response from the prover: unsat
	
	Prover error: Invalid PING response from the prover: unknown
	
	Prover error: Invalid PING response from the prover: unknown
	
	Prover error: Invalid PING response from the prover: unsat
	
	Prover error: Unexpected prover response (getting info about 'unknown' response): (:reason-unknown unknown)
	
	/root/verichecks-worker/worker-dir/clones/3fae1b469c7f06bcb23c5d3d2c4d734833984a79/ByteBlockCacheSystem/AsyncDiskModel.s.dfy[ByteSystem](333,8): Verification inconclusive (Impl$$ByteSystem.__default.InitImpliesInv)
	/root/verichecks-worker/worker-dir/clones/3fae1b469c7f06bcb23c5d3d2c4d734833984a79/ByteBlockCacheSystem/ByteSystem.i.dfy(64,8): Verification inconclusive (Impl$$ByteSystem.__default.ReqReadStepPreservesInv)
	/root/verichecks-worker/worker-dir/clones/3fae1b469c7f06bcb23c5d3d2c4d734833984a79/ByteBlockCacheSystem/ByteSystem.i.dfy(158,8): Verification out of resource (Impl$$ByteSystem.__default.ReqWriteStepPreservesInv)
	/root/verichecks-worker/worker-dir/clones/3fae1b469c7f06bcb23c5d3d2c4d734833984a79/ByteBlockCacheSystem/ByteSystem.i.dfy(343,8): Verification out of resource (Impl$$ByteSystem.__default.ReqWrite2StepPreservesInv)
	/root/verichecks-worker/worker-dir/clones/3fae1b469c7f06bcb23c5d3d2c4d734833984a79/ByteBlockCacheSystem/ByteSystem.i.dfy(452,8): Verification inconclusive (CheckWellformed$$ByteSystem.__default.RespReadStepPreservesInv)
	/root/verichecks-worker/worker-dir/clones/3fae1b469c7f06bcb23c5d3d2c4d734833984a79/ByteBlockCacheSystem/ByteSystem.i.dfy(452,8): Verification inconclusive (Impl$$ByteSystem.__default.RespReadStepPreservesInv)
	/root/verichecks-worker/worker-dir/clones/3fae1b469c7f06bcb23c5d3d2c4d734833984a79/ByteBlockCacheSystem/ByteSystem.i.dfy(484,8): Verification inconclusive (Impl$$ByteSystem.__default.RespWriteStepPreservesInv)
	/root/verichecks-worker/worker-dir/clones/3fae1b469c7f06bcb23c5d3d2c4d734833984a79/ByteBlockCacheSystem/ByteSystem.i.dfy(592,8): Verification inconclusive (CheckWellformed$$ByteSystem.__default.ProcessWritePreservesInv)
	/root/verichecks-worker/worker-dir/clones/3fae1b469c7f06bcb23c5d3d2c4d734833984a79/ByteBlockCacheSystem/ByteSystem.i.dfy(668,8): Verification out of resource (CheckWellformed$$ByteSystem.__default.NextStepPreservesInv)
	/root/verichecks-worker/worker-dir/clones/3fae1b469c7f06bcb23c5d3d2c4d734833984a79/ByteBlockCacheSystem/ByteSystem.i.dfy(668,8): Verification inconclusive (Impl$$ByteSystem.__default.NextStepPreservesInv)
	
	Dafny program verifier finished with 19 verified, 0 errors, 7 inconclusives, 3 out of resource
	Command exited with non-zero status 4
	1322.24user 4.98system 17:23.17elapsed 127%CPU (0avgtext+0avgdata 1833916maxresident)k
	0inputs+0outputs (0major+1311525minor)pagefaults 0swaps

./Impl/FlushPolicyModel.i.dfy
	Prover error: Unexpected prover response (getting info about 'unknown' response): (:reason-unknown unknown)
	
	/root/verichecks-worker/worker-dir/clones/3fae1b469c7f06bcb23c5d3d2c4d734833984a79/Impl/FlushPolicyModel.i.dfy(166,8): Verification inconclusive (Impl$$FlushPolicyModel.__default.getActionToSplitValidAction)
	Prover error: Unexpected prover response (getting info about 'unknown' response): (:reason-unknown unknown)
	
	/root/verichecks-worker/worker-dir/clones/3fae1b469c7f06bcb23c5d3d2c4d734833984a79/Impl/FlushPolicyModel.i.dfy(196,8): Verification inconclusive (Impl$$FlushPolicyModel.__default.getActionToFlushValidAction)
	
	Dafny program verifier finished with 6 verified, 0 errors, 2 inconclusives
	Command exited with non-zero status 4
	103.75user 1.92system 1:07.44elapsed 156%CPU (0avgtext+0avgdata 1494272maxresident)k
	0inputs+0outputs (0major+553902minor)pagefaults 0swaps

./Impl/IndirectionTable.i.dfy
	Prover error: Unexpected prover response (getting info about 'unknown' response): (:reason-unknown unknown)
	
	/root/verichecks-worker/worker-dir/clones/3fae1b469c7f06bcb23c5d3d2c4d734833984a79/Impl/IndirectionTable.i.dfy(936,24): Verification inconclusive (Impl$$IndirectionTable.IndirectionTable.UpdateAndRemoveLoc)
	Prover error: Invalid PING response from the prover: unsat
	
	/root/verichecks-worker/worker-dir/clones/3fae1b469c7f06bcb23c5d3d2c4d734833984a79/Impl/IndirectionTable.i.dfy(1297,17): Verification inconclusive (CheckWellformed$$IndirectionTable.IndirectionTable.LemmaPredecessorSetRestrictedPartialAdd1Other)
	Prover error: Invalid PING response from the prover: unsat
	
	Prover error: Invalid PING response from the prover: unsat
	
	Prover error: Invalid PING response from the prover: unsat
	
	Prover error: Invalid PING response from the prover: unsat
	
	Prover error: Invalid PING response from the prover: unsat
	
	Prover error: Invalid PING response from the prover: unsat
	
	Prover error: Invalid PING response from the prover: unsat
	
	/root/verichecks-worker/worker-dir/clones/3fae1b469c7f06bcb23c5d3d2c4d734833984a79/Impl/IndirectionTable.i.dfy(1308,18): Verification out of resource (Impl$$IndirectionTable.IndirectionTable.ComputeRefCountsInnerLoop)
	/root/verichecks-worker/worker-dir/clones/3fae1b469c7f06bcb23c5d3d2c4d734833984a79/Impl/IndirectionTable.i.dfy(1385,18): Verification inconclusive (CheckWellformed$$IndirectionTable.IndirectionTable.ComputeRefCounts)
	/root/verichecks-worker/worker-dir/clones/3fae1b469c7f06bcb23c5d3d2c4d734833984a79/Impl/IndirectionTable.i.dfy(1463,18): Verification inconclusive (Impl$$IndirectionTable.IndirectionTable.MakeGarbageQueue)
	/root/verichecks-worker/worker-dir/clones/3fae1b469c7f06bcb23c5d3d2c4d734833984a79/Impl/IndirectionTable.i.dfy(1515,18): Verification inconclusive (CheckWellformed$$IndirectionTable.IndirectionTable.ValToIndirectionTable)
	/root/verichecks-worker/worker-dir/clones/3fae1b469c7f06bcb23c5d3d2c4d734833984a79/Impl/IndirectionTable.i.dfy(1567,20): Verification inconclusive (CheckWellformed$$IndirectionTable.IndirectionTable.MaxIndirectionTableByteSize)
	/root/verichecks-worker/worker-dir/clones/3fae1b469c7f06bcb23c5d3d2c4d734833984a79/Impl/IndirectionTable.i.dfy(1571,17): Verification inconclusive (CheckWellformed$$IndirectionTable.IndirectionTable.lemma__SeqSum__prefix__array)
	/root/verichecks-worker/worker-dir/clones/3fae1b469c7f06bcb23c5d3d2c4d734833984a79/Impl/IndirectionTable.i.dfy(1579,35): Verification inconclusive (Impl$$IndirectionTable.IndirectionTable.lemma__tuple__size)
	/root/verichecks-worker/worker-dir/clones/3fae1b469c7f06bcb23c5d3d2c4d734833984a79/Impl/IndirectionTable.i.dfy(1597,27): Verification inconclusive (CheckWellformed$$IndirectionTable.IndirectionTable.IndirectionTableGrammar)
	Prover error: Invalid PING response from the prover: unsat
	
	Prover error: Invalid PING response from the prover: unsat
	
	Prover error: Invalid PING response from the prover: unknown
	
	Prover error: Invalid PING response from the prover: unsat
	
	Prover error: Invalid PING response from the prover: unsat
	
	Prover error: Invalid PING response from the prover: unsat
	
	Prover error: Invalid PING response from the prover: unsat
	
	/root/verichecks-worker/worker-dir/clones/3fae1b469c7f06bcb23c5d3d2c4d734833984a79/Impl/IndirectionTable.i.dfy(1611,18): Verification out of resource (Impl$$IndirectionTable.IndirectionTable.IndirectionTableToVal)
	/root/verichecks-worker/worker-dir/clones/3fae1b469c7f06bcb23c5d3d2c4d734833984a79/Impl/IndirectionTable.i.dfy(1755,21): Verification inconclusive (CheckWellformed$$IndirectionTable.IndirectionTable.IsLocAllocBitmap)
	/root/verichecks-worker/worker-dir/clones/3fae1b469c7f06bcb23c5d3d2c4d734833984a79/Impl/IndirectionTable.i.dfy(1777,18): Verification inconclusive (Impl$$IndirectionTable.IndirectionTable.BitmapInitUpTo)
	/root/verichecks-worker/worker-dir/clones/3fae1b469c7f06bcb23c5d3d2c4d734833984a79/Impl/IndirectionTable.i.dfy(1816,18): Verification inconclusive (Impl$$IndirectionTable.IndirectionTable.InitLocBitmap)
	/root/verichecks-worker/worker-dir/clones/3fae1b469c7f06bcb23c5d3d2c4d734833984a79/Impl/IndirectionTable.i.dfy(1928,18): Verification inconclusive (Impl$$IndirectionTable.IndirectionTable.FindDeallocable)
	/root/verichecks-worker/worker-dir/clones/3fae1b469c7f06bcb23c5d3d2c4d734833984a79/Impl/IndirectionTable.i.dfy(1971,24): Verification inconclusive (Impl$$IndirectionTable.IndirectionTable.FindRefWithNoLoc)
	/root/verichecks-worker/worker-dir/clones/3fae1b469c7f06bcb23c5d3d2c4d734833984a79/Impl/IndirectionTable.i.dfy(2021,18): Verification inconclusive (Impl$$IndirectionTable.IndirectionTable.GetRefUpperBound)
	/root/verichecks-worker/worker-dir/clones/3fae1b469c7f06bcb23c5d3d2c4d734833984a79/Impl/IndirectionTable.i.dfy(76,21): Verification inconclusive (CheckWellformed$$IndirectionTable.__default.PredCounts)
	/root/verichecks-worker/worker-dir/clones/3fae1b469c7f06bcb23c5d3d2c4d734833984a79/Impl/IndirectionTable.i.dfy(93,11): Verification inconclusive (CheckWellformed$$IndirectionTable.__default.PredecessorSetRestrictedPartial)
	Prover error: Invalid PING response from the prover: unsat
	
	/root/verichecks-worker/worker-dir/clones/3fae1b469c7f06bcb23c5d3d2c4d734833984a79/Impl/IndirectionTable.i.dfy(118,12): Verification inconclusive (CheckWellformed$$IndirectionTable.__default.ValidPredCounts)
	
	Dafny program verifier finished with 93 verified, 0 errors, 18 inconclusives, 2 out of resource
	Command exited with non-zero status 4
	364.72user 4.98system 2:04.43elapsed 297%CPU (0avgtext+0avgdata 1539228maxresident)k
	0inputs+0outputs (0major+886038minor)pagefaults 0swaps

./lib/DataStructures/KMBtree.i.dfy
	Prover error: line 119703 column 20: Expected values for parameter rlimit is an unsigned integer. It was given argument '-156856704'
	
	Prover error: Prover died
	
	/root/verichecks-worker/worker-dir/clones/3fae1b469c7f06bcb23c5d3d2c4d734833984a79/lib/DataStructures/BtreeModel.i.dfy[KMBtreeModel](348,33): Verification inconclusive (Impl$$KMBtreeModel.__default.SplitLeafInterpretation)
	/root/verichecks-worker/worker-dir/clones/3fae1b469c7f06bcb23c5d3d2c4d734833984a79/lib/DataStructures/BtreeModel.i.dfy[KMBtreeModel](437,8): Verification inconclusive (Impl$$KMBtreeModel.__default.SplitIndexPreservesWF)
	Prover error: Invalid PING response from the prover: unsat
	
	/root/verichecks-worker/worker-dir/clones/3fae1b469c7f06bcb23c5d3d2c4d734833984a79/lib/DataStructures/BtreeModel.i.dfy[KMBtreeModel](526,8): Verification inconclusive (Impl$$KMBtreeModel.__default.SplitNodePreservesWF)
	Prover error: Invalid PING response from the prover: unsat
	
	Prover error: Invalid PING response from the prover: unsat
	
	/root/verichecks-worker/worker-dir/clones/3fae1b469c7f06bcb23c5d3d2c4d734833984a79/lib/DataStructures/BtreeModel.i.dfy[KMBtreeModel](622,8): Verification inconclusive (Impl$$KMBtreeModel.__default.SplitNodeAllKeys)
	/root/verichecks-worker/worker-dir/clones/3fae1b469c7f06bcb23c5d3d2c4d734833984a79/lib/DataStructures/BtreeModel.i.dfy[KMBtreeModel](714,8): Verification inconclusive (Impl$$KMBtreeModel.__default.SplitChildOfIndexPreservesAllKeys)
	Prover error: Invalid PING response from the prover: unsat
	
	Prover error: Invalid PING response from the prover: unsat
	
	/root/verichecks-worker/worker-dir/clones/3fae1b469c7f06bcb23c5d3d2c4d734833984a79/lib/DataStructures/BtreeModel.i.dfy[KMBtreeModel](838,11): Verification inconclusive (CheckWellformed$$KMBtreeModel.__default.InsertLeaf)
	/root/verichecks-worker/worker-dir/clones/3fae1b469c7f06bcb23c5d3d2c4d734833984a79/lib/DataStructures/BtreeModel.i.dfy[KMBtreeModel](887,8): Verification inconclusive (CheckWellformed$$KMBtreeModel.__default.RecursiveInsertIsCorrect)
	Prover error: Invalid PING response from the prover: unsat
	
	/root/verichecks-worker/worker-dir/clones/3fae1b469c7f06bcb23c5d3d2c4d734833984a79/lib/DataStructures/BtreeModel.i.dfy[KMBtreeModel](975,8): Verification inconclusive (Impl$$KMBtreeModel.__default.GrowPreservesAllKeys)
	Prover error: Invalid PING response from the prover: unsat
	
	/root/verichecks-worker/worker-dir/clones/3fae1b469c7f06bcb23c5d3d2c4d734833984a79/lib/DataStructures/BtreeModel.i.dfy[KMBtreeModel](1023,8): Verification inconclusive (Impl$$KMBtreeModel.__default.InterpretationsDisjoint)
	Prover error: Invalid PING response from the prover: unsat
	
	Prover error: Invalid PING response from the prover: unsat
	
	/root/verichecks-worker/worker-dir/clones/3fae1b469c7f06bcb23c5d3d2c4d734833984a79/lib/DataStructures/BtreeModel.i.dfy[KMBtreeModel](1152,8): Verification inconclusive (Impl$$KMBtreeModel.__default.NumElementsMatchesInterpretation)
	/root/verichecks-worker/worker-dir/clones/3fae1b469c7f06bcb23c5d3d2c4d734833984a79/lib/DataStructures/BtreeModel.i.dfy[KMBtreeModel](1187,8): Verification inconclusive (Impl$$KMBtreeModel.__default.NumElementsOfChildrenDecreases)
	Prover error: Invalid PING response from the prover: unsat
	
	/root/verichecks-worker/worker-dir/clones/3fae1b469c7f06bcb23c5d3d2c4d734833984a79/lib/DataStructures/BtreeModel.i.dfy[KMBtreeModel](1223,8): Verification inconclusive (Impl$$KMBtreeModel.__default.ToSeqChildrenDecomposition)
	Prover error: Invalid PING response from the prover: unsat
	
	/root/verichecks-worker/worker-dir/clones/3fae1b469c7f06bcb23c5d3d2c4d734833984a79/lib/DataStructures/BtreeModel.i.dfy[KMBtreeModel](1269,8): Verification inconclusive (Impl$$KMBtreeModel.__default.ToSeqInAllKeys)
	Prover error: Invalid PING response from the prover: unsat
	
	/root/verichecks-worker/worker-dir/clones/3fae1b469c7f06bcb23c5d3d2c4d734833984a79/lib/DataStructures/BtreeModel.i.dfy[KMBtreeModel](1393,8): Verification inconclusive (Impl$$KMBtreeModel.__default.InterpretationNumElements)
	
	Dafny program verifier finished with 109 verified, 0 errors, 14 inconclusives
	Command exited with non-zero status 4
	96.75user 2.35system 0:38.31elapsed 258%CPU (0avgtext+0avgdata 687084maxresident)k
	0inputs+0outputs (0major+331644minor)pagefaults 0swaps

