./ByteBlockCacheSystem/ByteSystem.i.dfy
	Prover error: Unexpected prover response (getting info about 'unknown' response): (:reason-unknown unknown)
	
	Prover error: Unexpected prover response (getting info about 'unknown' response): (:reason-unknown unknown)
	
	Prover error: Invalid PING response from the prover: unsat
	
	Prover error: Invalid PING response from the prover: unknown
	
	Prover error: Invalid PING response from the prover: unsat
	
	Prover error: Invalid PING response from the prover: unsat
	
	Prover error: Invalid PING response from the prover: unsat
	
	Prover error: Invalid PING response from the prover: unsat
	
	Prover error: Invalid PING response from the prover: unsat
	
	Prover error: Invalid PING response from the prover: unsat
	
	Prover error: Invalid PING response from the prover: unknown
	
	Prover error: Invalid PING response from the prover: unknown
	
	Prover error: Unexpected prover response (getting info about 'unknown' response): (:reason-unknown unknown)
	
	/root/verichecks-worker/worker-dir/clones/40e81a61fa776c6bc75176160fa31bb86f87c931/ByteBlockCacheSystem/AsyncDiskModel.s.dfy[ByteSystem](333,8): Verification inconclusive (Impl$$ByteSystem.__default.InitImpliesInv)
	/root/verichecks-worker/worker-dir/clones/40e81a61fa776c6bc75176160fa31bb86f87c931/ByteBlockCacheSystem/ByteSystem.i.dfy(64,8): Verification out of resource (Impl$$ByteSystem.__default.ReqReadStepPreservesInv)
	/root/verichecks-worker/worker-dir/clones/40e81a61fa776c6bc75176160fa31bb86f87c931/ByteBlockCacheSystem/ByteSystem.i.dfy(158,8): Verification inconclusive (Impl$$ByteSystem.__default.ReqWriteStepPreservesInv)
	/root/verichecks-worker/worker-dir/clones/40e81a61fa776c6bc75176160fa31bb86f87c931/ByteBlockCacheSystem/ByteSystem.i.dfy(343,8): Verification inconclusive (Impl$$ByteSystem.__default.ReqWrite2StepPreservesInv)
	/root/verichecks-worker/worker-dir/clones/40e81a61fa776c6bc75176160fa31bb86f87c931/ByteBlockCacheSystem/ByteSystem.i.dfy(452,8): Verification inconclusive (Impl$$ByteSystem.__default.RespReadStepPreservesInv)
	/root/verichecks-worker/worker-dir/clones/40e81a61fa776c6bc75176160fa31bb86f87c931/ByteBlockCacheSystem/ByteSystem.i.dfy(484,8): Verification inconclusive (Impl$$ByteSystem.__default.RespWriteStepPreservesInv)
	/root/verichecks-worker/worker-dir/clones/40e81a61fa776c6bc75176160fa31bb86f87c931/ByteBlockCacheSystem/ByteSystem.i.dfy(516,8): Verification inconclusive (CheckWellformed$$ByteSystem.__default.NoDiskOpStepPreservesInv)
	/root/verichecks-worker/worker-dir/clones/40e81a61fa776c6bc75176160fa31bb86f87c931/ByteBlockCacheSystem/ByteSystem.i.dfy(549,8): Verification inconclusive (CheckWellformed$$ByteSystem.__default.MachineStepPreservesInv)
	/root/verichecks-worker/worker-dir/clones/40e81a61fa776c6bc75176160fa31bb86f87c931/ByteBlockCacheSystem/ByteSystem.i.dfy(549,8): Verification inconclusive (Impl$$ByteSystem.__default.MachineStepPreservesInv)
	/root/verichecks-worker/worker-dir/clones/40e81a61fa776c6bc75176160fa31bb86f87c931/ByteBlockCacheSystem/ByteSystem.i.dfy(592,8): Verification inconclusive (CheckWellformed$$ByteSystem.__default.ProcessWritePreservesInv)
	/root/verichecks-worker/worker-dir/clones/40e81a61fa776c6bc75176160fa31bb86f87c931/ByteBlockCacheSystem/ByteSystem.i.dfy(629,8): Verification inconclusive (CheckWellformed$$ByteSystem.__default.DiskInternalStepPreservesInv)
	/root/verichecks-worker/worker-dir/clones/40e81a61fa776c6bc75176160fa31bb86f87c931/ByteBlockCacheSystem/ByteSystem.i.dfy(629,8): Verification inconclusive (Impl$$ByteSystem.__default.DiskInternalStepPreservesInv)
	/root/verichecks-worker/worker-dir/clones/40e81a61fa776c6bc75176160fa31bb86f87c931/ByteBlockCacheSystem/ByteSystem.i.dfy(643,8): Verification inconclusive (CheckWellformed$$ByteSystem.__default.CrashStepPreservesInv)
	/root/verichecks-worker/worker-dir/clones/40e81a61fa776c6bc75176160fa31bb86f87c931/ByteBlockCacheSystem/ByteSystem.i.dfy(643,8): Verification inconclusive (Impl$$ByteSystem.__default.CrashStepPreservesInv)
	/root/verichecks-worker/worker-dir/clones/40e81a61fa776c6bc75176160fa31bb86f87c931/ByteBlockCacheSystem/ByteSystem.i.dfy(668,8): Verification inconclusive (CheckWellformed$$ByteSystem.__default.NextStepPreservesInv)
	/root/verichecks-worker/worker-dir/clones/40e81a61fa776c6bc75176160fa31bb86f87c931/ByteBlockCacheSystem/ByteSystem.i.dfy(668,8): Verification inconclusive (Impl$$ByteSystem.__default.NextStepPreservesInv)
	
	Dafny program verifier finished with 13 verified, 0 errors, 15 inconclusives, 1 out of resource
	Command exited with non-zero status 4
	1144.90user 4.42system 14:39.41elapsed 130%CPU (0avgtext+0avgdata 1833704maxresident)k
	0inputs+0outputs (0major+1332408minor)pagefaults 0swaps

./BlockCacheSystem/BlockSystem.i.dfy
	Prover error: Unexpected prover response (getting info about 'unknown' response): (:reason-unknown unknown)
	
	/root/verichecks-worker/worker-dir/clones/40e81a61fa776c6bc75176160fa31bb86f87c931/BlockCacheSystem/BlockSystem.i.dfy(738,8): Verification inconclusive (Impl$$BlockSystem.__default.WriteBackNodeReqStepPreservesGraphs)
	Prover error: Unexpected prover response (getting info about 'unknown' response): (:reason-unknown unknown)
	
	/root/verichecks-worker/worker-dir/clones/40e81a61fa776c6bc75176160fa31bb86f87c931/BlockCacheSystem/BlockSystem.i.dfy(768,8): Verification inconclusive (Impl$$BlockSystem.__default.WriteBackNodeReqStepPreservesInv)
	Prover error: Unexpected prover response (getting info about 'unknown' response): (:reason-unknown unknown)
	
	/root/verichecks-worker/worker-dir/clones/40e81a61fa776c6bc75176160fa31bb86f87c931/BlockCacheSystem/BlockSystem.i.dfy(804,8): Verification inconclusive (Impl$$BlockSystem.__default.WriteBackNodeRespStepPreservesGraphs)
	Prover error: Invalid PING response from the prover: unsat
	
	Prover error: Invalid PING response from the prover: unsat
	
	Prover error: Unexpected prover response (getting info about 'unknown' response): (:reason-unknown unknown)
	
	/root/verichecks-worker/worker-dir/clones/40e81a61fa776c6bc75176160fa31bb86f87c931/BlockCacheSystem/BlockSystem.i.dfy(838,8): Verification inconclusive (Impl$$BlockSystem.__default.WriteBackIndirectionTableReqStepPreservesGraphs)
	/root/verichecks-worker/worker-dir/clones/40e81a61fa776c6bc75176160fa31bb86f87c931/BlockCacheSystem/BlockSystem.i.dfy(867,8): Verification inconclusive (Impl$$BlockSystem.__default.WriteBackIndirectionTableReqStep__WriteRequestsDontOverlap)
	/root/verichecks-worker/worker-dir/clones/40e81a61fa776c6bc75176160fa31bb86f87c931/BlockCacheSystem/BlockSystem.i.dfy(891,8): Verification inconclusive (Impl$$BlockSystem.__default.WriteBackIndirectionTableReqStepPreservesInv)
	/root/verichecks-worker/worker-dir/clones/40e81a61fa776c6bc75176160fa31bb86f87c931/BlockCacheSystem/BlockSystem.i.dfy(917,8): Verification inconclusive (CheckWellformed$$BlockSystem.__default.WriteBackIndirectionTableRespStepPreservesGraphs)
	/root/verichecks-worker/worker-dir/clones/40e81a61fa776c6bc75176160fa31bb86f87c931/BlockCacheSystem/BlockSystem.i.dfy(917,8): Verification inconclusive (Impl$$BlockSystem.__default.WriteBackIndirectionTableRespStepPreservesGraphs)
	Prover error: Invalid PING response from the prover: unsat
	
	Prover error: Invalid PING response from the prover: unsat
	
	Prover error: Invalid PING response from the prover: unknown
	
	/root/verichecks-worker/worker-dir/clones/40e81a61fa776c6bc75176160fa31bb86f87c931/BlockCacheSystem/BlockSystem.i.dfy(945,8): Verification inconclusive (Impl$$BlockSystem.__default.WriteBackIndirectionTableRespStepPreservesInv)
	/root/verichecks-worker/worker-dir/clones/40e81a61fa776c6bc75176160fa31bb86f87c931/BlockCacheSystem/BlockSystem.i.dfy(959,8): Verification inconclusive (CheckWellformed$$BlockSystem.__default.DirtyStepUpdatesGraph)
	/root/verichecks-worker/worker-dir/clones/40e81a61fa776c6bc75176160fa31bb86f87c931/BlockCacheSystem/BlockSystem.i.dfy(959,8): Verification inconclusive (Impl$$BlockSystem.__default.DirtyStepUpdatesGraph)
	Prover error: Invalid PING response from the prover: unsat
	
	Prover error: Invalid PING response from the prover: unknown
	
	/root/verichecks-worker/worker-dir/clones/40e81a61fa776c6bc75176160fa31bb86f87c931/BlockCacheSystem/BlockSystem.i.dfy(982,8): Verification inconclusive (Impl$$BlockSystem.__default.DirtyStepPreservesInv)
	/root/verichecks-worker/worker-dir/clones/40e81a61fa776c6bc75176160fa31bb86f87c931/BlockCacheSystem/BlockSystem.i.dfy(994,8): Verification inconclusive (CheckWellformed$$BlockSystem.__default.AllocStepUpdatesGraph)
	/root/verichecks-worker/worker-dir/clones/40e81a61fa776c6bc75176160fa31bb86f87c931/BlockCacheSystem/BlockSystem.i.dfy(994,8): Verification inconclusive (Impl$$BlockSystem.__default.AllocStepUpdatesGraph)
	Prover error: Invalid PING response from the prover: unsat
	
	Prover error: Invalid PING response from the prover: unsat
	
	Prover error: Invalid PING response from the prover: unsat
	
	Prover error: Invalid PING response from the prover: unsat
	
	Prover error: Invalid PING response from the prover: unsat
	
	/root/verichecks-worker/worker-dir/clones/40e81a61fa776c6bc75176160fa31bb86f87c931/BlockCacheSystem/BlockSystem.i.dfy(1016,8): Verification inconclusive (Impl$$BlockSystem.__default.AllocStepPreservesInv)
	/root/verichecks-worker/worker-dir/clones/40e81a61fa776c6bc75176160fa31bb86f87c931/BlockCacheSystem/BlockSystem.i.dfy(1028,8): Verification inconclusive (Impl$$BlockSystem.__default.OpPreservesInv)
	/root/verichecks-worker/worker-dir/clones/40e81a61fa776c6bc75176160fa31bb86f87c931/BlockCacheSystem/BlockSystem.i.dfy(1040,8): Verification inconclusive (Impl$$BlockSystem.__default.OpTransactionPreservesInv)
	/root/verichecks-worker/worker-dir/clones/40e81a61fa776c6bc75176160fa31bb86f87c931/BlockCacheSystem/BlockSystem.i.dfy(1057,8): Verification inconclusive (Impl$$BlockSystem.__default.TransactionStepPreservesInv)
	Prover error: Invalid PING response from the prover: unknown
	
	/root/verichecks-worker/worker-dir/clones/40e81a61fa776c6bc75176160fa31bb86f87c931/BlockCacheSystem/BlockSystem.i.dfy(1071,8): Verification inconclusive (CheckWellformed$$BlockSystem.__default.UnallocStepUpdatesGraph)
	/root/verichecks-worker/worker-dir/clones/40e81a61fa776c6bc75176160fa31bb86f87c931/BlockCacheSystem/BlockSystem.i.dfy(1071,8): Verification inconclusive (Impl$$BlockSystem.__default.UnallocStepUpdatesGraph)
	Prover error: Invalid PING response from the prover: unsat
	
	Prover error: Invalid PING response from the prover: unknown
	
	/root/verichecks-worker/worker-dir/clones/40e81a61fa776c6bc75176160fa31bb86f87c931/BlockCacheSystem/BlockSystem.i.dfy(1094,8): Verification inconclusive (Impl$$BlockSystem.__default.UnallocStepPreservesInv)
	/root/verichecks-worker/worker-dir/clones/40e81a61fa776c6bc75176160fa31bb86f87c931/BlockCacheSystem/BlockSystem.i.dfy(1112,8): Verification inconclusive (Impl$$BlockSystem.__default.PageInNodeReqStepPreservesGraphs)
	Prover error: Invalid PING response from the prover: unsat
	
	/root/verichecks-worker/worker-dir/clones/40e81a61fa776c6bc75176160fa31bb86f87c931/BlockCacheSystem/BlockSystem.i.dfy(1133,8): Verification inconclusive (Impl$$BlockSystem.__default.PageInNodeReqStepPreservesInv)
	Prover error: Invalid PING response from the prover: unsat
	
	/root/verichecks-worker/worker-dir/clones/40e81a61fa776c6bc75176160fa31bb86f87c931/BlockCacheSystem/BlockSystem.i.dfy(1161,8): Verification inconclusive (Impl$$BlockSystem.__default.PageInNodeRespStepPreservesGraphs)
	/root/verichecks-worker/worker-dir/clones/40e81a61fa776c6bc75176160fa31bb86f87c931/BlockCacheSystem/BlockSystem.i.dfy(1182,8): Verification inconclusive (Impl$$BlockSystem.__default.PageInNodeRespStepPreservesInv)
	Prover error: Invalid PING response from the prover: unsat
	
	Prover error: Invalid PING response from the prover: unsat
	
	Prover error: Invalid PING response from the prover: unknown
	
	/root/verichecks-worker/worker-dir/clones/40e81a61fa776c6bc75176160fa31bb86f87c931/BlockCacheSystem/BlockSystem.i.dfy(1195,8): Verification inconclusive (Impl$$BlockSystem.__default.PageInIndirectionTableReqStepPreservesGraphs)
	/root/verichecks-worker/worker-dir/clones/40e81a61fa776c6bc75176160fa31bb86f87c931/BlockCacheSystem/BlockSystem.i.dfy(1212,8): Verification inconclusive (Impl$$BlockSystem.__default.PageInIndirectionTableReqStepPreservesInv)
	/root/verichecks-worker/worker-dir/clones/40e81a61fa776c6bc75176160fa31bb86f87c931/BlockCacheSystem/BlockSystem.i.dfy(1225,8): Verification inconclusive (Impl$$BlockSystem.__default.PageInIndirectionTableRespStepPreservesGraphs)
	Prover error: Invalid PING response from the prover: unsat
	
	Prover error: Invalid PING response from the prover: unsat
	
	Prover error: Invalid PING response from the prover: unsat
	
	Prover error: Invalid PING response from the prover: unsat
	
	Prover error: Invalid PING response from the prover: unsat
	
	Prover error: Invalid PING response from the prover: unknown
	
	/root/verichecks-worker/worker-dir/clones/40e81a61fa776c6bc75176160fa31bb86f87c931/BlockCacheSystem/BlockSystem.i.dfy(1240,8): Verification inconclusive (Impl$$BlockSystem.__default.PageInIndirectionTableRespStepPreservesInv)
	/root/verichecks-worker/worker-dir/clones/40e81a61fa776c6bc75176160fa31bb86f87c931/BlockCacheSystem/BlockSystem.i.dfy(1253,8): Verification inconclusive (CheckWellformed$$BlockSystem.__default.ReceiveLocStepPreservesGraphs)
	/root/verichecks-worker/worker-dir/clones/40e81a61fa776c6bc75176160fa31bb86f87c931/BlockCacheSystem/BlockSystem.i.dfy(1253,8): Verification inconclusive (Impl$$BlockSystem.__default.ReceiveLocStepPreservesGraphs)
	/root/verichecks-worker/worker-dir/clones/40e81a61fa776c6bc75176160fa31bb86f87c931/BlockCacheSystem/BlockSystem.i.dfy(1282,8): Verification inconclusive (CheckWellformed$$BlockSystem.__default.ReceiveLocStepPreservesInv)
	/root/verichecks-worker/worker-dir/clones/40e81a61fa776c6bc75176160fa31bb86f87c931/BlockCacheSystem/BlockSystem.i.dfy(1282,8): Verification inconclusive (Impl$$BlockSystem.__default.ReceiveLocStepPreservesInv)
	/root/verichecks-worker/worker-dir/clones/40e81a61fa776c6bc75176160fa31bb86f87c931/BlockCacheSystem/BlockSystem.i.dfy(1296,8): Verification inconclusive (Impl$$BlockSystem.__default.EvictStepPreservesGraphs)
	Prover error: Invalid PING response from the prover: unsat
	
	Prover error: Invalid PING response from the prover: unsat
	
	Prover error: Invalid PING response from the prover: unsat
	
	Prover error: Invalid PING response from the prover: unsat
	
	Prover error: Invalid PING response from the prover: unsat
	
	/root/verichecks-worker/worker-dir/clones/40e81a61fa776c6bc75176160fa31bb86f87c931/BlockCacheSystem/BlockSystem.i.dfy(1317,8): Verification inconclusive (Impl$$BlockSystem.__default.EvictStepPreservesInv)
	/root/verichecks-worker/worker-dir/clones/40e81a61fa776c6bc75176160fa31bb86f87c931/BlockCacheSystem/BlockSystem.i.dfy(1330,8): Verification inconclusive (Impl$$BlockSystem.__default.FreezeStepPreservesGraphs)
	/root/verichecks-worker/worker-dir/clones/40e81a61fa776c6bc75176160fa31bb86f87c931/BlockCacheSystem/BlockSystem.i.dfy(1345,8): Verification inconclusive (Impl$$BlockSystem.__default.FreezeStepPreservesInv)
	/root/verichecks-worker/worker-dir/clones/40e81a61fa776c6bc75176160fa31bb86f87c931/BlockCacheSystem/BlockSystem.i.dfy(1358,8): Verification inconclusive (Impl$$BlockSystem.__default.CleanUpStepPreservesGraphs)
	Prover error: Invalid PING response from the prover: unsat
	
	/root/verichecks-worker/worker-dir/clones/40e81a61fa776c6bc75176160fa31bb86f87c931/BlockCacheSystem/BlockSystem.i.dfy(1372,8): Verification inconclusive (Impl$$BlockSystem.__default.CleanUpStepPreservesInv)
	Prover error: Invalid PING response from the prover: unsat
	
	Prover error: Invalid PING response from the prover: unsat
	
	Prover error: Invalid PING response from the prover: unsat
	
	Prover error: Invalid PING response from the prover: unsat
	
	Prover error: Invalid PING response from the prover: unsat
	
	/root/verichecks-worker/worker-dir/clones/40e81a61fa776c6bc75176160fa31bb86f87c931/BlockCacheSystem/BlockSystem.i.dfy(1386,8): Verification inconclusive (Impl$$BlockSystem.__default.NoOpStepPreservesGraphs)
	/root/verichecks-worker/worker-dir/clones/40e81a61fa776c6bc75176160fa31bb86f87c931/BlockCacheSystem/BlockSystem.i.dfy(1407,8): Verification inconclusive (Impl$$BlockSystem.__default.NoOpStepPreservesInv)
	Prover error: Invalid PING response from the prover: unsat
	
	Prover error: Invalid PING response from the prover: unsat
	
	Prover error: Invalid PING response from the prover: unsat
	
	/root/verichecks-worker/worker-dir/clones/40e81a61fa776c6bc75176160fa31bb86f87c931/BlockCacheSystem/BlockSystem.i.dfy(1420,8): Verification inconclusive (Impl$$BlockSystem.__default.MachineStepPreservesInv)
	/root/verichecks-worker/worker-dir/clones/40e81a61fa776c6bc75176160fa31bb86f87c931/BlockCacheSystem/BlockSystem.i.dfy(1448,8): Verification inconclusive (Impl$$BlockSystem.__default.CrashPreservesGraphs)
	/root/verichecks-worker/worker-dir/clones/40e81a61fa776c6bc75176160fa31bb86f87c931/BlockCacheSystem/BlockSystem.i.dfy(1515,8): Verification inconclusive (Impl$$BlockSystem.__default.CrashStepPreservesInv)
	/root/verichecks-worker/worker-dir/clones/40e81a61fa776c6bc75176160fa31bb86f87c931/BlockCacheSystem/BlockSystem.i.dfy(1526,8): Verification inconclusive (Impl$$BlockSystem.__default.NextStepPreservesInv)
	Prover error: Invalid PING response from the prover: unsat
	
	Prover error: Invalid PING response from the prover: unsat
	
	Prover error: Invalid PING response from the prover: unsat
	
	Prover error: Invalid PING response from the prover: unsat
	
	Prover error: Invalid PING response from the prover: unsat
	
	Prover error: Invalid PING response from the prover: unsat
	
	Prover error: Invalid PING response from the prover: unsat
	
	Prover error: Invalid PING response from the prover: unsat
	
	Prover error: Invalid PING response from the prover: unsat
	
	Prover error: Invalid PING response from the prover: unsat
	
	Prover error: Invalid PING response from the prover: unsat
	
	Prover error: Invalid PING response from the prover: unsat
	
	Prover error: Invalid PING response from the prover: unsat
	
	Prover error: Invalid PING response from the prover: unsat
	
	Prover error: Invalid PING response from the prover: unsat
	
	Prover error: Invalid PING response from the prover: unknown
	
	/root/verichecks-worker/worker-dir/clones/40e81a61fa776c6bc75176160fa31bb86f87c931/BlockCacheSystem/BlockSystem.i.dfy(1537,8): Verification inconclusive (Impl$$BlockSystem.__default.NextPreservesInv)
	/root/verichecks-worker/worker-dir/clones/40e81a61fa776c6bc75176160fa31bb86f87c931/BlockCacheSystem/BlockSystem.i.dfy(1557,8): Verification inconclusive (CheckWellformed$$BlockSystem.__default.EphemeralGraphRead)
	/root/verichecks-worker/worker-dir/clones/40e81a61fa776c6bc75176160fa31bb86f87c931/BlockCacheSystem/BlockSystem.i.dfy(1557,8): Verification inconclusive (Impl$$BlockSystem.__default.EphemeralGraphRead)
	/root/verichecks-worker/worker-dir/clones/40e81a61fa776c6bc75176160fa31bb86f87c931/BlockCacheSystem/BlockSystem.i.dfy(1579,8): Verification inconclusive (CheckWellformed$$BlockSystem.__default.NewRequestReadNodeDoesntOverlap)
	/root/verichecks-worker/worker-dir/clones/40e81a61fa776c6bc75176160fa31bb86f87c931/BlockCacheSystem/BlockSystem.i.dfy(1579,8): Verification inconclusive (Impl$$BlockSystem.__default.NewRequestReadNodeDoesntOverlap)
	/root/verichecks-worker/worker-dir/clones/40e81a61fa776c6bc75176160fa31bb86f87c931/BlockCacheSystem/BlockSystem.i.dfy(1591,8): Verification inconclusive (CheckWellformed$$BlockSystem.__default.NewRequestReadIndirectionTableDoesntOverlap)
	/root/verichecks-worker/worker-dir/clones/40e81a61fa776c6bc75176160fa31bb86f87c931/BlockCacheSystem/BlockSystem.i.dfy(1591,8): Verification inconclusive (Impl$$BlockSystem.__default.NewRequestReadIndirectionTableDoesntOverlap)
	/root/verichecks-worker/worker-dir/clones/40e81a61fa776c6bc75176160fa31bb86f87c931/BlockCacheSystem/BlockSystem.i.dfy(1605,8): Verification inconclusive (CheckWellformed$$BlockSystem.__default.NewRequestWriteNodeDoesntOverlap)
	/root/verichecks-worker/worker-dir/clones/40e81a61fa776c6bc75176160fa31bb86f87c931/BlockCacheSystem/BlockSystem.i.dfy(1605,8): Verification inconclusive (Impl$$BlockSystem.__default.NewRequestWriteNodeDoesntOverlap)
	/root/verichecks-worker/worker-dir/clones/40e81a61fa776c6bc75176160fa31bb86f87c931/BlockCacheSystem/BlockSystem.i.dfy(1617,8): Verification inconclusive (CheckWellformed$$BlockSystem.__default.NewRequestWriteIndirectionTableDoesntOverlap)
	/root/verichecks-worker/worker-dir/clones/40e81a61fa776c6bc75176160fa31bb86f87c931/BlockCacheSystem/BlockSystem.i.dfy(1617,8): Verification inconclusive (Impl$$BlockSystem.__default.NewRequestWriteIndirectionTableDoesntOverlap)
	/root/verichecks-worker/worker-dir/clones/40e81a61fa776c6bc75176160fa31bb86f87c931/BlockCacheSystem/BlockSystem.i.dfy(1631,8): Verification inconclusive (CheckWellformed$$BlockSystem.__default.NewRequestWriteNodeDoesntOverlapRead)
	/root/verichecks-worker/worker-dir/clones/40e81a61fa776c6bc75176160fa31bb86f87c931/BlockCacheSystem/BlockSystem.i.dfy(1631,8): Verification inconclusive (Impl$$BlockSystem.__default.NewRequestWriteNodeDoesntOverlapRead)
	/root/verichecks-worker/worker-dir/clones/40e81a61fa776c6bc75176160fa31bb86f87c931/BlockCacheSystem/BlockSystem.i.dfy(1643,8): Verification inconclusive (CheckWellformed$$BlockSystem.__default.NewRequestWriteIndirectionTableDoesntOverlapRead)
	/root/verichecks-worker/worker-dir/clones/40e81a61fa776c6bc75176160fa31bb86f87c931/BlockCacheSystem/BlockSystem.i.dfy(1643,8): Verification inconclusive (Impl$$BlockSystem.__default.NewRequestWriteIndirectionTableDoesntOverlapRead)
	/root/verichecks-worker/worker-dir/clones/40e81a61fa776c6bc75176160fa31bb86f87c931/BlockCacheSystem/BlockSystem.i.dfy(1652,8): Verification inconclusive (CheckWellformed$$BlockSystem.__default.NewRequestReadNodeIsValid)
	/root/verichecks-worker/worker-dir/clones/40e81a61fa776c6bc75176160fa31bb86f87c931/BlockCacheSystem/BlockSystem.i.dfy(1652,8): Verification inconclusive (Impl$$BlockSystem.__default.NewRequestReadNodeIsValid)
	/root/verichecks-worker/worker-dir/clones/40e81a61fa776c6bc75176160fa31bb86f87c931/BlockCacheSystem/BlockSystem.i.dfy(1660,8): Verification inconclusive (CheckWellformed$$BlockSystem.__default.NewRequestReadIndirectionTableIsValid)
	/root/verichecks-worker/worker-dir/clones/40e81a61fa776c6bc75176160fa31bb86f87c931/BlockCacheSystem/BlockSystem.i.dfy(1660,8): Verification inconclusive (Impl$$BlockSystem.__default.NewRequestReadIndirectionTableIsValid)
	
	Dafny program verifier finished with 64 verified, 0 errors, 64 inconclusives
	Command exited with non-zero status 4
	588.87user 6.83system 3:16.09elapsed 303%CPU (0avgtext+0avgdata 1734656maxresident)k
	0inputs+0outputs (0major+1774461minor)pagefaults 0swaps

./ByteBlockCacheSystem/InterpretationDisk.i.dfy
	/root/verichecks-worker/worker-dir/clones/40e81a61fa776c6bc75176160fa31bb86f87c931/ByteBlockCacheSystem/InterpretationDisk.i.dfy(752,8): Verification out of resource (Impl$$InterpretationDisk.__default.RefinesReqReadOp)
	Prover error: Unexpected prover response (getting info about 'unknown' response): (:reason-unknown unknown)
	
	/root/verichecks-worker/worker-dir/clones/40e81a61fa776c6bc75176160fa31bb86f87c931/ByteBlockCacheSystem/InterpretationDisk.i.dfy(892,8): Verification inconclusive (Impl$$InterpretationDisk.__default.RefinesReqWriteOp)
	/root/verichecks-worker/worker-dir/clones/40e81a61fa776c6bc75176160fa31bb86f87c931/ByteBlockCacheSystem/InterpretationDisk.i.dfy(1059,8): Verification out of resource (Impl$$InterpretationDisk.__default.RefinesReqWrite2Op)
	/root/verichecks-worker/worker-dir/clones/40e81a61fa776c6bc75176160fa31bb86f87c931/ByteBlockCacheSystem/InterpretationDisk.i.dfy(1190,8): Verification out of resource (Impl$$InterpretationDisk.__default.RefinesRespReadOp)
	Prover error: Invalid PING response from the prover: unsat
	
	Prover error: Invalid PING response from the prover: unsat
	
	Prover error: Invalid PING response from the prover: unsat
	
	/root/verichecks-worker/worker-dir/clones/40e81a61fa776c6bc75176160fa31bb86f87c931/ByteBlockCacheSystem/InterpretationDisk.i.dfy(1316,8): Verification out of resource (Impl$$InterpretationDisk.__default.RefinesRespWriteOp)
	/root/verichecks-worker/worker-dir/clones/40e81a61fa776c6bc75176160fa31bb86f87c931/ByteBlockCacheSystem/InterpretationDisk.i.dfy(1357,8): Verification inconclusive (Impl$$InterpretationDisk.__default.RefinesProcessRead__Inv)
	Prover error: Unexpected prover response (getting info about 'unknown' response): (:reason-unknown unknown)
	
	/root/verichecks-worker/worker-dir/clones/40e81a61fa776c6bc75176160fa31bb86f87c931/ByteBlockCacheSystem/InterpretationDisk.i.dfy(1367,8): Verification out of resource (Impl$$InterpretationDisk.__default.RefinesProcessRead__Node__1)
	/root/verichecks-worker/worker-dir/clones/40e81a61fa776c6bc75176160fa31bb86f87c931/ByteBlockCacheSystem/InterpretationDisk.i.dfy(1382,8): Verification inconclusive (CheckWellformed$$InterpretationDisk.__default.RefinesProcessRead__Node__2)
	/root/verichecks-worker/worker-dir/clones/40e81a61fa776c6bc75176160fa31bb86f87c931/ByteBlockCacheSystem/InterpretationDisk.i.dfy(1382,8): Verification inconclusive (Impl$$InterpretationDisk.__default.RefinesProcessRead__Node__2)
	/root/verichecks-worker/worker-dir/clones/40e81a61fa776c6bc75176160fa31bb86f87c931/ByteBlockCacheSystem/InterpretationDisk.i.dfy(1400,8): Verification inconclusive (CheckWellformed$$InterpretationDisk.__default.RefinesProcessRead__IndirectionTable__1)
	/root/verichecks-worker/worker-dir/clones/40e81a61fa776c6bc75176160fa31bb86f87c931/ByteBlockCacheSystem/InterpretationDisk.i.dfy(1400,8): Verification inconclusive (Impl$$InterpretationDisk.__default.RefinesProcessRead__IndirectionTable__1)
	Prover error: Invalid PING response from the prover: unsat
	
	Prover error: Invalid PING response from the prover: unsat
	
	Prover error: Invalid PING response from the prover: unknown
	
	/root/verichecks-worker/worker-dir/clones/40e81a61fa776c6bc75176160fa31bb86f87c931/ByteBlockCacheSystem/InterpretationDisk.i.dfy(1415,8): Verification inconclusive (CheckWellformed$$InterpretationDisk.__default.RefinesProcessRead__IndirectionTable__2)
	Prover error: Invalid PING response from the prover: unsat
	
	/root/verichecks-worker/worker-dir/clones/40e81a61fa776c6bc75176160fa31bb86f87c931/ByteBlockCacheSystem/InterpretationDisk.i.dfy(1415,8): Verification out of resource (Impl$$InterpretationDisk.__default.RefinesProcessRead__IndirectionTable__2)
	/root/verichecks-worker/worker-dir/clones/40e81a61fa776c6bc75176160fa31bb86f87c931/ByteBlockCacheSystem/InterpretationDisk.i.dfy(1433,8): Verification inconclusive (CheckWellformed$$InterpretationDisk.__default.RefinesProcessRead__Journal__1)
	/root/verichecks-worker/worker-dir/clones/40e81a61fa776c6bc75176160fa31bb86f87c931/ByteBlockCacheSystem/InterpretationDisk.i.dfy(1433,8): Verification out of resource (Impl$$InterpretationDisk.__default.RefinesProcessRead__Journal__1)
	/root/verichecks-worker/worker-dir/clones/40e81a61fa776c6bc75176160fa31bb86f87c931/ByteBlockCacheSystem/InterpretationDisk.i.dfy(1448,8): Verification inconclusive (CheckWellformed$$InterpretationDisk.__default.RefinesProcessRead__Journal__2)
	/root/verichecks-worker/worker-dir/clones/40e81a61fa776c6bc75176160fa31bb86f87c931/ByteBlockCacheSystem/InterpretationDisk.i.dfy(1448,8): Verification inconclusive (Impl$$InterpretationDisk.__default.RefinesProcessRead__Journal__2)
	Prover error: Invalid PING response from the prover: unknown
	
	/root/verichecks-worker/worker-dir/clones/40e81a61fa776c6bc75176160fa31bb86f87c931/ByteBlockCacheSystem/InterpretationDisk.i.dfy(1466,8): Verification inconclusive (CheckWellformed$$InterpretationDisk.__default.RefinesProcessRead__Superblock__1)
	/root/verichecks-worker/worker-dir/clones/40e81a61fa776c6bc75176160fa31bb86f87c931/ByteBlockCacheSystem/InterpretationDisk.i.dfy(1466,8): Verification inconclusive (Impl$$InterpretationDisk.__default.RefinesProcessRead__Superblock__1)
	Prover error: Invalid PING response from the prover: unsat
	
	Prover error: Invalid PING response from the prover: unknown
	
	/root/verichecks-worker/worker-dir/clones/40e81a61fa776c6bc75176160fa31bb86f87c931/ByteBlockCacheSystem/InterpretationDisk.i.dfy(1481,8): Verification inconclusive (CheckWellformed$$InterpretationDisk.__default.RefinesProcessRead__Superblock__2)
	Prover error: Invalid PING response from the prover: unsat
	
	/root/verichecks-worker/worker-dir/clones/40e81a61fa776c6bc75176160fa31bb86f87c931/ByteBlockCacheSystem/InterpretationDisk.i.dfy(1481,8): Verification out of resource (Impl$$InterpretationDisk.__default.RefinesProcessRead__Superblock__2)
	/root/verichecks-worker/worker-dir/clones/40e81a61fa776c6bc75176160fa31bb86f87c931/ByteBlockCacheSystem/InterpretationDisk.i.dfy(1527,8): Verification inconclusive (Impl$$InterpretationDisk.__default.RefinesProcessWrite)
	Prover error: Invalid PING response from the prover: unknown
	
	/root/verichecks-worker/worker-dir/clones/40e81a61fa776c6bc75176160fa31bb86f87c931/ByteBlockCacheSystem/InterpretationDisk.i.dfy(1720,8): Verification inconclusive (Impl$$InterpretationDisk.__default.RefinesHavocConflictingWriteRead)
	/root/verichecks-worker/worker-dir/clones/40e81a61fa776c6bc75176160fa31bb86f87c931/ByteBlockCacheSystem/InterpretationDisk.i.dfy(1727,8): Verification inconclusive (Impl$$InterpretationDisk.__default.RefinesCrash)
	
	Dafny program verifier finished with 104 verified, 0 errors, 16 inconclusives, 8 out of resource
	Command exited with non-zero status 4
	534.73user 7.61system 3:08.39elapsed 287%CPU (0avgtext+0avgdata 1539116maxresident)k
	0inputs+0outputs (0major+1873176minor)pagefaults 0swaps

./Impl/IndirectionTable.i.dfy
	/root/verichecks-worker/worker-dir/clones/40e81a61fa776c6bc75176160fa31bb86f87c931/Impl/IndirectionTable.i.dfy(936,24): Verification out of resource (Impl$$IndirectionTable.IndirectionTable.UpdateAndRemoveLoc)
	/root/verichecks-worker/worker-dir/clones/40e81a61fa776c6bc75176160fa31bb86f87c931/Impl/IndirectionTable.i.dfy(1308,18): Verification out of resource (Impl$$IndirectionTable.IndirectionTable.ComputeRefCountsInnerLoop)
	Prover error: Unexpected prover response (getting info about 'unknown' response): (:reason-unknown unknown)
	
	/root/verichecks-worker/worker-dir/clones/40e81a61fa776c6bc75176160fa31bb86f87c931/Impl/IndirectionTable.i.dfy(1611,18): Verification inconclusive (Impl$$IndirectionTable.IndirectionTable.IndirectionTableToVal)
	/root/verichecks-worker/worker-dir/clones/40e81a61fa776c6bc75176160fa31bb86f87c931/Impl/IndirectionTable.i.dfy(1879,25): Error: assertion violation
	/root/verichecks-worker/worker-dir/clones/40e81a61fa776c6bc75176160fa31bb86f87c931/Impl/IndirectionTable.i.dfy(1757,16): Related location
	Execution trace:
	    (0,0): anon0
	    /root/verichecks-worker/worker-dir/clones/40e81a61fa776c6bc75176160fa31bb86f87c931/Impl/IndirectionTable.i.dfy(1840,7): anon44_LoopHead
	    (0,0): anon44_LoopBody
	    /root/verichecks-worker/worker-dir/clones/40e81a61fa776c6bc75176160fa31bb86f87c931/Impl/IndirectionTable.i.dfy(1840,7): anon45_Else
	    /root/verichecks-worker/worker-dir/clones/40e81a61fa776c6bc75176160fa31bb86f87c931/Impl/IndirectionTable.i.dfy(1840,7): anon47_Else
	    (0,0): anon48_Then
	    (0,0): anon9
	    /root/verichecks-worker/worker-dir/clones/40e81a61fa776c6bc75176160fa31bb86f87c931/Impl/IndirectionTable.i.dfy(1852,9): anon49_Else
	    (0,0): anon50_Then
	    (0,0): anon51_Then
	    (0,0): anon52_Then
	    (0,0): anon15
	    (0,0): anon53_Then
	    (0,0): anon54_Else
	    (0,0): anon19
	    (0,0): anon55_Else
	    (0,0): anon56_Then
	/root/verichecks-worker/worker-dir/clones/40e81a61fa776c6bc75176160fa31bb86f87c931/Impl/IndirectionTable.i.dfy(1879,25): Error: assertion violation
	/root/verichecks-worker/worker-dir/clones/40e81a61fa776c6bc75176160fa31bb86f87c931/Impl/IndirectionTable.i.dfy(1758,21): Related location
	Execution trace:
	    (0,0): anon0
	    /root/verichecks-worker/worker-dir/clones/40e81a61fa776c6bc75176160fa31bb86f87c931/Impl/IndirectionTable.i.dfy(1840,7): anon44_LoopHead
	    (0,0): anon44_LoopBody
	    /root/verichecks-worker/worker-dir/clones/40e81a61fa776c6bc75176160fa31bb86f87c931/Impl/IndirectionTable.i.dfy(1840,7): anon45_Else
	    /root/verichecks-worker/worker-dir/clones/40e81a61fa776c6bc75176160fa31bb86f87c931/Impl/IndirectionTable.i.dfy(1840,7): anon47_Else
	    (0,0): anon48_Then
	    (0,0): anon9
	    /root/verichecks-worker/worker-dir/clones/40e81a61fa776c6bc75176160fa31bb86f87c931/Impl/IndirectionTable.i.dfy(1852,9): anon49_Else
	    (0,0): anon50_Then
	    (0,0): anon51_Then
	    (0,0): anon52_Then
	    (0,0): anon15
	    (0,0): anon53_Then
	    (0,0): anon54_Else
	    (0,0): anon19
	    (0,0): anon55_Else
	    (0,0): anon56_Then
	/root/verichecks-worker/worker-dir/clones/40e81a61fa776c6bc75176160fa31bb86f87c931/Impl/IndirectionTable.i.dfy(1897,66): Error: assertion violation
	Execution trace:
	    (0,0): anon0
	    /root/verichecks-worker/worker-dir/clones/40e81a61fa776c6bc75176160fa31bb86f87c931/Impl/IndirectionTable.i.dfy(1840,7): anon44_LoopHead
	    (0,0): anon44_LoopBody
	    /root/verichecks-worker/worker-dir/clones/40e81a61fa776c6bc75176160fa31bb86f87c931/Impl/IndirectionTable.i.dfy(1840,7): anon45_Else
	    /root/verichecks-worker/worker-dir/clones/40e81a61fa776c6bc75176160fa31bb86f87c931/Impl/IndirectionTable.i.dfy(1840,7): anon47_Else
	    (0,0): anon48_Then
	    (0,0): anon9
	    /root/verichecks-worker/worker-dir/clones/40e81a61fa776c6bc75176160fa31bb86f87c931/Impl/IndirectionTable.i.dfy(1852,9): anon49_Else
	    (0,0): anon50_Then
	    (0,0): anon51_Then
	    (0,0): anon52_Then
	    (0,0): anon15
	    (0,0): anon53_Else
	    (0,0): anon57_Then
	    (0,0): anon58_Else
	    (0,0): anon30
	    (0,0): anon59_Else
	    (0,0): anon33
	    (0,0): anon60_Then
	/root/verichecks-worker/worker-dir/clones/40e81a61fa776c6bc75176160fa31bb86f87c931/Impl/IndirectionTable.i.dfy(1915,18): Error: assertion violation
	/root/verichecks-worker/worker-dir/clones/40e81a61fa776c6bc75176160fa31bb86f87c931/Impl/../BlockCacheSystem/BlockCache.i.dfy(589,4): Related location
	/root/verichecks-worker/worker-dir/clones/40e81a61fa776c6bc75176160fa31bb86f87c931/Impl/../BlockCacheSystem/BlockCache.i.dfy(590,8): Related location
	Execution trace:
	    (0,0): anon0
	    /root/verichecks-worker/worker-dir/clones/40e81a61fa776c6bc75176160fa31bb86f87c931/Impl/IndirectionTable.i.dfy(1840,7): anon44_LoopHead
	    (0,0): anon44_LoopBody
	    /root/verichecks-worker/worker-dir/clones/40e81a61fa776c6bc75176160fa31bb86f87c931/Impl/IndirectionTable.i.dfy(1840,7): anon45_Else
	    (0,0): anon47_Then
	    (0,0): after_0
	    (0,0): anon61_Then
	/root/verichecks-worker/worker-dir/clones/40e81a61fa776c6bc75176160fa31bb86f87c931/Impl/IndirectionTable.i.dfy(105,12): Verification inconclusive (CheckWellformed$$IndirectionTable.__default.GraphClosedRestrictedPartial)
	Prover error: Invalid PING response from the prover: unsat
	
	/root/verichecks-worker/worker-dir/clones/40e81a61fa776c6bc75176160fa31bb86f87c931/Impl/IndirectionTable.i.dfy(130,18): Verification inconclusive (CheckWellformed$$IndirectionTable.__default.MaxSizeUint64)
	
	Dafny program verifier finished with 107 verified, 4 errors, 3 inconclusives, 2 out of resource
	Command exited with non-zero status 4
	366.84user 4.48system 2:07.68elapsed 290%CPU (0avgtext+0avgdata 1556236maxresident)k
	0inputs+0outputs (0major+792485minor)pagefaults 0swaps

./Betree/BetreeInv.i.dfy
	/root/verichecks-worker/worker-dir/clones/40e81a61fa776c6bc75176160fa31bb86f87c931/Betree/BetreeInv.i.dfy(591,8): Verification out of resource (Impl$$BetreeInv.__default.FlushPreservesLookups)
	/root/verichecks-worker/worker-dir/clones/40e81a61fa776c6bc75176160fa31bb86f87c931/Betree/BetreeInv.i.dfy(683,8): Verification out of resource (Impl$$BetreeInv.__default.RedirectPreservesLookups)
	/root/verichecks-worker/worker-dir/clones/40e81a61fa776c6bc75176160fa31bb86f87c931/Betree/BetreeInv.i.dfy(889,8): Verification out of resource (Impl$$BetreeInv.__default.GrowStepPreservesInvariant)
	
	Dafny program verifier finished with 64 verified, 0 errors, 3 out of resource
	Command exited with non-zero status 4
	186.02user 2.12system 1:07.39elapsed 279%CPU (0avgtext+0avgdata 574640maxresident)k
	0inputs+0outputs (0major+468139minor)pagefaults 0swaps

./lib/DataStructures/KMBtree.i.dfy
	Prover error: line 119876 column 20: Expected values for parameter rlimit is an unsigned integer. It was given argument '-156856704'
	
	Prover error: Prover died
	
	/root/verichecks-worker/worker-dir/clones/40e81a61fa776c6bc75176160fa31bb86f87c931/lib/DataStructures/BtreeModel.i.dfy[KMBtreeModel](348,33): Verification inconclusive (Impl$$KMBtreeModel.__default.SplitLeafInterpretation)
	/root/verichecks-worker/worker-dir/clones/40e81a61fa776c6bc75176160fa31bb86f87c931/lib/DataStructures/BtreeModel.i.dfy[KMBtreeModel](447,8): Verification inconclusive (Impl$$KMBtreeModel.__default.SplitIndexInterpretation1)
	Prover error: Invalid PING response from the prover: unsat
	
	/root/verichecks-worker/worker-dir/clones/40e81a61fa776c6bc75176160fa31bb86f87c931/lib/DataStructures/BtreeModel.i.dfy[KMBtreeModel](539,8): Verification inconclusive (Impl$$KMBtreeModel.__default.SplitNodeInterpretation)
	Prover error: Invalid PING response from the prover: unsat
	
	/root/verichecks-worker/worker-dir/clones/40e81a61fa776c6bc75176160fa31bb86f87c931/lib/DataStructures/BtreeModel.i.dfy[KMBtreeModel](655,8): Verification inconclusive (Impl$$KMBtreeModel.__default.SplitChildOfIndexPreservesWF)
	Prover error: Invalid PING response from the prover: unsat
	
	/root/verichecks-worker/worker-dir/clones/40e81a61fa776c6bc75176160fa31bb86f87c931/lib/DataStructures/BtreeModel.i.dfy[KMBtreeModel](827,8): Verification inconclusive (Impl$$KMBtreeModel.__default.SplitChildOfIndexPreservesInterpretation)
	Prover error: Invalid PING response from the prover: unsat
	
	/root/verichecks-worker/worker-dir/clones/40e81a61fa776c6bc75176160fa31bb86f87c931/lib/DataStructures/BtreeModel.i.dfy[KMBtreeModel](887,8): Verification inconclusive (Impl$$KMBtreeModel.__default.RecursiveInsertIsCorrect)
	Prover error: Invalid PING response from the prover: unsat
	
	/root/verichecks-worker/worker-dir/clones/40e81a61fa776c6bc75176160fa31bb86f87c931/lib/DataStructures/BtreeModel.i.dfy[KMBtreeModel](1009,11): Verification inconclusive (CheckWellformed$$KMBtreeModel.__default.NumElementsOfChildren)
	Prover error: Invalid PING response from the prover: unsat
	
	Prover error: Invalid PING response from the prover: unsat
	
	/root/verichecks-worker/worker-dir/clones/40e81a61fa776c6bc75176160fa31bb86f87c931/lib/DataStructures/BtreeModel.i.dfy[KMBtreeModel](1152,8): Verification inconclusive (Impl$$KMBtreeModel.__default.NumElementsMatchesInterpretation)
	/root/verichecks-worker/worker-dir/clones/40e81a61fa776c6bc75176160fa31bb86f87c931/lib/DataStructures/BtreeModel.i.dfy[KMBtreeModel](1187,8): Verification inconclusive (Impl$$KMBtreeModel.__default.NumElementsOfChildrenDecreases)
	Prover error: Invalid PING response from the prover: unsat
	
	/root/verichecks-worker/worker-dir/clones/40e81a61fa776c6bc75176160fa31bb86f87c931/lib/DataStructures/BtreeModel.i.dfy[KMBtreeModel](1223,8): Verification inconclusive (Impl$$KMBtreeModel.__default.ToSeqChildrenDecomposition)
	Prover error: Invalid PING response from the prover: unsat
	
	/root/verichecks-worker/worker-dir/clones/40e81a61fa776c6bc75176160fa31bb86f87c931/lib/DataStructures/BtreeModel.i.dfy[KMBtreeModel](1269,8): Verification inconclusive (Impl$$KMBtreeModel.__default.ToSeqInAllKeys)
	Prover error: Invalid PING response from the prover: unsat
	
	/root/verichecks-worker/worker-dir/clones/40e81a61fa776c6bc75176160fa31bb86f87c931/lib/DataStructures/BtreeModel.i.dfy[KMBtreeModel](1393,8): Verification inconclusive (Impl$$KMBtreeModel.__default.InterpretationNumElements)
	
	Dafny program verifier finished with 111 verified, 0 errors, 12 inconclusives
	Command exited with non-zero status 4
	97.61user 2.22system 0:39.00elapsed 255%CPU (0avgtext+0avgdata 690088maxresident)k
	0inputs+0outputs (0major+310608minor)pagefaults 0swaps

