./ByteBlockCacheSystem/InterpretationDisk.i.dfy
	Prover error: Unexpected prover response (getting info about 'unknown' response): (:reason-unknown unknown)
	
	/root/verichecks-worker/worker-dir/clones/ae3913ffcd738b307dde5f7247b0b2cd6c18a127/ByteBlockCacheSystem/InterpretationDisk.i.dfy(1680,39): Verification inconclusive (Impl$$InterpretationDisk.__default.RefinesProcessWrite)
	/root/verichecks-worker/worker-dir/clones/ae3913ffcd738b307dde5f7247b0b2cd6c18a127/ByteBlockCacheSystem/InterpretationDisk.i.dfy(1949,8): Verification inconclusive (Impl$$InterpretationDisk.__default.InitImpliesInv)
	
	Dafny program verifier finished with 137 verified, 0 errors, 2 inconclusives
	Command exited with non-zero status 4
	3207.43user 40.52system 14:44.40elapsed 367%CPU (0avgtext+0avgdata 4568788maxresident)k
	0inputs+0outputs (0major+15773969minor)pagefaults 0swaps

./lib/DataStructures/KMBtree.i.dfy
	Prover error: line 120528 column 20: Expected values for parameter rlimit is an unsigned integer. It was given argument '-156856704'
	
	Prover error: Prover died
	
	/root/verichecks-worker/worker-dir/clones/ae3913ffcd738b307dde5f7247b0b2cd6c18a127/lib/DataStructures/BtreeModel.i.dfy[KMBtreeModel](348,33): Verification inconclusive (Impl$$KMBtreeModel.__default.SplitLeafInterpretation)
	/root/verichecks-worker/worker-dir/clones/ae3913ffcd738b307dde5f7247b0b2cd6c18a127/lib/DataStructures/BtreeModel.i.dfy[KMBtreeModel](437,8): Verification inconclusive (Impl$$KMBtreeModel.__default.SplitIndexPreservesWF)
	Prover error: Invalid PING response from the prover: unsat
	
	/root/verichecks-worker/worker-dir/clones/ae3913ffcd738b307dde5f7247b0b2cd6c18a127/lib/DataStructures/BtreeModel.i.dfy[KMBtreeModel](526,8): Verification inconclusive (Impl$$KMBtreeModel.__default.SplitNodePreservesWF)
	Prover error: Invalid PING response from the prover: unsat
	
	/root/verichecks-worker/worker-dir/clones/ae3913ffcd738b307dde5f7247b0b2cd6c18a127/lib/DataStructures/BtreeModel.i.dfy[KMBtreeModel](581,8): Verification inconclusive (Impl$$KMBtreeModel.__default.SplitIndexAllKeys)
	Prover error: Invalid PING response from the prover: unsat
	
	/root/verichecks-worker/worker-dir/clones/ae3913ffcd738b307dde5f7247b0b2cd6c18a127/lib/DataStructures/BtreeModel.i.dfy[KMBtreeModel](748,8): Verification inconclusive (Impl$$KMBtreeModel.__default.SplitChildOfIndexPreservesInterpretationA)
	Prover error: Invalid PING response from the prover: unsat
	
	/root/verichecks-worker/worker-dir/clones/ae3913ffcd738b307dde5f7247b0b2cd6c18a127/lib/DataStructures/BtreeModel.i.dfy[KMBtreeModel](887,8): Verification inconclusive (Impl$$KMBtreeModel.__default.RecursiveInsertIsCorrect)
	Prover error: Invalid PING response from the prover: unsat
	
	/root/verichecks-worker/worker-dir/clones/ae3913ffcd738b307dde5f7247b0b2cd6c18a127/lib/DataStructures/BtreeModel.i.dfy[KMBtreeModel](1052,8): Verification inconclusive (CheckWellformed$$KMBtreeModel.__default.InterpretationsDisjointUnion)
	Prover error: Invalid PING response from the prover: unsat
	
	/root/verichecks-worker/worker-dir/clones/ae3913ffcd738b307dde5f7247b0b2cd6c18a127/lib/DataStructures/BtreeModel.i.dfy[KMBtreeModel](1171,8): Verification inconclusive (CheckWellformed$$KMBtreeModel.__default.NumElementsOfChildrenNotZero)
	Prover error: Invalid PING response from the prover: unsat
	
	/root/verichecks-worker/worker-dir/clones/ae3913ffcd738b307dde5f7247b0b2cd6c18a127/lib/DataStructures/BtreeModel.i.dfy[KMBtreeModel](1200,11): Verification inconclusive (CheckWellformed$$KMBtreeModel.__default.ToSeqChildren)
	Prover error: Invalid PING response from the prover: unsat
	
	/root/verichecks-worker/worker-dir/clones/ae3913ffcd738b307dde5f7247b0b2cd6c18a127/lib/DataStructures/BtreeModel.i.dfy[KMBtreeModel](1246,8): Verification inconclusive (Impl$$KMBtreeModel.__default.ToSeqChildrenLength)
	Prover error: Invalid PING response from the prover: unsat
	
	/root/verichecks-worker/worker-dir/clones/ae3913ffcd738b307dde5f7247b0b2cd6c18a127/lib/DataStructures/BtreeModel.i.dfy[KMBtreeModel](1325,8): Verification inconclusive (Impl$$KMBtreeModel.__default.ToSeqInInterpretation)
	
	Dafny program verifier finished with 112 verified, 0 errors, 11 inconclusives
	Command exited with non-zero status 4
	98.29user 2.35system 0:39.32elapsed 255%CPU (0avgtext+0avgdata 686032maxresident)k
	0inputs+0outputs (0major+331674minor)pagefaults 0swaps

./Impl/IndirectionTable.i.dfy
	Prover error: Unexpected prover response (getting info about 'unknown' response): (:reason-unknown unknown)
	
	/root/verichecks-worker/worker-dir/clones/ae3913ffcd738b307dde5f7247b0b2cd6c18a127/Impl/IndirectionTable.i.dfy(936,24): Verification inconclusive (Impl$$IndirectionTable.IndirectionTable.UpdateAndRemoveLoc)
	/root/verichecks-worker/worker-dir/clones/ae3913ffcd738b307dde5f7247b0b2cd6c18a127/Impl/IndirectionTable.i.dfy(1297,17): Verification inconclusive (CheckWellformed$$IndirectionTable.IndirectionTable.LemmaPredecessorSetRestrictedPartialAdd1Other)
	Prover error: Invalid PING response from the prover: unsat
	
	Prover error: Invalid PING response from the prover: unsat
	
	Prover error: Invalid PING response from the prover: unsat
	
	Prover error: Invalid PING response from the prover: unsat
	
	Prover error: Invalid PING response from the prover: unsat
	
	Prover error: Invalid PING response from the prover: unsat
	
	Prover error: Invalid PING response from the prover: unsat
	
	Prover error: Invalid PING response from the prover: unsat
	
	Prover error: Invalid PING response from the prover: unsat
	
	/root/verichecks-worker/worker-dir/clones/ae3913ffcd738b307dde5f7247b0b2cd6c18a127/Impl/IndirectionTable.i.dfy(1308,18): Verification out of resource (Impl$$IndirectionTable.IndirectionTable.ComputeRefCountsInnerLoop)
	/root/verichecks-worker/worker-dir/clones/ae3913ffcd738b307dde5f7247b0b2cd6c18a127/Impl/IndirectionTable.i.dfy(1385,18): Verification inconclusive (CheckWellformed$$IndirectionTable.IndirectionTable.ComputeRefCounts)
	/root/verichecks-worker/worker-dir/clones/ae3913ffcd738b307dde5f7247b0b2cd6c18a127/Impl/IndirectionTable.i.dfy(1463,18): Verification inconclusive (Impl$$IndirectionTable.IndirectionTable.MakeGarbageQueue)
	/root/verichecks-worker/worker-dir/clones/ae3913ffcd738b307dde5f7247b0b2cd6c18a127/Impl/IndirectionTable.i.dfy(1515,18): Verification inconclusive (CheckWellformed$$IndirectionTable.IndirectionTable.ValToIndirectionTable)
	/root/verichecks-worker/worker-dir/clones/ae3913ffcd738b307dde5f7247b0b2cd6c18a127/Impl/IndirectionTable.i.dfy(1567,20): Verification inconclusive (CheckWellformed$$IndirectionTable.IndirectionTable.MaxIndirectionTableByteSize)
	/root/verichecks-worker/worker-dir/clones/ae3913ffcd738b307dde5f7247b0b2cd6c18a127/Impl/IndirectionTable.i.dfy(1571,17): Verification inconclusive (Impl$$IndirectionTable.IndirectionTable.lemma__SeqSum__prefix__array)
	/root/verichecks-worker/worker-dir/clones/ae3913ffcd738b307dde5f7247b0b2cd6c18a127/Impl/IndirectionTable.i.dfy(1586,17): Verification inconclusive (Impl$$IndirectionTable.IndirectionTable.lemma__SeqSum__empty)
	/root/verichecks-worker/worker-dir/clones/ae3913ffcd738b307dde5f7247b0b2cd6c18a127/Impl/IndirectionTable.i.dfy(1611,18): Verification inconclusive (CheckWellformed$$IndirectionTable.IndirectionTable.IndirectionTableToVal)
	Prover error: Invalid PING response from the prover: unsat
	
	Prover error: Invalid PING response from the prover: unsat
	
	Prover error: Invalid PING response from the prover: unsat
	
	Prover error: Invalid PING response from the prover: unsat
	
	Prover error: Invalid PING response from the prover: unsat
	
	Prover error: Invalid PING response from the prover: unsat
	
	Prover error: Invalid PING response from the prover: unsat
	
	Prover error: Unexpected prover response (getting info about 'unknown' response): (:reason-unknown unknown)
	
	/root/verichecks-worker/worker-dir/clones/ae3913ffcd738b307dde5f7247b0b2cd6c18a127/Impl/IndirectionTable.i.dfy(1611,18): Verification inconclusive (Impl$$IndirectionTable.IndirectionTable.IndirectionTableToVal)
	/root/verichecks-worker/worker-dir/clones/ae3913ffcd738b307dde5f7247b0b2cd6c18a127/Impl/IndirectionTable.i.dfy(1777,18): Verification inconclusive (CheckWellformed$$IndirectionTable.IndirectionTable.BitmapInitUpTo)
	/root/verichecks-worker/worker-dir/clones/ae3913ffcd738b307dde5f7247b0b2cd6c18a127/Impl/IndirectionTable.i.dfy(1807,14): Verification inconclusive (CheckWellformed$$IndirectionTable.IndirectionTable.IsLocAllocIndirectionTablePartial)
	/root/verichecks-worker/worker-dir/clones/ae3913ffcd738b307dde5f7247b0b2cd6c18a127/Impl/IndirectionTable.i.dfy(1879,25): Error: assertion violation
	/root/verichecks-worker/worker-dir/clones/ae3913ffcd738b307dde5f7247b0b2cd6c18a127/Impl/IndirectionTable.i.dfy(1757,16): Related location
	Execution trace:
	    (0,0): anon0
	    /root/verichecks-worker/worker-dir/clones/ae3913ffcd738b307dde5f7247b0b2cd6c18a127/Impl/IndirectionTable.i.dfy(1840,7): anon44_LoopHead
	    (0,0): anon44_LoopBody
	    /root/verichecks-worker/worker-dir/clones/ae3913ffcd738b307dde5f7247b0b2cd6c18a127/Impl/IndirectionTable.i.dfy(1840,7): anon45_Else
	    /root/verichecks-worker/worker-dir/clones/ae3913ffcd738b307dde5f7247b0b2cd6c18a127/Impl/IndirectionTable.i.dfy(1840,7): anon47_Else
	    (0,0): anon48_Then
	    (0,0): anon9
	    /root/verichecks-worker/worker-dir/clones/ae3913ffcd738b307dde5f7247b0b2cd6c18a127/Impl/IndirectionTable.i.dfy(1852,9): anon49_Else
	    (0,0): anon50_Then
	    (0,0): anon51_Then
	    (0,0): anon52_Then
	    (0,0): anon15
	    (0,0): anon53_Then
	    (0,0): anon54_Else
	    (0,0): anon19
	    (0,0): anon55_Else
	    (0,0): anon56_Then
	/root/verichecks-worker/worker-dir/clones/ae3913ffcd738b307dde5f7247b0b2cd6c18a127/Impl/IndirectionTable.i.dfy(1879,25): Error: assertion violation
	/root/verichecks-worker/worker-dir/clones/ae3913ffcd738b307dde5f7247b0b2cd6c18a127/Impl/IndirectionTable.i.dfy(1758,21): Related location
	Execution trace:
	    (0,0): anon0
	    /root/verichecks-worker/worker-dir/clones/ae3913ffcd738b307dde5f7247b0b2cd6c18a127/Impl/IndirectionTable.i.dfy(1840,7): anon44_LoopHead
	    (0,0): anon44_LoopBody
	    /root/verichecks-worker/worker-dir/clones/ae3913ffcd738b307dde5f7247b0b2cd6c18a127/Impl/IndirectionTable.i.dfy(1840,7): anon45_Else
	    /root/verichecks-worker/worker-dir/clones/ae3913ffcd738b307dde5f7247b0b2cd6c18a127/Impl/IndirectionTable.i.dfy(1840,7): anon47_Else
	    (0,0): anon48_Then
	    (0,0): anon9
	    /root/verichecks-worker/worker-dir/clones/ae3913ffcd738b307dde5f7247b0b2cd6c18a127/Impl/IndirectionTable.i.dfy(1852,9): anon49_Else
	    (0,0): anon50_Then
	    (0,0): anon51_Then
	    (0,0): anon52_Then
	    (0,0): anon15
	    (0,0): anon53_Then
	    (0,0): anon54_Else
	    (0,0): anon19
	    (0,0): anon55_Else
	    (0,0): anon56_Then
	/root/verichecks-worker/worker-dir/clones/ae3913ffcd738b307dde5f7247b0b2cd6c18a127/Impl/IndirectionTable.i.dfy(1897,66): Error: assertion violation
	Execution trace:
	    (0,0): anon0
	    /root/verichecks-worker/worker-dir/clones/ae3913ffcd738b307dde5f7247b0b2cd6c18a127/Impl/IndirectionTable.i.dfy(1840,7): anon44_LoopHead
	    (0,0): anon44_LoopBody
	    /root/verichecks-worker/worker-dir/clones/ae3913ffcd738b307dde5f7247b0b2cd6c18a127/Impl/IndirectionTable.i.dfy(1840,7): anon45_Else
	    /root/verichecks-worker/worker-dir/clones/ae3913ffcd738b307dde5f7247b0b2cd6c18a127/Impl/IndirectionTable.i.dfy(1840,7): anon47_Else
	    (0,0): anon48_Then
	    (0,0): anon9
	    /root/verichecks-worker/worker-dir/clones/ae3913ffcd738b307dde5f7247b0b2cd6c18a127/Impl/IndirectionTable.i.dfy(1852,9): anon49_Else
	    (0,0): anon50_Then
	    (0,0): anon51_Then
	    (0,0): anon52_Then
	    (0,0): anon15
	    (0,0): anon53_Else
	    (0,0): anon57_Then
	    (0,0): anon58_Else
	    (0,0): anon30
	    (0,0): anon59_Else
	    (0,0): anon33
	    (0,0): anon60_Then
	/root/verichecks-worker/worker-dir/clones/ae3913ffcd738b307dde5f7247b0b2cd6c18a127/Impl/IndirectionTable.i.dfy(1915,18): Error: assertion violation
	/root/verichecks-worker/worker-dir/clones/ae3913ffcd738b307dde5f7247b0b2cd6c18a127/Impl/../BlockCacheSystem/BlockCache.i.dfy(589,4): Related location
	/root/verichecks-worker/worker-dir/clones/ae3913ffcd738b307dde5f7247b0b2cd6c18a127/Impl/../BlockCacheSystem/BlockCache.i.dfy(590,8): Related location
	Execution trace:
	    (0,0): anon0
	    /root/verichecks-worker/worker-dir/clones/ae3913ffcd738b307dde5f7247b0b2cd6c18a127/Impl/IndirectionTable.i.dfy(1840,7): anon44_LoopHead
	    (0,0): anon44_LoopBody
	    /root/verichecks-worker/worker-dir/clones/ae3913ffcd738b307dde5f7247b0b2cd6c18a127/Impl/IndirectionTable.i.dfy(1840,7): anon45_Else
	    (0,0): anon47_Then
	    (0,0): after_0
	    (0,0): anon61_Then
	/root/verichecks-worker/worker-dir/clones/ae3913ffcd738b307dde5f7247b0b2cd6c18a127/Impl/IndirectionTable.i.dfy(1921,14): Verification inconclusive (CheckWellformed$$IndirectionTable.IndirectionTable.deallocable)
	/root/verichecks-worker/worker-dir/clones/ae3913ffcd738b307dde5f7247b0b2cd6c18a127/Impl/IndirectionTable.i.dfy(1928,18): Verification inconclusive (Impl$$IndirectionTable.IndirectionTable.FindDeallocable)
	/root/verichecks-worker/worker-dir/clones/ae3913ffcd738b307dde5f7247b0b2cd6c18a127/Impl/IndirectionTable.i.dfy(1971,24): Verification inconclusive (Impl$$IndirectionTable.IndirectionTable.FindRefWithNoLoc)
	/root/verichecks-worker/worker-dir/clones/ae3913ffcd738b307dde5f7247b0b2cd6c18a127/Impl/IndirectionTable.i.dfy(2021,18): Verification inconclusive (Impl$$IndirectionTable.IndirectionTable.GetRefUpperBound)
	/root/verichecks-worker/worker-dir/clones/ae3913ffcd738b307dde5f7247b0b2cd6c18a127/Impl/IndirectionTable.i.dfy(66,11): Verification inconclusive (CheckWellformed$$IndirectionTable.__default.MapGraph)
	/root/verichecks-worker/worker-dir/clones/ae3913ffcd738b307dde5f7247b0b2cd6c18a127/Impl/IndirectionTable.i.dfy(83,11): Verification inconclusive (CheckWellformed$$IndirectionTable.__default.PredecessorSet)
	/root/verichecks-worker/worker-dir/clones/ae3913ffcd738b307dde5f7247b0b2cd6c18a127/Impl/IndirectionTable.i.dfy(98,12): Verification inconclusive (CheckWellformed$$IndirectionTable.__default.GraphClosedRestricted)
	Prover error: Invalid PING response from the prover: unsat
	
	/root/verichecks-worker/worker-dir/clones/ae3913ffcd738b307dde5f7247b0b2cd6c18a127/Impl/IndirectionTable.i.dfy(118,12): Verification inconclusive (CheckWellformed$$IndirectionTable.__default.ValidPredCounts)
	/root/verichecks-worker/worker-dir/clones/ae3913ffcd738b307dde5f7247b0b2cd6c18a127/Impl/IndirectionTable.i.dfy(125,11): Verification inconclusive (CheckWellformed$$IndirectionTable.__default.MaxSize)
	
	Dafny program verifier finished with 90 verified, 4 errors, 21 inconclusives, 1 out of resource
	Command exited with non-zero status 4
	373.08user 4.98system 2:09.36elapsed 292%CPU (0avgtext+0avgdata 1483360maxresident)k
	0inputs+0outputs (0major+883280minor)pagefaults 0swaps

./Impl/FlushPolicyModel.i.dfy
	Prover error: Unexpected prover response (getting info about 'unknown' response): (:reason-unknown unknown)
	
	/root/verichecks-worker/worker-dir/clones/ae3913ffcd738b307dde5f7247b0b2cd6c18a127/Impl/FlushPolicyModel.i.dfy(166,8): Verification inconclusive (Impl$$FlushPolicyModel.__default.getActionToSplitValidAction)
	Prover error: Unexpected prover response (getting info about 'unknown' response): (:reason-unknown unknown)
	
	/root/verichecks-worker/worker-dir/clones/ae3913ffcd738b307dde5f7247b0b2cd6c18a127/Impl/FlushPolicyModel.i.dfy(196,8): Verification inconclusive (Impl$$FlushPolicyModel.__default.getActionToFlushValidAction)
	
	Dafny program verifier finished with 6 verified, 0 errors, 2 inconclusives
	Command exited with non-zero status 4
	103.21user 1.83system 1:08.64elapsed 153%CPU (0avgtext+0avgdata 1511372maxresident)k
	0inputs+0outputs (0major+550046minor)pagefaults 0swaps

