./Betree/BetreeInv.i.dfy
	/root/verichecks-worker/worker-dir/clones/ac6c82b14b22a1b2cb80d512bccfbbbdda730498/Betree/../lib/Base/sequences.i.dfy(587,18): Warning: /!\ No terms found to trigger on.
	/root/verichecks-worker/worker-dir/clones/ac6c82b14b22a1b2cb80d512bccfbbbdda730498/Betree/BetreeInv.i.dfy(346,8): Verification of 'Impl$$BetreeInv.__default.RedirectOnlyPredOfChildIsParent' timed out after 60 seconds
	/root/verichecks-worker/worker-dir/clones/ac6c82b14b22a1b2cb80d512bccfbbbdda730498/Betree/BetreeInv.i.dfy(376,8): Verification of 'Impl$$BetreeInv.__default.RedirectPreservesAcyclic' timed out after 60 seconds
	/root/verichecks-worker/worker-dir/clones/ac6c82b14b22a1b2cb80d512bccfbbbdda730498/Betree/BetreeInv.i.dfy(654,8): Verification of 'Impl$$BetreeInv.__default.RedirectPreservesLookups' timed out after 60 seconds
	
	Dafny program verifier finished with 64 verified, 0 errors, 3 time outs
	Command exited with non-zero status 4
	332.16user 2.52system 1:53.72elapsed 294%CPU (0avgtext+0avgdata 553648maxresident)k
	0inputs+0outputs (0major+603092minor)pagefaults 0swaps

./Impl/EvictImpl.i.dfy
	/root/verichecks-worker/worker-dir/clones/ac6c82b14b22a1b2cb80d512bccfbbbdda730498/Impl/../PivotBetree/../lib/Buckets/MapSeqs.i.dfy(67,20): Warning: invalid :induction attribute argument; expected 'false' or 'true' or lemma parameter; ignoring attribute
	/root/verichecks-worker/worker-dir/clones/ac6c82b14b22a1b2cb80d512bccfbbbdda730498/Impl/EvictImpl.i.dfy(89,9): Verification of 'Impl$$EvictImpl.__default.EvictOrDealloc' timed out after 60 seconds
	
	Dafny program verifier finished with 9 verified, 0 errors, 1 time out
	Command exited with non-zero status 4
	127.00user 2.23system 1:33.40elapsed 138%CPU (0avgtext+0avgdata 1574964maxresident)k
	0inputs+0outputs (0major+690260minor)pagefaults 0swaps

./ByteBlockCacheSystem/ByteSystem.i.dfy
	/root/verichecks-worker/worker-dir/clones/ac6c82b14b22a1b2cb80d512bccfbbbdda730498/ByteBlockCacheSystem/../BlockCacheSystem/../PivotBetree/../lib/Buckets/MapSeqs.i.dfy(67,20): Warning: invalid :induction attribute argument; expected 'false' or 'true' or lemma parameter; ignoring attribute
	/root/verichecks-worker/worker-dir/clones/ac6c82b14b22a1b2cb80d512bccfbbbdda730498/ByteBlockCacheSystem/AsyncDiskModel.s.dfy[ByteSystem](333,8): Verification of 'Impl$$ByteSystem.__default.InitImpliesInv' timed out after 60 seconds
	/root/verichecks-worker/worker-dir/clones/ac6c82b14b22a1b2cb80d512bccfbbbdda730498/ByteBlockCacheSystem/ByteSystem.i.dfy(64,8): Verification of 'Impl$$ByteSystem.__default.ReqReadStepPreservesInv' timed out after 60 seconds
	/root/verichecks-worker/worker-dir/clones/ac6c82b14b22a1b2cb80d512bccfbbbdda730498/ByteBlockCacheSystem/ByteSystem.i.dfy(158,8): Verification of 'Impl$$ByteSystem.__default.ReqWriteStepPreservesInv' timed out after 60 seconds
	/root/verichecks-worker/worker-dir/clones/ac6c82b14b22a1b2cb80d512bccfbbbdda730498/ByteBlockCacheSystem/ByteSystem.i.dfy(343,8): Verification of 'Impl$$ByteSystem.__default.ReqWrite2StepPreservesInv' timed out after 60 seconds
	/root/verichecks-worker/worker-dir/clones/ac6c82b14b22a1b2cb80d512bccfbbbdda730498/ByteBlockCacheSystem/ByteSystem.i.dfy(452,8): Verification of 'Impl$$ByteSystem.__default.RespReadStepPreservesInv' timed out after 60 seconds
	/root/verichecks-worker/worker-dir/clones/ac6c82b14b22a1b2cb80d512bccfbbbdda730498/ByteBlockCacheSystem/ByteSystem.i.dfy(484,8): Verification of 'Impl$$ByteSystem.__default.RespWriteStepPreservesInv' timed out after 60 seconds
	
	Dafny program verifier finished with 23 verified, 0 errors, 6 time outs
	Command exited with non-zero status 4
	568.71user 4.28system 2:58.14elapsed 321%CPU (0avgtext+0avgdata 2097208maxresident)k
	0inputs+0outputs (0major+1408200minor)pagefaults 0swaps

./Betree/Graph.i.dfy
	/root/verichecks-worker/worker-dir/clones/ac6c82b14b22a1b2cb80d512bccfbbbdda730498/Betree/Graph.i.dfy(161,8): Verification of 'Impl$$Graph.__default.LocalEditPreservesAcyclic' timed out after 60 seconds
	
	Dafny program verifier finished with 18 verified, 0 errors, 1 time out
	Command exited with non-zero status 4
	71.08user 0.94system 1:05.80elapsed 109%CPU (0avgtext+0avgdata 268820maxresident)k
	0inputs+0outputs (0major+289421minor)pagefaults 0swaps

./lib/DataStructures/LinearContentMutableMap.i.dfy
	/root/verichecks-worker/worker-dir/clones/ac6c82b14b22a1b2cb80d512bccfbbbdda730498/lib/DataStructures/LinearContentMutableMap.i.dfy(591,9): Verification of 'Impl$$LinearContentMutableMap.__default.Realloc' timed out after 60 seconds
	
	Dafny program verifier finished with 48 verified, 0 errors, 1 time out
	Command exited with non-zero status 4
	126.94user 1.16system 1:18.04elapsed 164%CPU (0avgtext+0avgdata 421872maxresident)k
	0inputs+0outputs (0major+263105minor)pagefaults 0swaps

./Impl/FlushPolicyModel.i.dfy
	/root/verichecks-worker/worker-dir/clones/ac6c82b14b22a1b2cb80d512bccfbbbdda730498/Impl/../lib/Buckets/MapSeqs.i.dfy(67,20): Warning: invalid :induction attribute argument; expected 'false' or 'true' or lemma parameter; ignoring attribute
	/root/verichecks-worker/worker-dir/clones/ac6c82b14b22a1b2cb80d512bccfbbbdda730498/Impl/FlushPolicyModel.i.dfy(196,8): Verification of 'Impl$$FlushPolicyModel.__default.getActionToFlushValidAction' timed out after 60 seconds
	
	Dafny program verifier finished with 7 verified, 0 errors, 1 time out
	Command exited with non-zero status 4
	153.86user 2.25system 1:40.15elapsed 155%CPU (0avgtext+0avgdata 1469520maxresident)k
	0inputs+0outputs (0major+650489minor)pagefaults 0swaps

./Impl/IndirectionTable.i.dfy
	/root/verichecks-worker/worker-dir/clones/ac6c82b14b22a1b2cb80d512bccfbbbdda730498/Impl/../PivotBetree/../lib/Buckets/MapSeqs.i.dfy(67,20): Warning: invalid :induction attribute argument; expected 'false' or 'true' or lemma parameter; ignoring attribute
	/root/verichecks-worker/worker-dir/clones/ac6c82b14b22a1b2cb80d512bccfbbbdda730498/Impl/IndirectionTable.i.dfy(1863,17): Error: assertion violation
	Execution trace:
	    (0,0): anon0
	    /root/verichecks-worker/worker-dir/clones/ac6c82b14b22a1b2cb80d512bccfbbbdda730498/Impl/IndirectionTable.i.dfy(1851,7): anon44_LoopHead
	    (0,0): anon44_LoopBody
	    /root/verichecks-worker/worker-dir/clones/ac6c82b14b22a1b2cb80d512bccfbbbdda730498/Impl/IndirectionTable.i.dfy(1851,7): anon45_Else
	    /root/verichecks-worker/worker-dir/clones/ac6c82b14b22a1b2cb80d512bccfbbbdda730498/Impl/IndirectionTable.i.dfy(1851,7): anon47_Else
	    /root/verichecks-worker/worker-dir/clones/ac6c82b14b22a1b2cb80d512bccfbbbdda730498/Impl/IndirectionTable.i.dfy(1863,50): anon48_Else
	    (0,0): anon9
	    (0,0): anon49_Then
	/root/verichecks-worker/worker-dir/clones/ac6c82b14b22a1b2cb80d512bccfbbbdda730498/Impl/IndirectionTable.i.dfy(1863,49): Error: assertion violation
	Execution trace:
	    (0,0): anon0
	    /root/verichecks-worker/worker-dir/clones/ac6c82b14b22a1b2cb80d512bccfbbbdda730498/Impl/IndirectionTable.i.dfy(1851,7): anon44_LoopHead
	    (0,0): anon44_LoopBody
	    /root/verichecks-worker/worker-dir/clones/ac6c82b14b22a1b2cb80d512bccfbbbdda730498/Impl/IndirectionTable.i.dfy(1851,7): anon45_Else
	    /root/verichecks-worker/worker-dir/clones/ac6c82b14b22a1b2cb80d512bccfbbbdda730498/Impl/IndirectionTable.i.dfy(1851,7): anon47_Else
	    (0,0): anon48_Then
	    (0,0): anon9
	    (0,0): anon49_Then
	/root/verichecks-worker/worker-dir/clones/ac6c82b14b22a1b2cb80d512bccfbbbdda730498/Impl/IndirectionTable.i.dfy(1889,25): Error: assertion violation
	/root/verichecks-worker/worker-dir/clones/ac6c82b14b22a1b2cb80d512bccfbbbdda730498/Impl/IndirectionTable.i.dfy(1768,16): Related location
	Execution trace:
	    (0,0): anon0
	    /root/verichecks-worker/worker-dir/clones/ac6c82b14b22a1b2cb80d512bccfbbbdda730498/Impl/IndirectionTable.i.dfy(1851,7): anon44_LoopHead
	    (0,0): anon44_LoopBody
	    /root/verichecks-worker/worker-dir/clones/ac6c82b14b22a1b2cb80d512bccfbbbdda730498/Impl/IndirectionTable.i.dfy(1851,7): anon45_Else
	    /root/verichecks-worker/worker-dir/clones/ac6c82b14b22a1b2cb80d512bccfbbbdda730498/Impl/IndirectionTable.i.dfy(1851,7): anon47_Else
	    (0,0): anon48_Then
	    (0,0): anon9
	    /root/verichecks-worker/worker-dir/clones/ac6c82b14b22a1b2cb80d512bccfbbbdda730498/Impl/IndirectionTable.i.dfy(1863,9): anon49_Else
	    (0,0): anon50_Then
	    (0,0): anon51_Then
	    (0,0): anon52_Then
	    (0,0): anon15
	    (0,0): anon53_Then
	    (0,0): anon54_Else
	    (0,0): anon19
	    (0,0): anon55_Else
	    (0,0): anon56_Then
	/root/verichecks-worker/worker-dir/clones/ac6c82b14b22a1b2cb80d512bccfbbbdda730498/Impl/IndirectionTable.i.dfy(1889,25): Error: assertion violation
	/root/verichecks-worker/worker-dir/clones/ac6c82b14b22a1b2cb80d512bccfbbbdda730498/Impl/IndirectionTable.i.dfy(1769,21): Related location
	Execution trace:
	    (0,0): anon0
	    /root/verichecks-worker/worker-dir/clones/ac6c82b14b22a1b2cb80d512bccfbbbdda730498/Impl/IndirectionTable.i.dfy(1851,7): anon44_LoopHead
	    (0,0): anon44_LoopBody
	    /root/verichecks-worker/worker-dir/clones/ac6c82b14b22a1b2cb80d512bccfbbbdda730498/Impl/IndirectionTable.i.dfy(1851,7): anon45_Else
	    /root/verichecks-worker/worker-dir/clones/ac6c82b14b22a1b2cb80d512bccfbbbdda730498/Impl/IndirectionTable.i.dfy(1851,7): anon47_Else
	    (0,0): anon48_Then
	    (0,0): anon9
	    /root/verichecks-worker/worker-dir/clones/ac6c82b14b22a1b2cb80d512bccfbbbdda730498/Impl/IndirectionTable.i.dfy(1863,9): anon49_Else
	    (0,0): anon50_Then
	    (0,0): anon51_Then
	    (0,0): anon52_Then
	    (0,0): anon15
	    (0,0): anon53_Then
	    (0,0): anon54_Else
	    (0,0): anon19
	    (0,0): anon55_Else
	    (0,0): anon56_Then
	/root/verichecks-worker/worker-dir/clones/ac6c82b14b22a1b2cb80d512bccfbbbdda730498/Impl/IndirectionTable.i.dfy(1907,66): Error: assertion violation
	Execution trace:
	    (0,0): anon0
	    /root/verichecks-worker/worker-dir/clones/ac6c82b14b22a1b2cb80d512bccfbbbdda730498/Impl/IndirectionTable.i.dfy(1851,7): anon44_LoopHead
	    (0,0): anon44_LoopBody
	    /root/verichecks-worker/worker-dir/clones/ac6c82b14b22a1b2cb80d512bccfbbbdda730498/Impl/IndirectionTable.i.dfy(1851,7): anon45_Else
	    /root/verichecks-worker/worker-dir/clones/ac6c82b14b22a1b2cb80d512bccfbbbdda730498/Impl/IndirectionTable.i.dfy(1851,7): anon47_Else
	    (0,0): anon48_Then
	    (0,0): anon9
	    /root/verichecks-worker/worker-dir/clones/ac6c82b14b22a1b2cb80d512bccfbbbdda730498/Impl/IndirectionTable.i.dfy(1863,9): anon49_Else
	    (0,0): anon50_Then
	    (0,0): anon51_Then
	    (0,0): anon52_Then
	    (0,0): anon15
	    (0,0): anon53_Else
	    (0,0): anon57_Then
	    (0,0): anon58_Else
	    (0,0): anon30
	    (0,0): anon59_Else
	    (0,0): anon33
	    (0,0): anon60_Then
	
	Dafny program verifier finished with 112 verified, 5 errors
	Command exited with non-zero status 4
	410.75user 4.88system 2:23.93elapsed 288%CPU (0avgtext+0avgdata 1479684maxresident)k
	0inputs+0outputs (0major+859917minor)pagefaults 0swaps

./Impl/DeallocImpl.i.dfy
	/root/verichecks-worker/worker-dir/clones/ac6c82b14b22a1b2cb80d512bccfbbbdda730498/Impl/../PivotBetree/../lib/Buckets/MapSeqs.i.dfy(67,20): Warning: invalid :induction attribute argument; expected 'false' or 'true' or lemma parameter; ignoring attribute
	/root/verichecks-worker/worker-dir/clones/ac6c82b14b22a1b2cb80d512bccfbbbdda730498/Impl/DeallocImpl.i.dfy(29,9): Verification of 'Impl$$DeallocImpl.__default.Dealloc' timed out after 60 seconds
	
	Dafny program verifier finished with 3 verified, 0 errors, 1 time out
	Command exited with non-zero status 4
	110.10user 1.82system 1:33.23elapsed 120%CPU (0avgtext+0avgdata 1241204maxresident)k
	0inputs+0outputs (0major+521658minor)pagefaults 0swaps

./Betree/Betree_Refines_Map.i.dfy
	/root/verichecks-worker/worker-dir/clones/ac6c82b14b22a1b2cb80d512bccfbbbdda730498/Betree/Betree_Refines_Map.i.dfy(100,8): Verification of 'Impl$$Betree__Refines__Map.__default.PreservesLookupsImplInterpsEqual' timed out after 60 seconds
	/root/verichecks-worker/worker-dir/clones/ac6c82b14b22a1b2cb80d512bccfbbbdda730498/Betree/Betree_Refines_Map.i.dfy(148,8): Verification of 'Impl$$Betree__Refines__Map.__default.PreservesLookupsPutImplInterpsPut' timed out after 60 seconds
	
	Dafny program verifier finished with 32 verified, 0 errors, 2 time outs
	Command exited with non-zero status 4
	158.66user 5.84system 1:16.21elapsed 215%CPU (0avgtext+0avgdata 2987308maxresident)k
	0inputs+0outputs (0major+2434883minor)pagefaults 0swaps

./ByteBlockCacheSystem/InterpretationDisk.i.dfy
	/root/verichecks-worker/worker-dir/clones/ac6c82b14b22a1b2cb80d512bccfbbbdda730498/ByteBlockCacheSystem/../PivotBetree/../lib/Buckets/MapSeqs.i.dfy(67,20): Warning: invalid :induction attribute argument; expected 'false' or 'true' or lemma parameter; ignoring attribute
	/root/verichecks-worker/worker-dir/clones/ac6c82b14b22a1b2cb80d512bccfbbbdda730498/ByteBlockCacheSystem/InterpretationDisk.i.dfy(752,8): Verification of 'Impl$$InterpretationDisk.__default.RefinesReqReadOp' timed out after 60 seconds
	/root/verichecks-worker/worker-dir/clones/ac6c82b14b22a1b2cb80d512bccfbbbdda730498/ByteBlockCacheSystem/InterpretationDisk.i.dfy(892,8): Verification of 'Impl$$InterpretationDisk.__default.RefinesReqWriteOp' timed out after 60 seconds
	/root/verichecks-worker/worker-dir/clones/ac6c82b14b22a1b2cb80d512bccfbbbdda730498/ByteBlockCacheSystem/InterpretationDisk.i.dfy(1059,8): Verification of 'Impl$$InterpretationDisk.__default.RefinesReqWrite2Op' timed out after 60 seconds
	/root/verichecks-worker/worker-dir/clones/ac6c82b14b22a1b2cb80d512bccfbbbdda730498/ByteBlockCacheSystem/InterpretationDisk.i.dfy(1190,8): Verification of 'Impl$$InterpretationDisk.__default.RefinesRespReadOp' timed out after 60 seconds
	/root/verichecks-worker/worker-dir/clones/ac6c82b14b22a1b2cb80d512bccfbbbdda730498/ByteBlockCacheSystem/InterpretationDisk.i.dfy(1316,8): Verification of 'Impl$$InterpretationDisk.__default.RefinesRespWriteOp' timed out after 60 seconds
	/root/verichecks-worker/worker-dir/clones/ac6c82b14b22a1b2cb80d512bccfbbbdda730498/ByteBlockCacheSystem/InterpretationDisk.i.dfy(1367,8): Verification of 'Impl$$InterpretationDisk.__default.RefinesProcessRead__Node__1' timed out after 60 seconds
	/root/verichecks-worker/worker-dir/clones/ac6c82b14b22a1b2cb80d512bccfbbbdda730498/ByteBlockCacheSystem/InterpretationDisk.i.dfy(1400,8): Verification of 'Impl$$InterpretationDisk.__default.RefinesProcessRead__IndirectionTable__1' timed out after 60 seconds
	/root/verichecks-worker/worker-dir/clones/ac6c82b14b22a1b2cb80d512bccfbbbdda730498/ByteBlockCacheSystem/InterpretationDisk.i.dfy(1466,8): Verification of 'Impl$$InterpretationDisk.__default.RefinesProcessRead__Superblock__1' timed out after 60 seconds
	/root/verichecks-worker/worker-dir/clones/ac6c82b14b22a1b2cb80d512bccfbbbdda730498/ByteBlockCacheSystem/InterpretationDisk.i.dfy(1527,8): Verification of 'Impl$$InterpretationDisk.__default.RefinesProcessWrite' timed out after 60 seconds
	
	Dafny program verifier finished with 119 verified, 0 errors, 9 time outs
	Command exited with non-zero status 4
	1030.92user 12.08system 5:45.88elapsed 301%CPU (0avgtext+0avgdata 1580184maxresident)k
	0inputs+0outputs (0major+3695053minor)pagefaults 0swaps

./BlockCacheSystem/BlockJournalCache.i.dfy
	/root/verichecks-worker/worker-dir/clones/ac6c82b14b22a1b2cb80d512bccfbbbdda730498/BlockCacheSystem/../PivotBetree/../lib/Buckets/MapSeqs.i.dfy(67,20): Warning: invalid :induction attribute argument; expected 'false' or 'true' or lemma parameter; ignoring attribute
	/root/verichecks-worker/worker-dir/clones/ac6c82b14b22a1b2cb80d512bccfbbbdda730498/BlockCacheSystem/BlockJournalCache.i.dfy(60,8): Verification of 'Impl$$BlockJournalCache.__default.NextPreservesInv' timed out after 60 seconds
	
	Dafny program verifier finished with 5 verified, 0 errors, 1 time out
	Command exited with non-zero status 4
	89.17user 1.08system 1:24.68elapsed 106%CPU (0avgtext+0avgdata 716244maxresident)k
	0inputs+0outputs (0major+293375minor)pagefaults 0swaps

./PivotBetree/StatesViewPivotBetree_Refines_StatesViewMap.i.dfy
	/root/verichecks-worker/worker-dir/clones/ac6c82b14b22a1b2cb80d512bccfbbbdda730498/PivotBetree/../PivotBetree/../lib/Buckets/MapSeqs.i.dfy(67,20): Warning: invalid :induction attribute argument; expected 'false' or 'true' or lemma parameter; ignoring attribute
	/root/verichecks-worker/worker-dir/clones/ac6c82b14b22a1b2cb80d512bccfbbbdda730498/PivotBetree/StatesViewPivotBetree_Refines_StatesViewMap.i.dfy(60,8): Verification of 'Impl$$StatesViewPivotBetree__Refines__StatesViewMap.__default.RefinesNextStep' timed out after 60 seconds
	
	Dafny program verifier finished with 8 verified, 0 errors, 1 time out
	Command exited with non-zero status 4
	87.36user 1.61system 1:24.11elapsed 105%CPU (0avgtext+0avgdata 798204maxresident)k
	0inputs+0outputs (0major+545226minor)pagefaults 0swaps

./lib/Buckets/LKMBPKVOps.i.dfy
	/root/verichecks-worker/worker-dir/clones/ac6c82b14b22a1b2cb80d512bccfbbbdda730498/lib/Buckets/MapSeqs.i.dfy(67,20): Warning: invalid :induction attribute argument; expected 'false' or 'true' or lemma parameter; ignoring attribute
	/root/verichecks-worker/worker-dir/clones/ac6c82b14b22a1b2cb80d512bccfbbbdda730498/lib/Buckets/LKMBPKVOps.i.dfy(275,24): Error: This loop invariant might not be maintained by the loop.
	/root/verichecks-worker/worker-dir/clones/ac6c82b14b22a1b2cb80d512bccfbbbdda730498/lib/Buckets/PackedStringArray.i.dfy(362,30): Related location
	/root/verichecks-worker/worker-dir/clones/ac6c82b14b22a1b2cb80d512bccfbbbdda730498/lib/Buckets/LKMBPKVOps.i.dfy(275,24): Related message: loop invariant violation
	/root/verichecks-worker/worker-dir/clones/ac6c82b14b22a1b2cb80d512bccfbbbdda730498/lib/Buckets/PackedStringArray.i.dfy(362,30): Related location
	Execution trace:
	    (0,0): anon0
	    (0,0): anon65_Then
	    (0,0): anon66_Then
	    (0,0): anon67_Then
	    (0,0): anon5
	    /root/verichecks-worker/worker-dir/clones/ac6c82b14b22a1b2cb80d512bccfbbbdda730498/lib/Buckets/LKMBPKVOps.i.dfy(225,5): anon68_Else
	    (0,0): anon69_Then
	    (0,0): anon70_Then
	    (0,0): anon71_Then
	    (0,0): anon12
	    /root/verichecks-worker/worker-dir/clones/ac6c82b14b22a1b2cb80d512bccfbbbdda730498/lib/Buckets/LKMBPKVOps.i.dfy(228,5): anon72_Else
	    /root/verichecks-worker/worker-dir/clones/ac6c82b14b22a1b2cb80d512bccfbbbdda730498/lib/Buckets/LKMBPKVOps.i.dfy(232,5): anon73_Else
	    /root/verichecks-worker/worker-dir/clones/ac6c82b14b22a1b2cb80d512bccfbbbdda730498/lib/Buckets/LKMBPKVOps.i.dfy(235,5): anon74_Else
	    (0,0): anon75_Else
	    (0,0): anon79_Else
	    /root/verichecks-worker/worker-dir/clones/ac6c82b14b22a1b2cb80d512bccfbbbdda730498/lib/Buckets/LKMBPKVOps.i.dfy(269,5): anon81_LoopHead
	    (0,0): anon81_LoopBody
	    /root/verichecks-worker/worker-dir/clones/ac6c82b14b22a1b2cb80d512bccfbbbdda730498/lib/Buckets/LKMBPKVOps.i.dfy(269,5): anon82_Else
	    /root/verichecks-worker/worker-dir/clones/ac6c82b14b22a1b2cb80d512bccfbbbdda730498/lib/Buckets/LKMBPKVOps.i.dfy(269,5): anon83_Else
	    /root/verichecks-worker/worker-dir/clones/ac6c82b14b22a1b2cb80d512bccfbbbdda730498/lib/Buckets/LKMBPKVOps.i.dfy(298,7): anon91_Else
	    /root/verichecks-worker/worker-dir/clones/ac6c82b14b22a1b2cb80d512bccfbbbdda730498/lib/Buckets/LKMBPKVOps.i.dfy(314,7): anon100_Else
	/root/verichecks-worker/worker-dir/clones/ac6c82b14b22a1b2cb80d512bccfbbbdda730498/lib/Buckets/LKMBPKVOps.i.dfy(275,24): Error: This loop invariant might not be maintained by the loop.
	/root/verichecks-worker/worker-dir/clones/ac6c82b14b22a1b2cb80d512bccfbbbdda730498/lib/Buckets/PackedStringArray.i.dfy(363,54): Related location
	/root/verichecks-worker/worker-dir/clones/ac6c82b14b22a1b2cb80d512bccfbbbdda730498/lib/Buckets/LKMBPKVOps.i.dfy(275,24): Related message: loop invariant violation
	/root/verichecks-worker/worker-dir/clones/ac6c82b14b22a1b2cb80d512bccfbbbdda730498/lib/Buckets/PackedStringArray.i.dfy(363,54): Related location
	Execution trace:
	    (0,0): anon0
	    (0,0): anon65_Then
	    (0,0): anon66_Then
	    (0,0): anon67_Then
	    (0,0): anon5
	    /root/verichecks-worker/worker-dir/clones/ac6c82b14b22a1b2cb80d512bccfbbbdda730498/lib/Buckets/LKMBPKVOps.i.dfy(225,5): anon68_Else
	    (0,0): anon69_Then
	    (0,0): anon70_Then
	    (0,0): anon71_Then
	    (0,0): anon12
	    /root/verichecks-worker/worker-dir/clones/ac6c82b14b22a1b2cb80d512bccfbbbdda730498/lib/Buckets/LKMBPKVOps.i.dfy(228,5): anon72_Else
	    /root/verichecks-worker/worker-dir/clones/ac6c82b14b22a1b2cb80d512bccfbbbdda730498/lib/Buckets/LKMBPKVOps.i.dfy(232,5): anon73_Else
	    /root/verichecks-worker/worker-dir/clones/ac6c82b14b22a1b2cb80d512bccfbbbdda730498/lib/Buckets/LKMBPKVOps.i.dfy(235,5): anon74_Else
	    (0,0): anon75_Else
	    (0,0): anon79_Else
	    /root/verichecks-worker/worker-dir/clones/ac6c82b14b22a1b2cb80d512bccfbbbdda730498/lib/Buckets/LKMBPKVOps.i.dfy(269,5): anon81_LoopHead
	    (0,0): anon81_LoopBody
	    /root/verichecks-worker/worker-dir/clones/ac6c82b14b22a1b2cb80d512bccfbbbdda730498/lib/Buckets/LKMBPKVOps.i.dfy(269,5): anon82_Else
	    /root/verichecks-worker/worker-dir/clones/ac6c82b14b22a1b2cb80d512bccfbbbdda730498/lib/Buckets/LKMBPKVOps.i.dfy(269,5): anon83_Else
	    /root/verichecks-worker/worker-dir/clones/ac6c82b14b22a1b2cb80d512bccfbbbdda730498/lib/Buckets/LKMBPKVOps.i.dfy(298,7): anon91_Else
	    /root/verichecks-worker/worker-dir/clones/ac6c82b14b22a1b2cb80d512bccfbbbdda730498/lib/Buckets/LKMBPKVOps.i.dfy(314,7): anon100_Else
	/root/verichecks-worker/worker-dir/clones/ac6c82b14b22a1b2cb80d512bccfbbbdda730498/lib/Buckets/LKMBPKVOps.i.dfy(278,24): Error: This loop invariant might not be maintained by the loop.
	/root/verichecks-worker/worker-dir/clones/ac6c82b14b22a1b2cb80d512bccfbbbdda730498/lib/Buckets/PackedStringArray.i.dfy(362,30): Related location
	/root/verichecks-worker/worker-dir/clones/ac6c82b14b22a1b2cb80d512bccfbbbdda730498/lib/Buckets/LKMBPKVOps.i.dfy(278,24): Related message: loop invariant violation
	/root/verichecks-worker/worker-dir/clones/ac6c82b14b22a1b2cb80d512bccfbbbdda730498/lib/Buckets/PackedStringArray.i.dfy(362,30): Related location
	Execution trace:
	    (0,0): anon0
	    (0,0): anon65_Then
	    (0,0): anon66_Then
	    (0,0): anon67_Then
	    (0,0): anon5
	    /root/verichecks-worker/worker-dir/clones/ac6c82b14b22a1b2cb80d512bccfbbbdda730498/lib/Buckets/LKMBPKVOps.i.dfy(225,5): anon68_Else
	    (0,0): anon69_Then
	    (0,0): anon70_Then
	    (0,0): anon71_Then
	    (0,0): anon12
	    /root/verichecks-worker/worker-dir/clones/ac6c82b14b22a1b2cb80d512bccfbbbdda730498/lib/Buckets/LKMBPKVOps.i.dfy(228,5): anon72_Else
	    /root/verichecks-worker/worker-dir/clones/ac6c82b14b22a1b2cb80d512bccfbbbdda730498/lib/Buckets/LKMBPKVOps.i.dfy(232,5): anon73_Else
	    /root/verichecks-worker/worker-dir/clones/ac6c82b14b22a1b2cb80d512bccfbbbdda730498/lib/Buckets/LKMBPKVOps.i.dfy(235,5): anon74_Else
	    (0,0): anon75_Else
	    (0,0): anon79_Else
	    /root/verichecks-worker/worker-dir/clones/ac6c82b14b22a1b2cb80d512bccfbbbdda730498/lib/Buckets/LKMBPKVOps.i.dfy(269,5): anon81_LoopHead
	    (0,0): anon81_LoopBody
	    /root/verichecks-worker/worker-dir/clones/ac6c82b14b22a1b2cb80d512bccfbbbdda730498/lib/Buckets/LKMBPKVOps.i.dfy(269,5): anon82_Else
	    /root/verichecks-worker/worker-dir/clones/ac6c82b14b22a1b2cb80d512bccfbbbdda730498/lib/Buckets/LKMBPKVOps.i.dfy(269,5): anon83_Else
	    /root/verichecks-worker/worker-dir/clones/ac6c82b14b22a1b2cb80d512bccfbbbdda730498/lib/Buckets/LKMBPKVOps.i.dfy(298,7): anon91_Else
	    /root/verichecks-worker/worker-dir/clones/ac6c82b14b22a1b2cb80d512bccfbbbdda730498/lib/Buckets/LKMBPKVOps.i.dfy(314,7): anon100_Else
	/root/verichecks-worker/worker-dir/clones/ac6c82b14b22a1b2cb80d512bccfbbbdda730498/lib/Buckets/LKMBPKVOps.i.dfy(278,24): Error: This loop invariant might not be maintained by the loop.
	/root/verichecks-worker/worker-dir/clones/ac6c82b14b22a1b2cb80d512bccfbbbdda730498/lib/Buckets/PackedStringArray.i.dfy(363,54): Related location
	/root/verichecks-worker/worker-dir/clones/ac6c82b14b22a1b2cb80d512bccfbbbdda730498/lib/Buckets/LKMBPKVOps.i.dfy(278,24): Related message: loop invariant violation
	/root/verichecks-worker/worker-dir/clones/ac6c82b14b22a1b2cb80d512bccfbbbdda730498/lib/Buckets/PackedStringArray.i.dfy(363,54): Related location
	Execution trace:
	    (0,0): anon0
	    (0,0): anon65_Then
	    (0,0): anon66_Then
	    (0,0): anon67_Then
	    (0,0): anon5
	    /root/verichecks-worker/worker-dir/clones/ac6c82b14b22a1b2cb80d512bccfbbbdda730498/lib/Buckets/LKMBPKVOps.i.dfy(225,5): anon68_Else
	    (0,0): anon69_Then
	    (0,0): anon70_Then
	    (0,0): anon71_Then
	    (0,0): anon12
	    /root/verichecks-worker/worker-dir/clones/ac6c82b14b22a1b2cb80d512bccfbbbdda730498/lib/Buckets/LKMBPKVOps.i.dfy(228,5): anon72_Else
	    /root/verichecks-worker/worker-dir/clones/ac6c82b14b22a1b2cb80d512bccfbbbdda730498/lib/Buckets/LKMBPKVOps.i.dfy(232,5): anon73_Else
	    /root/verichecks-worker/worker-dir/clones/ac6c82b14b22a1b2cb80d512bccfbbbdda730498/lib/Buckets/LKMBPKVOps.i.dfy(235,5): anon74_Else
	    (0,0): anon75_Else
	    (0,0): anon79_Else
	    /root/verichecks-worker/worker-dir/clones/ac6c82b14b22a1b2cb80d512bccfbbbdda730498/lib/Buckets/LKMBPKVOps.i.dfy(269,5): anon81_LoopHead
	    (0,0): anon81_LoopBody
	    /root/verichecks-worker/worker-dir/clones/ac6c82b14b22a1b2cb80d512bccfbbbdda730498/lib/Buckets/LKMBPKVOps.i.dfy(269,5): anon82_Else
	    /root/verichecks-worker/worker-dir/clones/ac6c82b14b22a1b2cb80d512bccfbbbdda730498/lib/Buckets/LKMBPKVOps.i.dfy(269,5): anon83_Else
	    /root/verichecks-worker/worker-dir/clones/ac6c82b14b22a1b2cb80d512bccfbbbdda730498/lib/Buckets/LKMBPKVOps.i.dfy(298,7): anon91_Else
	    /root/verichecks-worker/worker-dir/clones/ac6c82b14b22a1b2cb80d512bccfbbbdda730498/lib/Buckets/LKMBPKVOps.i.dfy(314,7): anon100_Else
	
	Dafny program verifier finished with 27 verified, 4 errors
	Command exited with non-zero status 4
	153.64user 1.69system 1:59.62elapsed 129%CPU (0avgtext+0avgdata 809708maxresident)k
	0inputs+0outputs (0major+445932minor)pagefaults 0swaps

./BlockCacheSystem/BlockSystem.i.dfy
	/root/verichecks-worker/worker-dir/clones/ac6c82b14b22a1b2cb80d512bccfbbbdda730498/BlockCacheSystem/../PivotBetree/../lib/Buckets/MapSeqs.i.dfy(67,20): Warning: invalid :induction attribute argument; expected 'false' or 'true' or lemma parameter; ignoring attribute
	/root/verichecks-worker/worker-dir/clones/ac6c82b14b22a1b2cb80d512bccfbbbdda730498/BlockCacheSystem/BlockSystem.i.dfy(768,8): Verification of 'Impl$$BlockSystem.__default.WriteBackNodeReqStepPreservesInv' timed out after 60 seconds
	
	Dafny program verifier finished with 127 verified, 0 errors, 1 time out
	Command exited with non-zero status 4
	721.84user 7.40system 4:08.20elapsed 293%CPU (0avgtext+0avgdata 1662620maxresident)k
	0inputs+0outputs (0major+2124346minor)pagefaults 0swaps

