./PivotBetree/PivotBetreeSpecRefinement.i.dfy
	Prover error: Unexpected prover response (getting info about 'unknown' response): (:reason-unknown unknown)
	
	/root/verichecks-worker/worker-dir/clones/c50d8108f729d4b70aaf418c6e54ffebfd12016a/PivotBetree/PivotBetreeSpecRefinement.i.dfy(450,8): Verification inconclusive (Impl$$PivotBetreeSpecRefinement.__default.InRangeImpliesValidLookup)
	Prover error: Invalid PING response from the prover: unsat
	
	Prover error: Invalid PING response from the prover: unsat
	
	Prover error: Invalid PING response from the prover: unsat
	
	Prover error: Unexpected prover response (getting info about 'unknown' response): (:reason-unknown unknown)
	
	/root/verichecks-worker/worker-dir/clones/c50d8108f729d4b70aaf418c6e54ffebfd12016a/PivotBetree/PivotBetreeSpecRefinement.i.dfy(669,8): Verification inconclusive (Impl$$PivotBetreeSpecRefinement.__default.RefinesValidFlush)
	/root/verichecks-worker/worker-dir/clones/c50d8108f729d4b70aaf418c6e54ffebfd12016a/PivotBetree/PivotBetreeSpecRefinement.i.dfy(814,8): Verification inconclusive (Impl$$PivotBetreeSpecRefinement.__default.MergedNodeAndLeftAgree)
	/root/verichecks-worker/worker-dir/clones/c50d8108f729d4b70aaf418c6e54ffebfd12016a/PivotBetree/PivotBetreeSpecRefinement.i.dfy(854,8): Verification inconclusive (CheckWellformed$$PivotBetreeSpecRefinement.__default.ValidLeftChildHasGoodPivots)
	/root/verichecks-worker/worker-dir/clones/c50d8108f729d4b70aaf418c6e54ffebfd12016a/PivotBetree/PivotBetreeSpecRefinement.i.dfy(861,8): Verification inconclusive (Impl$$PivotBetreeSpecRefinement.__default.ValidRightChildHasGoodPivots)
	/root/verichecks-worker/worker-dir/clones/c50d8108f729d4b70aaf418c6e54ffebfd12016a/PivotBetree/PivotBetreeSpecRefinement.i.dfy(875,8): Verification inconclusive (CheckWellformed$$PivotBetreeSpecRefinement.__default.SplitMergeBuffersChildrenEq)
	Prover error: Invalid PING response from the prover: unsat
	
	/root/verichecks-worker/worker-dir/clones/c50d8108f729d4b70aaf418c6e54ffebfd12016a/PivotBetree/PivotBetreeSpecRefinement.i.dfy(927,8): Verification inconclusive (CheckWellformed$$PivotBetreeSpecRefinement.__default.MergeRouteNewChild)
	/root/verichecks-worker/worker-dir/clones/c50d8108f729d4b70aaf418c6e54ffebfd12016a/PivotBetree/PivotBetreeSpecRefinement.i.dfy(950,8): Verification inconclusive (CheckWellformed$$PivotBetreeSpecRefinement.__default.MergeChildrenConsistent)
	Prover error: Invalid PING response from the prover: unsat
	
	Prover error: Invalid PING response from the prover: unsat
	
	Prover error: Invalid PING response from the prover: unsat
	
	/root/verichecks-worker/worker-dir/clones/c50d8108f729d4b70aaf418c6e54ffebfd12016a/PivotBetree/PivotBetreeSpecRefinement.i.dfy(989,8): Verification inconclusive (CheckWellformed$$PivotBetreeSpecRefinement.__default.RefinesValidMerge)
	/root/verichecks-worker/worker-dir/clones/c50d8108f729d4b70aaf418c6e54ffebfd12016a/PivotBetree/PivotBetreeSpecRefinement.i.dfy(989,8): Verification inconclusive (Impl$$PivotBetreeSpecRefinement.__default.RefinesValidMerge)
	/root/verichecks-worker/worker-dir/clones/c50d8108f729d4b70aaf418c6e54ffebfd12016a/PivotBetree/PivotBetreeSpecRefinement.i.dfy(1065,8): Verification inconclusive (Impl$$PivotBetreeSpecRefinement.__default.SplitChildrenConsistent)
	Prover error: Invalid PING response from the prover: unsat
	
	/root/verichecks-worker/worker-dir/clones/c50d8108f729d4b70aaf418c6e54ffebfd12016a/PivotBetree/PivotBetreeSpecRefinement.i.dfy(1111,8): Verification inconclusive (Impl$$PivotBetreeSpecRefinement.__default.SplitRouteNewChild)
	Prover error: Invalid PING response from the prover: unknown
	
	/root/verichecks-worker/worker-dir/clones/c50d8108f729d4b70aaf418c6e54ffebfd12016a/PivotBetree/PivotBetreeSpecRefinement.i.dfy(1149,8): Verification inconclusive (CheckWellformed$$PivotBetreeSpecRefinement.__default.RefinesValidSplit)
	Prover error: Invalid PING response from the prover: unsat
	
	Prover error: Unexpected prover response (getting info about 'unknown' response): (:reason-unknown unknown)
	
	/root/verichecks-worker/worker-dir/clones/c50d8108f729d4b70aaf418c6e54ffebfd12016a/PivotBetree/PivotBetreeSpecRefinement.i.dfy(1149,8): Verification inconclusive (Impl$$PivotBetreeSpecRefinement.__default.RefinesValidSplit)
	Prover error: Invalid PING response from the prover: unsat
	
	Prover error: Invalid PING response from the prover: unsat
	
	Prover error: Invalid PING response from the prover: unsat
	
	Prover error: Invalid PING response from the prover: unsat
	
	Prover error: Invalid PING response from the prover: unsat
	
	Prover error: Invalid PING response from the prover: unsat
	
	Prover error: Invalid PING response from the prover: unsat
	
	Prover error: Invalid PING response from the prover: unsat
	
	Prover error: Invalid PING response from the prover: unsat
	
	Prover error: Unexpected prover response (getting info about 'unknown' response): (:reason-unknown unknown)
	
	/root/verichecks-worker/worker-dir/clones/c50d8108f729d4b70aaf418c6e54ffebfd12016a/PivotBetree/PivotBetreeSpecRefinement.i.dfy(1227,27): Verification inconclusive (Impl$$PivotBetreeSpecRefinement.__default.RefinesReadOps)
	/root/verichecks-worker/worker-dir/clones/c50d8108f729d4b70aaf418c6e54ffebfd12016a/PivotBetree/PivotBetreeSpecRefinement.i.dfy(1239,11): Verification inconclusive (CheckWellformed$$PivotBetreeSpecRefinement.__default.IOp)
	/root/verichecks-worker/worker-dir/clones/c50d8108f729d4b70aaf418c6e54ffebfd12016a/PivotBetree/PivotBetreeSpecRefinement.i.dfy(1248,11): Verification inconclusive (CheckWellformed$$PivotBetreeSpecRefinement.__default.IOps)
	/root/verichecks-worker/worker-dir/clones/c50d8108f729d4b70aaf418c6e54ffebfd12016a/PivotBetree/PivotBetreeSpecRefinement.i.dfy(1255,8): Verification inconclusive (CheckWellformed$$PivotBetreeSpecRefinement.__default.InsertRefinesOps)
	/root/verichecks-worker/worker-dir/clones/c50d8108f729d4b70aaf418c6e54ffebfd12016a/PivotBetree/PivotBetreeSpecRefinement.i.dfy(1255,8): Verification inconclusive (Impl$$PivotBetreeSpecRefinement.__default.InsertRefinesOps)
	/root/verichecks-worker/worker-dir/clones/c50d8108f729d4b70aaf418c6e54ffebfd12016a/PivotBetree/PivotBetreeSpecRefinement.i.dfy(1299,8): Verification inconclusive (CheckWellformed$$PivotBetreeSpecRefinement.__default.AddMessagesToNodeResult)
	/root/verichecks-worker/worker-dir/clones/c50d8108f729d4b70aaf418c6e54ffebfd12016a/PivotBetree/PivotBetreeSpecRefinement.i.dfy(1299,8): Verification inconclusive (Impl$$PivotBetreeSpecRefinement.__default.AddMessagesToNodeResult)
	/root/verichecks-worker/worker-dir/clones/c50d8108f729d4b70aaf418c6e54ffebfd12016a/PivotBetree/PivotBetreeSpecRefinement.i.dfy(1320,23): Verification inconclusive (CheckWellformed$$PivotBetreeSpecRefinement.__default.FlushRefinesOps)
	/root/verichecks-worker/worker-dir/clones/c50d8108f729d4b70aaf418c6e54ffebfd12016a/PivotBetree/PivotBetreeSpecRefinement.i.dfy(1320,23): Verification inconclusive (Impl$$PivotBetreeSpecRefinement.__default.FlushRefinesOps)
	/root/verichecks-worker/worker-dir/clones/c50d8108f729d4b70aaf418c6e54ffebfd12016a/PivotBetree/PivotBetreeSpecRefinement.i.dfy(1331,23): Verification inconclusive (CheckWellformed$$PivotBetreeSpecRefinement.__default.GrowRefinesOps)
	/root/verichecks-worker/worker-dir/clones/c50d8108f729d4b70aaf418c6e54ffebfd12016a/PivotBetree/PivotBetreeSpecRefinement.i.dfy(1331,23): Verification inconclusive (Impl$$PivotBetreeSpecRefinement.__default.GrowRefinesOps)
	/root/verichecks-worker/worker-dir/clones/c50d8108f729d4b70aaf418c6e54ffebfd12016a/PivotBetree/PivotBetreeSpecRefinement.i.dfy(1357,23): Verification inconclusive (CheckWellformed$$PivotBetreeSpecRefinement.__default.SplitRefinesOps)
	Prover error: Invalid PING response from the prover: unsat
	
	/root/verichecks-worker/worker-dir/clones/c50d8108f729d4b70aaf418c6e54ffebfd12016a/PivotBetree/PivotBetreeSpecRefinement.i.dfy(1357,23): Verification inconclusive (Impl$$PivotBetreeSpecRefinement.__default.SplitRefinesOps)
	Prover error: Invalid PING response from the prover: unsat
	
	Prover error: Invalid PING response from the prover: unsat
	
	Prover error: Invalid PING response from the prover: unsat
	
	/root/verichecks-worker/worker-dir/clones/c50d8108f729d4b70aaf418c6e54ffebfd12016a/PivotBetree/PivotBetreeSpecRefinement.i.dfy(1393,23): Verification inconclusive (CheckWellformed$$PivotBetreeSpecRefinement.__default.MergeRefinesOps)
	/root/verichecks-worker/worker-dir/clones/c50d8108f729d4b70aaf418c6e54ffebfd12016a/PivotBetree/PivotBetreeSpecRefinement.i.dfy(1393,23): Verification inconclusive (Impl$$PivotBetreeSpecRefinement.__default.MergeRefinesOps)
	/root/verichecks-worker/worker-dir/clones/c50d8108f729d4b70aaf418c6e54ffebfd12016a/PivotBetree/PivotBetreeSpecRefinement.i.dfy(1409,23): Verification inconclusive (CheckWellformed$$PivotBetreeSpecRefinement.__default.RefinesOps)
	Prover error: Invalid PING response from the prover: unsat
	
	Prover error: Invalid PING response from the prover: unsat
	
	/root/verichecks-worker/worker-dir/clones/c50d8108f729d4b70aaf418c6e54ffebfd12016a/PivotBetree/PivotBetreeSpecRefinement.i.dfy(1409,23): Verification inconclusive (Impl$$PivotBetreeSpecRefinement.__default.RefinesOps)
	/root/verichecks-worker/worker-dir/clones/c50d8108f729d4b70aaf418c6e54ffebfd12016a/PivotBetree/PivotBetreeSpecRefinement.i.dfy(1470,8): Verification inconclusive (CheckWellformed$$PivotBetreeSpecRefinement.__default.RepivotPreservesNode)
	/root/verichecks-worker/worker-dir/clones/c50d8108f729d4b70aaf418c6e54ffebfd12016a/PivotBetree/PivotBetreeSpecRefinement.i.dfy(1470,8): Verification inconclusive (Impl$$PivotBetreeSpecRefinement.__default.RepivotPreservesNode)
	
	Dafny program verifier finished with 73 verified, 0 errors, 33 inconclusives
	Command exited with non-zero status 4
	264.76user 4.02system 1:34.19elapsed 285%CPU (0avgtext+0avgdata 1166112maxresident)k
	0inputs+0outputs (0major+859207minor)pagefaults 0swaps

./lib/DataStructures/LinearContentMutableMap.i.dfy
	Prover error: Unexpected prover response (getting info about 'unknown' response): (:reason-unknown unknown)
	
	/root/verichecks-worker/worker-dir/clones/c50d8108f729d4b70aaf418c6e54ffebfd12016a/lib/DataStructures/LinearContentMutableMap.i.dfy(173,9): Verification inconclusive (Impl$$LinearContentMutableMap.__default.Probe)
	Prover error: Invalid PING response from the prover: unsat
	
	Prover error: Invalid PING response from the prover: unsat
	
	Prover error: Unexpected prover response (getting info about 'unknown' response): (:reason-unknown unknown)
	
	/root/verichecks-worker/worker-dir/clones/c50d8108f729d4b70aaf418c6e54ffebfd12016a/lib/DataStructures/LinearContentMutableMap.i.dfy(591,9): Verification inconclusive (Impl$$LinearContentMutableMap.__default.Realloc)
	/root/verichecks-worker/worker-dir/clones/c50d8108f729d4b70aaf418c6e54ffebfd12016a/lib/DataStructures/LinearContentMutableMap.i.dfy(703,9): Verification inconclusive (CheckWellformed$$LinearContentMutableMap.__default.Remove)
	/root/verichecks-worker/worker-dir/clones/c50d8108f729d4b70aaf418c6e54ffebfd12016a/lib/DataStructures/LinearContentMutableMap.i.dfy(741,9): Verification inconclusive (CheckWellformed$$LinearContentMutableMap.__default.Get)
	/root/verichecks-worker/worker-dir/clones/c50d8108f729d4b70aaf418c6e54ffebfd12016a/lib/DataStructures/LinearContentMutableMap.i.dfy(741,9): Verification inconclusive (Impl$$LinearContentMutableMap.__default.Get)
	
	Dafny program verifier finished with 44 verified, 0 errors, 5 inconclusives
	Command exited with non-zero status 4
	68.37user 0.82system 0:28.46elapsed 243%CPU (0avgtext+0avgdata 356108maxresident)k
	0inputs+0outputs (0major+176191minor)pagefaults 0swaps

./lib/DataStructures/BtreeModel.i.dfy
	Prover error: Unexpected prover response (getting info about 'unknown' response): (:reason-unknown unknown)
	
	/root/verichecks-worker/worker-dir/clones/c50d8108f729d4b70aaf418c6e54ffebfd12016a/lib/DataStructures/BtreeModel.i.dfy(348,8): Verification inconclusive (Impl$$BtreeModel.__default.SplitLeafInterpretation)
	Prover error: Invalid PING response from the prover: unsat
	
	Prover error: Invalid PING response from the prover: unsat
	
	Prover error: Unexpected prover response (getting info about 'unknown' response): (:reason-unknown unknown)
	
	/root/verichecks-worker/worker-dir/clones/c50d8108f729d4b70aaf418c6e54ffebfd12016a/lib/DataStructures/BtreeModel.i.dfy(714,8): Verification inconclusive (Impl$$BtreeModel.__default.SplitChildOfIndexPreservesAllKeys)
	Prover error: Invalid PING response from the prover: unsat
	
	Prover error: Invalid PING response from the prover: unsat
	
	Prover error: Invalid PING response from the prover: unsat
	
	Prover error: Invalid PING response from the prover: unsat
	
	Prover error: Invalid PING response from the prover: unsat
	
	Prover error: Invalid PING response from the prover: unsat
	
	Prover error: Invalid PING response from the prover: unsat
	
	Prover error: Invalid PING response from the prover: unsat
	
	Prover error: Invalid PING response from the prover: unsat
	
	Prover error: Invalid PING response from the prover: unsat
	
	Prover error: Invalid PING response from the prover: unsat
	
	Prover error: Invalid PING response from the prover: unsat
	
	Prover error: Invalid PING response from the prover: unsat
	
	Prover error: Invalid PING response from the prover: unsat
	
	Prover error: Invalid PING response from the prover: unsat
	
	Prover error: Invalid PING response from the prover: unsat
	
	Prover error: Invalid PING response from the prover: unsat
	
	Prover error: Unexpected prover response (getting info about 'unknown' response): (:reason-unknown unknown)
	
	/root/verichecks-worker/worker-dir/clones/c50d8108f729d4b70aaf418c6e54ffebfd12016a/lib/DataStructures/BtreeModel.i.dfy(852,8): Verification inconclusive (Impl$$BtreeModel.__default.InsertLeafIsCorrect)
	/root/verichecks-worker/worker-dir/clones/c50d8108f729d4b70aaf418c6e54ffebfd12016a/lib/DataStructures/BtreeModel.i.dfy(965,8): Verification inconclusive (Impl$$BtreeModel.__default.GrowPreservesWF)
	/root/verichecks-worker/worker-dir/clones/c50d8108f729d4b70aaf418c6e54ffebfd12016a/lib/DataStructures/BtreeModel.i.dfy(983,8): Verification inconclusive (CheckWellformed$$BtreeModel.__default.GrowPreservesInterpretation)
	/root/verichecks-worker/worker-dir/clones/c50d8108f729d4b70aaf418c6e54ffebfd12016a/lib/DataStructures/BtreeModel.i.dfy(983,8): Verification inconclusive (Impl$$BtreeModel.__default.GrowPreservesInterpretation)
	/root/verichecks-worker/worker-dir/clones/c50d8108f729d4b70aaf418c6e54ffebfd12016a/lib/DataStructures/BtreeModel.i.dfy(1016,11): Verification inconclusive (CheckWellformed$$BtreeModel.__default.NumElements)
	/root/verichecks-worker/worker-dir/clones/c50d8108f729d4b70aaf418c6e54ffebfd12016a/lib/DataStructures/BtreeModel.i.dfy(1023,8): Verification inconclusive (CheckWellformed$$BtreeModel.__default.InterpretationsDisjoint)
	/root/verichecks-worker/worker-dir/clones/c50d8108f729d4b70aaf418c6e54ffebfd12016a/lib/DataStructures/BtreeModel.i.dfy(1052,8): Verification inconclusive (CheckWellformed$$BtreeModel.__default.InterpretationsDisjointUnion)
	/root/verichecks-worker/worker-dir/clones/c50d8108f729d4b70aaf418c6e54ffebfd12016a/lib/DataStructures/BtreeModel.i.dfy(1052,8): Verification inconclusive (Impl$$BtreeModel.__default.InterpretationsDisjointUnion)
	/root/verichecks-worker/worker-dir/clones/c50d8108f729d4b70aaf418c6e54ffebfd12016a/lib/DataStructures/BtreeModel.i.dfy(1104,8): Verification inconclusive (CheckWellformed$$BtreeModel.__default.NumElementsOfChildrenMatchesInterpretation)
	/root/verichecks-worker/worker-dir/clones/c50d8108f729d4b70aaf418c6e54ffebfd12016a/lib/DataStructures/BtreeModel.i.dfy(1152,8): Verification inconclusive (CheckWellformed$$BtreeModel.__default.NumElementsMatchesInterpretation)
	/root/verichecks-worker/worker-dir/clones/c50d8108f729d4b70aaf418c6e54ffebfd12016a/lib/DataStructures/BtreeModel.i.dfy(1152,8): Verification inconclusive (Impl$$BtreeModel.__default.NumElementsMatchesInterpretation)
	/root/verichecks-worker/worker-dir/clones/c50d8108f729d4b70aaf418c6e54ffebfd12016a/lib/DataStructures/BtreeModel.i.dfy(1171,8): Verification inconclusive (Impl$$BtreeModel.__default.NumElementsOfChildrenNotZero)
	/root/verichecks-worker/worker-dir/clones/c50d8108f729d4b70aaf418c6e54ffebfd12016a/lib/DataStructures/BtreeModel.i.dfy(1187,8): Verification inconclusive (Impl$$BtreeModel.__default.NumElementsOfChildrenDecreases)
	/root/verichecks-worker/worker-dir/clones/c50d8108f729d4b70aaf418c6e54ffebfd12016a/lib/DataStructures/BtreeModel.i.dfy(1213,21): Verification inconclusive (CheckWellformed$$BtreeModel.__default.ToSeq)
	/root/verichecks-worker/worker-dir/clones/c50d8108f729d4b70aaf418c6e54ffebfd12016a/lib/DataStructures/BtreeModel.i.dfy(1223,8): Verification inconclusive (CheckWellformed$$BtreeModel.__default.ToSeqChildrenDecomposition)
	/root/verichecks-worker/worker-dir/clones/c50d8108f729d4b70aaf418c6e54ffebfd12016a/lib/DataStructures/BtreeModel.i.dfy(1232,8): Verification inconclusive (CheckWellformed$$BtreeModel.__default.ToSeqChildrenAdditive)
	/root/verichecks-worker/worker-dir/clones/c50d8108f729d4b70aaf418c6e54ffebfd12016a/lib/DataStructures/BtreeModel.i.dfy(1232,8): Verification inconclusive (Impl$$BtreeModel.__default.ToSeqChildrenAdditive)
	/root/verichecks-worker/worker-dir/clones/c50d8108f729d4b70aaf418c6e54ffebfd12016a/lib/DataStructures/BtreeModel.i.dfy(1246,8): Verification inconclusive (Impl$$BtreeModel.__default.ToSeqChildrenLength)
	/root/verichecks-worker/worker-dir/clones/c50d8108f729d4b70aaf418c6e54ffebfd12016a/lib/DataStructures/BtreeModel.i.dfy(1258,8): Verification inconclusive (CheckWellformed$$BtreeModel.__default.ToSeqLength)
	/root/verichecks-worker/worker-dir/clones/c50d8108f729d4b70aaf418c6e54ffebfd12016a/lib/DataStructures/BtreeModel.i.dfy(1269,8): Verification inconclusive (CheckWellformed$$BtreeModel.__default.ToSeqInAllKeys)
	/root/verichecks-worker/worker-dir/clones/c50d8108f729d4b70aaf418c6e54ffebfd12016a/lib/DataStructures/BtreeModel.i.dfy(1269,8): Verification inconclusive (Impl$$BtreeModel.__default.ToSeqInAllKeys)
	/root/verichecks-worker/worker-dir/clones/c50d8108f729d4b70aaf418c6e54ffebfd12016a/lib/DataStructures/BtreeModel.i.dfy(1325,8): Verification inconclusive (CheckWellformed$$BtreeModel.__default.ToSeqInInterpretation)
	Prover error: Invalid PING response from the prover: unsat
	
	Prover error: Invalid PING response from the prover: unsat
	
	/root/verichecks-worker/worker-dir/clones/c50d8108f729d4b70aaf418c6e54ffebfd12016a/lib/DataStructures/BtreeModel.i.dfy(1325,8): Verification inconclusive (Impl$$BtreeModel.__default.ToSeqInInterpretation)
	/root/verichecks-worker/worker-dir/clones/c50d8108f729d4b70aaf418c6e54ffebfd12016a/lib/DataStructures/BtreeModel.i.dfy(1368,26): Verification inconclusive (CheckWellformed$$BtreeModel.__default.ToSeqCoversInterpretation)
	Prover error: Invalid PING response from the prover: unsat
	
	/root/verichecks-worker/worker-dir/clones/c50d8108f729d4b70aaf418c6e54ffebfd12016a/lib/DataStructures/BtreeModel.i.dfy(1393,8): Verification inconclusive (CheckWellformed$$BtreeModel.__default.InterpretationNumElements)
	/root/verichecks-worker/worker-dir/clones/c50d8108f729d4b70aaf418c6e54ffebfd12016a/lib/DataStructures/BtreeModel.i.dfy(1393,8): Verification inconclusive (Impl$$BtreeModel.__default.InterpretationNumElements)
	
	Dafny program verifier finished with 72 verified, 0 errors, 28 inconclusives
	Command exited with non-zero status 4
	115.02user 1.86system 0:38.17elapsed 306%CPU (0avgtext+0avgdata 491824maxresident)k
	0inputs+0outputs (0major+330755minor)pagefaults 0swaps

./lib/DataStructures/LinearMutableMap.i.dfy
	/root/verichecks-worker/worker-dir/clones/c50d8108f729d4b70aaf418c6e54ffebfd12016a/lib/DataStructures/LinearMutableMap.i.dfy(175,14): Error: This loop invariant might not be maintained by the loop.
	/root/verichecks-worker/worker-dir/clones/c50d8108f729d4b70aaf418c6e54ffebfd12016a/lib/DataStructures/LinearMutableMapBase.i.dfy(155,8): Related location
	/root/verichecks-worker/worker-dir/clones/c50d8108f729d4b70aaf418c6e54ffebfd12016a/lib/DataStructures/LinearMutableMapBase.i.dfy(156,6): Related location
	/root/verichecks-worker/worker-dir/clones/c50d8108f729d4b70aaf418c6e54ffebfd12016a/lib/DataStructures/LinearMutableMap.i.dfy(175,14): Related message: loop invariant violation
	/root/verichecks-worker/worker-dir/clones/c50d8108f729d4b70aaf418c6e54ffebfd12016a/lib/DataStructures/LinearMutableMapBase.i.dfy(155,8): Related location
	/root/verichecks-worker/worker-dir/clones/c50d8108f729d4b70aaf418c6e54ffebfd12016a/lib/DataStructures/LinearMutableMapBase.i.dfy(156,6): Related location
	Execution trace:
	    (0,0): anon0
	    (0,0): anon40_Else
	    /root/verichecks-worker/worker-dir/clones/c50d8108f729d4b70aaf418c6e54ffebfd12016a/lib/DataStructures/LinearMutableMap.i.dfy(167,5): anon41_LoopHead
	    (0,0): anon41_LoopBody
	    /root/verichecks-worker/worker-dir/clones/c50d8108f729d4b70aaf418c6e54ffebfd12016a/lib/DataStructures/LinearMutableMap.i.dfy(167,5): anon42_Else
	    /root/verichecks-worker/worker-dir/clones/c50d8108f729d4b70aaf418c6e54ffebfd12016a/lib/DataStructures/LinearMutableMap.i.dfy(167,5): anon45_Else
	    (0,0): anon46_Then
	    (0,0): anon47_Then
	    (0,0): anon16
	    (0,0): anon48_Else
	    (0,0): anon51_Else
	    (0,0): anon52_Else
	    (0,0): anon39
	
	Dafny program verifier finished with 81 verified, 1 error
	Command exited with non-zero status 4
	82.29user 1.27system 0:29.18elapsed 286%CPU (0avgtext+0avgdata 388036maxresident)k
	0inputs+0outputs (0major+164688minor)pagefaults 0swaps

./ByteBlockCacheSystem/ByteSystem.i.dfy
	Prover error: Unexpected prover response (getting info about 'unknown' response): (:reason-unknown unknown)
	
	Prover error: Invalid PING response from the prover: unknown
	
	Prover error: Unexpected prover response (getting info about 'unknown' response): (:reason-unknown unknown)
	
	Prover error: Invalid PING response from the prover: unsat
	
	Prover error: Invalid PING response from the prover: unsat
	
	Prover error: Invalid PING response from the prover: unknown
	
	Prover error: Invalid PING response from the prover: unknown
	
	Prover error: Invalid PING response from the prover: unsat
	
	Prover error: Invalid PING response from the prover: unsat
	
	Prover error: Invalid PING response from the prover: unsat
	
	Prover error: Invalid PING response from the prover: unknown
	
	Prover error: Invalid PING response from the prover: unknown
	
	Prover error: Unexpected prover response (getting info about 'unknown' response): (:reason-unknown unknown)
	
	/root/verichecks-worker/worker-dir/clones/c50d8108f729d4b70aaf418c6e54ffebfd12016a/ByteBlockCacheSystem/AsyncDiskModel.s.dfy[ByteSystem](333,8): Verification inconclusive (Impl$$ByteSystem.__default.InitImpliesInv)
	/root/verichecks-worker/worker-dir/clones/c50d8108f729d4b70aaf418c6e54ffebfd12016a/ByteBlockCacheSystem/ByteSystem.i.dfy(64,8): Verification inconclusive (Impl$$ByteSystem.__default.ReqReadStepPreservesInv)
	/root/verichecks-worker/worker-dir/clones/c50d8108f729d4b70aaf418c6e54ffebfd12016a/ByteBlockCacheSystem/ByteSystem.i.dfy(158,8): Verification out of resource (Impl$$ByteSystem.__default.ReqWriteStepPreservesInv)
	/root/verichecks-worker/worker-dir/clones/c50d8108f729d4b70aaf418c6e54ffebfd12016a/ByteBlockCacheSystem/ByteSystem.i.dfy(343,8): Verification inconclusive (Impl$$ByteSystem.__default.ReqWrite2StepPreservesInv)
	/root/verichecks-worker/worker-dir/clones/c50d8108f729d4b70aaf418c6e54ffebfd12016a/ByteBlockCacheSystem/ByteSystem.i.dfy(452,8): Verification inconclusive (CheckWellformed$$ByteSystem.__default.RespReadStepPreservesInv)
	/root/verichecks-worker/worker-dir/clones/c50d8108f729d4b70aaf418c6e54ffebfd12016a/ByteBlockCacheSystem/ByteSystem.i.dfy(452,8): Verification inconclusive (Impl$$ByteSystem.__default.RespReadStepPreservesInv)
	/root/verichecks-worker/worker-dir/clones/c50d8108f729d4b70aaf418c6e54ffebfd12016a/ByteBlockCacheSystem/ByteSystem.i.dfy(484,8): Verification inconclusive (Impl$$ByteSystem.__default.RespWriteStepPreservesInv)
	/root/verichecks-worker/worker-dir/clones/c50d8108f729d4b70aaf418c6e54ffebfd12016a/ByteBlockCacheSystem/ByteSystem.i.dfy(516,8): Verification inconclusive (Impl$$ByteSystem.__default.NoDiskOpStepPreservesInv)
	/root/verichecks-worker/worker-dir/clones/c50d8108f729d4b70aaf418c6e54ffebfd12016a/ByteBlockCacheSystem/ByteSystem.i.dfy(549,8): Verification inconclusive (CheckWellformed$$ByteSystem.__default.MachineStepPreservesInv)
	/root/verichecks-worker/worker-dir/clones/c50d8108f729d4b70aaf418c6e54ffebfd12016a/ByteBlockCacheSystem/ByteSystem.i.dfy(549,8): Verification inconclusive (Impl$$ByteSystem.__default.MachineStepPreservesInv)
	/root/verichecks-worker/worker-dir/clones/c50d8108f729d4b70aaf418c6e54ffebfd12016a/ByteBlockCacheSystem/ByteSystem.i.dfy(592,8): Verification inconclusive (CheckWellformed$$ByteSystem.__default.ProcessWritePreservesInv)
	/root/verichecks-worker/worker-dir/clones/c50d8108f729d4b70aaf418c6e54ffebfd12016a/ByteBlockCacheSystem/ByteSystem.i.dfy(592,8): Verification inconclusive (Impl$$ByteSystem.__default.ProcessWritePreservesInv)
	/root/verichecks-worker/worker-dir/clones/c50d8108f729d4b70aaf418c6e54ffebfd12016a/ByteBlockCacheSystem/ByteSystem.i.dfy(629,8): Verification inconclusive (Impl$$ByteSystem.__default.DiskInternalStepPreservesInv)
	/root/verichecks-worker/worker-dir/clones/c50d8108f729d4b70aaf418c6e54ffebfd12016a/ByteBlockCacheSystem/ByteSystem.i.dfy(643,8): Verification inconclusive (CheckWellformed$$ByteSystem.__default.CrashStepPreservesInv)
	/root/verichecks-worker/worker-dir/clones/c50d8108f729d4b70aaf418c6e54ffebfd12016a/ByteBlockCacheSystem/ByteSystem.i.dfy(668,8): Verification inconclusive (CheckWellformed$$ByteSystem.__default.NextStepPreservesInv)
	/root/verichecks-worker/worker-dir/clones/c50d8108f729d4b70aaf418c6e54ffebfd12016a/ByteBlockCacheSystem/AsyncDiskModel.s.dfy[ByteSystem](337,8): Verification inconclusive (Impl$$ByteSystem.__default.NextPreservesInv)
	
	Dafny program verifier finished with 13 verified, 0 errors, 15 inconclusives
	Command exited with non-zero status 4
	1045.33user 4.55system 13:40.74elapsed 127%CPU (0avgtext+0avgdata 1865664maxresident)k
	0inputs+0outputs (0major+1303342minor)pagefaults 0swaps

./Impl/IOImpl.i.dfy
	/root/verichecks-worker/worker-dir/clones/c50d8108f729d4b70aaf418c6e54ffebfd12016a/Impl/../lib/Base/sequences.i.dfy(587,18): Warning: /!\ No terms found to trigger on.
	/root/verichecks-worker/worker-dir/clones/c50d8108f729d4b70aaf418c6e54ffebfd12016a/Impl/../lib/DataStructures/../Base/Sets.i.dfy(37,4): Warning: /!\ No terms found to trigger on.
	/root/verichecks-worker/worker-dir/clones/c50d8108f729d4b70aaf418c6e54ffebfd12016a/Impl/../lib/Buckets/PackedKV.i.dfy(1059,10): Warning: /!\ No terms found to trigger on.
	/root/verichecks-worker/worker-dir/clones/c50d8108f729d4b70aaf418c6e54ffebfd12016a/Impl/../lib/Buckets/PackedKV.i.dfy(1077,10): Warning: /!\ No terms found to trigger on.
	/root/verichecks-worker/worker-dir/clones/c50d8108f729d4b70aaf418c6e54ffebfd12016a/Impl/../lib/DataStructures/BitmapModel.i.dfy(57,13): Warning: /!\ No terms found to trigger on.
	/root/verichecks-worker/worker-dir/clones/c50d8108f729d4b70aaf418c6e54ffebfd12016a/Impl/../lib/DataStructures/BitmapModel.i.dfy(55,13): Warning: /!\ No terms found to trigger on.
	/root/verichecks-worker/worker-dir/clones/c50d8108f729d4b70aaf418c6e54ffebfd12016a/Impl/IndirectionTable.i.dfy(1793,12): Warning: /!\ No terms found to trigger on.
	/root/verichecks-worker/worker-dir/clones/c50d8108f729d4b70aaf418c6e54ffebfd12016a/Impl/IndirectionTable.i.dfy(1804,16): Warning: /!\ No terms found to trigger on.
	Prover error: Unexpected prover response (getting info about 'unknown' response): (:reason-unknown unknown)
	
	/root/verichecks-worker/worker-dir/clones/c50d8108f729d4b70aaf418c6e54ffebfd12016a/Impl/IOImpl.i.dfy(423,9): Verification inconclusive (Impl$$IOImpl.__default.PageInNodeResp)
	/root/verichecks-worker/worker-dir/clones/c50d8108f729d4b70aaf418c6e54ffebfd12016a/Impl/IOImpl.i.dfy(530,43): Error: assertion violation
	Execution trace:
	    (0,0): anon0
	
	Dafny program verifier finished with 27 verified, 1 error, 1 inconclusive
	Command exited with non-zero status 4
	156.07user 2.91system 1:07.20elapsed 236%CPU (0avgtext+0avgdata 2332104maxresident)k
	0inputs+0outputs (0major+857760minor)pagefaults 0swaps

./Impl/BookkeepingModel.i.dfy
	/root/verichecks-worker/worker-dir/clones/c50d8108f729d4b70aaf418c6e54ffebfd12016a/Impl/../lib/Base/Sets.i.dfy(37,4): Warning: /!\ No terms found to trigger on.
	/root/verichecks-worker/worker-dir/clones/c50d8108f729d4b70aaf418c6e54ffebfd12016a/Impl/../lib/Base/sequences.i.dfy(587,18): Warning: /!\ No terms found to trigger on.
	/root/verichecks-worker/worker-dir/clones/c50d8108f729d4b70aaf418c6e54ffebfd12016a/Impl/../lib/DataStructures/BitmapModel.i.dfy(57,13): Warning: /!\ No terms found to trigger on.
	/root/verichecks-worker/worker-dir/clones/c50d8108f729d4b70aaf418c6e54ffebfd12016a/Impl/../lib/DataStructures/BitmapModel.i.dfy(55,13): Warning: /!\ No terms found to trigger on.
	/root/verichecks-worker/worker-dir/clones/c50d8108f729d4b70aaf418c6e54ffebfd12016a/Impl/IndirectionTable.i.dfy(1793,12): Warning: /!\ No terms found to trigger on.
	/root/verichecks-worker/worker-dir/clones/c50d8108f729d4b70aaf418c6e54ffebfd12016a/Impl/IndirectionTable.i.dfy(1804,16): Warning: /!\ No terms found to trigger on.
	/root/verichecks-worker/worker-dir/clones/c50d8108f729d4b70aaf418c6e54ffebfd12016a/Impl/../ByteBlockCacheSystem/../lib/Buckets/PackedKV.i.dfy(1059,10): Warning: /!\ No terms found to trigger on.
	/root/verichecks-worker/worker-dir/clones/c50d8108f729d4b70aaf418c6e54ffebfd12016a/Impl/../ByteBlockCacheSystem/../lib/Buckets/PackedKV.i.dfy(1077,10): Warning: /!\ No terms found to trigger on.
	/root/verichecks-worker/worker-dir/clones/c50d8108f729d4b70aaf418c6e54ffebfd12016a/Impl/BookkeepingModel.i.dfy(251,8): Verification out of resource (Impl$$BookkeepingModel.__default.allocCorrect)
	Prover error: Unexpected prover response (getting info about 'unknown' response): (:reason-unknown unknown)
	
	/root/verichecks-worker/worker-dir/clones/c50d8108f729d4b70aaf418c6e54ffebfd12016a/Impl/BookkeepingModel.i.dfy(276,8): Verification inconclusive (Impl$$BookkeepingModel.__default.writeCorrect)
	/root/verichecks-worker/worker-dir/clones/c50d8108f729d4b70aaf418c6e54ffebfd12016a/Impl/BookkeepingModel.i.dfy(354,8): Verification inconclusive (CheckWellformed$$BookkeepingModel.__default.getFreeRefDoesntEqual)
	Prover error: Invalid PING response from the prover: unsat
	
	/root/verichecks-worker/worker-dir/clones/c50d8108f729d4b70aaf418c6e54ffebfd12016a/Impl/BookkeepingModel.i.dfy(383,8): Verification inconclusive (CheckWellformed$$BookkeepingModel.__default.getFreeRef2DoesntEqual)
	Prover error: Invalid PING response from the prover: unsat
	
	/root/verichecks-worker/worker-dir/clones/c50d8108f729d4b70aaf418c6e54ffebfd12016a/Impl/BookkeepingModel.i.dfy(397,8): Verification inconclusive (Impl$$BookkeepingModel.__default.allocRefDoesntEqual)
	Prover error: Invalid PING response from the prover: unsat
	
	/root/verichecks-worker/worker-dir/clones/c50d8108f729d4b70aaf418c6e54ffebfd12016a/Impl/BookkeepingModel.i.dfy(425,8): Verification inconclusive (Impl$$BookkeepingModel.__default.lemmaChildrenConditionsSingleOfAllocBookkeeping)
	Prover error: Invalid PING response from the prover: unsat
	
	/root/verichecks-worker/worker-dir/clones/c50d8108f729d4b70aaf418c6e54ffebfd12016a/Impl/BookkeepingModel.i.dfy(453,8): Verification inconclusive (Impl$$BookkeepingModel.__default.lemmaChildrenConditionsPreservedWriteBookkeeping)
	Prover error: Invalid PING response from the prover: unsat
	
	/root/verichecks-worker/worker-dir/clones/c50d8108f729d4b70aaf418c6e54ffebfd12016a/Impl/BookkeepingModel.i.dfy(480,8): Verification inconclusive (Impl$$BookkeepingModel.__default.lemmaRefInGraphOfWriteBookkeeping)
	
	Dafny program verifier finished with 41 verified, 0 errors, 7 inconclusives
	Command exited with non-zero status 4
	206.20user 3.42system 1:11.96elapsed 291%CPU (0avgtext+0avgdata 1889644maxresident)k
	0inputs+0outputs (0major+829650minor)pagefaults 0swaps

./ByteBlockCacheSystem/InterpretationDisk.i.dfy
	Prover error: Unexpected prover response (getting info about 'unknown' response): (:reason-unknown unknown)
	
	/root/verichecks-worker/worker-dir/clones/c50d8108f729d4b70aaf418c6e54ffebfd12016a/ByteBlockCacheSystem/InterpretationDisk.i.dfy(752,8): Verification inconclusive (Impl$$InterpretationDisk.__default.RefinesReqReadOp)
	Prover error: Invalid PING response from the prover: unsat
	
	Prover error: Unexpected prover response (getting info about 'unknown' response): (:reason-unknown unknown)
	
	/root/verichecks-worker/worker-dir/clones/c50d8108f729d4b70aaf418c6e54ffebfd12016a/ByteBlockCacheSystem/InterpretationDisk.i.dfy(892,8): Verification inconclusive (Impl$$InterpretationDisk.__default.RefinesReqWriteOp)
	/root/verichecks-worker/worker-dir/clones/c50d8108f729d4b70aaf418c6e54ffebfd12016a/ByteBlockCacheSystem/InterpretationDisk.i.dfy(1059,8): Verification out of resource (Impl$$InterpretationDisk.__default.RefinesReqWrite2Op)
	Prover error: Unexpected prover response (getting info about 'unknown' response): (:reason-unknown unknown)
	
	/root/verichecks-worker/worker-dir/clones/c50d8108f729d4b70aaf418c6e54ffebfd12016a/ByteBlockCacheSystem/InterpretationDisk.i.dfy(1190,8): Verification inconclusive (Impl$$InterpretationDisk.__default.RefinesRespReadOp)
	/root/verichecks-worker/worker-dir/clones/c50d8108f729d4b70aaf418c6e54ffebfd12016a/ByteBlockCacheSystem/InterpretationDisk.i.dfy(1316,8): Verification inconclusive (CheckWellformed$$InterpretationDisk.__default.RefinesRespWriteOp)
	/root/verichecks-worker/worker-dir/clones/c50d8108f729d4b70aaf418c6e54ffebfd12016a/ByteBlockCacheSystem/InterpretationDisk.i.dfy(1316,8): Verification inconclusive (Impl$$InterpretationDisk.__default.RefinesRespWriteOp)
	Prover error: Invalid PING response from the prover: unsat
	
	Prover error: Invalid PING response from the prover: unsat
	
	Prover error: Invalid PING response from the prover: unsat
	
	Prover error: Invalid PING response from the prover: unsat
	
	Prover error: Invalid PING response from the prover: unknown
	
	/root/verichecks-worker/worker-dir/clones/c50d8108f729d4b70aaf418c6e54ffebfd12016a/ByteBlockCacheSystem/InterpretationDisk.i.dfy(1342,8): Verification inconclusive (CheckWellformed$$InterpretationDisk.__default.RefinesStutterOp)
	/root/verichecks-worker/worker-dir/clones/c50d8108f729d4b70aaf418c6e54ffebfd12016a/ByteBlockCacheSystem/InterpretationDisk.i.dfy(1357,8): Verification inconclusive (Impl$$InterpretationDisk.__default.RefinesProcessRead__Inv)
	/root/verichecks-worker/worker-dir/clones/c50d8108f729d4b70aaf418c6e54ffebfd12016a/ByteBlockCacheSystem/InterpretationDisk.i.dfy(1367,8): Verification inconclusive (Impl$$InterpretationDisk.__default.RefinesProcessRead__Node__1)
	/root/verichecks-worker/worker-dir/clones/c50d8108f729d4b70aaf418c6e54ffebfd12016a/ByteBlockCacheSystem/InterpretationDisk.i.dfy(1382,8): Verification inconclusive (CheckWellformed$$InterpretationDisk.__default.RefinesProcessRead__Node__2)
	Prover error: Invalid PING response from the prover: unsat
	
	Prover error: Unexpected prover response (getting info about 'unknown' response): (:reason-unknown unknown)
	
	/root/verichecks-worker/worker-dir/clones/c50d8108f729d4b70aaf418c6e54ffebfd12016a/ByteBlockCacheSystem/InterpretationDisk.i.dfy(1382,8): Verification inconclusive (Impl$$InterpretationDisk.__default.RefinesProcessRead__Node__2)
	/root/verichecks-worker/worker-dir/clones/c50d8108f729d4b70aaf418c6e54ffebfd12016a/ByteBlockCacheSystem/InterpretationDisk.i.dfy(1400,8): Verification inconclusive (CheckWellformed$$InterpretationDisk.__default.RefinesProcessRead__IndirectionTable__1)
	Prover error: Invalid PING response from the prover: unknown
	
	/root/verichecks-worker/worker-dir/clones/c50d8108f729d4b70aaf418c6e54ffebfd12016a/ByteBlockCacheSystem/InterpretationDisk.i.dfy(1400,8): Verification inconclusive (Impl$$InterpretationDisk.__default.RefinesProcessRead__IndirectionTable__1)
	/root/verichecks-worker/worker-dir/clones/c50d8108f729d4b70aaf418c6e54ffebfd12016a/ByteBlockCacheSystem/InterpretationDisk.i.dfy(1415,8): Verification inconclusive (CheckWellformed$$InterpretationDisk.__default.RefinesProcessRead__IndirectionTable__2)
	/root/verichecks-worker/worker-dir/clones/c50d8108f729d4b70aaf418c6e54ffebfd12016a/ByteBlockCacheSystem/InterpretationDisk.i.dfy(1415,8): Verification inconclusive (Impl$$InterpretationDisk.__default.RefinesProcessRead__IndirectionTable__2)
	Prover error: Invalid PING response from the prover: unknown
	
	/root/verichecks-worker/worker-dir/clones/c50d8108f729d4b70aaf418c6e54ffebfd12016a/ByteBlockCacheSystem/InterpretationDisk.i.dfy(1433,8): Verification inconclusive (CheckWellformed$$InterpretationDisk.__default.RefinesProcessRead__Journal__1)
	/root/verichecks-worker/worker-dir/clones/c50d8108f729d4b70aaf418c6e54ffebfd12016a/ByteBlockCacheSystem/InterpretationDisk.i.dfy(1433,8): Verification inconclusive (Impl$$InterpretationDisk.__default.RefinesProcessRead__Journal__1)
	Prover error: Invalid PING response from the prover: unsat
	
	Prover error: Invalid PING response from the prover: unknown
	
	/root/verichecks-worker/worker-dir/clones/c50d8108f729d4b70aaf418c6e54ffebfd12016a/ByteBlockCacheSystem/InterpretationDisk.i.dfy(1448,8): Verification inconclusive (CheckWellformed$$InterpretationDisk.__default.RefinesProcessRead__Journal__2)
	/root/verichecks-worker/worker-dir/clones/c50d8108f729d4b70aaf418c6e54ffebfd12016a/ByteBlockCacheSystem/InterpretationDisk.i.dfy(1448,8): Verification inconclusive (Impl$$InterpretationDisk.__default.RefinesProcessRead__Journal__2)
	Prover error: Invalid PING response from the prover: unsat
	
	Prover error: Invalid PING response from the prover: unsat
	
	Prover error: Invalid PING response from the prover: unknown
	
	Prover error: Invalid PING response from the prover: unknown
	
	Prover error: Invalid PING response from the prover: unsat
	
	/root/verichecks-worker/worker-dir/clones/c50d8108f729d4b70aaf418c6e54ffebfd12016a/ByteBlockCacheSystem/InterpretationDisk.i.dfy(1466,8): Verification inconclusive (CheckWellformed$$InterpretationDisk.__default.RefinesProcessRead__Superblock__1)
	/root/verichecks-worker/worker-dir/clones/c50d8108f729d4b70aaf418c6e54ffebfd12016a/ByteBlockCacheSystem/InterpretationDisk.i.dfy(1466,8): Verification inconclusive (Impl$$InterpretationDisk.__default.RefinesProcessRead__Superblock__1)
	/root/verichecks-worker/worker-dir/clones/c50d8108f729d4b70aaf418c6e54ffebfd12016a/ByteBlockCacheSystem/InterpretationDisk.i.dfy(1481,8): Verification inconclusive (CheckWellformed$$InterpretationDisk.__default.RefinesProcessRead__Superblock__2)
	/root/verichecks-worker/worker-dir/clones/c50d8108f729d4b70aaf418c6e54ffebfd12016a/ByteBlockCacheSystem/InterpretationDisk.i.dfy(1481,8): Verification inconclusive (Impl$$InterpretationDisk.__default.RefinesProcessRead__Superblock__2)
	/root/verichecks-worker/worker-dir/clones/c50d8108f729d4b70aaf418c6e54ffebfd12016a/ByteBlockCacheSystem/InterpretationDisk.i.dfy(1500,4): Verification inconclusive (CheckWellformed$$InterpretationDisk.__default.RefinesProcessRead)
	Prover error: Invalid PING response from the prover: unsat
	
	Prover error: Invalid PING response from the prover: unsat
	
	Prover error: Invalid PING response from the prover: unsat
	
	Prover error: Invalid PING response from the prover: unsat
	
	Prover error: Invalid PING response from the prover: unknown
	
	/root/verichecks-worker/worker-dir/clones/c50d8108f729d4b70aaf418c6e54ffebfd12016a/ByteBlockCacheSystem/InterpretationDisk.i.dfy(1500,4): Verification inconclusive (Impl$$InterpretationDisk.__default.RefinesProcessRead)
	/root/verichecks-worker/worker-dir/clones/c50d8108f729d4b70aaf418c6e54ffebfd12016a/ByteBlockCacheSystem/InterpretationDisk.i.dfy(1527,8): Verification inconclusive (CheckWellformed$$InterpretationDisk.__default.RefinesProcessWrite)
	Prover error: Invalid PING response from the prover: unknown
	
	/root/verichecks-worker/worker-dir/clones/c50d8108f729d4b70aaf418c6e54ffebfd12016a/ByteBlockCacheSystem/InterpretationDisk.i.dfy(1527,8): Verification inconclusive (Impl$$InterpretationDisk.__default.RefinesProcessWrite)
	/root/verichecks-worker/worker-dir/clones/c50d8108f729d4b70aaf418c6e54ffebfd12016a/ByteBlockCacheSystem/InterpretationDisk.i.dfy(1713,8): Verification inconclusive (Impl$$InterpretationDisk.__default.RefinesHavocConflictingWrites)
	/root/verichecks-worker/worker-dir/clones/c50d8108f729d4b70aaf418c6e54ffebfd12016a/ByteBlockCacheSystem/InterpretationDisk.i.dfy(1720,8): Verification inconclusive (Impl$$InterpretationDisk.__default.RefinesHavocConflictingWriteRead)
	/root/verichecks-worker/worker-dir/clones/c50d8108f729d4b70aaf418c6e54ffebfd12016a/ByteBlockCacheSystem/InterpretationDisk.i.dfy(1727,8): Verification inconclusive (CheckWellformed$$InterpretationDisk.__default.RefinesCrash)
	/root/verichecks-worker/worker-dir/clones/c50d8108f729d4b70aaf418c6e54ffebfd12016a/ByteBlockCacheSystem/InterpretationDisk.i.dfy(1727,8): Verification inconclusive (Impl$$InterpretationDisk.__default.RefinesCrash)
	
	Dafny program verifier finished with 97 verified, 0 errors, 30 inconclusives
	Command exited with non-zero status 4
	457.45user 6.77system 2:39.40elapsed 291%CPU (0avgtext+0avgdata 1580568maxresident)k
	0inputs+0outputs (0major+1447584minor)pagefaults 0swaps

./lib/Marshalling/GenericMarshalling.i.dfy
	/root/verichecks-worker/worker-dir/clones/c50d8108f729d4b70aaf418c6e54ffebfd12016a/lib/Marshalling/../Base/sequences.i.dfy(587,18): Warning: /!\ No terms found to trigger on.
	/root/verichecks-worker/worker-dir/clones/c50d8108f729d4b70aaf418c6e54ffebfd12016a/lib/Marshalling/GenericMarshalling.i.dfy(2044,76): Error: assertion violation
	Execution trace:
	    (0,0): anon0
	    /root/verichecks-worker/worker-dir/clones/c50d8108f729d4b70aaf418c6e54ffebfd12016a/lib/Marshalling/GenericMarshalling.i.dfy(2032,5): anon9_Else
	    (0,0): anon10_Then
	    (0,0): anon5
	
	Dafny program verifier finished with 135 verified, 1 error
	Command exited with non-zero status 4
	71.35user 1.35system 0:24.29elapsed 299%CPU (0avgtext+0avgdata 439748maxresident)k
	0inputs+0outputs (0major+150137minor)pagefaults 0swaps

./lib/Buckets/BucketFlushModel.i.dfy
	/root/verichecks-worker/worker-dir/clones/c50d8108f729d4b70aaf418c6e54ffebfd12016a/lib/Buckets/../Base/sequences.i.dfy(587,18): Warning: /!\ No terms found to trigger on.
	/root/verichecks-worker/worker-dir/clones/c50d8108f729d4b70aaf418c6e54ffebfd12016a/lib/Buckets/../Base/Sets.i.dfy(37,4): Warning: /!\ No terms found to trigger on.
	Prover error: Unexpected prover response (getting info about 'unknown' response): (:reason-unknown unknown)
	
	/root/verichecks-worker/worker-dir/clones/c50d8108f729d4b70aaf418c6e54ffebfd12016a/lib/Buckets/BucketFlushModel.i.dfy(290,8): Verification inconclusive (Impl$$BucketFlushModel.__default.mergeToOneOneChild__eq__topBotAccMerge)
	Prover error: Invalid PING response from the prover: unsat
	
	/root/verichecks-worker/worker-dir/clones/c50d8108f729d4b70aaf418c6e54ffebfd12016a/lib/Buckets/BucketFlushModel.i.dfy(1500,8): Verification inconclusive (CheckWellformed$$BucketFlushModel.__default.mergeToChildrenSlack)
	/root/verichecks-worker/worker-dir/clones/c50d8108f729d4b70aaf418c6e54ffebfd12016a/lib/Buckets/BucketFlushModel.i.dfy(1523,8): Verification inconclusive (Impl$$BucketFlushModel.__default.mergeToChildrenPreservesSorted)
	Prover error: Invalid PING response from the prover: unsat
	
	/root/verichecks-worker/worker-dir/clones/c50d8108f729d4b70aaf418c6e54ffebfd12016a/lib/Buckets/BucketFlushModel.i.dfy(1592,8): Verification inconclusive (CheckWellformed$$BucketFlushModel.__default.partialFlushWeightBound)
	
	Dafny program verifier finished with 48 verified, 0 errors, 4 inconclusives
	Command exited with non-zero status 4
	84.01user 1.36system 0:31.32elapsed 272%CPU (0avgtext+0avgdata 645576maxresident)k
	0inputs+0outputs (0major+280943minor)pagefaults 0swaps

./lib/Buckets/PackedKV.i.dfy
	/root/verichecks-worker/worker-dir/clones/c50d8108f729d4b70aaf418c6e54ffebfd12016a/lib/Buckets/../Base/sequences.i.dfy(587,18): Warning: /!\ No terms found to trigger on.
	/root/verichecks-worker/worker-dir/clones/c50d8108f729d4b70aaf418c6e54ffebfd12016a/lib/Buckets/../Base/Sets.i.dfy(37,4): Warning: /!\ No terms found to trigger on.
	/root/verichecks-worker/worker-dir/clones/c50d8108f729d4b70aaf418c6e54ffebfd12016a/lib/Buckets/PackedKV.i.dfy(1059,10): Warning: /!\ No terms found to trigger on.
	/root/verichecks-worker/worker-dir/clones/c50d8108f729d4b70aaf418c6e54ffebfd12016a/lib/Buckets/PackedKV.i.dfy(1077,10): Warning: /!\ No terms found to trigger on.
	Prover error: Unexpected prover response (getting info about 'unknown' response): (:reason-unknown unknown)
	
	/root/verichecks-worker/worker-dir/clones/c50d8108f729d4b70aaf418c6e54ffebfd12016a/lib/Buckets/PackedKV.i.dfy(724,11): Verification inconclusive (Impl$$DynamicPkv.DynamicPkv.AppendPkv)
	Prover error: Invalid PING response from the prover: unsat
	
	Prover error: Invalid PING response from the prover: unsat
	
	Prover error: Unexpected prover response (getting info about 'unknown' response): (:reason-unknown unknown)
	
	/root/verichecks-worker/worker-dir/clones/c50d8108f729d4b70aaf418c6e54ffebfd12016a/lib/Buckets/PackedKV.i.dfy(845,9): Verification inconclusive (Impl$$DynamicPkv.__default.MergeToOneChild)
	/root/verichecks-worker/worker-dir/clones/c50d8108f729d4b70aaf418c6e54ffebfd12016a/lib/Buckets/PackedKV.i.dfy(1055,8): Verification inconclusive (CheckWellformed$$DynamicPkv.__default.WeightPKVListPopFront)
	/root/verichecks-worker/worker-dir/clones/c50d8108f729d4b70aaf418c6e54ffebfd12016a/lib/Buckets/PackedKV.i.dfy(1073,8): Verification inconclusive (Impl$$DynamicPkv.__default.WeightPKVArrayPushBack)
	/root/verichecks-worker/worker-dir/clones/c50d8108f729d4b70aaf418c6e54ffebfd12016a/lib/Buckets/PackedKV.i.dfy(1091,9): Verification inconclusive (Impl$$DynamicPkv.__default.MergeToChildrenIter)
	Prover error: Invalid PING response from the prover: unknown
	
	/root/verichecks-worker/worker-dir/clones/c50d8108f729d4b70aaf418c6e54ffebfd12016a/lib/Buckets/PackedKV.i.dfy(1227,9): Verification inconclusive (Impl$$DynamicPkv.__default.MergeToChildren)
	
	Dafny program verifier finished with 84 verified, 0 errors, 6 inconclusives
	Command exited with non-zero status 4
	161.07user 2.66system 1:08.43elapsed 239%CPU (0avgtext+0avgdata 812496maxresident)k
	0inputs+0outputs (0major+477134minor)pagefaults 0swaps

./Impl/MarshallingImpl.i.dfy
	/root/verichecks-worker/worker-dir/clones/c50d8108f729d4b70aaf418c6e54ffebfd12016a/Impl/../lib/Base/sequences.i.dfy(587,18): Warning: /!\ No terms found to trigger on.
	/root/verichecks-worker/worker-dir/clones/c50d8108f729d4b70aaf418c6e54ffebfd12016a/Impl/../lib/Buckets/../Base/Sets.i.dfy(37,4): Warning: /!\ No terms found to trigger on.
	/root/verichecks-worker/worker-dir/clones/c50d8108f729d4b70aaf418c6e54ffebfd12016a/Impl/../lib/Buckets/PackedKV.i.dfy(1059,10): Warning: /!\ No terms found to trigger on.
	/root/verichecks-worker/worker-dir/clones/c50d8108f729d4b70aaf418c6e54ffebfd12016a/Impl/../lib/Buckets/PackedKV.i.dfy(1077,10): Warning: /!\ No terms found to trigger on.
	/root/verichecks-worker/worker-dir/clones/c50d8108f729d4b70aaf418c6e54ffebfd12016a/Impl/../lib/DataStructures/BitmapModel.i.dfy(57,13): Warning: /!\ No terms found to trigger on.
	/root/verichecks-worker/worker-dir/clones/c50d8108f729d4b70aaf418c6e54ffebfd12016a/Impl/../lib/DataStructures/BitmapModel.i.dfy(55,13): Warning: /!\ No terms found to trigger on.
	/root/verichecks-worker/worker-dir/clones/c50d8108f729d4b70aaf418c6e54ffebfd12016a/Impl/IndirectionTable.i.dfy(1793,12): Warning: /!\ No terms found to trigger on.
	/root/verichecks-worker/worker-dir/clones/c50d8108f729d4b70aaf418c6e54ffebfd12016a/Impl/IndirectionTable.i.dfy(1804,16): Warning: /!\ No terms found to trigger on.
	Prover error: Unexpected prover response (getting info about 'unknown' response): (:reason-unknown unknown)
	
	/root/verichecks-worker/worker-dir/clones/c50d8108f729d4b70aaf418c6e54ffebfd12016a/Impl/MarshallingImpl.i.dfy(526,27): Verification inconclusive (Impl$$MarshallingImpl.__default.nodeToVal)
	/root/verichecks-worker/worker-dir/clones/c50d8108f729d4b70aaf418c6e54ffebfd12016a/Impl/MarshallingImpl.i.dfy(676,9): Verification inconclusive (CheckWellformed$$MarshallingImpl.__default.ParseCheckedSector)
	Prover error: Invalid PING response from the prover: unsat
	
	/root/verichecks-worker/worker-dir/clones/c50d8108f729d4b70aaf418c6e54ffebfd12016a/Impl/MarshallingImpl.i.dfy(762,9): Verification inconclusive (CheckWellformed$$MarshallingImpl.__default.MarshallCheckedSector)
	
	Dafny program verifier finished with 42 verified, 0 errors, 3 inconclusives
	Command exited with non-zero status 4
	188.66user 2.85system 1:10.42elapsed 271%CPU (0avgtext+0avgdata 1821820maxresident)k
	0inputs+0outputs (0major+704321minor)pagefaults 0swaps

./Betree/BetreeInv.i.dfy
	/root/verichecks-worker/worker-dir/clones/c50d8108f729d4b70aaf418c6e54ffebfd12016a/Betree/../lib/Base/sequences.i.dfy(587,18): Warning: /!\ No terms found to trigger on.
	/root/verichecks-worker/worker-dir/clones/c50d8108f729d4b70aaf418c6e54ffebfd12016a/Betree/BetreeInv.i.dfy(346,8): Verification out of resource (Impl$$BetreeInv.__default.RedirectOnlyPredOfChildIsParent)
	/root/verichecks-worker/worker-dir/clones/c50d8108f729d4b70aaf418c6e54ffebfd12016a/Betree/BetreeInv.i.dfy(376,8): Verification out of resource (Impl$$BetreeInv.__default.RedirectPreservesAcyclic)
	/root/verichecks-worker/worker-dir/clones/c50d8108f729d4b70aaf418c6e54ffebfd12016a/Betree/BetreeInv.i.dfy(562,8): Verification out of resource (Impl$$BetreeInv.__default.FlushPreservesLookups)
	Prover error: Unexpected prover response (getting info about 'unknown' response): (:reason-unknown unknown)
	
	/root/verichecks-worker/worker-dir/clones/c50d8108f729d4b70aaf418c6e54ffebfd12016a/Betree/BetreeInv.i.dfy(654,8): Verification inconclusive (Impl$$BetreeInv.__default.RedirectPreservesLookups)
	Prover error: Invalid PING response from the prover: unsat
	
	Prover error: Unexpected prover response (getting info about 'unknown' response): (:reason-unknown unknown)
	
	/root/verichecks-worker/worker-dir/clones/c50d8108f729d4b70aaf418c6e54ffebfd12016a/Betree/BetreeInv.i.dfy(859,8): Verification inconclusive (Impl$$BetreeInv.__default.GrowStepPreservesInvariant)
	/root/verichecks-worker/worker-dir/clones/c50d8108f729d4b70aaf418c6e54ffebfd12016a/Betree/BetreeInv.i.dfy(957,8): Verification inconclusive (Impl$$BetreeInv.__default.BetreeStepPreservesInvariant)
	/root/verichecks-worker/worker-dir/clones/c50d8108f729d4b70aaf418c6e54ffebfd12016a/Betree/BetreeInv.i.dfy(984,8): Verification inconclusive (Impl$$BetreeInv.__default.NextPreservesInv)
	
	Dafny program verifier finished with 60 verified, 0 errors, 4 inconclusives
	Command exited with non-zero status 4
	183.67user 1.85system 1:04.49elapsed 287%CPU (0avgtext+0avgdata 554144maxresident)k
	0inputs+0outputs (0major+399059minor)pagefaults 0swaps

./Impl/IndirectionTable.i.dfy
	Prover error: Unexpected prover response (getting info about 'unknown' response): (:reason-unknown unknown)
	
	/root/verichecks-worker/worker-dir/clones/c50d8108f729d4b70aaf418c6e54ffebfd12016a/Impl/IndirectionTable.i.dfy(938,24): Verification inconclusive (Impl$$IndirectionTable.IndirectionTable.UpdateAndRemoveLoc)
	/root/verichecks-worker/worker-dir/clones/c50d8108f729d4b70aaf418c6e54ffebfd12016a/Impl/IndirectionTable.i.dfy(1215,21): Verification inconclusive (CheckWellformed$$IndirectionTable.IndirectionTable.ComputeRefCountsInnerLoopInv)
	Prover error: Invalid PING response from the prover: unsat
	
	Prover error: Invalid PING response from the prover: unsat
	
	/root/verichecks-worker/worker-dir/clones/c50d8108f729d4b70aaf418c6e54ffebfd12016a/Impl/IndirectionTable.i.dfy(1287,17): Verification inconclusive (CheckWellformed$$IndirectionTable.IndirectionTable.LemmaPredecessorSetRestrictedPartialAdd1Self)
	/root/verichecks-worker/worker-dir/clones/c50d8108f729d4b70aaf418c6e54ffebfd12016a/Impl/IndirectionTable.i.dfy(1299,17): Verification inconclusive (Impl$$IndirectionTable.IndirectionTable.LemmaPredecessorSetRestrictedPartialAdd1Other)
	Prover error: Invalid PING response from the prover: unsat
	
	Prover error: Invalid PING response from the prover: unsat
	
	Prover error: Invalid PING response from the prover: unsat
	
	Prover error: Invalid PING response from the prover: unsat
	
	Prover error: Invalid PING response from the prover: unsat
	
	/root/verichecks-worker/worker-dir/clones/c50d8108f729d4b70aaf418c6e54ffebfd12016a/Impl/IndirectionTable.i.dfy(1310,18): Verification out of resource (Impl$$IndirectionTable.IndirectionTable.ComputeRefCountsInnerLoop)
	/root/verichecks-worker/worker-dir/clones/c50d8108f729d4b70aaf418c6e54ffebfd12016a/Impl/IndirectionTable.i.dfy(1465,18): Verification inconclusive (CheckWellformed$$IndirectionTable.IndirectionTable.MakeGarbageQueue)
	/root/verichecks-worker/worker-dir/clones/c50d8108f729d4b70aaf418c6e54ffebfd12016a/Impl/IndirectionTable.i.dfy(1496,18): Verification inconclusive (Impl$$IndirectionTable.IndirectionTable.ComputeRefUpperBound)
	/root/verichecks-worker/worker-dir/clones/c50d8108f729d4b70aaf418c6e54ffebfd12016a/Impl/IndirectionTable.i.dfy(1517,18): Verification inconclusive (CheckWellformed$$IndirectionTable.IndirectionTable.ValToIndirectionTable)
	/root/verichecks-worker/worker-dir/clones/c50d8108f729d4b70aaf418c6e54ffebfd12016a/Impl/IndirectionTable.i.dfy(1573,17): Verification inconclusive (CheckWellformed$$IndirectionTable.IndirectionTable.lemma__SeqSum__prefix__array)
	/root/verichecks-worker/worker-dir/clones/c50d8108f729d4b70aaf418c6e54ffebfd12016a/Impl/IndirectionTable.i.dfy(1573,17): Verification inconclusive (Impl$$IndirectionTable.IndirectionTable.lemma__SeqSum__prefix__array)
	Prover error: Invalid PING response from the prover: unsat
	
	/root/verichecks-worker/worker-dir/clones/c50d8108f729d4b70aaf418c6e54ffebfd12016a/Impl/IndirectionTable.i.dfy(1588,17): Verification inconclusive (Impl$$IndirectionTable.IndirectionTable.lemma__SeqSum__empty)
	Prover error: Invalid PING response from the prover: unsat
	
	/root/verichecks-worker/worker-dir/clones/c50d8108f729d4b70aaf418c6e54ffebfd12016a/Impl/IndirectionTable.i.dfy(1618,18): Verification inconclusive (Impl$$IndirectionTable.IndirectionTable.IndirectionTableToVal)
	Prover error: Invalid PING response from the prover: unknown
	
	/root/verichecks-worker/worker-dir/clones/c50d8108f729d4b70aaf418c6e54ffebfd12016a/Impl/IndirectionTable.i.dfy(1818,14): Verification inconclusive (CheckWellformed$$IndirectionTable.IndirectionTable.IsLocAllocIndirectionTablePartial)
	/root/verichecks-worker/worker-dir/clones/c50d8108f729d4b70aaf418c6e54ffebfd12016a/Impl/IndirectionTable.i.dfy(1863,17): Error: assertion violation
	Execution trace:
	    (0,0): anon0
	    /root/verichecks-worker/worker-dir/clones/c50d8108f729d4b70aaf418c6e54ffebfd12016a/Impl/IndirectionTable.i.dfy(1851,7): anon44_LoopHead
	    (0,0): anon44_LoopBody
	    /root/verichecks-worker/worker-dir/clones/c50d8108f729d4b70aaf418c6e54ffebfd12016a/Impl/IndirectionTable.i.dfy(1851,7): anon45_Else
	    /root/verichecks-worker/worker-dir/clones/c50d8108f729d4b70aaf418c6e54ffebfd12016a/Impl/IndirectionTable.i.dfy(1851,7): anon47_Else
	    /root/verichecks-worker/worker-dir/clones/c50d8108f729d4b70aaf418c6e54ffebfd12016a/Impl/IndirectionTable.i.dfy(1863,50): anon48_Else
	    (0,0): anon9
	    (0,0): anon49_Then
	/root/verichecks-worker/worker-dir/clones/c50d8108f729d4b70aaf418c6e54ffebfd12016a/Impl/IndirectionTable.i.dfy(1863,49): Error: assertion violation
	Execution trace:
	    (0,0): anon0
	    /root/verichecks-worker/worker-dir/clones/c50d8108f729d4b70aaf418c6e54ffebfd12016a/Impl/IndirectionTable.i.dfy(1851,7): anon44_LoopHead
	    (0,0): anon44_LoopBody
	    /root/verichecks-worker/worker-dir/clones/c50d8108f729d4b70aaf418c6e54ffebfd12016a/Impl/IndirectionTable.i.dfy(1851,7): anon45_Else
	    /root/verichecks-worker/worker-dir/clones/c50d8108f729d4b70aaf418c6e54ffebfd12016a/Impl/IndirectionTable.i.dfy(1851,7): anon47_Else
	    (0,0): anon48_Then
	    (0,0): anon9
	    (0,0): anon49_Then
	/root/verichecks-worker/worker-dir/clones/c50d8108f729d4b70aaf418c6e54ffebfd12016a/Impl/IndirectionTable.i.dfy(1889,25): Error: assertion violation
	/root/verichecks-worker/worker-dir/clones/c50d8108f729d4b70aaf418c6e54ffebfd12016a/Impl/IndirectionTable.i.dfy(1768,16): Related location
	Execution trace:
	    (0,0): anon0
	    /root/verichecks-worker/worker-dir/clones/c50d8108f729d4b70aaf418c6e54ffebfd12016a/Impl/IndirectionTable.i.dfy(1851,7): anon44_LoopHead
	    (0,0): anon44_LoopBody
	    /root/verichecks-worker/worker-dir/clones/c50d8108f729d4b70aaf418c6e54ffebfd12016a/Impl/IndirectionTable.i.dfy(1851,7): anon45_Else
	    /root/verichecks-worker/worker-dir/clones/c50d8108f729d4b70aaf418c6e54ffebfd12016a/Impl/IndirectionTable.i.dfy(1851,7): anon47_Else
	    (0,0): anon48_Then
	    (0,0): anon9
	    /root/verichecks-worker/worker-dir/clones/c50d8108f729d4b70aaf418c6e54ffebfd12016a/Impl/IndirectionTable.i.dfy(1863,9): anon49_Else
	    (0,0): anon50_Then
	    (0,0): anon51_Then
	    (0,0): anon52_Then
	    (0,0): anon15
	    (0,0): anon53_Then
	    (0,0): anon54_Else
	    (0,0): anon19
	    (0,0): anon55_Else
	    (0,0): anon56_Then
	/root/verichecks-worker/worker-dir/clones/c50d8108f729d4b70aaf418c6e54ffebfd12016a/Impl/IndirectionTable.i.dfy(1889,25): Error: assertion violation
	/root/verichecks-worker/worker-dir/clones/c50d8108f729d4b70aaf418c6e54ffebfd12016a/Impl/IndirectionTable.i.dfy(1769,21): Related location
	Execution trace:
	    (0,0): anon0
	    /root/verichecks-worker/worker-dir/clones/c50d8108f729d4b70aaf418c6e54ffebfd12016a/Impl/IndirectionTable.i.dfy(1851,7): anon44_LoopHead
	    (0,0): anon44_LoopBody
	    /root/verichecks-worker/worker-dir/clones/c50d8108f729d4b70aaf418c6e54ffebfd12016a/Impl/IndirectionTable.i.dfy(1851,7): anon45_Else
	    /root/verichecks-worker/worker-dir/clones/c50d8108f729d4b70aaf418c6e54ffebfd12016a/Impl/IndirectionTable.i.dfy(1851,7): anon47_Else
	    (0,0): anon48_Then
	    (0,0): anon9
	    /root/verichecks-worker/worker-dir/clones/c50d8108f729d4b70aaf418c6e54ffebfd12016a/Impl/IndirectionTable.i.dfy(1863,9): anon49_Else
	    (0,0): anon50_Then
	    (0,0): anon51_Then
	    (0,0): anon52_Then
	    (0,0): anon15
	    (0,0): anon53_Then
	    (0,0): anon54_Else
	    (0,0): anon19
	    (0,0): anon55_Else
	    (0,0): anon56_Then
	/root/verichecks-worker/worker-dir/clones/c50d8108f729d4b70aaf418c6e54ffebfd12016a/Impl/IndirectionTable.i.dfy(1907,66): Error: assertion violation
	Execution trace:
	    (0,0): anon0
	    /root/verichecks-worker/worker-dir/clones/c50d8108f729d4b70aaf418c6e54ffebfd12016a/Impl/IndirectionTable.i.dfy(1851,7): anon44_LoopHead
	    (0,0): anon44_LoopBody
	    /root/verichecks-worker/worker-dir/clones/c50d8108f729d4b70aaf418c6e54ffebfd12016a/Impl/IndirectionTable.i.dfy(1851,7): anon45_Else
	    /root/verichecks-worker/worker-dir/clones/c50d8108f729d4b70aaf418c6e54ffebfd12016a/Impl/IndirectionTable.i.dfy(1851,7): anon47_Else
	    (0,0): anon48_Then
	    (0,0): anon9
	    /root/verichecks-worker/worker-dir/clones/c50d8108f729d4b70aaf418c6e54ffebfd12016a/Impl/IndirectionTable.i.dfy(1863,9): anon49_Else
	    (0,0): anon50_Then
	    (0,0): anon51_Then
	    (0,0): anon52_Then
	    (0,0): anon15
	    (0,0): anon53_Else
	    (0,0): anon57_Then
	    (0,0): anon58_Else
	    (0,0): anon30
	    (0,0): anon59_Else
	    (0,0): anon33
	    (0,0): anon60_Then
	Prover error: Invalid PING response from the prover: unsat
	
	/root/verichecks-worker/worker-dir/clones/c50d8108f729d4b70aaf418c6e54ffebfd12016a/Impl/IndirectionTable.i.dfy(105,12): Verification inconclusive (CheckWellformed$$IndirectionTable.__default.GraphClosedRestrictedPartial)
	Prover error: Invalid PING response from the prover: unsat
	
	/root/verichecks-worker/worker-dir/clones/c50d8108f729d4b70aaf418c6e54ffebfd12016a/Impl/IndirectionTable.i.dfy(130,18): Verification inconclusive (CheckWellformed$$IndirectionTable.__default.MaxSizeUint64)
	
	Dafny program verifier finished with 97 verified, 5 errors, 14 inconclusives
	Command exited with non-zero status 4
	350.62user 5.19system 2:02.88elapsed 289%CPU (0avgtext+0avgdata 1501876maxresident)k
	0inputs+0outputs (0major+861490minor)pagefaults 0swaps

./BlockCacheSystem/BlockSystem.i.dfy
	Prover error: Unexpected prover response (getting info about 'unknown' response): (:reason-unknown unknown)
	
	/root/verichecks-worker/worker-dir/clones/c50d8108f729d4b70aaf418c6e54ffebfd12016a/BlockCacheSystem/BlockSystem.i.dfy(738,8): Verification inconclusive (Impl$$BlockSystem.__default.WriteBackNodeReqStepPreservesGraphs)
	Prover error: Unexpected prover response (getting info about 'unknown' response): (:reason-unknown unknown)
	
	/root/verichecks-worker/worker-dir/clones/c50d8108f729d4b70aaf418c6e54ffebfd12016a/BlockCacheSystem/BlockSystem.i.dfy(768,8): Verification inconclusive (Impl$$BlockSystem.__default.WriteBackNodeReqStepPreservesInv)
	Prover error: Unexpected prover response (getting info about 'unknown' response): (:reason-unknown unknown)
	
	/root/verichecks-worker/worker-dir/clones/c50d8108f729d4b70aaf418c6e54ffebfd12016a/BlockCacheSystem/BlockSystem.i.dfy(804,8): Verification inconclusive (Impl$$BlockSystem.__default.WriteBackNodeRespStepPreservesGraphs)
	/root/verichecks-worker/worker-dir/clones/c50d8108f729d4b70aaf418c6e54ffebfd12016a/BlockCacheSystem/BlockSystem.i.dfy(838,8): Verification inconclusive (Impl$$BlockSystem.__default.WriteBackIndirectionTableReqStepPreservesGraphs)
	Prover error: Invalid PING response from the prover: unsat
	
	Prover error: Invalid PING response from the prover: unsat
	
	/root/verichecks-worker/worker-dir/clones/c50d8108f729d4b70aaf418c6e54ffebfd12016a/BlockCacheSystem/BlockSystem.i.dfy(891,8): Verification inconclusive (Impl$$BlockSystem.__default.WriteBackIndirectionTableReqStepPreservesInv)
	/root/verichecks-worker/worker-dir/clones/c50d8108f729d4b70aaf418c6e54ffebfd12016a/BlockCacheSystem/BlockSystem.i.dfy(917,8): Verification inconclusive (CheckWellformed$$BlockSystem.__default.WriteBackIndirectionTableRespStepPreservesGraphs)
	/root/verichecks-worker/worker-dir/clones/c50d8108f729d4b70aaf418c6e54ffebfd12016a/BlockCacheSystem/BlockSystem.i.dfy(917,8): Verification inconclusive (Impl$$BlockSystem.__default.WriteBackIndirectionTableRespStepPreservesGraphs)
	/root/verichecks-worker/worker-dir/clones/c50d8108f729d4b70aaf418c6e54ffebfd12016a/BlockCacheSystem/BlockSystem.i.dfy(945,8): Verification inconclusive (Impl$$BlockSystem.__default.WriteBackIndirectionTableRespStepPreservesInv)
	Prover error: Invalid PING response from the prover: unsat
	
	Prover error: Invalid PING response from the prover: unknown
	
	/root/verichecks-worker/worker-dir/clones/c50d8108f729d4b70aaf418c6e54ffebfd12016a/BlockCacheSystem/BlockSystem.i.dfy(959,8): Verification inconclusive (Impl$$BlockSystem.__default.DirtyStepUpdatesGraph)
	/root/verichecks-worker/worker-dir/clones/c50d8108f729d4b70aaf418c6e54ffebfd12016a/BlockCacheSystem/BlockSystem.i.dfy(982,8): Verification inconclusive (Impl$$BlockSystem.__default.DirtyStepPreservesInv)
	Prover error: Unexpected prover response (getting info about 'unknown' response): (:reason-unknown unknown)
	
	/root/verichecks-worker/worker-dir/clones/c50d8108f729d4b70aaf418c6e54ffebfd12016a/BlockCacheSystem/BlockSystem.i.dfy(994,8): Verification inconclusive (Impl$$BlockSystem.__default.AllocStepUpdatesGraph)
	Prover error: Invalid PING response from the prover: unsat
	
	Prover error: Invalid PING response from the prover: unsat
	
	Prover error: Invalid PING response from the prover: unknown
	
	/root/verichecks-worker/worker-dir/clones/c50d8108f729d4b70aaf418c6e54ffebfd12016a/BlockCacheSystem/BlockSystem.i.dfy(1016,8): Verification inconclusive (Impl$$BlockSystem.__default.AllocStepPreservesInv)
	Prover error: Invalid PING response from the prover: unknown
	
	/root/verichecks-worker/worker-dir/clones/c50d8108f729d4b70aaf418c6e54ffebfd12016a/BlockCacheSystem/BlockSystem.i.dfy(1028,8): Verification inconclusive (Impl$$BlockSystem.__default.OpPreservesInv)
	Prover error: Invalid PING response from the prover: unsat
	
	Prover error: Invalid PING response from the prover: unknown
	
	/root/verichecks-worker/worker-dir/clones/c50d8108f729d4b70aaf418c6e54ffebfd12016a/BlockCacheSystem/BlockSystem.i.dfy(1040,8): Verification inconclusive (Impl$$BlockSystem.__default.OpTransactionPreservesInv)
	/root/verichecks-worker/worker-dir/clones/c50d8108f729d4b70aaf418c6e54ffebfd12016a/BlockCacheSystem/BlockSystem.i.dfy(1057,8): Verification inconclusive (Impl$$BlockSystem.__default.TransactionStepPreservesInv)
	/root/verichecks-worker/worker-dir/clones/c50d8108f729d4b70aaf418c6e54ffebfd12016a/BlockCacheSystem/BlockSystem.i.dfy(1071,8): Verification inconclusive (CheckWellformed$$BlockSystem.__default.UnallocStepUpdatesGraph)
	/root/verichecks-worker/worker-dir/clones/c50d8108f729d4b70aaf418c6e54ffebfd12016a/BlockCacheSystem/BlockSystem.i.dfy(1071,8): Verification inconclusive (Impl$$BlockSystem.__default.UnallocStepUpdatesGraph)
	Prover error: Invalid PING response from the prover: unsat
	
	Prover error: Invalid PING response from the prover: unsat
	
	Prover error: Invalid PING response from the prover: unknown
	
	/root/verichecks-worker/worker-dir/clones/c50d8108f729d4b70aaf418c6e54ffebfd12016a/BlockCacheSystem/BlockSystem.i.dfy(1094,8): Verification inconclusive (Impl$$BlockSystem.__default.UnallocStepPreservesInv)
	Prover error: Invalid PING response from the prover: unknown
	
	/root/verichecks-worker/worker-dir/clones/c50d8108f729d4b70aaf418c6e54ffebfd12016a/BlockCacheSystem/BlockSystem.i.dfy(1112,8): Verification inconclusive (Impl$$BlockSystem.__default.PageInNodeReqStepPreservesGraphs)
	/root/verichecks-worker/worker-dir/clones/c50d8108f729d4b70aaf418c6e54ffebfd12016a/BlockCacheSystem/BlockSystem.i.dfy(1133,8): Verification inconclusive (Impl$$BlockSystem.__default.PageInNodeReqStepPreservesInv)
	/root/verichecks-worker/worker-dir/clones/c50d8108f729d4b70aaf418c6e54ffebfd12016a/BlockCacheSystem/BlockSystem.i.dfy(1161,8): Verification inconclusive (Impl$$BlockSystem.__default.PageInNodeRespStepPreservesGraphs)
	/root/verichecks-worker/worker-dir/clones/c50d8108f729d4b70aaf418c6e54ffebfd12016a/BlockCacheSystem/BlockSystem.i.dfy(1182,8): Verification inconclusive (Impl$$BlockSystem.__default.PageInNodeRespStepPreservesInv)
	Prover error: Invalid PING response from the prover: unknown
	
	Prover error: Invalid PING response from the prover: unsat
	
	Prover error: Invalid PING response from the prover: unknown
	
	Prover error: Invalid PING response from the prover: unknown
	
	/root/verichecks-worker/worker-dir/clones/c50d8108f729d4b70aaf418c6e54ffebfd12016a/BlockCacheSystem/BlockSystem.i.dfy(1195,8): Verification inconclusive (Impl$$BlockSystem.__default.PageInIndirectionTableReqStepPreservesGraphs)
	/root/verichecks-worker/worker-dir/clones/c50d8108f729d4b70aaf418c6e54ffebfd12016a/BlockCacheSystem/BlockSystem.i.dfy(1212,8): Verification inconclusive (Impl$$BlockSystem.__default.PageInIndirectionTableReqStepPreservesInv)
	/root/verichecks-worker/worker-dir/clones/c50d8108f729d4b70aaf418c6e54ffebfd12016a/BlockCacheSystem/BlockSystem.i.dfy(1225,8): Verification inconclusive (Impl$$BlockSystem.__default.PageInIndirectionTableRespStepPreservesGraphs)
	/root/verichecks-worker/worker-dir/clones/c50d8108f729d4b70aaf418c6e54ffebfd12016a/BlockCacheSystem/BlockSystem.i.dfy(1240,8): Verification inconclusive (Impl$$BlockSystem.__default.PageInIndirectionTableRespStepPreservesInv)
	Prover error: Invalid PING response from the prover: unsat
	
	Prover error: Invalid PING response from the prover: unsat
	
	Prover error: Invalid PING response from the prover: unsat
	
	Prover error: Invalid PING response from the prover: unsat
	
	/root/verichecks-worker/worker-dir/clones/c50d8108f729d4b70aaf418c6e54ffebfd12016a/BlockCacheSystem/BlockSystem.i.dfy(1253,8): Verification inconclusive (CheckWellformed$$BlockSystem.__default.ReceiveLocStepPreservesGraphs)
	/root/verichecks-worker/worker-dir/clones/c50d8108f729d4b70aaf418c6e54ffebfd12016a/BlockCacheSystem/BlockSystem.i.dfy(1253,8): Verification inconclusive (Impl$$BlockSystem.__default.ReceiveLocStepPreservesGraphs)
	/root/verichecks-worker/worker-dir/clones/c50d8108f729d4b70aaf418c6e54ffebfd12016a/BlockCacheSystem/BlockSystem.i.dfy(1282,8): Verification inconclusive (CheckWellformed$$BlockSystem.__default.ReceiveLocStepPreservesInv)
	Prover error: Invalid PING response from the prover: unsat
	
	Prover error: Invalid PING response from the prover: unsat
	
	Prover error: Invalid PING response from the prover: unsat
	
	Prover error: Invalid PING response from the prover: unsat
	
	/root/verichecks-worker/worker-dir/clones/c50d8108f729d4b70aaf418c6e54ffebfd12016a/BlockCacheSystem/BlockSystem.i.dfy(1282,8): Verification inconclusive (Impl$$BlockSystem.__default.ReceiveLocStepPreservesInv)
	/root/verichecks-worker/worker-dir/clones/c50d8108f729d4b70aaf418c6e54ffebfd12016a/BlockCacheSystem/BlockSystem.i.dfy(1296,8): Verification inconclusive (Impl$$BlockSystem.__default.EvictStepPreservesGraphs)
	/root/verichecks-worker/worker-dir/clones/c50d8108f729d4b70aaf418c6e54ffebfd12016a/BlockCacheSystem/BlockSystem.i.dfy(1317,8): Verification inconclusive (Impl$$BlockSystem.__default.EvictStepPreservesInv)
	Prover error: Invalid PING response from the prover: unsat
	
	Prover error: Invalid PING response from the prover: unsat
	
	Prover error: Invalid PING response from the prover: unsat
	
	Prover error: Invalid PING response from the prover: unsat
	
	/root/verichecks-worker/worker-dir/clones/c50d8108f729d4b70aaf418c6e54ffebfd12016a/BlockCacheSystem/BlockSystem.i.dfy(1330,8): Verification inconclusive (Impl$$BlockSystem.__default.FreezeStepPreservesGraphs)
	/root/verichecks-worker/worker-dir/clones/c50d8108f729d4b70aaf418c6e54ffebfd12016a/BlockCacheSystem/BlockSystem.i.dfy(1345,8): Verification inconclusive (Impl$$BlockSystem.__default.FreezeStepPreservesInv)
	/root/verichecks-worker/worker-dir/clones/c50d8108f729d4b70aaf418c6e54ffebfd12016a/BlockCacheSystem/BlockSystem.i.dfy(1358,8): Verification inconclusive (Impl$$BlockSystem.__default.CleanUpStepPreservesGraphs)
	/root/verichecks-worker/worker-dir/clones/c50d8108f729d4b70aaf418c6e54ffebfd12016a/BlockCacheSystem/BlockSystem.i.dfy(1372,8): Verification inconclusive (Impl$$BlockSystem.__default.CleanUpStepPreservesInv)
	/root/verichecks-worker/worker-dir/clones/c50d8108f729d4b70aaf418c6e54ffebfd12016a/BlockCacheSystem/BlockSystem.i.dfy(1386,8): Verification inconclusive (Impl$$BlockSystem.__default.NoOpStepPreservesGraphs)
	/root/verichecks-worker/worker-dir/clones/c50d8108f729d4b70aaf418c6e54ffebfd12016a/BlockCacheSystem/BlockSystem.i.dfy(1407,8): Verification inconclusive (Impl$$BlockSystem.__default.NoOpStepPreservesInv)
	Prover error: Invalid PING response from the prover: unsat
	
	Prover error: Invalid PING response from the prover: unsat
	
	Prover error: Invalid PING response from the prover: unsat
	
	Prover error: Invalid PING response from the prover: unsat
	
	Prover error: Invalid PING response from the prover: unsat
	
	Prover error: Invalid PING response from the prover: unsat
	
	Prover error: Invalid PING response from the prover: unsat
	
	Prover error: Invalid PING response from the prover: unsat
	
	/root/verichecks-worker/worker-dir/clones/c50d8108f729d4b70aaf418c6e54ffebfd12016a/BlockCacheSystem/BlockSystem.i.dfy(1420,8): Verification inconclusive (Impl$$BlockSystem.__default.MachineStepPreservesInv)
	/root/verichecks-worker/worker-dir/clones/c50d8108f729d4b70aaf418c6e54ffebfd12016a/BlockCacheSystem/BlockSystem.i.dfy(1448,8): Verification inconclusive (Impl$$BlockSystem.__default.CrashPreservesGraphs)
	/root/verichecks-worker/worker-dir/clones/c50d8108f729d4b70aaf418c6e54ffebfd12016a/BlockCacheSystem/BlockSystem.i.dfy(1515,8): Verification inconclusive (Impl$$BlockSystem.__default.CrashStepPreservesInv)
	Prover error: Invalid PING response from the prover: unsat
	
	Prover error: Invalid PING response from the prover: unsat
	
	Prover error: Invalid PING response from the prover: unsat
	
	/root/verichecks-worker/worker-dir/clones/c50d8108f729d4b70aaf418c6e54ffebfd12016a/BlockCacheSystem/BlockSystem.i.dfy(1526,8): Verification inconclusive (Impl$$BlockSystem.__default.NextStepPreservesInv)
	/root/verichecks-worker/worker-dir/clones/c50d8108f729d4b70aaf418c6e54ffebfd12016a/BlockCacheSystem/BlockSystem.i.dfy(1537,8): Verification inconclusive (Impl$$BlockSystem.__default.NextPreservesInv)
	/root/verichecks-worker/worker-dir/clones/c50d8108f729d4b70aaf418c6e54ffebfd12016a/BlockCacheSystem/BlockSystem.i.dfy(1557,8): Verification inconclusive (CheckWellformed$$BlockSystem.__default.EphemeralGraphRead)
	Prover error: Invalid PING response from the prover: unsat
	
	Prover error: Invalid PING response from the prover: unsat
	
	Prover error: Invalid PING response from the prover: unsat
	
	Prover error: Invalid PING response from the prover: unsat
	
	Prover error: Invalid PING response from the prover: unsat
	
	Prover error: Invalid PING response from the prover: unsat
	
	Prover error: Invalid PING response from the prover: unsat
	
	Prover error: Invalid PING response from the prover: unsat
	
	Prover error: Invalid PING response from the prover: unsat
	
	Prover error: Invalid PING response from the prover: unsat
	
	Prover error: Invalid PING response from the prover: unsat
	
	Prover error: Invalid PING response from the prover: unknown
	
	/root/verichecks-worker/worker-dir/clones/c50d8108f729d4b70aaf418c6e54ffebfd12016a/BlockCacheSystem/BlockSystem.i.dfy(1557,8): Verification inconclusive (Impl$$BlockSystem.__default.EphemeralGraphRead)
	/root/verichecks-worker/worker-dir/clones/c50d8108f729d4b70aaf418c6e54ffebfd12016a/BlockCacheSystem/BlockSystem.i.dfy(1579,8): Verification inconclusive (CheckWellformed$$BlockSystem.__default.NewRequestReadNodeDoesntOverlap)
	/root/verichecks-worker/worker-dir/clones/c50d8108f729d4b70aaf418c6e54ffebfd12016a/BlockCacheSystem/BlockSystem.i.dfy(1579,8): Verification inconclusive (Impl$$BlockSystem.__default.NewRequestReadNodeDoesntOverlap)
	/root/verichecks-worker/worker-dir/clones/c50d8108f729d4b70aaf418c6e54ffebfd12016a/BlockCacheSystem/BlockSystem.i.dfy(1591,8): Verification inconclusive (CheckWellformed$$BlockSystem.__default.NewRequestReadIndirectionTableDoesntOverlap)
	/root/verichecks-worker/worker-dir/clones/c50d8108f729d4b70aaf418c6e54ffebfd12016a/BlockCacheSystem/BlockSystem.i.dfy(1591,8): Verification inconclusive (Impl$$BlockSystem.__default.NewRequestReadIndirectionTableDoesntOverlap)
	/root/verichecks-worker/worker-dir/clones/c50d8108f729d4b70aaf418c6e54ffebfd12016a/BlockCacheSystem/BlockSystem.i.dfy(1605,8): Verification inconclusive (CheckWellformed$$BlockSystem.__default.NewRequestWriteNodeDoesntOverlap)
	/root/verichecks-worker/worker-dir/clones/c50d8108f729d4b70aaf418c6e54ffebfd12016a/BlockCacheSystem/BlockSystem.i.dfy(1605,8): Verification inconclusive (Impl$$BlockSystem.__default.NewRequestWriteNodeDoesntOverlap)
	/root/verichecks-worker/worker-dir/clones/c50d8108f729d4b70aaf418c6e54ffebfd12016a/BlockCacheSystem/BlockSystem.i.dfy(1617,8): Verification inconclusive (CheckWellformed$$BlockSystem.__default.NewRequestWriteIndirectionTableDoesntOverlap)
	/root/verichecks-worker/worker-dir/clones/c50d8108f729d4b70aaf418c6e54ffebfd12016a/BlockCacheSystem/BlockSystem.i.dfy(1617,8): Verification inconclusive (Impl$$BlockSystem.__default.NewRequestWriteIndirectionTableDoesntOverlap)
	/root/verichecks-worker/worker-dir/clones/c50d8108f729d4b70aaf418c6e54ffebfd12016a/BlockCacheSystem/BlockSystem.i.dfy(1631,8): Verification inconclusive (CheckWellformed$$BlockSystem.__default.NewRequestWriteNodeDoesntOverlapRead)
	/root/verichecks-worker/worker-dir/clones/c50d8108f729d4b70aaf418c6e54ffebfd12016a/BlockCacheSystem/BlockSystem.i.dfy(1631,8): Verification inconclusive (Impl$$BlockSystem.__default.NewRequestWriteNodeDoesntOverlapRead)
	/root/verichecks-worker/worker-dir/clones/c50d8108f729d4b70aaf418c6e54ffebfd12016a/BlockCacheSystem/BlockSystem.i.dfy(1643,8): Verification inconclusive (CheckWellformed$$BlockSystem.__default.NewRequestWriteIndirectionTableDoesntOverlapRead)
	/root/verichecks-worker/worker-dir/clones/c50d8108f729d4b70aaf418c6e54ffebfd12016a/BlockCacheSystem/BlockSystem.i.dfy(1643,8): Verification inconclusive (Impl$$BlockSystem.__default.NewRequestWriteIndirectionTableDoesntOverlapRead)
	/root/verichecks-worker/worker-dir/clones/c50d8108f729d4b70aaf418c6e54ffebfd12016a/BlockCacheSystem/BlockSystem.i.dfy(1652,8): Verification inconclusive (CheckWellformed$$BlockSystem.__default.NewRequestReadNodeIsValid)
	/root/verichecks-worker/worker-dir/clones/c50d8108f729d4b70aaf418c6e54ffebfd12016a/BlockCacheSystem/BlockSystem.i.dfy(1652,8): Verification inconclusive (Impl$$BlockSystem.__default.NewRequestReadNodeIsValid)
	/root/verichecks-worker/worker-dir/clones/c50d8108f729d4b70aaf418c6e54ffebfd12016a/BlockCacheSystem/BlockSystem.i.dfy(1660,8): Verification inconclusive (CheckWellformed$$BlockSystem.__default.NewRequestReadIndirectionTableIsValid)
	/root/verichecks-worker/worker-dir/clones/c50d8108f729d4b70aaf418c6e54ffebfd12016a/BlockCacheSystem/BlockSystem.i.dfy(1660,8): Verification inconclusive (Impl$$BlockSystem.__default.NewRequestReadIndirectionTableIsValid)
	
	Dafny program verifier finished with 67 verified, 0 errors, 61 inconclusives
	Command exited with non-zero status 4
	541.52user 5.86system 3:05.78elapsed 294%CPU (0avgtext+0avgdata 1626016maxresident)k
	0inputs+0outputs (0major+1517810minor)pagefaults 0swaps

