./BlockCacheSystem/BlockSystem.i.dfy
	Prover error: Unexpected prover response (getting info about 'unknown' response): (:reason-unknown unknown)
	
	/root/verichecks-worker/worker-dir/clones/deaed24f61ce8d14df5c5c3e64bd953399b09bf1/BlockCacheSystem/BlockSystem.i.dfy(738,8): Verification inconclusive (Impl$$BlockSystem.__default.WriteBackNodeReqStepPreservesGraphs)
	/root/verichecks-worker/worker-dir/clones/deaed24f61ce8d14df5c5c3e64bd953399b09bf1/BlockCacheSystem/BlockSystem.i.dfy(768,8): Verification out of resource (Impl$$BlockSystem.__default.WriteBackNodeReqStepPreservesInv)
	/root/verichecks-worker/worker-dir/clones/deaed24f61ce8d14df5c5c3e64bd953399b09bf1/BlockCacheSystem/BlockSystem.i.dfy(804,8): Verification out of resource (Impl$$BlockSystem.__default.WriteBackNodeRespStepPreservesGraphs)
	/root/verichecks-worker/worker-dir/clones/deaed24f61ce8d14df5c5c3e64bd953399b09bf1/BlockCacheSystem/BlockSystem.i.dfy(838,8): Verification inconclusive (Impl$$BlockSystem.__default.WriteBackIndirectionTableReqStepPreservesGraphs)
	/root/verichecks-worker/worker-dir/clones/deaed24f61ce8d14df5c5c3e64bd953399b09bf1/BlockCacheSystem/BlockSystem.i.dfy(891,8): Verification out of resource (Impl$$BlockSystem.__default.WriteBackIndirectionTableReqStepPreservesInv)
	Prover error: Invalid PING response from the prover: unknown
	
	/root/verichecks-worker/worker-dir/clones/deaed24f61ce8d14df5c5c3e64bd953399b09bf1/BlockCacheSystem/BlockSystem.i.dfy(917,8): Verification inconclusive (CheckWellformed$$BlockSystem.__default.WriteBackIndirectionTableRespStepPreservesGraphs)
	Prover error: Invalid PING response from the prover: unsat
	
	Prover error: Unexpected prover response (getting info about 'unknown' response): (:reason-unknown unknown)
	
	/root/verichecks-worker/worker-dir/clones/deaed24f61ce8d14df5c5c3e64bd953399b09bf1/BlockCacheSystem/BlockSystem.i.dfy(959,8): Verification inconclusive (Impl$$BlockSystem.__default.DirtyStepUpdatesGraph)
	Prover error: Invalid PING response from the prover: unsat
	
	Prover error: Invalid PING response from the prover: unsat
	
	Prover error: Invalid PING response from the prover: unsat
	
	Prover error: Invalid PING response from the prover: unsat
	
	Prover error: Invalid PING response from the prover: unsat
	
	Prover error: Unexpected prover response (getting info about 'unknown' response): (:reason-unknown unknown)
	
	/root/verichecks-worker/worker-dir/clones/deaed24f61ce8d14df5c5c3e64bd953399b09bf1/BlockCacheSystem/BlockSystem.i.dfy(982,8): Verification inconclusive (Impl$$BlockSystem.__default.DirtyStepPreservesInv)
	/root/verichecks-worker/worker-dir/clones/deaed24f61ce8d14df5c5c3e64bd953399b09bf1/BlockCacheSystem/BlockSystem.i.dfy(994,8): Verification inconclusive (Impl$$BlockSystem.__default.AllocStepUpdatesGraph)
	/root/verichecks-worker/worker-dir/clones/deaed24f61ce8d14df5c5c3e64bd953399b09bf1/BlockCacheSystem/BlockSystem.i.dfy(1028,8): Verification inconclusive (Impl$$BlockSystem.__default.OpPreservesInv)
	/root/verichecks-worker/worker-dir/clones/deaed24f61ce8d14df5c5c3e64bd953399b09bf1/BlockCacheSystem/BlockSystem.i.dfy(1040,8): Verification inconclusive (Impl$$BlockSystem.__default.OpTransactionPreservesInv)
	/root/verichecks-worker/worker-dir/clones/deaed24f61ce8d14df5c5c3e64bd953399b09bf1/BlockCacheSystem/BlockSystem.i.dfy(1057,8): Verification inconclusive (Impl$$BlockSystem.__default.TransactionStepPreservesInv)
	/root/verichecks-worker/worker-dir/clones/deaed24f61ce8d14df5c5c3e64bd953399b09bf1/BlockCacheSystem/BlockSystem.i.dfy(1071,8): Verification inconclusive (CheckWellformed$$BlockSystem.__default.UnallocStepUpdatesGraph)
	/root/verichecks-worker/worker-dir/clones/deaed24f61ce8d14df5c5c3e64bd953399b09bf1/BlockCacheSystem/BlockSystem.i.dfy(1071,8): Verification inconclusive (Impl$$BlockSystem.__default.UnallocStepUpdatesGraph)
	/root/verichecks-worker/worker-dir/clones/deaed24f61ce8d14df5c5c3e64bd953399b09bf1/BlockCacheSystem/BlockSystem.i.dfy(1094,8): Verification inconclusive (Impl$$BlockSystem.__default.UnallocStepPreservesInv)
	Prover error: Invalid PING response from the prover: unknown
	
	/root/verichecks-worker/worker-dir/clones/deaed24f61ce8d14df5c5c3e64bd953399b09bf1/BlockCacheSystem/BlockSystem.i.dfy(1112,8): Verification inconclusive (Impl$$BlockSystem.__default.PageInNodeReqStepPreservesGraphs)
	Prover error: Invalid PING response from the prover: unknown
	
	/root/verichecks-worker/worker-dir/clones/deaed24f61ce8d14df5c5c3e64bd953399b09bf1/BlockCacheSystem/BlockSystem.i.dfy(1133,8): Verification inconclusive (Impl$$BlockSystem.__default.PageInNodeReqStepPreservesInv)
	/root/verichecks-worker/worker-dir/clones/deaed24f61ce8d14df5c5c3e64bd953399b09bf1/BlockCacheSystem/BlockSystem.i.dfy(1161,8): Verification inconclusive (Impl$$BlockSystem.__default.PageInNodeRespStepPreservesGraphs)
	Prover error: Invalid PING response from the prover: unknown
	
	/root/verichecks-worker/worker-dir/clones/deaed24f61ce8d14df5c5c3e64bd953399b09bf1/BlockCacheSystem/BlockSystem.i.dfy(1182,8): Verification inconclusive (Impl$$BlockSystem.__default.PageInNodeRespStepPreservesInv)
	Prover error: Invalid PING response from the prover: unsat
	
	Prover error: Invalid PING response from the prover: unsat
	
	/root/verichecks-worker/worker-dir/clones/deaed24f61ce8d14df5c5c3e64bd953399b09bf1/BlockCacheSystem/BlockSystem.i.dfy(1240,8): Verification inconclusive (Impl$$BlockSystem.__default.PageInIndirectionTableRespStepPreservesInv)
	/root/verichecks-worker/worker-dir/clones/deaed24f61ce8d14df5c5c3e64bd953399b09bf1/BlockCacheSystem/BlockSystem.i.dfy(1253,8): Verification inconclusive (CheckWellformed$$BlockSystem.__default.ReceiveLocStepPreservesGraphs)
	Prover error: Invalid PING response from the prover: unsat
	
	Prover error: Invalid PING response from the prover: unsat
	
	Prover error: Invalid PING response from the prover: unsat
	
	Prover error: Invalid PING response from the prover: unsat
	
	Prover error: Invalid PING response from the prover: unsat
	
	Prover error: Invalid PING response from the prover: unsat
	
	/root/verichecks-worker/worker-dir/clones/deaed24f61ce8d14df5c5c3e64bd953399b09bf1/BlockCacheSystem/BlockSystem.i.dfy(1282,8): Verification inconclusive (CheckWellformed$$BlockSystem.__default.ReceiveLocStepPreservesInv)
	/root/verichecks-worker/worker-dir/clones/deaed24f61ce8d14df5c5c3e64bd953399b09bf1/BlockCacheSystem/BlockSystem.i.dfy(1317,8): Verification inconclusive (Impl$$BlockSystem.__default.EvictStepPreservesInv)
	/root/verichecks-worker/worker-dir/clones/deaed24f61ce8d14df5c5c3e64bd953399b09bf1/BlockCacheSystem/BlockSystem.i.dfy(1330,8): Verification inconclusive (Impl$$BlockSystem.__default.FreezeStepPreservesGraphs)
	/root/verichecks-worker/worker-dir/clones/deaed24f61ce8d14df5c5c3e64bd953399b09bf1/BlockCacheSystem/BlockSystem.i.dfy(1345,8): Verification inconclusive (Impl$$BlockSystem.__default.FreezeStepPreservesInv)
	/root/verichecks-worker/worker-dir/clones/deaed24f61ce8d14df5c5c3e64bd953399b09bf1/BlockCacheSystem/BlockSystem.i.dfy(1358,8): Verification inconclusive (Impl$$BlockSystem.__default.CleanUpStepPreservesGraphs)
	/root/verichecks-worker/worker-dir/clones/deaed24f61ce8d14df5c5c3e64bd953399b09bf1/BlockCacheSystem/BlockSystem.i.dfy(1372,8): Verification inconclusive (Impl$$BlockSystem.__default.CleanUpStepPreservesInv)
	Prover error: Invalid PING response from the prover: unsat
	
	Prover error: Invalid PING response from the prover: unsat
	
	Prover error: Invalid PING response from the prover: unsat
	
	Prover error: Invalid PING response from the prover: unsat
	
	Prover error: Invalid PING response from the prover: unsat
	
	/root/verichecks-worker/worker-dir/clones/deaed24f61ce8d14df5c5c3e64bd953399b09bf1/BlockCacheSystem/BlockSystem.i.dfy(1407,8): Verification inconclusive (Impl$$BlockSystem.__default.NoOpStepPreservesInv)
	/root/verichecks-worker/worker-dir/clones/deaed24f61ce8d14df5c5c3e64bd953399b09bf1/BlockCacheSystem/BlockSystem.i.dfy(1420,8): Verification inconclusive (Impl$$BlockSystem.__default.MachineStepPreservesInv)
	Prover error: Invalid PING response from the prover: unsat
	
	Prover error: Invalid PING response from the prover: unsat
	
	Prover error: Invalid PING response from the prover: unsat
	
	/root/verichecks-worker/worker-dir/clones/deaed24f61ce8d14df5c5c3e64bd953399b09bf1/BlockCacheSystem/BlockSystem.i.dfy(1448,8): Verification inconclusive (Impl$$BlockSystem.__default.CrashPreservesGraphs)
	Prover error: Invalid PING response from the prover: unsat
	
	Prover error: Invalid PING response from the prover: unsat
	
	/root/verichecks-worker/worker-dir/clones/deaed24f61ce8d14df5c5c3e64bd953399b09bf1/BlockCacheSystem/BlockSystem.i.dfy(1515,8): Verification inconclusive (Impl$$BlockSystem.__default.CrashStepPreservesInv)
	/root/verichecks-worker/worker-dir/clones/deaed24f61ce8d14df5c5c3e64bd953399b09bf1/BlockCacheSystem/BlockSystem.i.dfy(1526,8): Verification inconclusive (Impl$$BlockSystem.__default.NextStepPreservesInv)
	/root/verichecks-worker/worker-dir/clones/deaed24f61ce8d14df5c5c3e64bd953399b09bf1/BlockCacheSystem/BlockSystem.i.dfy(1537,8): Verification inconclusive (Impl$$BlockSystem.__default.NextPreservesInv)
	/root/verichecks-worker/worker-dir/clones/deaed24f61ce8d14df5c5c3e64bd953399b09bf1/BlockCacheSystem/BlockSystem.i.dfy(1557,8): Verification inconclusive (CheckWellformed$$BlockSystem.__default.EphemeralGraphRead)
	/root/verichecks-worker/worker-dir/clones/deaed24f61ce8d14df5c5c3e64bd953399b09bf1/BlockCacheSystem/BlockSystem.i.dfy(1557,8): Verification inconclusive (Impl$$BlockSystem.__default.EphemeralGraphRead)
	/root/verichecks-worker/worker-dir/clones/deaed24f61ce8d14df5c5c3e64bd953399b09bf1/BlockCacheSystem/BlockSystem.i.dfy(1579,8): Verification inconclusive (Impl$$BlockSystem.__default.NewRequestReadNodeDoesntOverlap)
	Prover error: Invalid PING response from the prover: unsat
	
	Prover error: Invalid PING response from the prover: unsat
	
	Prover error: Invalid PING response from the prover: unsat
	
	Prover error: Invalid PING response from the prover: unsat
	
	Prover error: Invalid PING response from the prover: unsat
	
	Prover error: Invalid PING response from the prover: unsat
	
	Prover error: Invalid PING response from the prover: unsat
	
	Prover error: Invalid PING response from the prover: unknown
	
	/root/verichecks-worker/worker-dir/clones/deaed24f61ce8d14df5c5c3e64bd953399b09bf1/BlockCacheSystem/BlockSystem.i.dfy(1591,8): Verification inconclusive (Impl$$BlockSystem.__default.NewRequestReadIndirectionTableDoesntOverlap)
	/root/verichecks-worker/worker-dir/clones/deaed24f61ce8d14df5c5c3e64bd953399b09bf1/BlockCacheSystem/BlockSystem.i.dfy(1605,8): Verification inconclusive (CheckWellformed$$BlockSystem.__default.NewRequestWriteNodeDoesntOverlap)
	/root/verichecks-worker/worker-dir/clones/deaed24f61ce8d14df5c5c3e64bd953399b09bf1/BlockCacheSystem/BlockSystem.i.dfy(1617,8): Verification inconclusive (CheckWellformed$$BlockSystem.__default.NewRequestWriteIndirectionTableDoesntOverlap)
	/root/verichecks-worker/worker-dir/clones/deaed24f61ce8d14df5c5c3e64bd953399b09bf1/BlockCacheSystem/BlockSystem.i.dfy(1617,8): Verification inconclusive (Impl$$BlockSystem.__default.NewRequestWriteIndirectionTableDoesntOverlap)
	/root/verichecks-worker/worker-dir/clones/deaed24f61ce8d14df5c5c3e64bd953399b09bf1/BlockCacheSystem/BlockSystem.i.dfy(1631,8): Verification inconclusive (Impl$$BlockSystem.__default.NewRequestWriteNodeDoesntOverlapRead)
	/root/verichecks-worker/worker-dir/clones/deaed24f61ce8d14df5c5c3e64bd953399b09bf1/BlockCacheSystem/BlockSystem.i.dfy(1643,8): Verification inconclusive (CheckWellformed$$BlockSystem.__default.NewRequestWriteIndirectionTableDoesntOverlapRead)
	/root/verichecks-worker/worker-dir/clones/deaed24f61ce8d14df5c5c3e64bd953399b09bf1/BlockCacheSystem/BlockSystem.i.dfy(1652,8): Verification inconclusive (CheckWellformed$$BlockSystem.__default.NewRequestReadNodeIsValid)
	/root/verichecks-worker/worker-dir/clones/deaed24f61ce8d14df5c5c3e64bd953399b09bf1/BlockCacheSystem/BlockSystem.i.dfy(1652,8): Verification inconclusive (Impl$$BlockSystem.__default.NewRequestReadNodeIsValid)
	/root/verichecks-worker/worker-dir/clones/deaed24f61ce8d14df5c5c3e64bd953399b09bf1/BlockCacheSystem/BlockSystem.i.dfy(1660,8): Verification inconclusive (Impl$$BlockSystem.__default.NewRequestReadIndirectionTableIsValid)
	
	Dafny program verifier finished with 83 verified, 0 errors, 42 inconclusives, 3 out of resource
	Command exited with non-zero status 4
	593.79user 6.11system 3:24.40elapsed 293%CPU (0avgtext+0avgdata 1688292maxresident)k
	0inputs+0outputs (0major+1631390minor)pagefaults 0swaps

./ByteBlockCacheSystem/InterpretationDisk.i.dfy
	Prover error: Unexpected prover response (getting info about 'unknown' response): (:reason-unknown unknown)
	
	/root/verichecks-worker/worker-dir/clones/deaed24f61ce8d14df5c5c3e64bd953399b09bf1/ByteBlockCacheSystem/InterpretationDisk.i.dfy(752,8): Verification inconclusive (Impl$$InterpretationDisk.__default.RefinesReqReadOp)
	Prover error: Unexpected prover response (getting info about 'unknown' response): (:reason-unknown unknown)
	
	/root/verichecks-worker/worker-dir/clones/deaed24f61ce8d14df5c5c3e64bd953399b09bf1/ByteBlockCacheSystem/InterpretationDisk.i.dfy(892,8): Verification inconclusive (Impl$$InterpretationDisk.__default.RefinesReqWriteOp)
	/root/verichecks-worker/worker-dir/clones/deaed24f61ce8d14df5c5c3e64bd953399b09bf1/ByteBlockCacheSystem/InterpretationDisk.i.dfy(1059,8): Verification out of resource (Impl$$InterpretationDisk.__default.RefinesReqWrite2Op)
	Prover error: Invalid PING response from the prover: unsat
	
	Prover error: Invalid PING response from the prover: unsat
	
	/root/verichecks-worker/worker-dir/clones/deaed24f61ce8d14df5c5c3e64bd953399b09bf1/ByteBlockCacheSystem/InterpretationDisk.i.dfy(1190,8): Verification out of resource (Impl$$InterpretationDisk.__default.RefinesRespReadOp)
	/root/verichecks-worker/worker-dir/clones/deaed24f61ce8d14df5c5c3e64bd953399b09bf1/ByteBlockCacheSystem/InterpretationDisk.i.dfy(1316,8): Verification inconclusive (CheckWellformed$$InterpretationDisk.__default.RefinesRespWriteOp)
	/root/verichecks-worker/worker-dir/clones/deaed24f61ce8d14df5c5c3e64bd953399b09bf1/ByteBlockCacheSystem/InterpretationDisk.i.dfy(1316,8): Verification inconclusive (Impl$$InterpretationDisk.__default.RefinesRespWriteOp)
	/root/verichecks-worker/worker-dir/clones/deaed24f61ce8d14df5c5c3e64bd953399b09bf1/ByteBlockCacheSystem/InterpretationDisk.i.dfy(1342,8): Verification inconclusive (CheckWellformed$$InterpretationDisk.__default.RefinesStutterOp)
	Prover error: Invalid PING response from the prover: unsat
	
	Prover error: Invalid PING response from the prover: unknown
	
	/root/verichecks-worker/worker-dir/clones/deaed24f61ce8d14df5c5c3e64bd953399b09bf1/ByteBlockCacheSystem/InterpretationDisk.i.dfy(1357,8): Verification inconclusive (Impl$$InterpretationDisk.__default.RefinesProcessRead__Inv)
	/root/verichecks-worker/worker-dir/clones/deaed24f61ce8d14df5c5c3e64bd953399b09bf1/ByteBlockCacheSystem/InterpretationDisk.i.dfy(1367,8): Verification inconclusive (CheckWellformed$$InterpretationDisk.__default.RefinesProcessRead__Node__1)
	/root/verichecks-worker/worker-dir/clones/deaed24f61ce8d14df5c5c3e64bd953399b09bf1/ByteBlockCacheSystem/InterpretationDisk.i.dfy(1367,8): Verification out of resource (Impl$$InterpretationDisk.__default.RefinesProcessRead__Node__1)
	/root/verichecks-worker/worker-dir/clones/deaed24f61ce8d14df5c5c3e64bd953399b09bf1/ByteBlockCacheSystem/InterpretationDisk.i.dfy(1382,8): Verification inconclusive (Impl$$InterpretationDisk.__default.RefinesProcessRead__Node__2)
	Prover error: Invalid PING response from the prover: unsat
	
	Prover error: Invalid PING response from the prover: unsat
	
	Prover error: Invalid PING response from the prover: unknown
	
	/root/verichecks-worker/worker-dir/clones/deaed24f61ce8d14df5c5c3e64bd953399b09bf1/ByteBlockCacheSystem/InterpretationDisk.i.dfy(1400,8): Verification inconclusive (Impl$$InterpretationDisk.__default.RefinesProcessRead__IndirectionTable__1)
	Prover error: Invalid PING response from the prover: unsat
	
	Prover error: Invalid PING response from the prover: unsat
	
	/root/verichecks-worker/worker-dir/clones/deaed24f61ce8d14df5c5c3e64bd953399b09bf1/ByteBlockCacheSystem/InterpretationDisk.i.dfy(1415,8): Verification out of resource (Impl$$InterpretationDisk.__default.RefinesProcessRead__IndirectionTable__2)
	/root/verichecks-worker/worker-dir/clones/deaed24f61ce8d14df5c5c3e64bd953399b09bf1/ByteBlockCacheSystem/InterpretationDisk.i.dfy(1433,8): Verification inconclusive (CheckWellformed$$InterpretationDisk.__default.RefinesProcessRead__Journal__1)
	/root/verichecks-worker/worker-dir/clones/deaed24f61ce8d14df5c5c3e64bd953399b09bf1/ByteBlockCacheSystem/InterpretationDisk.i.dfy(1433,8): Verification out of resource (Impl$$InterpretationDisk.__default.RefinesProcessRead__Journal__1)
	/root/verichecks-worker/worker-dir/clones/deaed24f61ce8d14df5c5c3e64bd953399b09bf1/ByteBlockCacheSystem/InterpretationDisk.i.dfy(1448,8): Verification inconclusive (CheckWellformed$$InterpretationDisk.__default.RefinesProcessRead__Journal__2)
	Prover error: Invalid PING response from the prover: unknown
	
	/root/verichecks-worker/worker-dir/clones/deaed24f61ce8d14df5c5c3e64bd953399b09bf1/ByteBlockCacheSystem/InterpretationDisk.i.dfy(1448,8): Verification inconclusive (Impl$$InterpretationDisk.__default.RefinesProcessRead__Journal__2)
	/root/verichecks-worker/worker-dir/clones/deaed24f61ce8d14df5c5c3e64bd953399b09bf1/ByteBlockCacheSystem/InterpretationDisk.i.dfy(1466,8): Verification inconclusive (CheckWellformed$$InterpretationDisk.__default.RefinesProcessRead__Superblock__1)
	/root/verichecks-worker/worker-dir/clones/deaed24f61ce8d14df5c5c3e64bd953399b09bf1/ByteBlockCacheSystem/InterpretationDisk.i.dfy(1466,8): Verification inconclusive (Impl$$InterpretationDisk.__default.RefinesProcessRead__Superblock__1)
	Prover error: Invalid PING response from the prover: unknown
	
	/root/verichecks-worker/worker-dir/clones/deaed24f61ce8d14df5c5c3e64bd953399b09bf1/ByteBlockCacheSystem/InterpretationDisk.i.dfy(1481,8): Verification inconclusive (CheckWellformed$$InterpretationDisk.__default.RefinesProcessRead__Superblock__2)
	/root/verichecks-worker/worker-dir/clones/deaed24f61ce8d14df5c5c3e64bd953399b09bf1/ByteBlockCacheSystem/InterpretationDisk.i.dfy(1481,8): Verification out of resource (Impl$$InterpretationDisk.__default.RefinesProcessRead__Superblock__2)
	Prover error: Invalid PING response from the prover: unsat
	
	Prover error: Invalid PING response from the prover: unsat
	
	Prover error: Invalid PING response from the prover: unknown
	
	/root/verichecks-worker/worker-dir/clones/deaed24f61ce8d14df5c5c3e64bd953399b09bf1/ByteBlockCacheSystem/InterpretationDisk.i.dfy(1527,8): Verification inconclusive (CheckWellformed$$InterpretationDisk.__default.RefinesProcessWrite)
	Prover error: Unexpected prover response (getting info about 'unknown' response): (:reason-unknown unknown)
	
	/root/verichecks-worker/worker-dir/clones/deaed24f61ce8d14df5c5c3e64bd953399b09bf1/ByteBlockCacheSystem/InterpretationDisk.i.dfy(1527,8): Verification inconclusive (Impl$$InterpretationDisk.__default.RefinesProcessWrite)
	/root/verichecks-worker/worker-dir/clones/deaed24f61ce8d14df5c5c3e64bd953399b09bf1/ByteBlockCacheSystem/InterpretationDisk.i.dfy(1713,8): Verification inconclusive (Impl$$InterpretationDisk.__default.RefinesHavocConflictingWrites)
	/root/verichecks-worker/worker-dir/clones/deaed24f61ce8d14df5c5c3e64bd953399b09bf1/ByteBlockCacheSystem/InterpretationDisk.i.dfy(1727,8): Verification inconclusive (CheckWellformed$$InterpretationDisk.__default.RefinesCrash)
	
	Dafny program verifier finished with 103 verified, 0 errors, 19 inconclusives, 6 out of resource
	Command exited with non-zero status 4
	532.75user 7.86system 3:02.38elapsed 296%CPU (0avgtext+0avgdata 1658196maxresident)k
	0inputs+0outputs (0major+1860889minor)pagefaults 0swaps

./Betree/BetreeInv.i.dfy
	Prover error: Unexpected prover response (getting info about 'unknown' response): (:reason-unknown unknown)
	
	Prover error: Invalid PING response from the prover: unsat
	
	Prover error: Unexpected prover response (getting info about 'unknown' response): (:reason-unknown unknown)
	
	Prover error: Invalid PING response from the prover: unsat
	
	Prover error: Invalid PING response from the prover: unsat
	
	Prover error: Invalid PING response from the prover: unsat
	
	Prover error: Invalid PING response from the prover: unsat
	
	Prover error: Invalid PING response from the prover: unsat
	
	/root/verichecks-worker/worker-dir/clones/deaed24f61ce8d14df5c5c3e64bd953399b09bf1/Betree/BetreeInv.i.dfy(590,8): Verification inconclusive (Impl$$BetreeInv.__default.FlushPreservesLookups)
	/root/verichecks-worker/worker-dir/clones/deaed24f61ce8d14df5c5c3e64bd953399b09bf1/Betree/BetreeInv.i.dfy(682,8): Verification inconclusive (Impl$$BetreeInv.__default.RedirectPreservesLookups)
	/root/verichecks-worker/worker-dir/clones/deaed24f61ce8d14df5c5c3e64bd953399b09bf1/Betree/BetreeInv.i.dfy(851,8): Verification inconclusive (Impl$$BetreeInv.__default.InsertMessagePreservesNonrootLookups)
	/root/verichecks-worker/worker-dir/clones/deaed24f61ce8d14df5c5c3e64bd953399b09bf1/Betree/BetreeInv.i.dfy(866,8): Verification inconclusive (Impl$$BetreeInv.__default.InsertMessageStepPreservesInvariant)
	/root/verichecks-worker/worker-dir/clones/deaed24f61ce8d14df5c5c3e64bd953399b09bf1/Betree/BetreeInv.i.dfy(879,8): Verification inconclusive (Impl$$BetreeInv.__default.FlushStepPreservesInvariant)
	/root/verichecks-worker/worker-dir/clones/deaed24f61ce8d14df5c5c3e64bd953399b09bf1/Betree/BetreeInv.i.dfy(888,8): Verification inconclusive (Impl$$BetreeInv.__default.GrowStepPreservesInvariant)
	/root/verichecks-worker/worker-dir/clones/deaed24f61ce8d14df5c5c3e64bd953399b09bf1/Betree/BetreeInv.i.dfy(898,8): Verification inconclusive (Impl$$BetreeInv.__default.RedirectStepPreservesInvariant)
	Prover error: Invalid PING response from the prover: unsat
	
	/root/verichecks-worker/worker-dir/clones/deaed24f61ce8d14df5c5c3e64bd953399b09bf1/Betree/BetreeInv.i.dfy(921,8): Verification inconclusive (CheckWellformed$$BetreeInv.__default.GCStepPreservesIsPathLookup)
	/root/verichecks-worker/worker-dir/clones/deaed24f61ce8d14df5c5c3e64bd953399b09bf1/Betree/BetreeInv.i.dfy(950,8): Verification inconclusive (Impl$$BetreeInv.__default.GCStepPreservesAcyclicity)
	/root/verichecks-worker/worker-dir/clones/deaed24f61ce8d14df5c5c3e64bd953399b09bf1/Betree/BetreeInv.i.dfy(974,8): Verification inconclusive (Impl$$BetreeInv.__default.GCStepPreservesInvariant)
	/root/verichecks-worker/worker-dir/clones/deaed24f61ce8d14df5c5c3e64bd953399b09bf1/Betree/BetreeInv.i.dfy(1001,8): Verification inconclusive (Impl$$BetreeInv.__default.NextStepPreservesInvariant)
	
	Dafny program verifier finished with 56 verified, 0 errors, 11 inconclusives
	Command exited with non-zero status 4
	185.30user 2.10system 1:07.77elapsed 276%CPU (0avgtext+0avgdata 600760maxresident)k
	0inputs+0outputs (0major+490482minor)pagefaults 0swaps

./Impl/IndirectionTable.i.dfy
	Prover error: Unexpected prover response (getting info about 'unknown' response): (:reason-unknown unknown)
	
	/root/verichecks-worker/worker-dir/clones/deaed24f61ce8d14df5c5c3e64bd953399b09bf1/Impl/IndirectionTable.i.dfy(936,24): Verification inconclusive (Impl$$IndirectionTable.IndirectionTable.UpdateAndRemoveLoc)
	/root/verichecks-worker/worker-dir/clones/deaed24f61ce8d14df5c5c3e64bd953399b09bf1/Impl/IndirectionTable.i.dfy(1285,17): Verification inconclusive (Impl$$IndirectionTable.IndirectionTable.LemmaPredecessorSetRestrictedPartialAdd1Self)
	Prover error: Invalid PING response from the prover: unsat
	
	Prover error: Invalid PING response from the prover: unsat
	
	Prover error: Invalid PING response from the prover: unsat
	
	Prover error: Invalid PING response from the prover: unsat
	
	Prover error: Invalid PING response from the prover: unsat
	
	Prover error: Invalid PING response from the prover: unsat
	
	Prover error: Invalid PING response from the prover: unsat
	
	Prover error: Unexpected prover response (getting info about 'unknown' response): (:reason-unknown unknown)
	
	/root/verichecks-worker/worker-dir/clones/deaed24f61ce8d14df5c5c3e64bd953399b09bf1/Impl/IndirectionTable.i.dfy(1308,18): Verification inconclusive (Impl$$IndirectionTable.IndirectionTable.ComputeRefCountsInnerLoop)
	/root/verichecks-worker/worker-dir/clones/deaed24f61ce8d14df5c5c3e64bd953399b09bf1/Impl/IndirectionTable.i.dfy(1385,18): Verification inconclusive (CheckWellformed$$IndirectionTable.IndirectionTable.ComputeRefCounts)
	/root/verichecks-worker/worker-dir/clones/deaed24f61ce8d14df5c5c3e64bd953399b09bf1/Impl/IndirectionTable.i.dfy(1463,18): Verification inconclusive (Impl$$IndirectionTable.IndirectionTable.MakeGarbageQueue)
	/root/verichecks-worker/worker-dir/clones/deaed24f61ce8d14df5c5c3e64bd953399b09bf1/Impl/IndirectionTable.i.dfy(1515,18): Verification inconclusive (CheckWellformed$$IndirectionTable.IndirectionTable.ValToIndirectionTable)
	/root/verichecks-worker/worker-dir/clones/deaed24f61ce8d14df5c5c3e64bd953399b09bf1/Impl/IndirectionTable.i.dfy(1567,20): Verification inconclusive (CheckWellformed$$IndirectionTable.IndirectionTable.MaxIndirectionTableByteSize)
	/root/verichecks-worker/worker-dir/clones/deaed24f61ce8d14df5c5c3e64bd953399b09bf1/Impl/IndirectionTable.i.dfy(1571,17): Verification inconclusive (Impl$$IndirectionTable.IndirectionTable.lemma__SeqSum__prefix__array)
	/root/verichecks-worker/worker-dir/clones/deaed24f61ce8d14df5c5c3e64bd953399b09bf1/Impl/IndirectionTable.i.dfy(1592,20): Verification inconclusive (CheckWellformed$$IndirectionTable.IndirectionTable.IMapAsIndirectionTable)
	/root/verichecks-worker/worker-dir/clones/deaed24f61ce8d14df5c5c3e64bd953399b09bf1/Impl/IndirectionTable.i.dfy(1611,18): Verification inconclusive (Impl$$IndirectionTable.IndirectionTable.IndirectionTableToVal)
	Prover error: Invalid PING response from the prover: unknown
	
	Prover error: Invalid PING response from the prover: unsat
	
	Prover error: Invalid PING response from the prover: unsat
	
	Prover error: Invalid PING response from the prover: unsat
	
	Prover error: Invalid PING response from the prover: unsat
	
	Prover error: Invalid PING response from the prover: unsat
	
	Prover error: Invalid PING response from the prover: unsat
	
	Prover error: Invalid PING response from the prover: unknown
	
	/root/verichecks-worker/worker-dir/clones/deaed24f61ce8d14df5c5c3e64bd953399b09bf1/Impl/IndirectionTable.i.dfy(1777,18): Verification inconclusive (Impl$$IndirectionTable.IndirectionTable.BitmapInitUpTo)
	/root/verichecks-worker/worker-dir/clones/deaed24f61ce8d14df5c5c3e64bd953399b09bf1/Impl/IndirectionTable.i.dfy(1816,18): Verification inconclusive (Impl$$IndirectionTable.IndirectionTable.InitLocBitmap)
	/root/verichecks-worker/worker-dir/clones/deaed24f61ce8d14df5c5c3e64bd953399b09bf1/Impl/IndirectionTable.i.dfy(1928,18): Verification inconclusive (Impl$$IndirectionTable.IndirectionTable.FindDeallocable)
	/root/verichecks-worker/worker-dir/clones/deaed24f61ce8d14df5c5c3e64bd953399b09bf1/Impl/IndirectionTable.i.dfy(2013,23): Verification inconclusive (CheckWellformed$$IndirectionTable.IndirectionTable.getRefUpperBound)
	/root/verichecks-worker/worker-dir/clones/deaed24f61ce8d14df5c5c3e64bd953399b09bf1/Impl/IndirectionTable.i.dfy(61,11): Verification inconclusive (CheckWellformed$$IndirectionTable.__default.Locs)
	/root/verichecks-worker/worker-dir/clones/deaed24f61ce8d14df5c5c3e64bd953399b09bf1/Impl/IndirectionTable.i.dfy(76,21): Verification inconclusive (CheckWellformed$$IndirectionTable.__default.PredCounts)
	/root/verichecks-worker/worker-dir/clones/deaed24f61ce8d14df5c5c3e64bd953399b09bf1/Impl/IndirectionTable.i.dfy(88,11): Verification inconclusive (CheckWellformed$$IndirectionTable.__default.PredecessorSetRestricted)
	/root/verichecks-worker/worker-dir/clones/deaed24f61ce8d14df5c5c3e64bd953399b09bf1/Impl/IndirectionTable.i.dfy(105,12): Verification inconclusive (CheckWellformed$$IndirectionTable.__default.GraphClosedRestrictedPartial)
	/root/verichecks-worker/worker-dir/clones/deaed24f61ce8d14df5c5c3e64bd953399b09bf1/Impl/IndirectionTable.i.dfy(125,11): Verification inconclusive (CheckWellformed$$IndirectionTable.__default.MaxSize)
	
	Dafny program verifier finished with 94 verified, 0 errors, 19 inconclusives
	Command exited with non-zero status 4
	366.49user 4.91system 2:06.77elapsed 292%CPU (0avgtext+0avgdata 1521892maxresident)k
	0inputs+0outputs (0major+824105minor)pagefaults 0swaps

./lib/DataStructures/KMBtree.i.dfy
	Prover error: line 119862 column 20: Expected values for parameter rlimit is an unsigned integer. It was given argument '-156856704'
	
	Prover error: Prover died
	
	/root/verichecks-worker/worker-dir/clones/deaed24f61ce8d14df5c5c3e64bd953399b09bf1/lib/DataStructures/BtreeModel.i.dfy[KMBtreeModel](348,33): Verification inconclusive (Impl$$KMBtreeModel.__default.SplitLeafInterpretation)
	/root/verichecks-worker/worker-dir/clones/deaed24f61ce8d14df5c5c3e64bd953399b09bf1/lib/DataStructures/BtreeModel.i.dfy[KMBtreeModel](437,8): Verification inconclusive (Impl$$KMBtreeModel.__default.SplitIndexPreservesWF)
	Prover error: Invalid PING response from the prover: unsat
	
	Prover error: Invalid PING response from the prover: unsat
	
	/root/verichecks-worker/worker-dir/clones/deaed24f61ce8d14df5c5c3e64bd953399b09bf1/lib/DataStructures/BtreeModel.i.dfy[KMBtreeModel](526,8): Verification inconclusive (Impl$$KMBtreeModel.__default.SplitNodePreservesWF)
	/root/verichecks-worker/worker-dir/clones/deaed24f61ce8d14df5c5c3e64bd953399b09bf1/lib/DataStructures/BtreeModel.i.dfy[KMBtreeModel](581,8): Verification inconclusive (Impl$$KMBtreeModel.__default.SplitIndexAllKeys)
	Prover error: Invalid PING response from the prover: unsat
	
	/root/verichecks-worker/worker-dir/clones/deaed24f61ce8d14df5c5c3e64bd953399b09bf1/lib/DataStructures/BtreeModel.i.dfy[KMBtreeModel](714,8): Verification inconclusive (Impl$$KMBtreeModel.__default.SplitChildOfIndexPreservesAllKeys)
	Prover error: Invalid PING response from the prover: unsat
	
	/root/verichecks-worker/worker-dir/clones/deaed24f61ce8d14df5c5c3e64bd953399b09bf1/lib/DataStructures/BtreeModel.i.dfy[KMBtreeModel](838,11): Verification inconclusive (CheckWellformed$$KMBtreeModel.__default.InsertLeaf)
	Prover error: Invalid PING response from the prover: unsat
	
	Prover error: Invalid PING response from the prover: unsat
	
	/root/verichecks-worker/worker-dir/clones/deaed24f61ce8d14df5c5c3e64bd953399b09bf1/lib/DataStructures/BtreeModel.i.dfy[KMBtreeModel](965,8): Verification inconclusive (Impl$$KMBtreeModel.__default.GrowPreservesWF)
	/root/verichecks-worker/worker-dir/clones/deaed24f61ce8d14df5c5c3e64bd953399b09bf1/lib/DataStructures/BtreeModel.i.dfy[KMBtreeModel](1009,11): Verification inconclusive (CheckWellformed$$KMBtreeModel.__default.NumElementsOfChildren)
	Prover error: Invalid PING response from the prover: unsat
	
	/root/verichecks-worker/worker-dir/clones/deaed24f61ce8d14df5c5c3e64bd953399b09bf1/lib/DataStructures/BtreeModel.i.dfy[KMBtreeModel](1052,8): Verification inconclusive (Impl$$KMBtreeModel.__default.InterpretationsDisjointUnion)
	Prover error: Invalid PING response from the prover: unsat
	
	/root/verichecks-worker/worker-dir/clones/deaed24f61ce8d14df5c5c3e64bd953399b09bf1/lib/DataStructures/BtreeModel.i.dfy[KMBtreeModel](1171,8): Verification inconclusive (Impl$$KMBtreeModel.__default.NumElementsOfChildrenNotZero)
	Prover error: Invalid PING response from the prover: unsat
	
	/root/verichecks-worker/worker-dir/clones/deaed24f61ce8d14df5c5c3e64bd953399b09bf1/lib/DataStructures/BtreeModel.i.dfy[KMBtreeModel](1246,8): Verification inconclusive (Impl$$KMBtreeModel.__default.ToSeqChildrenLength)
	Prover error: Invalid PING response from the prover: unsat
	
	/root/verichecks-worker/worker-dir/clones/deaed24f61ce8d14df5c5c3e64bd953399b09bf1/lib/DataStructures/BtreeModel.i.dfy[KMBtreeModel](1292,8): Verification inconclusive (Impl$$KMBtreeModel.__default.ToSeqIsStrictlySorted)
	
	Dafny program verifier finished with 111 verified, 0 errors, 12 inconclusives
	Command exited with non-zero status 4
	98.03user 2.04system 0:40.22elapsed 248%CPU (0avgtext+0avgdata 679288maxresident)k
	0inputs+0outputs (0major+334750minor)pagefaults 0swaps

./lib/Buckets/BucketFlushModel.i.dfy
	/root/verichecks-worker/worker-dir/clones/deaed24f61ce8d14df5c5c3e64bd953399b09bf1/lib/Buckets/../Base/sequences.i.dfy(587,18): Warning: /!\ No terms found to trigger on.
	/root/verichecks-worker/worker-dir/clones/deaed24f61ce8d14df5c5c3e64bd953399b09bf1/lib/Buckets/../Base/Sets.i.dfy(37,4): Warning: /!\ No terms found to trigger on.
	Prover error: Unexpected prover response (getting info about 'unknown' response): (:reason-unknown unknown)
	
	/root/verichecks-worker/worker-dir/clones/deaed24f61ce8d14df5c5c3e64bd953399b09bf1/lib/Buckets/BucketFlushModel.i.dfy(290,8): Verification inconclusive (Impl$$BucketFlushModel.__default.mergeToOneOneChild__eq__topBotAccMerge)
	/root/verichecks-worker/worker-dir/clones/deaed24f61ce8d14df5c5c3e64bd953399b09bf1/lib/Buckets/BucketFlushModel.i.dfy(1613,8): Verification inconclusive (CheckWellformed$$BucketFlushModel.__default.partialFlushPreservesSorted)
	
	Dafny program verifier finished with 50 verified, 0 errors, 2 inconclusives
	Command exited with non-zero status 4
	86.07user 1.36system 0:32.13elapsed 272%CPU (0avgtext+0avgdata 613328maxresident)k
	0inputs+0outputs (0major+248215minor)pagefaults 0swaps

./ByteBlockCacheSystem/ByteSystem.i.dfy
	Prover error: Unexpected prover response (getting info about 'unknown' response): (:reason-unknown unknown)
	
	Prover error: Unexpected prover response (getting info about 'unknown' response): (:reason-unknown unknown)
	
	Prover error: Invalid PING response from the prover: unsat
	
	Prover error: Invalid PING response from the prover: unknown
	
	Prover error: Invalid PING response from the prover: unsat
	
	Prover error: Invalid PING response from the prover: unsat
	
	Prover error: Invalid PING response from the prover: unsat
	
	Prover error: Invalid PING response from the prover: unsat
	
	Prover error: Invalid PING response from the prover: unsat
	
	Prover error: Invalid PING response from the prover: unsat
	
	Prover error: Invalid PING response from the prover: unknown
	
	Prover error: Invalid PING response from the prover: unsat
	
	Prover error: Invalid PING response from the prover: unknown
	
	Prover error: Unexpected prover response (getting info about 'unknown' response): (:reason-unknown unknown)
	
	/root/verichecks-worker/worker-dir/clones/deaed24f61ce8d14df5c5c3e64bd953399b09bf1/ByteBlockCacheSystem/AsyncDiskModel.s.dfy[ByteSystem](333,8): Verification inconclusive (Impl$$ByteSystem.__default.InitImpliesInv)
	/root/verichecks-worker/worker-dir/clones/deaed24f61ce8d14df5c5c3e64bd953399b09bf1/ByteBlockCacheSystem/ByteSystem.i.dfy(64,8): Verification out of resource (Impl$$ByteSystem.__default.ReqReadStepPreservesInv)
	/root/verichecks-worker/worker-dir/clones/deaed24f61ce8d14df5c5c3e64bd953399b09bf1/ByteBlockCacheSystem/ByteSystem.i.dfy(158,8): Verification inconclusive (Impl$$ByteSystem.__default.ReqWriteStepPreservesInv)
	/root/verichecks-worker/worker-dir/clones/deaed24f61ce8d14df5c5c3e64bd953399b09bf1/ByteBlockCacheSystem/ByteSystem.i.dfy(343,8): Verification inconclusive (Impl$$ByteSystem.__default.ReqWrite2StepPreservesInv)
	/root/verichecks-worker/worker-dir/clones/deaed24f61ce8d14df5c5c3e64bd953399b09bf1/ByteBlockCacheSystem/ByteSystem.i.dfy(452,8): Verification inconclusive (Impl$$ByteSystem.__default.RespReadStepPreservesInv)
	/root/verichecks-worker/worker-dir/clones/deaed24f61ce8d14df5c5c3e64bd953399b09bf1/ByteBlockCacheSystem/ByteSystem.i.dfy(484,8): Verification inconclusive (Impl$$ByteSystem.__default.RespWriteStepPreservesInv)
	/root/verichecks-worker/worker-dir/clones/deaed24f61ce8d14df5c5c3e64bd953399b09bf1/ByteBlockCacheSystem/ByteSystem.i.dfy(516,8): Verification inconclusive (CheckWellformed$$ByteSystem.__default.NoDiskOpStepPreservesInv)
	/root/verichecks-worker/worker-dir/clones/deaed24f61ce8d14df5c5c3e64bd953399b09bf1/ByteBlockCacheSystem/ByteSystem.i.dfy(549,8): Verification inconclusive (CheckWellformed$$ByteSystem.__default.MachineStepPreservesInv)
	/root/verichecks-worker/worker-dir/clones/deaed24f61ce8d14df5c5c3e64bd953399b09bf1/ByteBlockCacheSystem/ByteSystem.i.dfy(549,8): Verification inconclusive (Impl$$ByteSystem.__default.MachineStepPreservesInv)
	/root/verichecks-worker/worker-dir/clones/deaed24f61ce8d14df5c5c3e64bd953399b09bf1/ByteBlockCacheSystem/ByteSystem.i.dfy(592,8): Verification inconclusive (CheckWellformed$$ByteSystem.__default.ProcessWritePreservesInv)
	/root/verichecks-worker/worker-dir/clones/deaed24f61ce8d14df5c5c3e64bd953399b09bf1/ByteBlockCacheSystem/ByteSystem.i.dfy(629,8): Verification inconclusive (CheckWellformed$$ByteSystem.__default.DiskInternalStepPreservesInv)
	/root/verichecks-worker/worker-dir/clones/deaed24f61ce8d14df5c5c3e64bd953399b09bf1/ByteBlockCacheSystem/ByteSystem.i.dfy(629,8): Verification inconclusive (Impl$$ByteSystem.__default.DiskInternalStepPreservesInv)
	/root/verichecks-worker/worker-dir/clones/deaed24f61ce8d14df5c5c3e64bd953399b09bf1/ByteBlockCacheSystem/ByteSystem.i.dfy(643,8): Verification inconclusive (CheckWellformed$$ByteSystem.__default.CrashStepPreservesInv)
	/root/verichecks-worker/worker-dir/clones/deaed24f61ce8d14df5c5c3e64bd953399b09bf1/ByteBlockCacheSystem/ByteSystem.i.dfy(643,8): Verification inconclusive (Impl$$ByteSystem.__default.CrashStepPreservesInv)
	/root/verichecks-worker/worker-dir/clones/deaed24f61ce8d14df5c5c3e64bd953399b09bf1/ByteBlockCacheSystem/ByteSystem.i.dfy(668,8): Verification inconclusive (CheckWellformed$$ByteSystem.__default.NextStepPreservesInv)
	/root/verichecks-worker/worker-dir/clones/deaed24f61ce8d14df5c5c3e64bd953399b09bf1/ByteBlockCacheSystem/ByteSystem.i.dfy(668,8): Verification inconclusive (Impl$$ByteSystem.__default.NextStepPreservesInv)
	/root/verichecks-worker/worker-dir/clones/deaed24f61ce8d14df5c5c3e64bd953399b09bf1/ByteBlockCacheSystem/AsyncDiskModel.s.dfy[ByteSystem](337,8): Verification inconclusive (Impl$$ByteSystem.__default.NextPreservesInv)
	
	Dafny program verifier finished with 12 verified, 0 errors, 16 inconclusives, 1 out of resource
	Command exited with non-zero status 4
	1204.57user 4.59system 15:34.34elapsed 129%CPU (0avgtext+0avgdata 1856316maxresident)k
	0inputs+0outputs (0major+1314808minor)pagefaults 0swaps

