./lib/DataStructures/KMBtree.i.dfy
	Prover error: line 120034 column 20: Expected values for parameter rlimit is an unsigned integer. It was given argument '-156856704'
	
	Prover error: Prover died
	
	/root/verichecks-worker/worker-dir/clones/3b91975bf7f589755a7e2d606f4aff550b5b0198/lib/DataStructures/BtreeModel.i.dfy[KMBtreeModel](348,33): Verification inconclusive (Impl$$KMBtreeModel.__default.SplitLeafInterpretation)
	/root/verichecks-worker/worker-dir/clones/3b91975bf7f589755a7e2d606f4aff550b5b0198/lib/DataStructures/BtreeModel.i.dfy[KMBtreeModel](447,8): Verification inconclusive (Impl$$KMBtreeModel.__default.SplitIndexInterpretation1)
	Prover error: Invalid PING response from the prover: unsat
	
	/root/verichecks-worker/worker-dir/clones/3b91975bf7f589755a7e2d606f4aff550b5b0198/lib/DataStructures/BtreeModel.i.dfy[KMBtreeModel](539,8): Verification inconclusive (Impl$$KMBtreeModel.__default.SplitNodeInterpretation)
	Prover error: Invalid PING response from the prover: unsat
	
	/root/verichecks-worker/worker-dir/clones/3b91975bf7f589755a7e2d606f4aff550b5b0198/lib/DataStructures/BtreeModel.i.dfy[KMBtreeModel](655,8): Verification inconclusive (Impl$$KMBtreeModel.__default.SplitChildOfIndexPreservesWF)
	Prover error: Invalid PING response from the prover: unsat
	
	/root/verichecks-worker/worker-dir/clones/3b91975bf7f589755a7e2d606f4aff550b5b0198/lib/DataStructures/BtreeModel.i.dfy[KMBtreeModel](827,8): Verification inconclusive (Impl$$KMBtreeModel.__default.SplitChildOfIndexPreservesInterpretation)
	Prover error: Invalid PING response from the prover: unsat
	
	/root/verichecks-worker/worker-dir/clones/3b91975bf7f589755a7e2d606f4aff550b5b0198/lib/DataStructures/BtreeModel.i.dfy[KMBtreeModel](965,8): Verification inconclusive (Impl$$KMBtreeModel.__default.GrowPreservesWF)
	Prover error: Invalid PING response from the prover: unsat
	
	/root/verichecks-worker/worker-dir/clones/3b91975bf7f589755a7e2d606f4aff550b5b0198/lib/DataStructures/BtreeModel.i.dfy[KMBtreeModel](1009,11): Verification inconclusive (CheckWellformed$$KMBtreeModel.__default.NumElementsOfChildren)
	Prover error: Invalid PING response from the prover: unsat
	
	/root/verichecks-worker/worker-dir/clones/3b91975bf7f589755a7e2d606f4aff550b5b0198/lib/DataStructures/BtreeModel.i.dfy[KMBtreeModel](1052,8): Verification inconclusive (Impl$$KMBtreeModel.__default.InterpretationsDisjointUnion)
	Prover error: Invalid PING response from the prover: unsat
	
	/root/verichecks-worker/worker-dir/clones/3b91975bf7f589755a7e2d606f4aff550b5b0198/lib/DataStructures/BtreeModel.i.dfy[KMBtreeModel](1171,8): Verification inconclusive (Impl$$KMBtreeModel.__default.NumElementsOfChildrenNotZero)
	Prover error: Invalid PING response from the prover: unsat
	
	/root/verichecks-worker/worker-dir/clones/3b91975bf7f589755a7e2d606f4aff550b5b0198/lib/DataStructures/BtreeModel.i.dfy[KMBtreeModel](1258,8): Verification inconclusive (Impl$$KMBtreeModel.__default.ToSeqLength)
	Prover error: Invalid PING response from the prover: unsat
	
	/root/verichecks-worker/worker-dir/clones/3b91975bf7f589755a7e2d606f4aff550b5b0198/lib/DataStructures/BtreeModel.i.dfy[KMBtreeModel](1368,26): Verification inconclusive (Impl$$KMBtreeModel.__default.ToSeqCoversInterpretation)
	
	Dafny program verifier finished with 112 verified, 0 errors, 11 inconclusives
	Command exited with non-zero status 4
	97.53user 2.09system 0:39.95elapsed 249%CPU (0avgtext+0avgdata 652608maxresident)k
	0inputs+0outputs (0major+290818minor)pagefaults 0swaps

./ByteBlockCacheSystem/InterpretationDisk.i.dfy
	/root/verichecks-worker/worker-dir/clones/3b91975bf7f589755a7e2d606f4aff550b5b0198/ByteBlockCacheSystem/InterpretationDisk.i.dfy(752,8): Verification out of resource (Impl$$InterpretationDisk.__default.RefinesReqReadOp)
	Prover error: Unexpected prover response (getting info about 'unknown' response): (:reason-unknown unknown)
	
	/root/verichecks-worker/worker-dir/clones/3b91975bf7f589755a7e2d606f4aff550b5b0198/ByteBlockCacheSystem/InterpretationDisk.i.dfy(892,8): Verification inconclusive (Impl$$InterpretationDisk.__default.RefinesReqWriteOp)
	/root/verichecks-worker/worker-dir/clones/3b91975bf7f589755a7e2d606f4aff550b5b0198/ByteBlockCacheSystem/InterpretationDisk.i.dfy(1059,8): Verification out of resource (Impl$$InterpretationDisk.__default.RefinesReqWrite2Op)
	/root/verichecks-worker/worker-dir/clones/3b91975bf7f589755a7e2d606f4aff550b5b0198/ByteBlockCacheSystem/InterpretationDisk.i.dfy(1190,8): Verification out of resource (Impl$$InterpretationDisk.__default.RefinesRespReadOp)
	Prover error: Invalid PING response from the prover: unsat
	
	Prover error: Invalid PING response from the prover: unsat
	
	Prover error: Invalid PING response from the prover: unsat
	
	/root/verichecks-worker/worker-dir/clones/3b91975bf7f589755a7e2d606f4aff550b5b0198/ByteBlockCacheSystem/InterpretationDisk.i.dfy(1316,8): Verification out of resource (Impl$$InterpretationDisk.__default.RefinesRespWriteOp)
	/root/verichecks-worker/worker-dir/clones/3b91975bf7f589755a7e2d606f4aff550b5b0198/ByteBlockCacheSystem/InterpretationDisk.i.dfy(1357,8): Verification inconclusive (Impl$$InterpretationDisk.__default.RefinesProcessRead__Inv)
	/root/verichecks-worker/worker-dir/clones/3b91975bf7f589755a7e2d606f4aff550b5b0198/ByteBlockCacheSystem/InterpretationDisk.i.dfy(1367,8): Verification out of resource (Impl$$InterpretationDisk.__default.RefinesProcessRead__Node__1)
	/root/verichecks-worker/worker-dir/clones/3b91975bf7f589755a7e2d606f4aff550b5b0198/ByteBlockCacheSystem/InterpretationDisk.i.dfy(1382,8): Verification inconclusive (CheckWellformed$$InterpretationDisk.__default.RefinesProcessRead__Node__2)
	Prover error: Unexpected prover response (getting info about 'unknown' response): (:reason-unknown unknown)
	
	/root/verichecks-worker/worker-dir/clones/3b91975bf7f589755a7e2d606f4aff550b5b0198/ByteBlockCacheSystem/InterpretationDisk.i.dfy(1382,8): Verification inconclusive (Impl$$InterpretationDisk.__default.RefinesProcessRead__Node__2)
	/root/verichecks-worker/worker-dir/clones/3b91975bf7f589755a7e2d606f4aff550b5b0198/ByteBlockCacheSystem/InterpretationDisk.i.dfy(1400,8): Verification inconclusive (CheckWellformed$$InterpretationDisk.__default.RefinesProcessRead__IndirectionTable__1)
	/root/verichecks-worker/worker-dir/clones/3b91975bf7f589755a7e2d606f4aff550b5b0198/ByteBlockCacheSystem/InterpretationDisk.i.dfy(1400,8): Verification inconclusive (Impl$$InterpretationDisk.__default.RefinesProcessRead__IndirectionTable__1)
	Prover error: Invalid PING response from the prover: unknown
	
	/root/verichecks-worker/worker-dir/clones/3b91975bf7f589755a7e2d606f4aff550b5b0198/ByteBlockCacheSystem/InterpretationDisk.i.dfy(1415,8): Verification inconclusive (CheckWellformed$$InterpretationDisk.__default.RefinesProcessRead__IndirectionTable__2)
	Prover error: Invalid PING response from the prover: unsat
	
	/root/verichecks-worker/worker-dir/clones/3b91975bf7f589755a7e2d606f4aff550b5b0198/ByteBlockCacheSystem/InterpretationDisk.i.dfy(1415,8): Verification out of resource (Impl$$InterpretationDisk.__default.RefinesProcessRead__IndirectionTable__2)
	/root/verichecks-worker/worker-dir/clones/3b91975bf7f589755a7e2d606f4aff550b5b0198/ByteBlockCacheSystem/InterpretationDisk.i.dfy(1433,8): Verification inconclusive (Impl$$InterpretationDisk.__default.RefinesProcessRead__Journal__1)
	Prover error: Invalid PING response from the prover: unknown
	
	/root/verichecks-worker/worker-dir/clones/3b91975bf7f589755a7e2d606f4aff550b5b0198/ByteBlockCacheSystem/InterpretationDisk.i.dfy(1448,8): Verification inconclusive (Impl$$InterpretationDisk.__default.RefinesProcessRead__Journal__2)
	/root/verichecks-worker/worker-dir/clones/3b91975bf7f589755a7e2d606f4aff550b5b0198/ByteBlockCacheSystem/InterpretationDisk.i.dfy(1466,8): Verification inconclusive (Impl$$InterpretationDisk.__default.RefinesProcessRead__Superblock__1)
	Prover error: Invalid PING response from the prover: unknown
	
	/root/verichecks-worker/worker-dir/clones/3b91975bf7f589755a7e2d606f4aff550b5b0198/ByteBlockCacheSystem/InterpretationDisk.i.dfy(1481,8): Verification inconclusive (Impl$$InterpretationDisk.__default.RefinesProcessRead__Superblock__2)
	Prover error: Unexpected prover response (getting info about 'unknown' response): (:reason-unknown unknown)
	
	/root/verichecks-worker/worker-dir/clones/3b91975bf7f589755a7e2d606f4aff550b5b0198/ByteBlockCacheSystem/InterpretationDisk.i.dfy(1527,8): Verification inconclusive (Impl$$InterpretationDisk.__default.RefinesProcessWrite)
	
	Dafny program verifier finished with 110 verified, 0 errors, 12 inconclusives, 6 out of resource
	Command exited with non-zero status 4
	412.29user 6.62system 3:00.46elapsed 232%CPU (0avgtext+0avgdata 1543640maxresident)k
	0inputs+0outputs (0major+1539848minor)pagefaults 0swaps

./ByteBlockCacheSystem/ByteSystem.i.dfy
	Prover error: Unexpected prover response (getting info about 'unknown' response): (:reason-unknown unknown)
	
	Prover error: Invalid PING response from the prover: unsat
	
	Prover error: Invalid PING response from the prover: unknown
	
	Prover error: Invalid PING response from the prover: unsat
	
	Prover error: Invalid PING response from the prover: unsat
	
	Prover error: Invalid PING response from the prover: unknown
	
	Prover error: Unexpected prover response (getting info about 'unknown' response): (:reason-unknown unknown)
	
	/root/verichecks-worker/worker-dir/clones/3b91975bf7f589755a7e2d606f4aff550b5b0198/ByteBlockCacheSystem/AsyncDiskModel.s.dfy[ByteSystem](333,8): Verification inconclusive (Impl$$ByteSystem.__default.InitImpliesInv)
	/root/verichecks-worker/worker-dir/clones/3b91975bf7f589755a7e2d606f4aff550b5b0198/ByteBlockCacheSystem/ByteSystem.i.dfy(64,8): Verification out of resource (Impl$$ByteSystem.__default.ReqReadStepPreservesInv)
	/root/verichecks-worker/worker-dir/clones/3b91975bf7f589755a7e2d606f4aff550b5b0198/ByteBlockCacheSystem/ByteSystem.i.dfy(158,8): Verification inconclusive (Impl$$ByteSystem.__default.ReqWriteStepPreservesInv)
	/root/verichecks-worker/worker-dir/clones/3b91975bf7f589755a7e2d606f4aff550b5b0198/ByteBlockCacheSystem/ByteSystem.i.dfy(343,8): Verification out of resource (Impl$$ByteSystem.__default.ReqWrite2StepPreservesInv)
	/root/verichecks-worker/worker-dir/clones/3b91975bf7f589755a7e2d606f4aff550b5b0198/ByteBlockCacheSystem/ByteSystem.i.dfy(452,8): Verification out of resource (Impl$$ByteSystem.__default.RespReadStepPreservesInv)
	/root/verichecks-worker/worker-dir/clones/3b91975bf7f589755a7e2d606f4aff550b5b0198/ByteBlockCacheSystem/ByteSystem.i.dfy(484,8): Verification inconclusive (CheckWellformed$$ByteSystem.__default.RespWriteStepPreservesInv)
	/root/verichecks-worker/worker-dir/clones/3b91975bf7f589755a7e2d606f4aff550b5b0198/ByteBlockCacheSystem/ByteSystem.i.dfy(484,8): Verification inconclusive (Impl$$ByteSystem.__default.RespWriteStepPreservesInv)
	/root/verichecks-worker/worker-dir/clones/3b91975bf7f589755a7e2d606f4aff550b5b0198/ByteBlockCacheSystem/ByteSystem.i.dfy(516,8): Verification inconclusive (Impl$$ByteSystem.__default.NoDiskOpStepPreservesInv)
	/root/verichecks-worker/worker-dir/clones/3b91975bf7f589755a7e2d606f4aff550b5b0198/ByteBlockCacheSystem/ByteSystem.i.dfy(629,8): Verification inconclusive (CheckWellformed$$ByteSystem.__default.DiskInternalStepPreservesInv)
	/root/verichecks-worker/worker-dir/clones/3b91975bf7f589755a7e2d606f4aff550b5b0198/ByteBlockCacheSystem/ByteSystem.i.dfy(668,8): Verification inconclusive (CheckWellformed$$ByteSystem.__default.NextStepPreservesInv)
	/root/verichecks-worker/worker-dir/clones/3b91975bf7f589755a7e2d606f4aff550b5b0198/ByteBlockCacheSystem/ByteSystem.i.dfy(668,8): Verification inconclusive (Impl$$ByteSystem.__default.NextStepPreservesInv)
	
	Dafny program verifier finished with 18 verified, 0 errors, 8 inconclusives, 3 out of resource
	Command exited with non-zero status 4
	1104.45user 4.44system 14:03.56elapsed 131%CPU (0avgtext+0avgdata 1833844maxresident)k
	0inputs+0outputs (0major+1295785minor)pagefaults 0swaps

./Impl/IndirectionTable.i.dfy
	Prover error: Unexpected prover response (getting info about 'unknown' response): (:reason-unknown unknown)
	
	/root/verichecks-worker/worker-dir/clones/3b91975bf7f589755a7e2d606f4aff550b5b0198/Impl/IndirectionTable.i.dfy(936,24): Verification inconclusive (Impl$$IndirectionTable.IndirectionTable.UpdateAndRemoveLoc)
	Prover error: Invalid PING response from the prover: unsat
	
	/root/verichecks-worker/worker-dir/clones/3b91975bf7f589755a7e2d606f4aff550b5b0198/Impl/IndirectionTable.i.dfy(1285,17): Verification inconclusive (CheckWellformed$$IndirectionTable.IndirectionTable.LemmaPredecessorSetRestrictedPartialAdd1Self)
	/root/verichecks-worker/worker-dir/clones/3b91975bf7f589755a7e2d606f4aff550b5b0198/Impl/IndirectionTable.i.dfy(1297,17): Verification inconclusive (Impl$$IndirectionTable.IndirectionTable.LemmaPredecessorSetRestrictedPartialAdd1Other)
	Prover error: Invalid PING response from the prover: unsat
	
	Prover error: Invalid PING response from the prover: unsat
	
	Prover error: Invalid PING response from the prover: unsat
	
	Prover error: Invalid PING response from the prover: unsat
	
	Prover error: Invalid PING response from the prover: unsat
	
	Prover error: Invalid PING response from the prover: unsat
	
	Prover error: Invalid PING response from the prover: unsat
	
	/root/verichecks-worker/worker-dir/clones/3b91975bf7f589755a7e2d606f4aff550b5b0198/Impl/IndirectionTable.i.dfy(1308,18): Verification out of resource (Impl$$IndirectionTable.IndirectionTable.ComputeRefCountsInnerLoop)
	/root/verichecks-worker/worker-dir/clones/3b91975bf7f589755a7e2d606f4aff550b5b0198/Impl/IndirectionTable.i.dfy(1463,18): Verification inconclusive (CheckWellformed$$IndirectionTable.IndirectionTable.MakeGarbageQueue)
	/root/verichecks-worker/worker-dir/clones/3b91975bf7f589755a7e2d606f4aff550b5b0198/Impl/IndirectionTable.i.dfy(1494,18): Verification inconclusive (Impl$$IndirectionTable.IndirectionTable.ComputeRefUpperBound)
	/root/verichecks-worker/worker-dir/clones/3b91975bf7f589755a7e2d606f4aff550b5b0198/Impl/IndirectionTable.i.dfy(1515,18): Verification inconclusive (Impl$$IndirectionTable.IndirectionTable.ValToIndirectionTable)
	/root/verichecks-worker/worker-dir/clones/3b91975bf7f589755a7e2d606f4aff550b5b0198/Impl/IndirectionTable.i.dfy(1571,17): Verification inconclusive (Impl$$IndirectionTable.IndirectionTable.lemma__SeqSum__prefix__array)
	/root/verichecks-worker/worker-dir/clones/3b91975bf7f589755a7e2d606f4aff550b5b0198/Impl/IndirectionTable.i.dfy(1611,18): Verification inconclusive (CheckWellformed$$IndirectionTable.IndirectionTable.IndirectionTableToVal)
	Prover error: Invalid PING response from the prover: unsat
	
	Prover error: Invalid PING response from the prover: unsat
	
	Prover error: Invalid PING response from the prover: unsat
	
	Prover error: Invalid PING response from the prover: unsat
	
	Prover error: Invalid PING response from the prover: unsat
	
	Prover error: Invalid PING response from the prover: unsat
	
	/root/verichecks-worker/worker-dir/clones/3b91975bf7f589755a7e2d606f4aff550b5b0198/Impl/IndirectionTable.i.dfy(1611,18): Verification out of resource (Impl$$IndirectionTable.IndirectionTable.IndirectionTableToVal)
	/root/verichecks-worker/worker-dir/clones/3b91975bf7f589755a7e2d606f4aff550b5b0198/Impl/IndirectionTable.i.dfy(1777,18): Verification inconclusive (CheckWellformed$$IndirectionTable.IndirectionTable.BitmapInitUpTo)
	/root/verichecks-worker/worker-dir/clones/3b91975bf7f589755a7e2d606f4aff550b5b0198/Impl/IndirectionTable.i.dfy(1807,14): Verification inconclusive (CheckWellformed$$IndirectionTable.IndirectionTable.IsLocAllocIndirectionTablePartial)
	/root/verichecks-worker/worker-dir/clones/3b91975bf7f589755a7e2d606f4aff550b5b0198/Impl/IndirectionTable.i.dfy(1879,25): Error: assertion violation
	/root/verichecks-worker/worker-dir/clones/3b91975bf7f589755a7e2d606f4aff550b5b0198/Impl/IndirectionTable.i.dfy(1757,16): Related location
	Execution trace:
	    (0,0): anon0
	    /root/verichecks-worker/worker-dir/clones/3b91975bf7f589755a7e2d606f4aff550b5b0198/Impl/IndirectionTable.i.dfy(1840,7): anon44_LoopHead
	    (0,0): anon44_LoopBody
	    /root/verichecks-worker/worker-dir/clones/3b91975bf7f589755a7e2d606f4aff550b5b0198/Impl/IndirectionTable.i.dfy(1840,7): anon45_Else
	    /root/verichecks-worker/worker-dir/clones/3b91975bf7f589755a7e2d606f4aff550b5b0198/Impl/IndirectionTable.i.dfy(1840,7): anon47_Else
	    (0,0): anon48_Then
	    (0,0): anon9
	    /root/verichecks-worker/worker-dir/clones/3b91975bf7f589755a7e2d606f4aff550b5b0198/Impl/IndirectionTable.i.dfy(1852,9): anon49_Else
	    (0,0): anon50_Then
	    (0,0): anon51_Then
	    (0,0): anon52_Then
	    (0,0): anon15
	    (0,0): anon53_Then
	    (0,0): anon54_Else
	    (0,0): anon19
	    (0,0): anon55_Else
	    (0,0): anon56_Then
	/root/verichecks-worker/worker-dir/clones/3b91975bf7f589755a7e2d606f4aff550b5b0198/Impl/IndirectionTable.i.dfy(1879,25): Error: assertion violation
	/root/verichecks-worker/worker-dir/clones/3b91975bf7f589755a7e2d606f4aff550b5b0198/Impl/IndirectionTable.i.dfy(1758,21): Related location
	Execution trace:
	    (0,0): anon0
	    /root/verichecks-worker/worker-dir/clones/3b91975bf7f589755a7e2d606f4aff550b5b0198/Impl/IndirectionTable.i.dfy(1840,7): anon44_LoopHead
	    (0,0): anon44_LoopBody
	    /root/verichecks-worker/worker-dir/clones/3b91975bf7f589755a7e2d606f4aff550b5b0198/Impl/IndirectionTable.i.dfy(1840,7): anon45_Else
	    /root/verichecks-worker/worker-dir/clones/3b91975bf7f589755a7e2d606f4aff550b5b0198/Impl/IndirectionTable.i.dfy(1840,7): anon47_Else
	    (0,0): anon48_Then
	    (0,0): anon9
	    /root/verichecks-worker/worker-dir/clones/3b91975bf7f589755a7e2d606f4aff550b5b0198/Impl/IndirectionTable.i.dfy(1852,9): anon49_Else
	    (0,0): anon50_Then
	    (0,0): anon51_Then
	    (0,0): anon52_Then
	    (0,0): anon15
	    (0,0): anon53_Then
	    (0,0): anon54_Else
	    (0,0): anon19
	    (0,0): anon55_Else
	    (0,0): anon56_Then
	/root/verichecks-worker/worker-dir/clones/3b91975bf7f589755a7e2d606f4aff550b5b0198/Impl/IndirectionTable.i.dfy(1897,66): Error: assertion violation
	Execution trace:
	    (0,0): anon0
	    /root/verichecks-worker/worker-dir/clones/3b91975bf7f589755a7e2d606f4aff550b5b0198/Impl/IndirectionTable.i.dfy(1840,7): anon44_LoopHead
	    (0,0): anon44_LoopBody
	    /root/verichecks-worker/worker-dir/clones/3b91975bf7f589755a7e2d606f4aff550b5b0198/Impl/IndirectionTable.i.dfy(1840,7): anon45_Else
	    /root/verichecks-worker/worker-dir/clones/3b91975bf7f589755a7e2d606f4aff550b5b0198/Impl/IndirectionTable.i.dfy(1840,7): anon47_Else
	    (0,0): anon48_Then
	    (0,0): anon9
	    /root/verichecks-worker/worker-dir/clones/3b91975bf7f589755a7e2d606f4aff550b5b0198/Impl/IndirectionTable.i.dfy(1852,9): anon49_Else
	    (0,0): anon50_Then
	    (0,0): anon51_Then
	    (0,0): anon52_Then
	    (0,0): anon15
	    (0,0): anon53_Else
	    (0,0): anon57_Then
	    (0,0): anon58_Else
	    (0,0): anon30
	    (0,0): anon59_Else
	    (0,0): anon33
	    (0,0): anon60_Then
	/root/verichecks-worker/worker-dir/clones/3b91975bf7f589755a7e2d606f4aff550b5b0198/Impl/IndirectionTable.i.dfy(1915,18): Error: assertion violation
	/root/verichecks-worker/worker-dir/clones/3b91975bf7f589755a7e2d606f4aff550b5b0198/Impl/../BlockCacheSystem/BlockCache.i.dfy(589,4): Related location
	/root/verichecks-worker/worker-dir/clones/3b91975bf7f589755a7e2d606f4aff550b5b0198/Impl/../BlockCacheSystem/BlockCache.i.dfy(590,8): Related location
	Execution trace:
	    (0,0): anon0
	    /root/verichecks-worker/worker-dir/clones/3b91975bf7f589755a7e2d606f4aff550b5b0198/Impl/IndirectionTable.i.dfy(1840,7): anon44_LoopHead
	    (0,0): anon44_LoopBody
	    /root/verichecks-worker/worker-dir/clones/3b91975bf7f589755a7e2d606f4aff550b5b0198/Impl/IndirectionTable.i.dfy(1840,7): anon45_Else
	    (0,0): anon47_Then
	    (0,0): after_0
	    (0,0): anon61_Then
	/root/verichecks-worker/worker-dir/clones/3b91975bf7f589755a7e2d606f4aff550b5b0198/Impl/IndirectionTable.i.dfy(1921,14): Verification inconclusive (CheckWellformed$$IndirectionTable.IndirectionTable.deallocable)
	/root/verichecks-worker/worker-dir/clones/3b91975bf7f589755a7e2d606f4aff550b5b0198/Impl/IndirectionTable.i.dfy(1928,18): Verification inconclusive (Impl$$IndirectionTable.IndirectionTable.FindDeallocable)
	/root/verichecks-worker/worker-dir/clones/3b91975bf7f589755a7e2d606f4aff550b5b0198/Impl/IndirectionTable.i.dfy(1971,24): Verification inconclusive (Impl$$IndirectionTable.IndirectionTable.FindRefWithNoLoc)
	/root/verichecks-worker/worker-dir/clones/3b91975bf7f589755a7e2d606f4aff550b5b0198/Impl/IndirectionTable.i.dfy(2021,18): Verification inconclusive (Impl$$IndirectionTable.IndirectionTable.GetRefUpperBound)
	/root/verichecks-worker/worker-dir/clones/3b91975bf7f589755a7e2d606f4aff550b5b0198/Impl/IndirectionTable.i.dfy(71,11): Verification inconclusive (CheckWellformed$$IndirectionTable.__default.Graph)
	/root/verichecks-worker/worker-dir/clones/3b91975bf7f589755a7e2d606f4aff550b5b0198/Impl/IndirectionTable.i.dfy(93,11): Verification inconclusive (CheckWellformed$$IndirectionTable.__default.PredecessorSetRestrictedPartial)
	Prover error: Invalid PING response from the prover: unsat
	
	/root/verichecks-worker/worker-dir/clones/3b91975bf7f589755a7e2d606f4aff550b5b0198/Impl/IndirectionTable.i.dfy(105,12): Verification inconclusive (CheckWellformed$$IndirectionTable.__default.GraphClosedRestrictedPartial)
	Prover error: Invalid PING response from the prover: unsat
	
	/root/verichecks-worker/worker-dir/clones/3b91975bf7f589755a7e2d606f4aff550b5b0198/Impl/IndirectionTable.i.dfy(130,18): Verification inconclusive (CheckWellformed$$IndirectionTable.__default.MaxSizeUint64)
	
	Dafny program verifier finished with 92 verified, 4 errors, 18 inconclusives, 2 out of resource
	Command exited with non-zero status 4
	364.01user 4.73system 2:07.50elapsed 289%CPU (0avgtext+0avgdata 1489812maxresident)k
	0inputs+0outputs (0major+792062minor)pagefaults 0swaps

./lib/DataStructures/LinearContentMutableMap.i.dfy
	Prover error: Unexpected prover response (getting info about 'unknown' response): (:reason-unknown unknown)
	
	/root/verichecks-worker/worker-dir/clones/3b91975bf7f589755a7e2d606f4aff550b5b0198/lib/DataStructures/LinearContentMutableMap.i.dfy(173,9): Verification inconclusive (Impl$$LinearContentMutableMap.__default.Probe)
	Prover error: Invalid PING response from the prover: unsat
	
	/root/verichecks-worker/worker-dir/clones/3b91975bf7f589755a7e2d606f4aff550b5b0198/lib/DataStructures/LinearContentMutableMap.i.dfy(272,9): Verification out of resource (Impl$$LinearContentMutableMap.__default.FixedSizeInsertEntry)
	/root/verichecks-worker/worker-dir/clones/3b91975bf7f589755a7e2d606f4aff550b5b0198/lib/DataStructures/LinearContentMutableMap.i.dfy(591,9): Verification out of resource (Impl$$LinearContentMutableMap.__default.Realloc)
	/root/verichecks-worker/worker-dir/clones/3b91975bf7f589755a7e2d606f4aff550b5b0198/lib/DataStructures/LinearContentMutableMap.i.dfy(675,9): Verification inconclusive (Impl$$LinearContentMutableMap.__default.Insert)
	/root/verichecks-worker/worker-dir/clones/3b91975bf7f589755a7e2d606f4aff550b5b0198/lib/DataStructures/LinearContentMutableMap.i.dfy(703,9): Verification inconclusive (Impl$$LinearContentMutableMap.__default.Remove)
	
	Dafny program verifier finished with 44 verified, 0 errors, 3 inconclusives, 2 out of resource
	Command exited with non-zero status 4
	72.03user 0.78system 0:28.42elapsed 256%CPU (0avgtext+0avgdata 358796maxresident)k
	0inputs+0outputs (0major+178069minor)pagefaults 0swaps

